[2025-10-16 01:41:17] local.INFO: User login attempt {"email":"admin@woxbarbershop.com","ip":"127.0.0.1","user_agent":"Mozilla/5.0 (Macintosh; Intel Mac OS X 10_15_7) AppleWebKit/537.36 (KHTML, like Gecko) Chrome/141.0.0.0 Safari/537.36"} 
[2025-10-16 01:41:17] local.INFO: User last login updated {"user_id":45,"email":"admin@woxbarbershop.com","previous_login":"2025-10-15 08:23:32","current_login":"2025-10-16 01:41:17"} 
[2025-10-16 01:41:17] local.INFO: User login successful {"user_id":45,"email":"admin@woxbarbershop.com","last_login_at":"2025-10-16 01:41:17","ip":"127.0.0.1"} 
[2025-10-16 01:59:14] local.INFO: User logout attempt {"user_id":45,"user_name":"Super Admin","ip":"127.0.0.1","user_agent":"Mozilla/5.0 (Macintosh; Intel Mac OS X 10_15_7) AppleWebKit/537.36 (KHTML, like Gecko) Chrome/141.0.0.0 Safari/537.36"} 
[2025-10-16 01:59:14] local.INFO: User logout successful  
[2025-10-16 02:00:30] local.INFO: User login attempt {"email":"ahmad@woxbarbershop.com","ip":"127.0.0.1","user_agent":"Mozilla/5.0 (Macintosh; Intel Mac OS X 10_15_7) AppleWebKit/537.36 (KHTML, like Gecko) Chrome/141.0.0.0 Safari/537.36"} 
[2025-10-16 02:00:31] local.ERROR: Login error occurred {"error":"These credentials do not match our records.","email":"ahmad@woxbarbershop.com","ip":"127.0.0.1","trace":"#0 /Users/appkey/Desktop/agungappkey/tugas-akhir/app/Http/Requests/Auth/LoginRequest.php(48): Illuminate\\Validation\\ValidationException::withMessages(Array)
#1 /Users/appkey/Desktop/agungappkey/tugas-akhir/app/Http/Controllers/Auth/AuthenticatedSessionController.php(36): App\\Http\\Requests\\Auth\\LoginRequest->authenticate()
#2 /Users/appkey/Desktop/agungappkey/tugas-akhir/vendor/laravel/framework/src/Illuminate/Routing/Controller.php(54): App\\Http\\Controllers\\Auth\\AuthenticatedSessionController->store(Object(App\\Http\\Requests\\Auth\\LoginRequest))
#3 /Users/appkey/Desktop/agungappkey/tugas-akhir/vendor/laravel/framework/src/Illuminate/Routing/ControllerDispatcher.php(43): Illuminate\\Routing\\Controller->callAction('store', Array)
#4 /Users/appkey/Desktop/agungappkey/tugas-akhir/vendor/laravel/framework/src/Illuminate/Routing/Route.php(259): Illuminate\\Routing\\ControllerDispatcher->dispatch(Object(Illuminate\\Routing\\Route), Object(App\\Http\\Controllers\\Auth\\AuthenticatedSessionController), 'store')
#5 /Users/appkey/Desktop/agungappkey/tugas-akhir/vendor/laravel/framework/src/Illuminate/Routing/Route.php(205): Illuminate\\Routing\\Route->runController()
#6 /Users/appkey/Desktop/agungappkey/tugas-akhir/vendor/laravel/framework/src/Illuminate/Routing/Router.php(806): Illuminate\\Routing\\Route->run()
#7 /Users/appkey/Desktop/agungappkey/tugas-akhir/vendor/laravel/framework/src/Illuminate/Pipeline/Pipeline.php(144): Illuminate\\Routing\\Router->Illuminate\\Routing\\{closure}(Object(Illuminate\\Http\\Request))
#8 /Users/appkey/Desktop/agungappkey/tugas-akhir/app/Http/Middleware/RedirectIfAuthenticated.php(27): Illuminate\\Pipeline\\Pipeline->Illuminate\\Pipeline\\{closure}(Object(Illuminate\\Http\\Request))
#9 /Users/appkey/Desktop/agungappkey/tugas-akhir/vendor/laravel/framework/src/Illuminate/Pipeline/Pipeline.php(183): App\\Http\\Middleware\\RedirectIfAuthenticated->handle(Object(Illuminate\\Http\\Request), Object(Closure))
#10 /Users/appkey/Desktop/agungappkey/tugas-akhir/app/Http/Middleware/SetLocale.php(36): Illuminate\\Pipeline\\Pipeline->Illuminate\\Pipeline\\{closure}(Object(Illuminate\\Http\\Request))
#11 /Users/appkey/Desktop/agungappkey/tugas-akhir/vendor/laravel/framework/src/Illuminate/Pipeline/Pipeline.php(183): App\\Http\\Middleware\\SetLocale->handle(Object(Illuminate\\Http\\Request), Object(Closure))
#12 /Users/appkey/Desktop/agungappkey/tugas-akhir/vendor/laravel/framework/src/Illuminate/Routing/Middleware/SubstituteBindings.php(50): Illuminate\\Pipeline\\Pipeline->Illuminate\\Pipeline\\{closure}(Object(Illuminate\\Http\\Request))
#13 /Users/appkey/Desktop/agungappkey/tugas-akhir/vendor/laravel/framework/src/Illuminate/Pipeline/Pipeline.php(183): Illuminate\\Routing\\Middleware\\SubstituteBindings->handle(Object(Illuminate\\Http\\Request), Object(Closure))
#14 /Users/appkey/Desktop/agungappkey/tugas-akhir/vendor/laravel/framework/src/Illuminate/Foundation/Http/Middleware/VerifyCsrfToken.php(78): Illuminate\\Pipeline\\Pipeline->Illuminate\\Pipeline\\{closure}(Object(Illuminate\\Http\\Request))
#15 /Users/appkey/Desktop/agungappkey/tugas-akhir/vendor/laravel/framework/src/Illuminate/Pipeline/Pipeline.php(183): Illuminate\\Foundation\\Http\\Middleware\\VerifyCsrfToken->handle(Object(Illuminate\\Http\\Request), Object(Closure))
#16 /Users/appkey/Desktop/agungappkey/tugas-akhir/vendor/laravel/framework/src/Illuminate/View/Middleware/ShareErrorsFromSession.php(49): Illuminate\\Pipeline\\Pipeline->Illuminate\\Pipeline\\{closure}(Object(Illuminate\\Http\\Request))
#17 /Users/appkey/Desktop/agungappkey/tugas-akhir/vendor/laravel/framework/src/Illuminate/Pipeline/Pipeline.php(183): Illuminate\\View\\Middleware\\ShareErrorsFromSession->handle(Object(Illuminate\\Http\\Request), Object(Closure))
#18 /Users/appkey/Desktop/agungappkey/tugas-akhir/vendor/laravel/framework/src/Illuminate/Session/Middleware/StartSession.php(121): Illuminate\\Pipeline\\Pipeline->Illuminate\\Pipeline\\{closure}(Object(Illuminate\\Http\\Request))
#19 /Users/appkey/Desktop/agungappkey/tugas-akhir/vendor/laravel/framework/src/Illuminate/Session/Middleware/StartSession.php(64): Illuminate\\Session\\Middleware\\StartSession->handleStatefulRequest(Object(Illuminate\\Http\\Request), Object(Illuminate\\Session\\Store), Object(Closure))
#20 /Users/appkey/Desktop/agungappkey/tugas-akhir/vendor/laravel/framework/src/Illuminate/Pipeline/Pipeline.php(183): Illuminate\\Session\\Middleware\\StartSession->handle(Object(Illuminate\\Http\\Request), Object(Closure))
#21 /Users/appkey/Desktop/agungappkey/tugas-akhir/vendor/laravel/framework/src/Illuminate/Cookie/Middleware/AddQueuedCookiesToResponse.php(37): Illuminate\\Pipeline\\Pipeline->Illuminate\\Pipeline\\{closure}(Object(Illuminate\\Http\\Request))
#22 /Users/appkey/Desktop/agungappkey/tugas-akhir/vendor/laravel/framework/src/Illuminate/Pipeline/Pipeline.php(183): Illuminate\\Cookie\\Middleware\\AddQueuedCookiesToResponse->handle(Object(Illuminate\\Http\\Request), Object(Closure))
#23 /Users/appkey/Desktop/agungappkey/tugas-akhir/vendor/laravel/framework/src/Illuminate/Cookie/Middleware/EncryptCookies.php(67): Illuminate\\Pipeline\\Pipeline->Illuminate\\Pipeline\\{closure}(Object(Illuminate\\Http\\Request))
#24 /Users/appkey/Desktop/agungappkey/tugas-akhir/vendor/laravel/framework/src/Illuminate/Pipeline/Pipeline.php(183): Illuminate\\Cookie\\Middleware\\EncryptCookies->handle(Object(Illuminate\\Http\\Request), Object(Closure))
#25 /Users/appkey/Desktop/agungappkey/tugas-akhir/vendor/laravel/framework/src/Illuminate/Pipeline/Pipeline.php(119): Illuminate\\Pipeline\\Pipeline->Illuminate\\Pipeline\\{closure}(Object(Illuminate\\Http\\Request))
#26 /Users/appkey/Desktop/agungappkey/tugas-akhir/vendor/laravel/framework/src/Illuminate/Routing/Router.php(805): Illuminate\\Pipeline\\Pipeline->then(Object(Closure))
#27 /Users/appkey/Desktop/agungappkey/tugas-akhir/vendor/laravel/framework/src/Illuminate/Routing/Router.php(784): Illuminate\\Routing\\Router->runRouteWithinStack(Object(Illuminate\\Routing\\Route), Object(Illuminate\\Http\\Request))
#28 /Users/appkey/Desktop/agungappkey/tugas-akhir/vendor/laravel/framework/src/Illuminate/Routing/Router.php(748): Illuminate\\Routing\\Router->runRoute(Object(Illuminate\\Http\\Request), Object(Illuminate\\Routing\\Route))
#29 /Users/appkey/Desktop/agungappkey/tugas-akhir/vendor/laravel/framework/src/Illuminate/Routing/Router.php(737): Illuminate\\Routing\\Router->dispatchToRoute(Object(Illuminate\\Http\\Request))
#30 /Users/appkey/Desktop/agungappkey/tugas-akhir/vendor/laravel/framework/src/Illuminate/Foundation/Http/Kernel.php(200): Illuminate\\Routing\\Router->dispatch(Object(Illuminate\\Http\\Request))
#31 /Users/appkey/Desktop/agungappkey/tugas-akhir/vendor/laravel/framework/src/Illuminate/Pipeline/Pipeline.php(144): Illuminate\\Foundation\\Http\\Kernel->Illuminate\\Foundation\\Http\\{closure}(Object(Illuminate\\Http\\Request))
#32 /Users/appkey/Desktop/agungappkey/tugas-akhir/vendor/laravel/framework/src/Illuminate/Foundation/Http/Middleware/TransformsRequest.php(21): Illuminate\\Pipeline\\Pipeline->Illuminate\\Pipeline\\{closure}(Object(Illuminate\\Http\\Request))
#33 /Users/appkey/Desktop/agungappkey/tugas-akhir/vendor/laravel/framework/src/Illuminate/Foundation/Http/Middleware/ConvertEmptyStringsToNull.php(31): Illuminate\\Foundation\\Http\\Middleware\\TransformsRequest->handle(Object(Illuminate\\Http\\Request), Object(Closure))
#34 /Users/appkey/Desktop/agungappkey/tugas-akhir/vendor/laravel/framework/src/Illuminate/Pipeline/Pipeline.php(183): Illuminate\\Foundation\\Http\\Middleware\\ConvertEmptyStringsToNull->handle(Object(Illuminate\\Http\\Request), Object(Closure))
#35 /Users/appkey/Desktop/agungappkey/tugas-akhir/vendor/laravel/framework/src/Illuminate/Foundation/Http/Middleware/TransformsRequest.php(21): Illuminate\\Pipeline\\Pipeline->Illuminate\\Pipeline\\{closure}(Object(Illuminate\\Http\\Request))
#36 /Users/appkey/Desktop/agungappkey/tugas-akhir/vendor/laravel/framework/src/Illuminate/Foundation/Http/Middleware/TrimStrings.php(40): Illuminate\\Foundation\\Http\\Middleware\\TransformsRequest->handle(Object(Illuminate\\Http\\Request), Object(Closure))
#37 /Users/appkey/Desktop/agungappkey/tugas-akhir/vendor/laravel/framework/src/Illuminate/Pipeline/Pipeline.php(183): Illuminate\\Foundation\\Http\\Middleware\\TrimStrings->handle(Object(Illuminate\\Http\\Request), Object(Closure))
#38 /Users/appkey/Desktop/agungappkey/tugas-akhir/vendor/laravel/framework/src/Illuminate/Foundation/Http/Middleware/ValidatePostSize.php(27): Illuminate\\Pipeline\\Pipeline->Illuminate\\Pipeline\\{closure}(Object(Illuminate\\Http\\Request))
#39 /Users/appkey/Desktop/agungappkey/tugas-akhir/vendor/laravel/framework/src/Illuminate/Pipeline/Pipeline.php(183): Illuminate\\Foundation\\Http\\Middleware\\ValidatePostSize->handle(Object(Illuminate\\Http\\Request), Object(Closure))
#40 /Users/appkey/Desktop/agungappkey/tugas-akhir/vendor/laravel/framework/src/Illuminate/Foundation/Http/Middleware/PreventRequestsDuringMaintenance.php(99): Illuminate\\Pipeline\\Pipeline->Illuminate\\Pipeline\\{closure}(Object(Illuminate\\Http\\Request))
#41 /Users/appkey/Desktop/agungappkey/tugas-akhir/vendor/laravel/framework/src/Illuminate/Pipeline/Pipeline.php(183): Illuminate\\Foundation\\Http\\Middleware\\PreventRequestsDuringMaintenance->handle(Object(Illuminate\\Http\\Request), Object(Closure))
#42 /Users/appkey/Desktop/agungappkey/tugas-akhir/vendor/laravel/framework/src/Illuminate/Http/Middleware/HandleCors.php(49): Illuminate\\Pipeline\\Pipeline->Illuminate\\Pipeline\\{closure}(Object(Illuminate\\Http\\Request))
#43 /Users/appkey/Desktop/agungappkey/tugas-akhir/vendor/laravel/framework/src/Illuminate/Pipeline/Pipeline.php(183): Illuminate\\Http\\Middleware\\HandleCors->handle(Object(Illuminate\\Http\\Request), Object(Closure))
#44 /Users/appkey/Desktop/agungappkey/tugas-akhir/vendor/laravel/framework/src/Illuminate/Http/Middleware/TrustProxies.php(39): Illuminate\\Pipeline\\Pipeline->Illuminate\\Pipeline\\{closure}(Object(Illuminate\\Http\\Request))
#45 /Users/appkey/Desktop/agungappkey/tugas-akhir/vendor/laravel/framework/src/Illuminate/Pipeline/Pipeline.php(183): Illuminate\\Http\\Middleware\\TrustProxies->handle(Object(Illuminate\\Http\\Request), Object(Closure))
#46 /Users/appkey/Desktop/agungappkey/tugas-akhir/vendor/laravel/framework/src/Illuminate/Pipeline/Pipeline.php(119): Illuminate\\Pipeline\\Pipeline->Illuminate\\Pipeline\\{closure}(Object(Illuminate\\Http\\Request))
#47 /Users/appkey/Desktop/agungappkey/tugas-akhir/vendor/laravel/framework/src/Illuminate/Foundation/Http/Kernel.php(175): Illuminate\\Pipeline\\Pipeline->then(Object(Closure))
#48 /Users/appkey/Desktop/agungappkey/tugas-akhir/vendor/laravel/framework/src/Illuminate/Foundation/Http/Kernel.php(144): Illuminate\\Foundation\\Http\\Kernel->sendRequestThroughRouter(Object(Illuminate\\Http\\Request))
#49 /Users/appkey/Desktop/agungappkey/tugas-akhir/public/index.php(51): Illuminate\\Foundation\\Http\\Kernel->handle(Object(Illuminate\\Http\\Request))
#50 /Users/appkey/Desktop/agungappkey/tugas-akhir/vendor/laravel/framework/src/Illuminate/Foundation/resources/server.php(16): require_once('/Users/appkey/D...')
#51 {main}"} 
[2025-10-16 02:00:43] local.INFO: User login attempt {"email":"ahmad@woxbarbershop.com","ip":"127.0.0.1","user_agent":"Mozilla/5.0 (Macintosh; Intel Mac OS X 10_15_7) AppleWebKit/537.36 (KHTML, like Gecko) Chrome/141.0.0.0 Safari/537.36"} 
[2025-10-16 02:00:44] local.INFO: User last login updated {"user_id":46,"email":"ahmad@woxbarbershop.com","previous_login":"2025-09-17 07:43:40","current_login":"2025-10-16 02:00:44"} 
[2025-10-16 02:00:44] local.INFO: User login successful {"user_id":46,"email":"ahmad@woxbarbershop.com","last_login_at":"2025-10-16 02:00:44","ip":"127.0.0.1"} 
[2025-10-16 02:10:46] local.INFO: User logout attempt {"user_id":46,"user_name":"Barber Ahmad","ip":"127.0.0.1","user_agent":"Mozilla/5.0 (Macintosh; Intel Mac OS X 10_15_7) AppleWebKit/537.36 (KHTML, like Gecko) Chrome/141.0.0.0 Safari/537.36"} 
[2025-10-16 02:10:46] local.INFO: User logout successful  
[2025-10-16 02:10:56] local.INFO: User login attempt {"email":"admin@woxbarbershop.com","ip":"127.0.0.1","user_agent":"Mozilla/5.0 (Macintosh; Intel Mac OS X 10_15_7) AppleWebKit/537.36 (KHTML, like Gecko) Chrome/141.0.0.0 Safari/537.36"} 
[2025-10-16 02:10:57] local.INFO: User last login updated {"user_id":45,"email":"admin@woxbarbershop.com","previous_login":"2025-10-16 01:41:17","current_login":"2025-10-16 02:10:57"} 
[2025-10-16 02:10:57] local.INFO: User login successful {"user_id":45,"email":"admin@woxbarbershop.com","last_login_at":"2025-10-16 02:10:57","ip":"127.0.0.1"} 
[2025-10-16 02:11:11] local.INFO: DataTable AJAX request received {"user_id":45,"request_data":{"draw":"1","columns":[{"data":"DT_RowIndex","name":"DT_RowIndex","searchable":"true","orderable":"true","search":{"value":null,"regex":"false"}},{"data":"name","name":"name","searchable":"true","orderable":"true","search":{"value":null,"regex":"false"}},{"data":"no_telepon","name":"no_telepon","searchable":"true","orderable":"true","search":{"value":null,"regex":"false"}},{"data":"roles","name":"roles","searchable":"true","orderable":"true","search":{"value":null,"regex":"false"}},{"data":"status","name":"status","searchable":"true","orderable":"true","search":{"value":null,"regex":"false"}},{"data":"loyalty_points","name":"loyalty_points","searchable":"true","orderable":"true","search":{"value":null,"regex":"false"}},{"data":"created_at","name":"created_at","searchable":"true","orderable":"true","search":{"value":null,"regex":"false"}},{"data":"action","name":"action","searchable":"false","orderable":"false","search":{"value":null,"regex":"false"}}],"order":[{"column":"1","dir":"asc","name":"name"}],"start":"0","length":"10","search":{"value":null,"regex":"false"},"_":"1760580671144"}} 
[2025-10-16 02:11:13] local.INFO: Fetching hairstyles for DataTable  
[2025-10-16 02:11:13] local.INFO: Hairstyles fetched for DataTable {"total":13,"first_item":"Textured Crop"} 
[2025-10-16 02:11:13] local.DEBUG: Processing name column {"hairstyle_id":47,"name":"Textured Crop"} 
[2025-10-16 02:11:13] local.DEBUG: Processing bentuk_kepala {"hairstyle_id":47,"bentuk_kepala":"Hati"} 
[2025-10-16 02:11:13] local.DEBUG: Processing tipe_rambut {"hairstyle_id":47,"tipe_rambut":"Lurus, Bergelombang, Keriting"} 
[2025-10-16 02:11:13] local.DEBUG: Processing style_preference {"hairstyle_id":47,"style_preference":"Klasik, Modern, Kasual"} 
[2025-10-16 02:11:13] local.DEBUG: Processing name column {"hairstyle_id":46,"name":"Long Fringe"} 
[2025-10-16 02:11:13] local.DEBUG: Processing bentuk_kepala {"hairstyle_id":46,"bentuk_kepala":"Hati"} 
[2025-10-16 02:11:13] local.DEBUG: Processing tipe_rambut {"hairstyle_id":46,"tipe_rambut":"Lurus, Bergelombang, Keriting"} 
[2025-10-16 02:11:13] local.DEBUG: Processing style_preference {"hairstyle_id":46,"style_preference":"Klasik, Modern, Kasual"} 
[2025-10-16 02:11:13] local.DEBUG: Processing name column {"hairstyle_id":45,"name":"Side Swept Fringe"} 
[2025-10-16 02:11:13] local.DEBUG: Processing bentuk_kepala {"hairstyle_id":45,"bentuk_kepala":"Segitiga"} 
[2025-10-16 02:11:13] local.DEBUG: Processing tipe_rambut {"hairstyle_id":45,"tipe_rambut":"Lurus, Bergelombang, Keriting"} 
[2025-10-16 02:11:13] local.DEBUG: Processing style_preference {"hairstyle_id":45,"style_preference":"Klasik, Modern, Kasual"} 
[2025-10-16 02:11:13] local.DEBUG: Processing name column {"hairstyle_id":44,"name":"Caesar Cut"} 
[2025-10-16 02:11:13] local.DEBUG: Processing bentuk_kepala {"hairstyle_id":44,"bentuk_kepala":"Persegi Panjang"} 
[2025-10-16 02:11:13] local.DEBUG: Processing tipe_rambut {"hairstyle_id":44,"tipe_rambut":"Lurus, Bergelombang, Keriting"} 
[2025-10-16 02:11:13] local.DEBUG: Processing style_preference {"hairstyle_id":44,"style_preference":"Klasik, Modern, Kasual"} 
[2025-10-16 02:11:13] local.DEBUG: Processing name column {"hairstyle_id":43,"name":"Fringe"} 
[2025-10-16 02:11:13] local.DEBUG: Processing bentuk_kepala {"hairstyle_id":43,"bentuk_kepala":"Persegi Panjang"} 
[2025-10-16 02:11:13] local.DEBUG: Processing tipe_rambut {"hairstyle_id":43,"tipe_rambut":"Lurus, Bergelombang, Keriting"} 
[2025-10-16 02:11:13] local.DEBUG: Processing style_preference {"hairstyle_id":43,"style_preference":"Klasik, Modern, Kasual"} 
[2025-10-16 02:11:13] local.DEBUG: Processing name column {"hairstyle_id":42,"name":"Undercut"} 
[2025-10-16 02:11:13] local.DEBUG: Processing bentuk_kepala {"hairstyle_id":42,"bentuk_kepala":"Kotak, Segitiga"} 
[2025-10-16 02:11:13] local.DEBUG: Processing tipe_rambut {"hairstyle_id":42,"tipe_rambut":"Lurus, Bergelombang, Keriting"} 
[2025-10-16 02:11:13] local.DEBUG: Processing style_preference {"hairstyle_id":42,"style_preference":"Klasik, Modern, Kasual"} 
[2025-10-16 02:11:13] local.DEBUG: Processing name column {"hairstyle_id":41,"name":"Crew Cut"} 
[2025-10-16 02:11:13] local.DEBUG: Processing bentuk_kepala {"hairstyle_id":41,"bentuk_kepala":"Kotak"} 
[2025-10-16 02:11:13] local.DEBUG: Processing tipe_rambut {"hairstyle_id":41,"tipe_rambut":"Lurus, Bergelombang, Keriting"} 
[2025-10-16 02:11:13] local.DEBUG: Processing style_preference {"hairstyle_id":41,"style_preference":"Klasik, Modern, Kasual"} 
[2025-10-16 02:11:13] local.DEBUG: Processing name column {"hairstyle_id":40,"name":"Tapper Fade"} 
[2025-10-16 02:11:13] local.DEBUG: Processing bentuk_kepala {"hairstyle_id":40,"bentuk_kepala":"Bulat, Kotak"} 
[2025-10-16 02:11:13] local.DEBUG: Processing tipe_rambut {"hairstyle_id":40,"tipe_rambut":"Lurus, Bergelombang, Keriting"} 
[2025-10-16 02:11:13] local.DEBUG: Processing style_preference {"hairstyle_id":40,"style_preference":"Klasik, Modern, Kasual"} 
[2025-10-16 02:11:13] local.DEBUG: Processing name column {"hairstyle_id":39,"name":"Buzzcut"} 
[2025-10-16 02:11:13] local.DEBUG: Processing bentuk_kepala {"hairstyle_id":39,"bentuk_kepala":"Oval, Bulat, Kotak"} 
[2025-10-16 02:11:13] local.DEBUG: Processing tipe_rambut {"hairstyle_id":39,"tipe_rambut":"Lurus, Bergelombang, Keriting"} 
[2025-10-16 02:11:13] local.DEBUG: Processing style_preference {"hairstyle_id":39,"style_preference":"Klasik, Modern, Kasual"} 
[2025-10-16 02:11:13] local.DEBUG: Processing name column {"hairstyle_id":38,"name":"Quiff"} 
[2025-10-16 02:11:13] local.DEBUG: Processing bentuk_kepala {"hairstyle_id":38,"bentuk_kepala":"Oval, Segitiga"} 
[2025-10-16 02:11:13] local.DEBUG: Processing tipe_rambut {"hairstyle_id":38,"tipe_rambut":"Lurus, Bergelombang, Keriting"} 
[2025-10-16 02:11:13] local.DEBUG: Processing style_preference {"hairstyle_id":38,"style_preference":"Klasik, Modern"} 
[2025-10-16 02:11:13] local.DEBUG: Processing name column {"hairstyle_id":37,"name":"Pompadour"} 
[2025-10-16 02:11:13] local.DEBUG: Processing bentuk_kepala {"hairstyle_id":37,"bentuk_kepala":"Oval, Bulat, Segitiga"} 
[2025-10-16 02:11:13] local.DEBUG: Processing tipe_rambut {"hairstyle_id":37,"tipe_rambut":"Lurus, Bergelombang, Keriting"} 
[2025-10-16 02:11:13] local.DEBUG: Processing style_preference {"hairstyle_id":37,"style_preference":"Klasik, Modern"} 
[2025-10-16 02:11:13] local.DEBUG: Processing name column {"hairstyle_id":36,"name":"Side Part"} 
[2025-10-16 02:11:13] local.DEBUG: Processing bentuk_kepala {"hairstyle_id":36,"bentuk_kepala":"Persegi Panjang, Hati"} 
[2025-10-16 02:11:13] local.DEBUG: Processing tipe_rambut {"hairstyle_id":36,"tipe_rambut":"Lurus, Bergelombang, Keriting"} 
[2025-10-16 02:11:13] local.DEBUG: Processing style_preference {"hairstyle_id":36,"style_preference":"Klasik, Modern, Kasual"} 
[2025-10-16 02:11:13] local.DEBUG: Processing name column {"hairstyle_id":34,"name":"French Crop"} 
[2025-10-16 02:11:13] local.DEBUG: Processing bentuk_kepala {"hairstyle_id":34,"bentuk_kepala":"Oval, Bulat, Persegi Panjang, Hati"} 
[2025-10-16 02:11:13] local.DEBUG: Processing tipe_rambut {"hairstyle_id":34,"tipe_rambut":"Lurus, Bergelombang"} 
[2025-10-16 02:11:13] local.DEBUG: Processing style_preference {"hairstyle_id":34,"style_preference":"Klasik, Modern"} 
[2025-10-16 02:30:36] local.INFO: User logout attempt {"user_id":45,"user_name":"Super Admin","ip":"127.0.0.1","user_agent":"Mozilla/5.0 (Macintosh; Intel Mac OS X 10_15_7) AppleWebKit/537.36 (KHTML, like Gecko) Chrome/141.0.0.0 Safari/537.36"} 
[2025-10-16 02:30:36] local.INFO: User logout successful  
[2025-10-16 02:30:46] local.INFO: User login attempt {"email":"lisa@example.com","ip":"127.0.0.1","user_agent":"Mozilla/5.0 (Macintosh; Intel Mac OS X 10_15_7) AppleWebKit/537.36 (KHTML, like Gecko) Chrome/141.0.0.0 Safari/537.36"} 
[2025-10-16 02:30:46] local.INFO: User last login updated {"user_id":55,"email":"lisa@example.com","previous_login":"2025-10-13 03:22:38","current_login":"2025-10-16 02:30:46"} 
[2025-10-16 02:30:46] local.INFO: User login successful {"user_id":55,"email":"lisa@example.com","last_login_at":"2025-10-16 02:30:46","ip":"127.0.0.1"} 
[2025-10-16 06:18:59] local.INFO: User login attempt {"email":"lisa@example.com","ip":"127.0.0.1","user_agent":"Mozilla/5.0 (Macintosh; Intel Mac OS X 10_15_7) AppleWebKit/537.36 (KHTML, like Gecko) Chrome/141.0.0.0 Safari/537.36"} 
[2025-10-16 06:19:00] local.INFO: User last login updated {"user_id":55,"email":"lisa@example.com","previous_login":"2025-10-16 02:30:46","current_login":"2025-10-16 06:19:00"} 
[2025-10-16 06:19:00] local.INFO: User login successful {"user_id":55,"email":"lisa@example.com","last_login_at":"2025-10-16 06:19:00","ip":"127.0.0.1"} 
[2025-10-16 06:19:00] local.INFO: Input filter rekomendasi: {"bentuk_kepala":null,"tipe_rambut":null,"preferensi_gaya":null} 
[2025-10-16 06:19:00] local.INFO: Calculating AHP weights for 3 criteria.  
[2025-10-16 06:19:00] local.INFO: AHP Consistency Check: {"lambda_max":3.000000443557208296141425307723693549633026123046875,"CI":2.217786041480707126538618467748165130615234375e-7,"CR":3.8237690370357023804284528345487359501930768601596355438232421875e-7,"is_consistent":true} 
[2025-10-16 06:19:00] local.INFO: AHP Weights updated in DB: {"8":0.50026636036222615899760057800449430942535400390625,"9":0.299760295626083583808707544449134729802608489990234375,"10":0.1999733440116903404604187244331114925444126129150390625}  
[2025-10-16 06:19:00] local.INFO: AHP Consistency Ratio: 3.8237690370357E-7  
[2025-10-16 06:19:00] local.INFO: Initial hairstyle query built: select * from `hairstyles`  
[2025-10-16 06:19:00] local.INFO: Total hairstyles fetched for recommendation: 13  
[2025-10-16 06:19:00] local.INFO: Hairstyle ID 34 (French Crop) => Total Score: 8.1999 [{"criteria_id":8,"weight":0.50026636036222615899760057800449430942535400390625,"score":8.0,"contribution":4.0021000000000004348521542851813137531280517578125},{"criteria_id":9,"weight":0.299760295626083583808707544449134729802608489990234375,"score":8.199999999999999289457264239899814128875732421875,"contribution":2.4580000000000001847411112976260483264923095703125},{"criteria_id":10,"weight":0.1999733440116903404604187244331114925444126129150390625,"score":8.699999999999999289457264239899814128875732421875,"contribution":1.7398000000000000131450406115618534386157989501953125}] 
[2025-10-16 06:19:00] local.INFO: Hairstyle ID 36 (Side Part) => Total Score: 8.35 [{"criteria_id":8,"weight":0.50026636036222615899760057800449430942535400390625,"score":8.300000000000000710542735760100185871124267578125,"contribution":4.15219999999999966888708513579331338405609130859375},{"criteria_id":9,"weight":0.299760295626083583808707544449134729802608489990234375,"score":8.199999999999999289457264239899814128875732421875,"contribution":2.4580000000000001847411112976260483264923095703125},{"criteria_id":10,"weight":0.1999733440116903404604187244331114925444126129150390625,"score":8.699999999999999289457264239899814128875732421875,"contribution":1.7398000000000000131450406115618534386157989501953125}] 
[2025-10-16 06:19:00] local.INFO: Hairstyle ID 37 (Pompadour) => Total Score: 8.7 [{"criteria_id":8,"weight":0.50026636036222615899760057800449430942535400390625,"score":8.699999999999999289457264239899814128875732421875,"contribution":4.3522999999999996134647517465054988861083984375},{"criteria_id":9,"weight":0.299760295626083583808707544449134729802608489990234375,"score":8.5,"contribution":2.5480000000000000426325641456060111522674560546875},{"criteria_id":10,"weight":0.1999733440116903404604187244331114925444126129150390625,"score":9.0,"contribution":1.7998000000000000664357457935693673789501190185546875}] 
[2025-10-16 06:19:00] local.INFO: Hairstyle ID 38 (Quiff) => Total Score: 8.3499 [{"criteria_id":8,"weight":0.50026636036222615899760057800449430942535400390625,"score":8.0,"contribution":4.0021000000000004348521542851813137531280517578125},{"criteria_id":9,"weight":0.299760295626083583808707544449134729802608489990234375,"score":8.5,"contribution":2.5480000000000000426325641456060111522674560546875},{"criteria_id":10,"weight":0.1999733440116903404604187244331114925444126129150390625,"score":9.0,"contribution":1.7998000000000000664357457935693673789501190185546875}] 
[2025-10-16 06:19:00] local.INFO: Hairstyle ID 39 (Buzzcut) => Total Score: 8.0496 [{"criteria_id":8,"weight":0.50026636036222615899760057800449430942535400390625,"score":7.5,"contribution":3.75199999999999977973175191436894237995147705078125},{"criteria_id":9,"weight":0.299760295626083583808707544449134729802608489990234375,"score":9.0,"contribution":2.69779999999999997584154698415659368038177490234375},{"criteria_id":10,"weight":0.1999733440116903404604187244331114925444126129150390625,"score":8.0,"contribution":1.5998000000000001108446667785756289958953857421875}] 
[2025-10-16 06:19:00] local.INFO: Hairstyle ID 40 (Tapper Fade) => Total Score: 8.7499 [{"criteria_id":8,"weight":0.50026636036222615899760057800449430942535400390625,"score":8.5,"contribution":4.2522999999999999687361196265555918216705322265625},{"criteria_id":9,"weight":0.299760295626083583808707544449134729802608489990234375,"score":9.0,"contribution":2.69779999999999997584154698415659368038177490234375},{"criteria_id":10,"weight":0.1999733440116903404604187244331114925444126129150390625,"score":9.0,"contribution":1.7998000000000000664357457935693673789501190185546875}] 
[2025-10-16 06:19:00] local.INFO: Hairstyle ID 41 (Crew Cut) => Total Score: 8.2499 [{"criteria_id":8,"weight":0.50026636036222615899760057800449430942535400390625,"score":8.0,"contribution":4.0021000000000004348521542851813137531280517578125},{"criteria_id":9,"weight":0.299760295626083583808707544449134729802608489990234375,"score":8.5,"contribution":2.5480000000000000426325641456060111522674560546875},{"criteria_id":10,"weight":0.1999733440116903404604187244331114925444126129150390625,"score":8.5,"contribution":1.6997999999999999776179038235568441450595855712890625}] 
[2025-10-16 06:19:00] local.INFO: Hairstyle ID 42 (Undercut) => Total Score: 8.2 [{"criteria_id":8,"weight":0.50026636036222615899760057800449430942535400390625,"score":8.0,"contribution":4.0021000000000004348521542851813137531280517578125},{"criteria_id":9,"weight":0.299760295626083583808707544449134729802608489990234375,"score":8.0,"contribution":2.398099999999999898392388786305673420429229736328125},{"criteria_id":10,"weight":0.1999733440116903404604187244331114925444126129150390625,"score":9.0,"contribution":1.7998000000000000664357457935693673789501190185546875}] 
[2025-10-16 06:19:00] local.INFO: Hairstyle ID 43 (Fringe) => Total Score: 8.2499 [{"criteria_id":8,"weight":0.50026636036222615899760057800449430942535400390625,"score":8.0,"contribution":4.0021000000000004348521542851813137531280517578125},{"criteria_id":9,"weight":0.299760295626083583808707544449134729802608489990234375,"score":8.5,"contribution":2.5480000000000000426325641456060111522674560546875},{"criteria_id":10,"weight":0.1999733440116903404604187244331114925444126129150390625,"score":8.5,"contribution":1.6997999999999999776179038235568441450595855712890625}] 
[2025-10-16 06:19:00] local.INFO: Hairstyle ID 44 (Caesar Cut) => Total Score: 8 [{"criteria_id":8,"weight":0.50026636036222615899760057800449430942535400390625,"score":8.0,"contribution":4.0021000000000004348521542851813137531280517578125},{"criteria_id":9,"weight":0.299760295626083583808707544449134729802608489990234375,"score":8.0,"contribution":2.398099999999999898392388786305673420429229736328125},{"criteria_id":10,"weight":0.1999733440116903404604187244331114925444126129150390625,"score":8.0,"contribution":1.5998000000000001108446667785756289958953857421875}] 
[2025-10-16 06:19:00] local.INFO: Hairstyle ID 45 (Side Swept Fringe) => Total Score: 8.2499 [{"criteria_id":8,"weight":0.50026636036222615899760057800449430942535400390625,"score":8.0,"contribution":4.0021000000000004348521542851813137531280517578125},{"criteria_id":9,"weight":0.299760295626083583808707544449134729802608489990234375,"score":8.5,"contribution":2.5480000000000000426325641456060111522674560546875},{"criteria_id":10,"weight":0.1999733440116903404604187244331114925444126129150390625,"score":8.5,"contribution":1.6997999999999999776179038235568441450595855712890625}] 
[2025-10-16 06:19:00] local.INFO: Hairstyle ID 46 (Long Fringe) => Total Score: 7.9098 [{"criteria_id":8,"weight":0.50026636036222615899760057800449430942535400390625,"score":7.5,"contribution":3.75199999999999977973175191436894237995147705078125},{"criteria_id":9,"weight":0.299760295626083583808707544449134729802608489990234375,"score":8.199999999999999289457264239899814128875732421875,"contribution":2.4580000000000001847411112976260483264923095703125},{"criteria_id":10,"weight":0.1999733440116903404604187244331114925444126129150390625,"score":8.5,"contribution":1.6997999999999999776179038235568441450595855712890625}] 
[2025-10-16 06:19:00] local.INFO: Hairstyle ID 47 (Textured Crop) => Total Score: 8.1999 [{"criteria_id":8,"weight":0.50026636036222615899760057800449430942535400390625,"score":8.0,"contribution":4.0021000000000004348521542851813137531280517578125},{"criteria_id":9,"weight":0.299760295626083583808707544449134729802608489990234375,"score":8.199999999999999289457264239899814128875732421875,"contribution":2.4580000000000001847411112976260483264923095703125},{"criteria_id":10,"weight":0.1999733440116903404604187244331114925444126129150390625,"score":8.699999999999999289457264239899814128875732421875,"contribution":1.7398000000000000131450406115618534386157989501953125}] 
[2025-10-16 06:19:00] local.INFO: Total hasil rekomendasi: 13  
[2025-10-16 06:19:08] local.WARNING: Failed to get recommendations {"booking_id":109,"error":"Method App\\Http\\Controllers\\BookingController::getServiceRecommendations does not exist."} 
[2025-10-16 06:19:08] local.INFO: Booking details viewed {"booking_id":109,"viewed_by":55,"user_role":"pelanggan","booking_status":"completed"} 
[2025-10-16 06:19:13] local.WARNING: Failed to get recommendations {"booking_id":108,"error":"Method App\\Http\\Controllers\\BookingController::getServiceRecommendations does not exist."} 
[2025-10-16 06:19:13] local.INFO: Booking details viewed {"booking_id":108,"viewed_by":55,"user_role":"pelanggan","booking_status":"completed"} 
[2025-10-16 06:48:50] local.WARNING: Failed to get recommendations {"booking_id":109,"error":"Method App\\Http\\Controllers\\BookingController::getServiceRecommendations does not exist."} 
[2025-10-16 06:48:50] local.INFO: Booking details viewed {"booking_id":109,"viewed_by":55,"user_role":"pelanggan","booking_status":"completed"} 
[2025-10-16 06:56:00] local.WARNING: Failed to get recommendations {"booking_id":109,"error":"Method App\\Http\\Controllers\\BookingController::getServiceRecommendations does not exist."} 
[2025-10-16 06:56:00] local.INFO: Booking details viewed {"booking_id":109,"viewed_by":55,"user_role":"pelanggan","booking_status":"completed"} 
[2025-10-16 06:56:12] local.WARNING: Failed to get recommendations {"booking_id":109,"error":"Method App\\Http\\Controllers\\BookingController::getServiceRecommendations does not exist."} 
[2025-10-16 06:56:12] local.INFO: Booking details viewed {"booking_id":109,"viewed_by":55,"user_role":"pelanggan","booking_status":"completed"} 
[2025-10-16 07:00:40] local.WARNING: Failed to get recommendations {"booking_id":109,"error":"Method App\\Http\\Controllers\\BookingController::getServiceRecommendations does not exist."} 
[2025-10-16 07:00:40] local.INFO: Booking details viewed {"booking_id":109,"viewed_by":55,"user_role":"pelanggan","booking_status":"completed"} 
[2025-10-16 07:01:06] local.WARNING: Failed to get recommendations {"booking_id":108,"error":"Method App\\Http\\Controllers\\BookingController::getServiceRecommendations does not exist."} 
[2025-10-16 07:01:06] local.INFO: Booking details viewed {"booking_id":108,"viewed_by":55,"user_role":"pelanggan","booking_status":"completed"} 
[2025-10-16 07:13:39] local.WARNING: Failed to get recommendations {"booking_id":108,"error":"Method App\\Http\\Controllers\\BookingController::getServiceRecommendations does not exist."} 
[2025-10-16 07:13:39] local.INFO: Booking details viewed {"booking_id":108,"viewed_by":55,"user_role":"pelanggan","booking_status":"completed"} 
[2025-10-16 07:14:58] local.WARNING: Failed to get recommendations {"booking_id":108,"error":"Method App\\Http\\Controllers\\BookingController::getServiceRecommendations does not exist."} 
[2025-10-16 07:14:58] local.INFO: Booking details viewed {"booking_id":108,"viewed_by":55,"user_role":"pelanggan","booking_status":"completed"} 
[2025-10-16 07:16:52] local.WARNING: Failed to get recommendations {"booking_id":109,"error":"Method App\\Http\\Controllers\\BookingController::getServiceRecommendations does not exist."} 
[2025-10-16 07:16:52] local.INFO: Booking details viewed {"booking_id":109,"viewed_by":55,"user_role":"pelanggan","booking_status":"completed"} 
[2025-10-16 07:18:21] local.INFO: Business day check {"date":"2025-10-16","day_of_week":4,"day_name":"Thursday","is_business_day":true} 
[2025-10-16 07:18:21] local.INFO: Business day check {"date":"2025-10-17","day_of_week":5,"day_name":"Friday","is_business_day":true} 
[2025-10-16 07:18:21] local.INFO: Business day check {"date":"2025-10-18","day_of_week":6,"day_name":"Saturday","is_business_day":true} 
[2025-10-16 07:18:21] local.INFO: Business day check {"date":"2025-10-19","day_of_week":0,"day_name":"Sunday","is_business_day":true} 
[2025-10-16 07:18:22] local.INFO: Business day check {"date":"2025-10-20","day_of_week":1,"day_name":"Monday","is_business_day":true} 
[2025-10-16 07:18:22] local.INFO: Business day check {"date":"2025-10-21","day_of_week":2,"day_name":"Tuesday","is_business_day":true} 
[2025-10-16 07:18:22] local.INFO: Business day check {"date":"2025-10-22","day_of_week":3,"day_name":"Wednesday","is_business_day":true} 
[2025-10-16 07:18:22] local.INFO: Business day check {"date":"2025-10-23","day_of_week":4,"day_name":"Thursday","is_business_day":true} 
[2025-10-16 07:18:22] local.WARNING: Failed to get recommendations {"booking_id":109,"error":"Method App\\Http\\Controllers\\BookingController::getServiceRecommendations does not exist."} 
[2025-10-16 07:18:22] local.INFO: Booking details viewed {"booking_id":109,"viewed_by":55,"user_role":"pelanggan","booking_status":"pending"} 
[2025-10-16 07:35:29] local.INFO: Business day check {"date":"2025-10-16","day_of_week":4,"day_name":"Thursday","is_business_day":true} 
[2025-10-16 07:35:29] local.INFO: Business day check {"date":"2025-10-17","day_of_week":5,"day_name":"Friday","is_business_day":true} 
[2025-10-16 07:35:29] local.INFO: Business day check {"date":"2025-10-18","day_of_week":6,"day_name":"Saturday","is_business_day":true} 
[2025-10-16 07:35:29] local.INFO: Business day check {"date":"2025-10-19","day_of_week":0,"day_name":"Sunday","is_business_day":true} 
[2025-10-16 07:35:29] local.INFO: Business day check {"date":"2025-10-20","day_of_week":1,"day_name":"Monday","is_business_day":true} 
[2025-10-16 07:35:29] local.INFO: Business day check {"date":"2025-10-21","day_of_week":2,"day_name":"Tuesday","is_business_day":true} 
[2025-10-16 07:35:29] local.INFO: Business day check {"date":"2025-10-22","day_of_week":3,"day_name":"Wednesday","is_business_day":true} 
[2025-10-16 07:35:29] local.INFO: Business day check {"date":"2025-10-23","day_of_week":4,"day_name":"Thursday","is_business_day":true} 
[2025-10-16 07:35:29] local.WARNING: Failed to get recommendations {"booking_id":109,"error":"Method App\\Http\\Controllers\\BookingController::getServiceRecommendations does not exist."} 
[2025-10-16 07:35:29] local.INFO: Booking details viewed {"booking_id":109,"viewed_by":55,"user_role":"pelanggan","booking_status":"pending"} 
[2025-10-16 07:35:42] local.WARNING: Failed to get recommendations {"booking_id":108,"error":"Method App\\Http\\Controllers\\BookingController::getServiceRecommendations does not exist."} 
[2025-10-16 07:35:42] local.INFO: Booking details viewed {"booking_id":108,"viewed_by":55,"user_role":"pelanggan","booking_status":"completed"} 
[2025-10-16 07:44:16] local.WARNING: Failed to get recommendations {"booking_id":108,"error":"Method App\\Http\\Controllers\\BookingController::getServiceRecommendations does not exist."} 
[2025-10-16 07:44:16] local.INFO: Booking details viewed {"booking_id":108,"viewed_by":55,"user_role":"pelanggan","booking_status":"completed"} 
[2025-10-16 07:44:20] local.WARNING: Failed to get recommendations {"booking_id":109,"error":"Method App\\Http\\Controllers\\BookingController::getServiceRecommendations does not exist."} 
[2025-10-16 07:44:20] local.INFO: Booking details viewed {"booking_id":109,"viewed_by":55,"user_role":"pelanggan","booking_status":"completed"} 
[2025-10-16 07:44:52] local.WARNING: Failed to get recommendations {"booking_id":109,"error":"Method App\\Http\\Controllers\\BookingController::getServiceRecommendations does not exist."} 
[2025-10-16 07:44:52] local.INFO: Booking details viewed {"booking_id":109,"viewed_by":55,"user_role":"pelanggan","booking_status":"completed"} 
[2025-10-16 07:44:56] local.WARNING: Failed to get recommendations {"booking_id":109,"error":"Method App\\Http\\Controllers\\BookingController::getServiceRecommendations does not exist."} 
[2025-10-16 07:44:56] local.INFO: Booking details viewed {"booking_id":109,"viewed_by":55,"user_role":"pelanggan","booking_status":"completed"} 
[2025-10-16 07:45:18] local.WARNING: Failed to get recommendations {"booking_id":109,"error":"Method App\\Http\\Controllers\\BookingController::getServiceRecommendations does not exist."} 
[2025-10-16 07:45:18] local.INFO: Booking details viewed {"booking_id":109,"viewed_by":55,"user_role":"pelanggan","booking_status":"completed"} 
[2025-10-16 07:45:20] local.WARNING: Failed to get recommendations {"booking_id":109,"error":"Method App\\Http\\Controllers\\BookingController::getServiceRecommendations does not exist."} 
[2025-10-16 07:45:20] local.INFO: Booking details viewed {"booking_id":109,"viewed_by":55,"user_role":"pelanggan","booking_status":"completed"} 
[2025-10-16 07:47:38] local.WARNING: Failed to get recommendations {"booking_id":109,"error":"Method App\\Http\\Controllers\\BookingController::getServiceRecommendations does not exist."} 
[2025-10-16 07:47:38] local.INFO: Booking details viewed {"booking_id":109,"viewed_by":55,"user_role":"pelanggan","booking_status":"completed"} 
[2025-10-16 07:48:53] local.WARNING: Failed to get recommendations {"booking_id":109,"error":"Method App\\Http\\Controllers\\BookingController::getServiceRecommendations does not exist."} 
[2025-10-16 07:48:53] local.INFO: Booking details viewed {"booking_id":109,"viewed_by":55,"user_role":"pelanggan","booking_status":"completed"} 
[2025-10-16 07:48:56] local.WARNING: Failed to get recommendations {"booking_id":109,"error":"Method App\\Http\\Controllers\\BookingController::getServiceRecommendations does not exist."} 
[2025-10-16 07:48:56] local.INFO: Booking details viewed {"booking_id":109,"viewed_by":55,"user_role":"pelanggan","booking_status":"completed"} 
[2025-10-16 07:49:04] local.WARNING: Failed to get recommendations {"booking_id":109,"error":"Method App\\Http\\Controllers\\BookingController::getServiceRecommendations does not exist."} 
[2025-10-16 07:49:04] local.INFO: Booking details viewed {"booking_id":109,"viewed_by":55,"user_role":"pelanggan","booking_status":"completed"} 
[2025-10-16 07:49:52] local.WARNING: Failed to get recommendations {"booking_id":109,"error":"Method App\\Http\\Controllers\\BookingController::getServiceRecommendations does not exist."} 
[2025-10-16 07:49:52] local.INFO: Booking details viewed {"booking_id":109,"viewed_by":55,"user_role":"pelanggan","booking_status":"completed"} 
[2025-10-16 07:50:07] local.WARNING: Failed to get recommendations {"booking_id":109,"error":"Method App\\Http\\Controllers\\BookingController::getServiceRecommendations does not exist."} 
[2025-10-16 07:50:07] local.INFO: Booking details viewed {"booking_id":109,"viewed_by":55,"user_role":"pelanggan","booking_status":"completed"} 
