[2025-10-26 07:59:50] local.INFO: User logout attempt {"user_id":80,"user_name":"Aisya Nadia","ip":"127.0.0.1","user_agent":"Mozilla/5.0 (Macintosh; Intel Mac OS X 10_15_7) AppleWebKit/537.36 (KHTML, like Gecko) Chrome/141.0.0.0 Safari/537.36"} 
[2025-10-26 07:59:50] local.INFO: User logout successful  
[2025-10-26 07:59:57] local.INFO: User login attempt {"email":"admin@woxbarbershop.com","ip":"127.0.0.1","user_agent":"Mozilla/5.0 (Macintosh; Intel Mac OS X 10_15_7) AppleWebKit/537.36 (KHTML, like Gecko) Chrome/141.0.0.0 Safari/537.36"} 
[2025-10-26 07:59:57] local.INFO: User last login updated {"user_id":45,"email":"admin@woxbarbershop.com","previous_login":"2025-10-26 07:40:08","current_login":"2025-10-26 07:59:57"} 
[2025-10-26 07:59:57] local.INFO: User login successful {"user_id":45,"email":"admin@woxbarbershop.com","last_login_at":"2025-10-26 07:59:57","ip":"127.0.0.1"} 
[2025-10-26 08:01:34] local.INFO: User logout attempt {"user_id":45,"user_name":"Super Admin","ip":"127.0.0.1","user_agent":"Mozilla/5.0 (Macintosh; Intel Mac OS X 10_15_7) AppleWebKit/537.36 (KHTML, like Gecko) Chrome/141.0.0.0 Safari/537.36"} 
[2025-10-26 08:01:34] local.INFO: User logout successful  
[2025-10-26 08:05:20] local.ERROR: Unhandled exception {"exception":"Symfony\\Component\\ErrorHandler\\Error\\FatalError","message":"Unclosed '{' on line 23","file":"/Users/appkey/Desktop/agungappkey/tugas-akhir/app/Models/Service.php","line":31,"trace":"#0 {main}","url":"http://localhost","method":"GET","ip":"127.0.0.1","user_agent":"Symfony","user_id":null} 
[2025-10-26 08:05:20] local.ERROR: Unclosed '{' on line 23 {"exception":"[object] (Symfony\\Component\\ErrorHandler\\Error\\FatalError(code: 0): Unclosed '{' on line 23 at /Users/appkey/Desktop/agungappkey/tugas-akhir/app/Models/Service.php:31)
[stacktrace]
#0 {main}
"} 
[2025-10-26 08:05:25] local.ERROR: Unhandled exception {"exception":"Symfony\\Component\\ErrorHandler\\Error\\FatalError","message":"Unclosed '{' on line 23","file":"/Users/appkey/Desktop/agungappkey/tugas-akhir/app/Models/Service.php","line":31,"trace":"#0 {main}","url":"http://localhost","method":"GET","ip":"127.0.0.1","user_agent":"Symfony","user_id":null} 
[2025-10-26 08:05:25] local.ERROR: Unclosed '{' on line 23 {"exception":"[object] (Symfony\\Component\\ErrorHandler\\Error\\FatalError(code: 0): Unclosed '{' on line 23 at /Users/appkey/Desktop/agungappkey/tugas-akhir/app/Models/Service.php:31)
[stacktrace]
#0 {main}
"} 
[2025-10-26 08:20:29] local.INFO: User login attempt {"email":"admin@woxbarbershop.com","ip":"127.0.0.1","user_agent":"Mozilla/5.0 (Macintosh; Intel Mac OS X 10_15_7) AppleWebKit/537.36 (KHTML, like Gecko) Chrome/141.0.0.0 Safari/537.36"} 
[2025-10-26 08:20:29] local.INFO: User last login updated {"user_id":45,"email":"admin@woxbarbershop.com","previous_login":"2025-10-26 07:59:57","current_login":"2025-10-26 08:20:29"} 
[2025-10-26 08:20:29] local.INFO: User login successful {"user_id":45,"email":"admin@woxbarbershop.com","last_login_at":"2025-10-26 08:20:29","ip":"127.0.0.1"} 
[2025-10-26 10:59:57] local.INFO: User logout attempt {"user_id":45,"user_name":"Super Admin","ip":"127.0.0.1","user_agent":"Mozilla/5.0 (Macintosh; Intel Mac OS X 10_15_7) AppleWebKit/537.36 (KHTML, like Gecko) Chrome/141.0.0.0 Safari/537.36"} 
[2025-10-26 10:59:57] local.INFO: User logout successful  
[2025-10-26 11:04:17] local.INFO: User login attempt {"email":"admin@woxbarbershop.com","ip":"127.0.0.1","user_agent":"Mozilla/5.0 (Macintosh; Intel Mac OS X 10_15_7) AppleWebKit/537.36 (KHTML, like Gecko) Chrome/141.0.0.0 Safari/537.36"} 
[2025-10-26 11:04:17] local.INFO: User last login updated {"user_id":45,"email":"admin@woxbarbershop.com","previous_login":"2025-10-26 08:20:29","current_login":"2025-10-26 11:04:17"} 
[2025-10-26 11:04:17] local.INFO: User login successful {"user_id":45,"email":"admin@woxbarbershop.com","last_login_at":"2025-10-26 11:04:17","ip":"127.0.0.1"} 
[2025-10-26 11:06:53] local.INFO: Fetching hairstyle scores for DataTable  
[2025-10-26 11:06:53] local.INFO: Hairstyle scores fetched for DataTable {"total":39,"first_item":90} 
[2025-10-26 11:06:53] local.DEBUG: Processing hairstyle column {"score_id":90,"hairstyle_id":47,"hairstyle_name":"Textured Crop"} 
[2025-10-26 11:06:53] local.DEBUG: Processing criterion column {"score_id":90,"criterion_id":10,"criterion_name":"Preferensi Gaya"} 
[2025-10-26 11:06:53] local.DEBUG: Processing score column {"score_id":90,"score_value":8.699999999999999289457264239899814128875732421875} 
[2025-10-26 11:06:53] local.DEBUG: Processing hairstyle column {"score_id":89,"hairstyle_id":47,"hairstyle_name":"Textured Crop"} 
[2025-10-26 11:06:53] local.DEBUG: Processing criterion column {"score_id":89,"criterion_id":9,"criterion_name":"Tipe Rambut"} 
[2025-10-26 11:06:53] local.DEBUG: Processing score column {"score_id":89,"score_value":8.199999999999999289457264239899814128875732421875} 
[2025-10-26 11:06:53] local.DEBUG: Processing hairstyle column {"score_id":88,"hairstyle_id":47,"hairstyle_name":"Textured Crop"} 
[2025-10-26 11:06:53] local.DEBUG: Processing criterion column {"score_id":88,"criterion_id":8,"criterion_name":"Bentuk Kepala"} 
[2025-10-26 11:06:53] local.DEBUG: Processing score column {"score_id":88,"score_value":8.0} 
[2025-10-26 11:06:53] local.DEBUG: Processing hairstyle column {"score_id":87,"hairstyle_id":46,"hairstyle_name":"Long Fringe"} 
[2025-10-26 11:06:53] local.DEBUG: Processing criterion column {"score_id":87,"criterion_id":10,"criterion_name":"Preferensi Gaya"} 
[2025-10-26 11:06:53] local.DEBUG: Processing score column {"score_id":87,"score_value":8.5} 
[2025-10-26 11:06:53] local.DEBUG: Processing hairstyle column {"score_id":86,"hairstyle_id":46,"hairstyle_name":"Long Fringe"} 
[2025-10-26 11:06:53] local.DEBUG: Processing criterion column {"score_id":86,"criterion_id":9,"criterion_name":"Tipe Rambut"} 
[2025-10-26 11:06:53] local.DEBUG: Processing score column {"score_id":86,"score_value":8.199999999999999289457264239899814128875732421875} 
[2025-10-26 11:06:53] local.DEBUG: Processing hairstyle column {"score_id":85,"hairstyle_id":46,"hairstyle_name":"Long Fringe"} 
[2025-10-26 11:06:53] local.DEBUG: Processing criterion column {"score_id":85,"criterion_id":8,"criterion_name":"Bentuk Kepala"} 
[2025-10-26 11:06:53] local.DEBUG: Processing score column {"score_id":85,"score_value":7.5} 
[2025-10-26 11:06:53] local.DEBUG: Processing hairstyle column {"score_id":84,"hairstyle_id":45,"hairstyle_name":"Side Swept Fringe"} 
[2025-10-26 11:06:53] local.DEBUG: Processing criterion column {"score_id":84,"criterion_id":10,"criterion_name":"Preferensi Gaya"} 
[2025-10-26 11:06:53] local.DEBUG: Processing score column {"score_id":84,"score_value":8.5} 
[2025-10-26 11:06:53] local.DEBUG: Processing hairstyle column {"score_id":83,"hairstyle_id":45,"hairstyle_name":"Side Swept Fringe"} 
[2025-10-26 11:06:53] local.DEBUG: Processing criterion column {"score_id":83,"criterion_id":9,"criterion_name":"Tipe Rambut"} 
[2025-10-26 11:06:53] local.DEBUG: Processing score column {"score_id":83,"score_value":8.5} 
[2025-10-26 11:06:53] local.DEBUG: Processing hairstyle column {"score_id":82,"hairstyle_id":45,"hairstyle_name":"Side Swept Fringe"} 
[2025-10-26 11:06:53] local.DEBUG: Processing criterion column {"score_id":82,"criterion_id":8,"criterion_name":"Bentuk Kepala"} 
[2025-10-26 11:06:53] local.DEBUG: Processing score column {"score_id":82,"score_value":8.0} 
[2025-10-26 11:06:53] local.DEBUG: Processing hairstyle column {"score_id":81,"hairstyle_id":44,"hairstyle_name":"Caesar Cut"} 
[2025-10-26 11:06:53] local.DEBUG: Processing criterion column {"score_id":81,"criterion_id":10,"criterion_name":"Preferensi Gaya"} 
[2025-10-26 11:06:53] local.DEBUG: Processing score column {"score_id":81,"score_value":8.0} 
[2025-10-26 11:06:53] local.DEBUG: Processing hairstyle column {"score_id":80,"hairstyle_id":44,"hairstyle_name":"Caesar Cut"} 
[2025-10-26 11:06:53] local.DEBUG: Processing criterion column {"score_id":80,"criterion_id":9,"criterion_name":"Tipe Rambut"} 
[2025-10-26 11:06:53] local.DEBUG: Processing score column {"score_id":80,"score_value":8.0} 
[2025-10-26 11:06:53] local.DEBUG: Processing hairstyle column {"score_id":79,"hairstyle_id":44,"hairstyle_name":"Caesar Cut"} 
[2025-10-26 11:06:53] local.DEBUG: Processing criterion column {"score_id":79,"criterion_id":8,"criterion_name":"Bentuk Kepala"} 
[2025-10-26 11:06:53] local.DEBUG: Processing score column {"score_id":79,"score_value":8.0} 
[2025-10-26 11:06:53] local.DEBUG: Processing hairstyle column {"score_id":78,"hairstyle_id":43,"hairstyle_name":"Fringe"} 
[2025-10-26 11:06:53] local.DEBUG: Processing criterion column {"score_id":78,"criterion_id":10,"criterion_name":"Preferensi Gaya"} 
[2025-10-26 11:06:53] local.DEBUG: Processing score column {"score_id":78,"score_value":8.5} 
[2025-10-26 11:06:53] local.DEBUG: Processing hairstyle column {"score_id":77,"hairstyle_id":43,"hairstyle_name":"Fringe"} 
[2025-10-26 11:06:53] local.DEBUG: Processing criterion column {"score_id":77,"criterion_id":9,"criterion_name":"Tipe Rambut"} 
[2025-10-26 11:06:53] local.DEBUG: Processing score column {"score_id":77,"score_value":8.5} 
[2025-10-26 11:06:53] local.DEBUG: Processing hairstyle column {"score_id":76,"hairstyle_id":43,"hairstyle_name":"Fringe"} 
[2025-10-26 11:06:53] local.DEBUG: Processing criterion column {"score_id":76,"criterion_id":8,"criterion_name":"Bentuk Kepala"} 
[2025-10-26 11:06:53] local.DEBUG: Processing score column {"score_id":76,"score_value":8.0} 
[2025-10-26 11:06:53] local.DEBUG: Processing hairstyle column {"score_id":75,"hairstyle_id":42,"hairstyle_name":"Undercut"} 
[2025-10-26 11:06:53] local.DEBUG: Processing criterion column {"score_id":75,"criterion_id":10,"criterion_name":"Preferensi Gaya"} 
[2025-10-26 11:06:53] local.DEBUG: Processing score column {"score_id":75,"score_value":9.0} 
[2025-10-26 11:06:53] local.DEBUG: Processing hairstyle column {"score_id":74,"hairstyle_id":42,"hairstyle_name":"Undercut"} 
[2025-10-26 11:06:53] local.DEBUG: Processing criterion column {"score_id":74,"criterion_id":9,"criterion_name":"Tipe Rambut"} 
[2025-10-26 11:06:53] local.DEBUG: Processing score column {"score_id":74,"score_value":8.0} 
[2025-10-26 11:06:53] local.DEBUG: Processing hairstyle column {"score_id":73,"hairstyle_id":42,"hairstyle_name":"Undercut"} 
[2025-10-26 11:06:53] local.DEBUG: Processing criterion column {"score_id":73,"criterion_id":8,"criterion_name":"Bentuk Kepala"} 
[2025-10-26 11:06:53] local.DEBUG: Processing score column {"score_id":73,"score_value":8.0} 
[2025-10-26 11:06:53] local.DEBUG: Processing hairstyle column {"score_id":72,"hairstyle_id":41,"hairstyle_name":"Crew Cut"} 
[2025-10-26 11:06:53] local.DEBUG: Processing criterion column {"score_id":72,"criterion_id":10,"criterion_name":"Preferensi Gaya"} 
[2025-10-26 11:06:53] local.DEBUG: Processing score column {"score_id":72,"score_value":8.5} 
[2025-10-26 11:06:53] local.DEBUG: Processing hairstyle column {"score_id":71,"hairstyle_id":41,"hairstyle_name":"Crew Cut"} 
[2025-10-26 11:06:53] local.DEBUG: Processing criterion column {"score_id":71,"criterion_id":9,"criterion_name":"Tipe Rambut"} 
[2025-10-26 11:06:53] local.DEBUG: Processing score column {"score_id":71,"score_value":8.5} 
[2025-10-26 11:06:53] local.DEBUG: Processing hairstyle column {"score_id":70,"hairstyle_id":41,"hairstyle_name":"Crew Cut"} 
[2025-10-26 11:06:53] local.DEBUG: Processing criterion column {"score_id":70,"criterion_id":8,"criterion_name":"Bentuk Kepala"} 
[2025-10-26 11:06:53] local.DEBUG: Processing score column {"score_id":70,"score_value":8.0} 
[2025-10-26 11:06:53] local.DEBUG: Processing hairstyle column {"score_id":69,"hairstyle_id":40,"hairstyle_name":"Tapper Fade"} 
[2025-10-26 11:06:53] local.DEBUG: Processing criterion column {"score_id":69,"criterion_id":10,"criterion_name":"Preferensi Gaya"} 
[2025-10-26 11:06:53] local.DEBUG: Processing score column {"score_id":69,"score_value":9.0} 
[2025-10-26 11:06:53] local.DEBUG: Processing hairstyle column {"score_id":68,"hairstyle_id":40,"hairstyle_name":"Tapper Fade"} 
[2025-10-26 11:06:53] local.DEBUG: Processing criterion column {"score_id":68,"criterion_id":9,"criterion_name":"Tipe Rambut"} 
[2025-10-26 11:06:53] local.DEBUG: Processing score column {"score_id":68,"score_value":9.0} 
[2025-10-26 11:06:53] local.DEBUG: Processing hairstyle column {"score_id":67,"hairstyle_id":40,"hairstyle_name":"Tapper Fade"} 
[2025-10-26 11:06:53] local.DEBUG: Processing criterion column {"score_id":67,"criterion_id":8,"criterion_name":"Bentuk Kepala"} 
[2025-10-26 11:06:53] local.DEBUG: Processing score column {"score_id":67,"score_value":8.5} 
[2025-10-26 11:06:53] local.DEBUG: Processing hairstyle column {"score_id":66,"hairstyle_id":39,"hairstyle_name":"Buzzcut"} 
[2025-10-26 11:06:53] local.DEBUG: Processing criterion column {"score_id":66,"criterion_id":10,"criterion_name":"Preferensi Gaya"} 
[2025-10-26 11:06:53] local.DEBUG: Processing score column {"score_id":66,"score_value":8.0} 
[2025-10-26 11:06:53] local.DEBUG: Processing hairstyle column {"score_id":65,"hairstyle_id":39,"hairstyle_name":"Buzzcut"} 
[2025-10-26 11:06:53] local.DEBUG: Processing criterion column {"score_id":65,"criterion_id":9,"criterion_name":"Tipe Rambut"} 
[2025-10-26 11:06:53] local.DEBUG: Processing score column {"score_id":65,"score_value":9.0} 
[2025-10-26 11:06:53] local.DEBUG: Processing hairstyle column {"score_id":64,"hairstyle_id":39,"hairstyle_name":"Buzzcut"} 
[2025-10-26 11:06:53] local.DEBUG: Processing criterion column {"score_id":64,"criterion_id":8,"criterion_name":"Bentuk Kepala"} 
[2025-10-26 11:06:53] local.DEBUG: Processing score column {"score_id":64,"score_value":7.5} 
[2025-10-26 11:06:53] local.DEBUG: Processing hairstyle column {"score_id":63,"hairstyle_id":38,"hairstyle_name":"Quiff"} 
[2025-10-26 11:06:53] local.DEBUG: Processing criterion column {"score_id":63,"criterion_id":10,"criterion_name":"Preferensi Gaya"} 
[2025-10-26 11:06:53] local.DEBUG: Processing score column {"score_id":63,"score_value":9.0} 
[2025-10-26 11:06:53] local.DEBUG: Processing hairstyle column {"score_id":62,"hairstyle_id":38,"hairstyle_name":"Quiff"} 
[2025-10-26 11:06:53] local.DEBUG: Processing criterion column {"score_id":62,"criterion_id":9,"criterion_name":"Tipe Rambut"} 
[2025-10-26 11:06:53] local.DEBUG: Processing score column {"score_id":62,"score_value":8.5} 
[2025-10-26 11:06:53] local.DEBUG: Processing hairstyle column {"score_id":61,"hairstyle_id":38,"hairstyle_name":"Quiff"} 
[2025-10-26 11:06:53] local.DEBUG: Processing criterion column {"score_id":61,"criterion_id":8,"criterion_name":"Bentuk Kepala"} 
[2025-10-26 11:06:53] local.DEBUG: Processing score column {"score_id":61,"score_value":8.0} 
[2025-10-26 11:06:53] local.DEBUG: Processing hairstyle column {"score_id":60,"hairstyle_id":37,"hairstyle_name":"Pompadour"} 
[2025-10-26 11:06:53] local.DEBUG: Processing criterion column {"score_id":60,"criterion_id":10,"criterion_name":"Preferensi Gaya"} 
[2025-10-26 11:06:53] local.DEBUG: Processing score column {"score_id":60,"score_value":9.0} 
[2025-10-26 11:06:53] local.DEBUG: Processing hairstyle column {"score_id":59,"hairstyle_id":37,"hairstyle_name":"Pompadour"} 
[2025-10-26 11:06:53] local.DEBUG: Processing criterion column {"score_id":59,"criterion_id":9,"criterion_name":"Tipe Rambut"} 
[2025-10-26 11:06:53] local.DEBUG: Processing score column {"score_id":59,"score_value":8.5} 
[2025-10-26 11:06:53] local.DEBUG: Processing hairstyle column {"score_id":58,"hairstyle_id":37,"hairstyle_name":"Pompadour"} 
[2025-10-26 11:06:53] local.DEBUG: Processing criterion column {"score_id":58,"criterion_id":8,"criterion_name":"Bentuk Kepala"} 
[2025-10-26 11:06:53] local.DEBUG: Processing score column {"score_id":58,"score_value":8.699999999999999289457264239899814128875732421875} 
[2025-10-26 11:06:53] local.DEBUG: Processing hairstyle column {"score_id":54,"hairstyle_id":34,"hairstyle_name":"French Crop"} 
[2025-10-26 11:06:53] local.DEBUG: Processing criterion column {"score_id":54,"criterion_id":10,"criterion_name":"Preferensi Gaya"} 
[2025-10-26 11:06:53] local.DEBUG: Processing score column {"score_id":54,"score_value":8.699999999999999289457264239899814128875732421875} 
[2025-10-26 11:06:53] local.DEBUG: Processing hairstyle column {"score_id":53,"hairstyle_id":34,"hairstyle_name":"French Crop"} 
[2025-10-26 11:06:53] local.DEBUG: Processing criterion column {"score_id":53,"criterion_id":9,"criterion_name":"Tipe Rambut"} 
[2025-10-26 11:06:53] local.DEBUG: Processing score column {"score_id":53,"score_value":8.199999999999999289457264239899814128875732421875} 
[2025-10-26 11:06:53] local.DEBUG: Processing hairstyle column {"score_id":52,"hairstyle_id":34,"hairstyle_name":"French Crop"} 
[2025-10-26 11:06:53] local.DEBUG: Processing criterion column {"score_id":52,"criterion_id":8,"criterion_name":"Bentuk Kepala"} 
[2025-10-26 11:06:53] local.DEBUG: Processing score column {"score_id":52,"score_value":8.0} 
[2025-10-26 11:06:53] local.DEBUG: Processing hairstyle column {"score_id":57,"hairstyle_id":36,"hairstyle_name":"Side Part"} 
[2025-10-26 11:06:53] local.DEBUG: Processing criterion column {"score_id":57,"criterion_id":10,"criterion_name":"Preferensi Gaya"} 
[2025-10-26 11:06:53] local.DEBUG: Processing score column {"score_id":57,"score_value":8.699999999999999289457264239899814128875732421875} 
[2025-10-26 11:06:53] local.DEBUG: Processing hairstyle column {"score_id":56,"hairstyle_id":36,"hairstyle_name":"Side Part"} 
[2025-10-26 11:06:53] local.DEBUG: Processing criterion column {"score_id":56,"criterion_id":9,"criterion_name":"Tipe Rambut"} 
[2025-10-26 11:06:53] local.DEBUG: Processing score column {"score_id":56,"score_value":8.199999999999999289457264239899814128875732421875} 
[2025-10-26 11:06:53] local.DEBUG: Processing hairstyle column {"score_id":55,"hairstyle_id":36,"hairstyle_name":"Side Part"} 
[2025-10-26 11:06:53] local.DEBUG: Processing criterion column {"score_id":55,"criterion_id":8,"criterion_name":"Bentuk Kepala"} 
[2025-10-26 11:06:53] local.DEBUG: Processing score column {"score_id":55,"score_value":8.300000000000000710542735760100185871124267578125} 
[2025-10-26 11:06:59] local.INFO: BookingController@index accessed {"is_ajax":false,"user_id":45,"ip":"127.0.0.1","user_agent":"Mozilla/5.0 (Macintosh; Intel Mac OS X 10_15_7) AppleWebKit/537.36 (KHTML, like Gecko) Chrome/141.0.0.0 Safari/537.36"} 
[2025-10-26 11:06:59] local.INFO: BookingController@index accessed {"is_ajax":true,"user_id":45,"ip":"127.0.0.1","user_agent":"Mozilla/5.0 (Macintosh; Intel Mac OS X 10_15_7) AppleWebKit/537.36 (KHTML, like Gecko) Chrome/141.0.0.0 Safari/537.36"} 
[2025-10-26 11:06:59] local.INFO: Processing AJAX request for bookings datatable  
[2025-10-26 11:06:59] local.INFO: Bookings data retrieved successfully {"total_records":142} 
[2025-10-26 11:07:00] local.INFO: Fetching hairstyle scores for DataTable  
[2025-10-26 11:07:00] local.INFO: Hairstyle scores fetched for DataTable {"total":39,"first_item":90} 
[2025-10-26 11:07:00] local.DEBUG: Processing hairstyle column {"score_id":90,"hairstyle_id":47,"hairstyle_name":"Textured Crop"} 
[2025-10-26 11:07:00] local.DEBUG: Processing criterion column {"score_id":90,"criterion_id":10,"criterion_name":"Preferensi Gaya"} 
[2025-10-26 11:07:00] local.DEBUG: Processing score column {"score_id":90,"score_value":8.699999999999999289457264239899814128875732421875} 
[2025-10-26 11:07:00] local.DEBUG: Processing hairstyle column {"score_id":89,"hairstyle_id":47,"hairstyle_name":"Textured Crop"} 
[2025-10-26 11:07:00] local.DEBUG: Processing criterion column {"score_id":89,"criterion_id":9,"criterion_name":"Tipe Rambut"} 
[2025-10-26 11:07:00] local.DEBUG: Processing score column {"score_id":89,"score_value":8.199999999999999289457264239899814128875732421875} 
[2025-10-26 11:07:00] local.DEBUG: Processing hairstyle column {"score_id":88,"hairstyle_id":47,"hairstyle_name":"Textured Crop"} 
[2025-10-26 11:07:00] local.DEBUG: Processing criterion column {"score_id":88,"criterion_id":8,"criterion_name":"Bentuk Kepala"} 
[2025-10-26 11:07:00] local.DEBUG: Processing score column {"score_id":88,"score_value":8.0} 
[2025-10-26 11:07:00] local.DEBUG: Processing hairstyle column {"score_id":87,"hairstyle_id":46,"hairstyle_name":"Long Fringe"} 
[2025-10-26 11:07:00] local.DEBUG: Processing criterion column {"score_id":87,"criterion_id":10,"criterion_name":"Preferensi Gaya"} 
[2025-10-26 11:07:00] local.DEBUG: Processing score column {"score_id":87,"score_value":8.5} 
[2025-10-26 11:07:00] local.DEBUG: Processing hairstyle column {"score_id":86,"hairstyle_id":46,"hairstyle_name":"Long Fringe"} 
[2025-10-26 11:07:00] local.DEBUG: Processing criterion column {"score_id":86,"criterion_id":9,"criterion_name":"Tipe Rambut"} 
[2025-10-26 11:07:00] local.DEBUG: Processing score column {"score_id":86,"score_value":8.199999999999999289457264239899814128875732421875} 
[2025-10-26 11:07:00] local.DEBUG: Processing hairstyle column {"score_id":85,"hairstyle_id":46,"hairstyle_name":"Long Fringe"} 
[2025-10-26 11:07:00] local.DEBUG: Processing criterion column {"score_id":85,"criterion_id":8,"criterion_name":"Bentuk Kepala"} 
[2025-10-26 11:07:00] local.DEBUG: Processing score column {"score_id":85,"score_value":7.5} 
[2025-10-26 11:07:00] local.DEBUG: Processing hairstyle column {"score_id":84,"hairstyle_id":45,"hairstyle_name":"Side Swept Fringe"} 
[2025-10-26 11:07:00] local.DEBUG: Processing criterion column {"score_id":84,"criterion_id":10,"criterion_name":"Preferensi Gaya"} 
[2025-10-26 11:07:00] local.DEBUG: Processing score column {"score_id":84,"score_value":8.5} 
[2025-10-26 11:07:00] local.DEBUG: Processing hairstyle column {"score_id":83,"hairstyle_id":45,"hairstyle_name":"Side Swept Fringe"} 
[2025-10-26 11:07:00] local.DEBUG: Processing criterion column {"score_id":83,"criterion_id":9,"criterion_name":"Tipe Rambut"} 
[2025-10-26 11:07:00] local.DEBUG: Processing score column {"score_id":83,"score_value":8.5} 
[2025-10-26 11:07:00] local.DEBUG: Processing hairstyle column {"score_id":82,"hairstyle_id":45,"hairstyle_name":"Side Swept Fringe"} 
[2025-10-26 11:07:00] local.DEBUG: Processing criterion column {"score_id":82,"criterion_id":8,"criterion_name":"Bentuk Kepala"} 
[2025-10-26 11:07:00] local.DEBUG: Processing score column {"score_id":82,"score_value":8.0} 
[2025-10-26 11:07:00] local.DEBUG: Processing hairstyle column {"score_id":81,"hairstyle_id":44,"hairstyle_name":"Caesar Cut"} 
[2025-10-26 11:07:00] local.DEBUG: Processing criterion column {"score_id":81,"criterion_id":10,"criterion_name":"Preferensi Gaya"} 
[2025-10-26 11:07:00] local.DEBUG: Processing score column {"score_id":81,"score_value":8.0} 
[2025-10-26 11:07:00] local.DEBUG: Processing hairstyle column {"score_id":80,"hairstyle_id":44,"hairstyle_name":"Caesar Cut"} 
[2025-10-26 11:07:00] local.DEBUG: Processing criterion column {"score_id":80,"criterion_id":9,"criterion_name":"Tipe Rambut"} 
[2025-10-26 11:07:00] local.DEBUG: Processing score column {"score_id":80,"score_value":8.0} 
[2025-10-26 11:07:00] local.DEBUG: Processing hairstyle column {"score_id":79,"hairstyle_id":44,"hairstyle_name":"Caesar Cut"} 
[2025-10-26 11:07:00] local.DEBUG: Processing criterion column {"score_id":79,"criterion_id":8,"criterion_name":"Bentuk Kepala"} 
[2025-10-26 11:07:00] local.DEBUG: Processing score column {"score_id":79,"score_value":8.0} 
[2025-10-26 11:07:00] local.DEBUG: Processing hairstyle column {"score_id":78,"hairstyle_id":43,"hairstyle_name":"Fringe"} 
[2025-10-26 11:07:00] local.DEBUG: Processing criterion column {"score_id":78,"criterion_id":10,"criterion_name":"Preferensi Gaya"} 
[2025-10-26 11:07:00] local.DEBUG: Processing score column {"score_id":78,"score_value":8.5} 
[2025-10-26 11:07:00] local.DEBUG: Processing hairstyle column {"score_id":77,"hairstyle_id":43,"hairstyle_name":"Fringe"} 
[2025-10-26 11:07:00] local.DEBUG: Processing criterion column {"score_id":77,"criterion_id":9,"criterion_name":"Tipe Rambut"} 
[2025-10-26 11:07:00] local.DEBUG: Processing score column {"score_id":77,"score_value":8.5} 
[2025-10-26 11:07:00] local.DEBUG: Processing hairstyle column {"score_id":76,"hairstyle_id":43,"hairstyle_name":"Fringe"} 
[2025-10-26 11:07:00] local.DEBUG: Processing criterion column {"score_id":76,"criterion_id":8,"criterion_name":"Bentuk Kepala"} 
[2025-10-26 11:07:00] local.DEBUG: Processing score column {"score_id":76,"score_value":8.0} 
[2025-10-26 11:07:00] local.DEBUG: Processing hairstyle column {"score_id":75,"hairstyle_id":42,"hairstyle_name":"Undercut"} 
[2025-10-26 11:07:00] local.DEBUG: Processing criterion column {"score_id":75,"criterion_id":10,"criterion_name":"Preferensi Gaya"} 
[2025-10-26 11:07:00] local.DEBUG: Processing score column {"score_id":75,"score_value":9.0} 
[2025-10-26 11:07:00] local.DEBUG: Processing hairstyle column {"score_id":74,"hairstyle_id":42,"hairstyle_name":"Undercut"} 
[2025-10-26 11:07:00] local.DEBUG: Processing criterion column {"score_id":74,"criterion_id":9,"criterion_name":"Tipe Rambut"} 
[2025-10-26 11:07:00] local.DEBUG: Processing score column {"score_id":74,"score_value":8.0} 
[2025-10-26 11:07:00] local.DEBUG: Processing hairstyle column {"score_id":73,"hairstyle_id":42,"hairstyle_name":"Undercut"} 
[2025-10-26 11:07:00] local.DEBUG: Processing criterion column {"score_id":73,"criterion_id":8,"criterion_name":"Bentuk Kepala"} 
[2025-10-26 11:07:00] local.DEBUG: Processing score column {"score_id":73,"score_value":8.0} 
[2025-10-26 11:07:00] local.DEBUG: Processing hairstyle column {"score_id":72,"hairstyle_id":41,"hairstyle_name":"Crew Cut"} 
[2025-10-26 11:07:00] local.DEBUG: Processing criterion column {"score_id":72,"criterion_id":10,"criterion_name":"Preferensi Gaya"} 
[2025-10-26 11:07:00] local.DEBUG: Processing score column {"score_id":72,"score_value":8.5} 
[2025-10-26 11:07:00] local.DEBUG: Processing hairstyle column {"score_id":71,"hairstyle_id":41,"hairstyle_name":"Crew Cut"} 
[2025-10-26 11:07:00] local.DEBUG: Processing criterion column {"score_id":71,"criterion_id":9,"criterion_name":"Tipe Rambut"} 
[2025-10-26 11:07:00] local.DEBUG: Processing score column {"score_id":71,"score_value":8.5} 
[2025-10-26 11:07:00] local.DEBUG: Processing hairstyle column {"score_id":70,"hairstyle_id":41,"hairstyle_name":"Crew Cut"} 
[2025-10-26 11:07:00] local.DEBUG: Processing criterion column {"score_id":70,"criterion_id":8,"criterion_name":"Bentuk Kepala"} 
[2025-10-26 11:07:00] local.DEBUG: Processing score column {"score_id":70,"score_value":8.0} 
[2025-10-26 11:07:00] local.DEBUG: Processing hairstyle column {"score_id":69,"hairstyle_id":40,"hairstyle_name":"Tapper Fade"} 
[2025-10-26 11:07:00] local.DEBUG: Processing criterion column {"score_id":69,"criterion_id":10,"criterion_name":"Preferensi Gaya"} 
[2025-10-26 11:07:00] local.DEBUG: Processing score column {"score_id":69,"score_value":9.0} 
[2025-10-26 11:07:00] local.DEBUG: Processing hairstyle column {"score_id":68,"hairstyle_id":40,"hairstyle_name":"Tapper Fade"} 
[2025-10-26 11:07:00] local.DEBUG: Processing criterion column {"score_id":68,"criterion_id":9,"criterion_name":"Tipe Rambut"} 
[2025-10-26 11:07:00] local.DEBUG: Processing score column {"score_id":68,"score_value":9.0} 
[2025-10-26 11:07:00] local.DEBUG: Processing hairstyle column {"score_id":67,"hairstyle_id":40,"hairstyle_name":"Tapper Fade"} 
[2025-10-26 11:07:00] local.DEBUG: Processing criterion column {"score_id":67,"criterion_id":8,"criterion_name":"Bentuk Kepala"} 
[2025-10-26 11:07:00] local.DEBUG: Processing score column {"score_id":67,"score_value":8.5} 
[2025-10-26 11:07:00] local.DEBUG: Processing hairstyle column {"score_id":66,"hairstyle_id":39,"hairstyle_name":"Buzzcut"} 
[2025-10-26 11:07:00] local.DEBUG: Processing criterion column {"score_id":66,"criterion_id":10,"criterion_name":"Preferensi Gaya"} 
[2025-10-26 11:07:00] local.DEBUG: Processing score column {"score_id":66,"score_value":8.0} 
[2025-10-26 11:07:00] local.DEBUG: Processing hairstyle column {"score_id":65,"hairstyle_id":39,"hairstyle_name":"Buzzcut"} 
[2025-10-26 11:07:00] local.DEBUG: Processing criterion column {"score_id":65,"criterion_id":9,"criterion_name":"Tipe Rambut"} 
[2025-10-26 11:07:00] local.DEBUG: Processing score column {"score_id":65,"score_value":9.0} 
[2025-10-26 11:07:00] local.DEBUG: Processing hairstyle column {"score_id":64,"hairstyle_id":39,"hairstyle_name":"Buzzcut"} 
[2025-10-26 11:07:00] local.DEBUG: Processing criterion column {"score_id":64,"criterion_id":8,"criterion_name":"Bentuk Kepala"} 
[2025-10-26 11:07:00] local.DEBUG: Processing score column {"score_id":64,"score_value":7.5} 
[2025-10-26 11:07:00] local.DEBUG: Processing hairstyle column {"score_id":63,"hairstyle_id":38,"hairstyle_name":"Quiff"} 
[2025-10-26 11:07:00] local.DEBUG: Processing criterion column {"score_id":63,"criterion_id":10,"criterion_name":"Preferensi Gaya"} 
[2025-10-26 11:07:00] local.DEBUG: Processing score column {"score_id":63,"score_value":9.0} 
[2025-10-26 11:07:00] local.DEBUG: Processing hairstyle column {"score_id":62,"hairstyle_id":38,"hairstyle_name":"Quiff"} 
[2025-10-26 11:07:00] local.DEBUG: Processing criterion column {"score_id":62,"criterion_id":9,"criterion_name":"Tipe Rambut"} 
[2025-10-26 11:07:00] local.DEBUG: Processing score column {"score_id":62,"score_value":8.5} 
[2025-10-26 11:07:00] local.DEBUG: Processing hairstyle column {"score_id":61,"hairstyle_id":38,"hairstyle_name":"Quiff"} 
[2025-10-26 11:07:00] local.DEBUG: Processing criterion column {"score_id":61,"criterion_id":8,"criterion_name":"Bentuk Kepala"} 
[2025-10-26 11:07:00] local.DEBUG: Processing score column {"score_id":61,"score_value":8.0} 
[2025-10-26 11:07:00] local.DEBUG: Processing hairstyle column {"score_id":60,"hairstyle_id":37,"hairstyle_name":"Pompadour"} 
[2025-10-26 11:07:00] local.DEBUG: Processing criterion column {"score_id":60,"criterion_id":10,"criterion_name":"Preferensi Gaya"} 
[2025-10-26 11:07:00] local.DEBUG: Processing score column {"score_id":60,"score_value":9.0} 
[2025-10-26 11:07:00] local.DEBUG: Processing hairstyle column {"score_id":59,"hairstyle_id":37,"hairstyle_name":"Pompadour"} 
[2025-10-26 11:07:00] local.DEBUG: Processing criterion column {"score_id":59,"criterion_id":9,"criterion_name":"Tipe Rambut"} 
[2025-10-26 11:07:00] local.DEBUG: Processing score column {"score_id":59,"score_value":8.5} 
[2025-10-26 11:07:00] local.DEBUG: Processing hairstyle column {"score_id":58,"hairstyle_id":37,"hairstyle_name":"Pompadour"} 
[2025-10-26 11:07:00] local.DEBUG: Processing criterion column {"score_id":58,"criterion_id":8,"criterion_name":"Bentuk Kepala"} 
[2025-10-26 11:07:00] local.DEBUG: Processing score column {"score_id":58,"score_value":8.699999999999999289457264239899814128875732421875} 
[2025-10-26 11:07:00] local.DEBUG: Processing hairstyle column {"score_id":54,"hairstyle_id":34,"hairstyle_name":"French Crop"} 
[2025-10-26 11:07:00] local.DEBUG: Processing criterion column {"score_id":54,"criterion_id":10,"criterion_name":"Preferensi Gaya"} 
[2025-10-26 11:07:00] local.DEBUG: Processing score column {"score_id":54,"score_value":8.699999999999999289457264239899814128875732421875} 
[2025-10-26 11:07:00] local.DEBUG: Processing hairstyle column {"score_id":53,"hairstyle_id":34,"hairstyle_name":"French Crop"} 
[2025-10-26 11:07:00] local.DEBUG: Processing criterion column {"score_id":53,"criterion_id":9,"criterion_name":"Tipe Rambut"} 
[2025-10-26 11:07:00] local.DEBUG: Processing score column {"score_id":53,"score_value":8.199999999999999289457264239899814128875732421875} 
[2025-10-26 11:07:00] local.DEBUG: Processing hairstyle column {"score_id":52,"hairstyle_id":34,"hairstyle_name":"French Crop"} 
[2025-10-26 11:07:00] local.DEBUG: Processing criterion column {"score_id":52,"criterion_id":8,"criterion_name":"Bentuk Kepala"} 
[2025-10-26 11:07:00] local.DEBUG: Processing score column {"score_id":52,"score_value":8.0} 
[2025-10-26 11:07:00] local.DEBUG: Processing hairstyle column {"score_id":57,"hairstyle_id":36,"hairstyle_name":"Side Part"} 
[2025-10-26 11:07:00] local.DEBUG: Processing criterion column {"score_id":57,"criterion_id":10,"criterion_name":"Preferensi Gaya"} 
[2025-10-26 11:07:00] local.DEBUG: Processing score column {"score_id":57,"score_value":8.699999999999999289457264239899814128875732421875} 
[2025-10-26 11:07:00] local.DEBUG: Processing hairstyle column {"score_id":56,"hairstyle_id":36,"hairstyle_name":"Side Part"} 
[2025-10-26 11:07:00] local.DEBUG: Processing criterion column {"score_id":56,"criterion_id":9,"criterion_name":"Tipe Rambut"} 
[2025-10-26 11:07:00] local.DEBUG: Processing score column {"score_id":56,"score_value":8.199999999999999289457264239899814128875732421875} 
[2025-10-26 11:07:00] local.DEBUG: Processing hairstyle column {"score_id":55,"hairstyle_id":36,"hairstyle_name":"Side Part"} 
[2025-10-26 11:07:00] local.DEBUG: Processing criterion column {"score_id":55,"criterion_id":8,"criterion_name":"Bentuk Kepala"} 
[2025-10-26 11:07:00] local.DEBUG: Processing score column {"score_id":55,"score_value":8.300000000000000710542735760100185871124267578125} 
