[2025-09-21 12:45:50] local.INFO: User login attempt {"email":"mywebole@mailinator.com","ip":"127.0.0.1","user_agent":"Mozilla/5.0 (Macintosh; Intel Mac OS X 10_15_7) AppleWebKit/537.36 (KHTML, like Gecko) Chrome/140.0.0.0 Safari/537.36"} 
[2025-09-21 12:45:51] local.ERROR:s {"error":"These credentials do not match our records.","email":"mywebole@mailinator.com","ip":"127.0.0.1","trace":"#0 /Users/appkey/Desktop/agungappkey/tugas-akhir/app/Http/Requests/Auth/LoginRequest.php(48): Illuminate\\Validation\\ValidationException::withMessages(Array)
#1 /Users/appkey/Desktop/agungappkey/tugas-akhir/app/Http/Controllers/Auth/AuthenticatedSessionController.php(36): App\\Http\\Requests\\Auth\\LoginRequest->authenticate()
#2 /Users/appkey/Desktop/agungappkey/tugas-akhir/vendor/laravel/framework/src/Illuminate/Routing/Controller.php(54): App\\Http\\Controllers\\Auth\\AuthenticatedSessionController->store(Object(App\\Http\\Requests\\Auth\\LoginRequest))
#3 /Users/appkey/Desktop/agungappkey/tugas-akhir/vendor/laravel/framework/src/Illuminate/Routing/ControllerDispatcher.php(43): Illuminate\\Routing\\Controller->callAction('store', Array)
#4 /Users/appkey/Desktop/agungappkey/tugas-akhir/vendor/laravel/framework/src/Illuminate/Routing/Route.php(259): Illuminate\\Routing\\ControllerDispatcher->dispatch(Object(Illuminate\\Routing\\Route), Object(App\\Http\\Controllers\\Auth\\AuthenticatedSessionController), 'store')
#5 /Users/appkey/Desktop/agungappkey/tugas-akhir/vendor/laravel/framework/src/Illuminate/Routing/Route.php(205): Illuminate\\Routing\\Route->runController()
#6 /Users/appkey/Desktop/agungappkey/tugas-akhir/vendor/laravel/framework/src/Illuminate/Routing/Router.php(806): Illuminate\\Routing\\Route->run()
#7 /Users/appkey/Desktop/agungappkey/tugas-akhir/vendor/laravel/framework/src/Illuminate/Pipeline/Pipeline.php(144): Illuminate\\Routing\\Router->Illuminate\\Routing\\{closure}(Object(Illuminate\\Http\\Request))
#8 /Users/appkey/Desktop/agungappkey/tugas-akhir/app/Http/Middleware/RedirectIfAuthenticated.php(30): Illuminate\\Pipeline\\Pipeline->Illuminate\\Pipeline\\{closure}(Object(Illuminate\\Http\\Request))
#9 /Users/appkey/Desktop/agungappkey/tugas-akhir/vendor/laravel/framework/src/Illuminate/Pipeline/Pipeline.php(183): App\\Http\\Middleware\\RedirectIfAuthenticated->handle(Object(Illuminate\\Http\\Request), Object(Closure))
#10 /Users/appkey/Desktop/agungappkey/tugas-akhir/vendor/laravel/framework/src/Illuminate/Routing/Middleware/SubstituteBindings.php(50): Illuminate\\Pipeline\\Pipeline->Illuminate\\Pipeline\\{closure}(Object(Illuminate\\Http\\Request))
#11 /Users/appkey/Desktop/agungappkey/tugas-akhir/vendor/laravel/framework/src/Illuminate/Pipeline/Pipeline.php(183): Illuminate\\Routing\\Middleware\\SubstituteBindings->handle(Object(Illuminate\\Http\\Request), Object(Closure))
#12 /Users/appkey/Desktop/agungappkey/tugas-akhir/vendor/laravel/framework/src/Illuminate/Foundation/Http/Middleware/VerifyCsrfToken.php(78): Illuminate\\Pipeline\\Pipeline->Illuminate\\Pipeline\\{closure}(Object(Illuminate\\Http\\Request))
#13 /Users/appkey/Desktop/agungappkey/tugas-akhir/vendor/laravel/framework/src/Illuminate/Pipeline/Pipeline.php(183): Illuminate\\Foundation\\Http\\Middleware\\VerifyCsrfToken->handle(Object(Illuminate\\Http\\Request), Object(Closure))
#14 /Users/appkey/Desktop/agungappkey/tugas-akhir/vendor/laravel/framework/src/Illuminate/View/Middleware/ShareErrorsFromSession.php(49): Illuminate\\Pipeline\\Pipeline->Illuminate\\Pipeline\\{closure}(Object(Illuminate\\Http\\Request))
#15 /Users/appkey/Desktop/agungappkey/tugas-akhir/vendor/laravel/framework/src/Illuminate/Pipeline/Pipeline.php(183): Illuminate\\View\\Middleware\\ShareErrorsFromSession->handle(Object(Illuminate\\Http\\Request), Object(Closure))
#16 /Users/appkey/Desktop/agungappkey/tugas-akhir/vendor/laravel/framework/src/Illuminate/Session/Middleware/StartSession.php(121): Illuminate\\Pipeline\\Pipeline->Illuminate\\Pipeline\\{closure}(Object(Illuminate\\Http\\Request))
#17 /Users/appkey/Desktop/agungappkey/tugas-akhir/vendor/laravel/framework/src/Illuminate/Session/Middleware/StartSession.php(64): Illuminate\\Session\\Middleware\\StartSession->handleStatefulRequest(Object(Illuminate\\Http\\Request), Object(Illuminate\\Session\\Store), Object(Closure))
#18 /Users/appkey/Desktop/agungappkey/tugas-akhir/vendor/laravel/framework/src/Illuminate/Pipeline/Pipeline.php(183): Illuminate\\Session\\Middleware\\StartSession->handle(Object(Illuminate\\Http\\Request), Object(Closure))
#19 /Users/appkey/Desktop/agungappkey/tugas-akhir/vendor/laravel/framework/src/Illuminate/Cookie/Middleware/AddQueuedCookiesToResponse.php(37): Illuminate\\Pipeline\\Pipeline->Illuminate\\Pipeline\\{closure}(Object(Illuminate\\Http\\Request))
#20 /Users/appkey/Desktop/agungappkey/tugas-akhir/vendor/laravel/framework/src/Illuminate/Pipeline/Pipeline.php(183): Illuminate\\Cookie\\Middleware\\AddQueuedCookiesToResponse->handle(Object(Illuminate\\Http\\Request), Object(Closure))
#21 /Users/appkey/Desktop/agungappkey/tugas-akhir/vendor/laravel/framework/src/Illuminate/Cookie/Middleware/EncryptCookies.php(67): Illuminate\\Pipeline\\Pipeline->Illuminate\\Pipeline\\{closure}(Object(Illuminate\\Http\\Request))
#22 /Users/appkey/Desktop/agungappkey/tugas-akhir/vendor/laravel/framework/src/Illuminate/Pipeline/Pipeline.php(183): Illuminate\\Cookie\\Middleware\\EncryptCookies->handle(Object(Illuminate\\Http\\Request), Object(Closure))
#23 /Users/appkey/Desktop/agungappkey/tugas-akhir/vendor/laravel/framework/src/Illuminate/Pipeline/Pipeline.php(119): Illuminate\\Pipeline\\Pipeline->Illuminate\\Pipeline\\{closure}(Object(Illuminate\\Http\\Request))
#24 /Users/appkey/Desktop/agungappkey/tugas-akhir/vendor/laravel/framework/src/Illuminate/Routing/Router.php(805): Illuminate\\Pipeline\\Pipeline->then(Object(Closure))
#25 /Users/appkey/Desktop/agungappkey/tugas-akhir/vendor/laravel/framework/src/Illuminate/Routing/Router.php(784): Illuminate\\Routing\\Router->runRouteWithinStack(Object(Illuminate\\Routing\\Route), Object(Illuminate\\Http\\Request))
#26 /Users/appkey/Desktop/agungappkey/tugas-akhir/vendor/laravel/framework/src/Illuminate/Routing/Router.php(748): Illuminate\\Routing\\Router->runRoute(Object(Illuminate\\Http\\Request), Object(Illuminate\\Routing\\Route))
#27 /Users/appkey/Desktop/agungappkey/tugas-akhir/vendor/laravel/framework/src/Illuminate/Routing/Router.php(737): Illuminate\\Routing\\Router->dispatchToRoute(Object(Illuminate\\Http\\Request))
#28 /Users/appkey/Desktop/agungappkey/tugas-akhir/vendor/laravel/framework/src/Illuminate/Foundation/Http/Kernel.php(200): Illuminate\\Routing\\Router->dispatch(Object(Illuminate\\Http\\Request))
#29 /Users/appkey/Desktop/agungappkey/tugas-akhir/vendor/laravel/framework/src/Illuminate/Pipeline/Pipeline.php(144): Illuminate\\Foundation\\Http\\Kernel->Illuminate\\Foundation\\Http\\{closure}(Object(Illuminate\\Http\\Request))
#30 /Users/appkey/Desktop/agungappkey/tugas-akhir/vendor/laravel/framework/src/Illuminate/Foundation/Http/Middleware/TransformsRequest.php(21): Illuminate\\Pipeline\\Pipeline->Illuminate\\Pipeline\\{closure}(Object(Illuminate\\Http\\Request))
#31 /Users/appkey/Desktop/agungappkey/tugas-akhir/vendor/laravel/framework/src/Illuminate/Foundation/Http/Middleware/ConvertEmptyStringsToNull.php(31): Illuminate\\Foundation\\Http\\Middleware\\TransformsRequest->handle(Object(Illuminate\\Http\\Request), Object(Closure))
#32 /Users/appkey/Desktop/agungappkey/tugas-akhir/vendor/laravel/framework/src/Illuminate/Pipeline/Pipeline.php(183): Illuminate\\Foundation\\Http\\Middleware\\ConvertEmptyStringsToNull->handle(Object(Illuminate\\Http\\Request), Object(Closure))
#33 /Users/appkey/Desktop/agungappkey/tugas-akhir/vendor/laravel/framework/src/Illuminate/Foundation/Http/Middleware/TransformsRequest.php(21): Illuminate\\Pipeline\\Pipeline->Illuminate\\Pipeline\\{closure}(Object(Illuminate\\Http\\Request))
#34 /Users/appkey/Desktop/agungappkey/tugas-akhir/vendor/laravel/framework/src/Illuminate/Foundation/Http/Middleware/TrimStrings.php(40): Illuminate\\Foundation\\Http\\Middleware\\TransformsRequest->handle(Object(Illuminate\\Http\\Request), Object(Closure))
#35 /Users/appkey/Desktop/agungappkey/tugas-akhir/vendor/laravel/framework/src/Illuminate/Pipeline/Pipeline.php(183): Illuminate\\Foundation\\Http\\Middleware\\TrimStrings->handle(Object(Illuminate\\Http\\Request), Object(Closure))
#36 /Users/appkey/Desktop/agungappkey/tugas-akhir/vendor/laravel/framework/src/Illuminate/Foundation/Http/Middleware/ValidatePostSize.php(27): Illuminate\\Pipeline\\Pipeline->Illuminate\\Pipeline\\{closure}(Object(Illuminate\\Http\\Request))
#37 /Users/appkey/Desktop/agungappkey/tugas-akhir/vendor/laravel/framework/src/Illuminate/Pipeline/Pipeline.php(183): Illuminate\\Foundation\\Http\\Middleware\\ValidatePostSize->handle(Object(Illuminate\\Http\\Request), Object(Closure))
#38 /Users/appkey/Desktop/agungappkey/tugas-akhir/vendor/laravel/framework/src/Illuminate/Foundation/Http/Middleware/PreventRequestsDuringMaintenance.php(99): Illuminate\\Pipeline\\Pipeline->Illuminate\\Pipeline\\{closure}(Object(Illuminate\\Http\\Request))
#39 /Users/appkey/Desktop/agungappkey/tugas-akhir/vendor/laravel/framework/src/Illuminate/Pipeline/Pipeline.php(183): Illuminate\\Foundation\\Http\\Middleware\\PreventRequestsDuringMaintenance->handle(Object(Illuminate\\Http\\Request), Object(Closure))
#40 /Users/appkey/Desktop/agungappkey/tugas-akhir/vendor/laravel/framework/src/Illuminate/Http/Middleware/HandleCors.php(49): Illuminate\\Pipeline\\Pipeline->Illuminate\\Pipeline\\{closure}(Object(Illuminate\\Http\\Request))
#41 /Users/appkey/Desktop/agungappkey/tugas-akhir/vendor/laravel/framework/src/Illuminate/Pipeline/Pipeline.php(183): Illuminate\\Http\\Middleware\\HandleCors->handle(Object(Illuminate\\Http\\Request), Object(Closure))
#42 /Users/appkey/Desktop/agungappkey/tugas-akhir/vendor/laravel/framework/src/Illuminate/Http/Middleware/TrustProxies.php(39): Illuminate\\Pipeline\\Pipeline->Illuminate\\Pipeline\\{closure}(Object(Illuminate\\Http\\Request))
#43 /Users/appkey/Desktop/agungappkey/tugas-akhir/vendor/laravel/framework/src/Illuminate/Pipeline/Pipeline.php(183): Illuminate\\Http\\Middleware\\TrustProxies->handle(Object(Illuminate\\Http\\Request), Object(Closure))
#44 /Users/appkey/Desktop/agungappkey/tugas-akhir/vendor/laravel/framework/src/Illuminate/Pipeline/Pipeline.php(119): Illuminate\\Pipeline\\Pipeline->Illuminate\\Pipeline\\{closure}(Object(Illuminate\\Http\\Request))
#45 /Users/appkey/Desktop/agungappkey/tugas-akhir/vendor/laravel/framework/src/Illuminate/Foundation/Http/Kernel.php(175): Illuminate\\Pipeline\\Pipeline->then(Object(Closure))
#46 /Users/appkey/Desktop/agungappkey/tugas-akhir/vendor/laravel/framework/src/Illuminate/Foundation/Http/Kernel.php(144): Illuminate\\Foundation\\Http\\Kernel->sendRequestThroughRouter(Object(Illuminate\\Http\\Request))
#47 /Users/appkey/Desktop/agungappkey/tugas-akhir/public/index.php(51): Illuminate\\Foundation\\Http\\Kernel->handle(Object(Illuminate\\Http\\Request))
#48 /Users/appkey/Desktop/agungappkey/tugas-akhir/vendor/laravel/framework/src/Illuminate/Foundation/resources/server.php(16): require_once('/Users/appkey/D...')
#49 {main}"} 
[2025-09-21 12:47:55] local.INFO: User registration attempt {"email":"lisa@example.com","name":"Lael Kemp","ip":"127.0.0.1","user_agent":"Mozilla/5.0 (Macintosh; Intel Mac OS X 10_15_7) AppleWebKit/537.36 (KHTML, like Gecko) Chrome/140.0.0.0 Safari/537.36"} 
[2025-09-21 12:47:55] local.WARNING: User registration validation failed {"email":"lisa@example.com","errors":{"email":["The email has already been taken."],"no_telepon":["The no telepon field must not be greater than 15 characters."]},"ip":"127.0.0.1"} 
[2025-09-21 12:49:00] local.INFO: User login attempt {"email":"daququ@mailinator.com","ip":"127.0.0.1","user_agent":"Mozilla/5.0 (Macintosh; Intel Mac OS X 10_15_7) AppleWebKit/537.36 (KHTML, like Gecko) Chrome/140.0.0.0 Safari/537.36"} 
[2025-09-21 12:49:00] local.ERROR: Login error occurred {"error":"These credentials do not match our records.","email":"daququ@mailinator.com","ip":"127.0.0.1","trace":"#0 /Users/appkey/Desktop/agungappkey/tugas-akhir/app/Http/Requests/Auth/LoginRequest.php(48): Illuminate\\Validation\\ValidationException::withMessages(Array)
#1 /Users/appkey/Desktop/agungappkey/tugas-akhir/app/Http/Controllers/Auth/AuthenticatedSessionController.php(36): App\\Http\\Requests\\Auth\\LoginRequest->authenticate()
#2 /Users/appkey/Desktop/agungappkey/tugas-akhir/vendor/laravel/framework/src/Illuminate/Routing/Controller.php(54): App\\Http\\Controllers\\Auth\\AuthenticatedSessionController->store(Object(App\\Http\\Requests\\Auth\\LoginRequest))
#3 /Users/appkey/Desktop/agungappkey/tugas-akhir/vendor/laravel/framework/src/Illuminate/Routing/ControllerDispatcher.php(43): Illuminate\\Routing\\Controller->callAction('store', Array)
#4 /Users/appkey/Desktop/agungappkey/tugas-akhir/vendor/laravel/framework/src/Illuminate/Routing/Route.php(259): Illuminate\\Routing\\ControllerDispatcher->dispatch(Object(Illuminate\\Routing\\Route), Object(App\\Http\\Controllers\\Auth\\AuthenticatedSessionController), 'store')
#5 /Users/appkey/Desktop/agungappkey/tugas-akhir/vendor/laravel/framework/src/Illuminate/Routing/Route.php(205): Illuminate\\Routing\\Route->runController()
#6 /Users/appkey/Desktop/agungappkey/tugas-akhir/vendor/laravel/framework/src/Illuminate/Routing/Router.php(806): Illuminate\\Routing\\Route->run()
#7 /Users/appkey/Desktop/agungappkey/tugas-akhir/vendor/laravel/framework/src/Illuminate/Pipeline/Pipeline.php(144): Illuminate\\Routing\\Router->Illuminate\\Routing\\{closure}(Object(Illuminate\\Http\\Request))
#8 /Users/appkey/Desktop/agungappkey/tugas-akhir/app/Http/Middleware/RedirectIfAuthenticated.php(30): Illuminate\\Pipeline\\Pipeline->Illuminate\\Pipeline\\{closure}(Object(Illuminate\\Http\\Request))
#9 /Users/appkey/Desktop/agungappkey/tugas-akhir/vendor/laravel/framework/src/Illuminate/Pipeline/Pipeline.php(183): App\\Http\\Middleware\\RedirectIfAuthenticated->handle(Object(Illuminate\\Http\\Request), Object(Closure))
#10 /Users/appkey/Desktop/agungappkey/tugas-akhir/vendor/laravel/framework/src/Illuminate/Routing/Middleware/SubstituteBindings.php(50): Illuminate\\Pipeline\\Pipeline->Illuminate\\Pipeline\\{closure}(Object(Illuminate\\Http\\Request))
#11 /Users/appkey/Desktop/agungappkey/tugas-akhir/vendor/laravel/framework/src/Illuminate/Pipeline/Pipeline.php(183): Illuminate\\Routing\\Middleware\\SubstituteBindings->handle(Object(Illuminate\\Http\\Request), Object(Closure))
#12 /Users/appkey/Desktop/agungappkey/tugas-akhir/vendor/laravel/framework/src/Illuminate/Foundation/Http/Middleware/VerifyCsrfToken.php(78): Illuminate\\Pipeline\\Pipeline->Illuminate\\Pipeline\\{closure}(Object(Illuminate\\Http\\Request))
#13 /Users/appkey/Desktop/agungappkey/tugas-akhir/vendor/laravel/framework/src/Illuminate/Pipeline/Pipeline.php(183): Illuminate\\Foundation\\Http\\Middleware\\VerifyCsrfToken->handle(Object(Illuminate\\Http\\Request), Object(Closure))
#14 /Users/appkey/Desktop/agungappkey/tugas-akhir/vendor/laravel/framework/src/Illuminate/View/Middleware/ShareErrorsFromSession.php(49): Illuminate\\Pipeline\\Pipeline->Illuminate\\Pipeline\\{closure}(Object(Illuminate\\Http\\Request))
#15 /Users/appkey/Desktop/agungappkey/tugas-akhir/vendor/laravel/framework/src/Illuminate/Pipeline/Pipeline.php(183): Illuminate\\View\\Middleware\\ShareErrorsFromSession->handle(Object(Illuminate\\Http\\Request), Object(Closure))
#16 /Users/appkey/Desktop/agungappkey/tugas-akhir/vendor/laravel/framework/src/Illuminate/Session/Middleware/StartSession.php(121): Illuminate\\Pipeline\\Pipeline->Illuminate\\Pipeline\\{closure}(Object(Illuminate\\Http\\Request))
#17 /Users/appkey/Desktop/agungappkey/tugas-akhir/vendor/laravel/framework/src/Illuminate/Session/Middleware/StartSession.php(64): Illuminate\\Session\\Middleware\\StartSession->handleStatefulRequest(Object(Illuminate\\Http\\Request), Object(Illuminate\\Session\\Store), Object(Closure))
#18 /Users/appkey/Desktop/agungappkey/tugas-akhir/vendor/laravel/framework/src/Illuminate/Pipeline/Pipeline.php(183): Illuminate\\Session\\Middleware\\StartSession->handle(Object(Illuminate\\Http\\Request), Object(Closure))
#19 /Users/appkey/Desktop/agungappkey/tugas-akhir/vendor/laravel/framework/src/Illuminate/Cookie/Middleware/AddQueuedCookiesToResponse.php(37): Illuminate\\Pipeline\\Pipeline->Illuminate\\Pipeline\\{closure}(Object(Illuminate\\Http\\Request))
#20 /Users/appkey/Desktop/agungappkey/tugas-akhir/vendor/laravel/framework/src/Illuminate/Pipeline/Pipeline.php(183): Illuminate\\Cookie\\Middleware\\AddQueuedCookiesToResponse->handle(Object(Illuminate\\Http\\Request), Object(Closure))
#21 /Users/appkey/Desktop/agungappkey/tugas-akhir/vendor/laravel/framework/src/Illuminate/Cookie/Middleware/EncryptCookies.php(67): Illuminate\\Pipeline\\Pipeline->Illuminate\\Pipeline\\{closure}(Object(Illuminate\\Http\\Request))
#22 /Users/appkey/Desktop/agungappkey/tugas-akhir/vendor/laravel/framework/src/Illuminate/Pipeline/Pipeline.php(183): Illuminate\\Cookie\\Middleware\\EncryptCookies->handle(Object(Illuminate\\Http\\Request), Object(Closure))
#23 /Users/appkey/Desktop/agungappkey/tugas-akhir/vendor/laravel/framework/src/Illuminate/Pipeline/Pipeline.php(119): Illuminate\\Pipeline\\Pipeline->Illuminate\\Pipeline\\{closure}(Object(Illuminate\\Http\\Request))
#24 /Users/appkey/Desktop/agungappkey/tugas-akhir/vendor/laravel/framework/src/Illuminate/Routing/Router.php(805): Illuminate\\Pipeline\\Pipeline->then(Object(Closure))
#25 /Users/appkey/Desktop/agungappkey/tugas-akhir/vendor/laravel/framework/src/Illuminate/Routing/Router.php(784): Illuminate\\Routing\\Router->runRouteWithinStack(Object(Illuminate\\Routing\\Route), Object(Illuminate\\Http\\Request))
#26 /Users/appkey/Desktop/agungappkey/tugas-akhir/vendor/laravel/framework/src/Illuminate/Routing/Router.php(748): Illuminate\\Routing\\Router->runRoute(Object(Illuminate\\Http\\Request), Object(Illuminate\\Routing\\Route))
#27 /Users/appkey/Desktop/agungappkey/tugas-akhir/vendor/laravel/framework/src/Illuminate/Routing/Router.php(737): Illuminate\\Routing\\Router->dispatchToRoute(Object(Illuminate\\Http\\Request))
#28 /Users/appkey/Desktop/agungappkey/tugas-akhir/vendor/laravel/framework/src/Illuminate/Foundation/Http/Kernel.php(200): Illuminate\\Routing\\Router->dispatch(Object(Illuminate\\Http\\Request))
#29 /Users/appkey/Desktop/agungappkey/tugas-akhir/vendor/laravel/framework/src/Illuminate/Pipeline/Pipeline.php(144): Illuminate\\Foundation\\Http\\Kernel->Illuminate\\Foundation\\Http\\{closure}(Object(Illuminate\\Http\\Request))
#30 /Users/appkey/Desktop/agungappkey/tugas-akhir/vendor/laravel/framework/src/Illuminate/Foundation/Http/Middleware/TransformsRequest.php(21): Illuminate\\Pipeline\\Pipeline->Illuminate\\Pipeline\\{closure}(Object(Illuminate\\Http\\Request))
#31 /Users/appkey/Desktop/agungappkey/tugas-akhir/vendor/laravel/framework/src/Illuminate/Foundation/Http/Middleware/ConvertEmptyStringsToNull.php(31): Illuminate\\Foundation\\Http\\Middleware\\TransformsRequest->handle(Object(Illuminate\\Http\\Request), Object(Closure))
#32 /Users/appkey/Desktop/agungappkey/tugas-akhir/vendor/laravel/framework/src/Illuminate/Pipeline/Pipeline.php(183): Illuminate\\Foundation\\Http\\Middleware\\ConvertEmptyStringsToNull->handle(Object(Illuminate\\Http\\Request), Object(Closure))
#33 /Users/appkey/Desktop/agungappkey/tugas-akhir/vendor/laravel/framework/src/Illuminate/Foundation/Http/Middleware/TransformsRequest.php(21): Illuminate\\Pipeline\\Pipeline->Illuminate\\Pipeline\\{closure}(Object(Illuminate\\Http\\Request))
#34 /Users/appkey/Desktop/agungappkey/tugas-akhir/vendor/laravel/framework/src/Illuminate/Foundation/Http/Middleware/TrimStrings.php(40): Illuminate\\Foundation\\Http\\Middleware\\TransformsRequest->handle(Object(Illuminate\\Http\\Request), Object(Closure))
#35 /Users/appkey/Desktop/agungappkey/tugas-akhir/vendor/laravel/framework/src/Illuminate/Pipeline/Pipeline.php(183): Illuminate\\Foundation\\Http\\Middleware\\TrimStrings->handle(Object(Illuminate\\Http\\Request), Object(Closure))
#36 /Users/appkey/Desktop/agungappkey/tugas-akhir/vendor/laravel/framework/src/Illuminate/Foundation/Http/Middleware/ValidatePostSize.php(27): Illuminate\\Pipeline\\Pipeline->Illuminate\\Pipeline\\{closure}(Object(Illuminate\\Http\\Request))
#37 /Users/appkey/Desktop/agungappkey/tugas-akhir/vendor/laravel/framework/src/Illuminate/Pipeline/Pipeline.php(183): Illuminate\\Foundation\\Http\\Middleware\\ValidatePostSize->handle(Object(Illuminate\\Http\\Request), Object(Closure))
#38 /Users/appkey/Desktop/agungappkey/tugas-akhir/vendor/laravel/framework/src/Illuminate/Foundation/Http/Middleware/PreventRequestsDuringMaintenance.php(99): Illuminate\\Pipeline\\Pipeline->Illuminate\\Pipeline\\{closure}(Object(Illuminate\\Http\\Request))
#39 /Users/appkey/Desktop/agungappkey/tugas-akhir/vendor/laravel/framework/src/Illuminate/Pipeline/Pipeline.php(183): Illuminate\\Foundation\\Http\\Middleware\\PreventRequestsDuringMaintenance->handle(Object(Illuminate\\Http\\Request), Object(Closure))
#40 /Users/appkey/Desktop/agungappkey/tugas-akhir/vendor/laravel/framework/src/Illuminate/Http/Middleware/HandleCors.php(49): Illuminate\\Pipeline\\Pipeline->Illuminate\\Pipeline\\{closure}(Object(Illuminate\\Http\\Request))
#41 /Users/appkey/Desktop/agungappkey/tugas-akhir/vendor/laravel/framework/src/Illuminate/Pipeline/Pipeline.php(183): Illuminate\\Http\\Middleware\\HandleCors->handle(Object(Illuminate\\Http\\Request), Object(Closure))
#42 /Users/appkey/Desktop/agungappkey/tugas-akhir/vendor/laravel/framework/src/Illuminate/Http/Middleware/TrustProxies.php(39): Illuminate\\Pipeline\\Pipeline->Illuminate\\Pipeline\\{closure}(Object(Illuminate\\Http\\Request))
#43 /Users/appkey/Desktop/agungappkey/tugas-akhir/vendor/laravel/framework/src/Illuminate/Pipeline/Pipeline.php(183): Illuminate\\Http\\Middleware\\TrustProxies->handle(Object(Illuminate\\Http\\Request), Object(Closure))
#44 /Users/appkey/Desktop/agungappkey/tugas-akhir/vendor/laravel/framework/src/Illuminate/Pipeline/Pipeline.php(119): Illuminate\\Pipeline\\Pipeline->Illuminate\\Pipeline\\{closure}(Object(Illuminate\\Http\\Request))
#45 /Users/appkey/Desktop/agungappkey/tugas-akhir/vendor/laravel/framework/src/Illuminate/Foundation/Http/Kernel.php(175): Illuminate\\Pipeline\\Pipeline->then(Object(Closure))
#46 /Users/appkey/Desktop/agungappkey/tugas-akhir/vendor/laravel/framework/src/Illuminate/Foundation/Http/Kernel.php(144): Illuminate\\Foundation\\Http\\Kernel->sendRequestThroughRouter(Object(Illuminate\\Http\\Request))
#47 /Users/appkey/Desktop/agungappkey/tugas-akhir/public/index.php(51): Illuminate\\Foundation\\Http\\Kernel->handle(Object(Illuminate\\Http\\Request))
#48 /Users/appkey/Desktop/agungappkey/tugas-akhir/vendor/laravel/framework/src/Illuminate/Foundation/resources/server.php(16): require_once('/Users/appkey/D...')
#49 {main}"} 
[2025-09-21 13:07:32] local.INFO: User registration attempt {"email":"jokyjabig@mailinator.com","name":"Unity Gibson","ip":"127.0.0.1","user_agent":"Mozilla/5.0 (Macintosh; Intel Mac OS X 10_15_7) AppleWebKit/537.36 (KHTML, like Gecko) Chrome/140.0.0.0 Safari/537.36"} 
[2025-09-21 13:07:32] local.WARNING: User registration validation failed {"email":"jokyjabig@mailinator.com","errors":{"no_telepon":["The no telepon field is required."]},"ip":"127.0.0.1"} 
[2025-09-21 13:25:12] local.INFO: User login attempt {"email":"lisa@example.com","ip":"127.0.0.1","user_agent":"Mozilla/5.0 (Macintosh; Intel Mac OS X 10_15_7) AppleWebKit/537.36 (KHTML, like Gecko) Chrome/140.0.0.0 Safari/537.36"} 
[2025-09-21 13:25:12] local.INFO: User last login updated {"user_id":55,"email":"lisa@example.com","previous_login":"2025-09-21 12:29:23","current_login":"2025-09-21 13:25:12"} 
[2025-09-21 13:25:12] local.INFO: User login successful {"user_id":55,"email":"lisa@example.com","last_login_at":"2025-09-21 13:25:12","ip":"127.0.0.1"} 
[2025-09-21 13:26:07] local.INFO: Input filter rekomendasi: {"bentuk_kepala":null,"tipe_rambut":null,"preferensi_gaya":null} 
[2025-09-21 13:26:07] local.INFO: AHP Consistency Check: {"lambda_max":3.000559174041537602306561893783509731292724609375,"CI":0.0002795870207688011532809468917548656463623046875,"CR":0.000537667347632309901815650388101630596793256700038909912109375,"is_consistent":true} 
[2025-09-21 13:26:07] local.INFO: Hairstyle ID 13 (Crew Cut) => Total Score: 0.8633 [{"criteria_id":8,"weight":0.64842047930283219780989156788564287126064300537109375,"score":0.90000000000000002220446049250313080847263336181640625,"contribution":0.58360000000000000763833440942107699811458587646484375},{"criteria_id":9,"weight":0.2293028322440087141131925818626768887042999267578125,"score":0.90000000000000002220446049250313080847263336181640625,"contribution":0.2064000000000000001332267629550187848508358001708984375},{"criteria_id":10,"weight":0.12227668845315904644355242680830997414886951446533203125,"score":0.59999999999999997779553950749686919152736663818359375,"contribution":0.07340000000000000690558721316847368143498897552490234375}] 
[2025-09-21 13:26:07] local.INFO: Hairstyle ID 14 (Fade Cut) => Total Score: 0.8176 [{"criteria_id":8,"weight":0.64842047930283219780989156788564287126064300537109375,"score":0.8000000000000000444089209850062616169452667236328125,"contribution":0.51870000000000004991562718714703805744647979736328125},{"criteria_id":9,"weight":0.2293028322440087141131925818626768887042999267578125,"score":0.84999999999999997779553950749686919152736663818359375,"contribution":0.1948999999999999899191749364035786129534244537353515625},{"criteria_id":10,"weight":0.12227668845315904644355242680830997414886951446533203125,"score":0.84999999999999997779553950749686919152736663818359375,"contribution":0.10390000000000000623945339839337975718080997467041015625}] 
[2025-09-21 13:26:07] local.INFO: Hairstyle ID 15 (French Crop) => Total Score: 0.8554 [{"criteria_id":8,"weight":0.64842047930283219780989156788564287126064300537109375,"score":0.84999999999999997779553950749686919152736663818359375,"contribution":0.55120000000000002327027459614328108727931976318359375},{"criteria_id":9,"weight":0.2293028322440087141131925818626768887042999267578125,"score":0.90000000000000002220446049250313080847263336181640625,"contribution":0.2064000000000000001332267629550187848508358001708984375},{"criteria_id":10,"weight":0.12227668845315904644355242680830997414886951446533203125,"score":0.8000000000000000444089209850062616169452667236328125,"contribution":0.09779999999999999804600747665972448885440826416015625}] 
[2025-09-21 13:26:07] local.INFO: Hairstyle ID 16 (Curtain Fringe) => Total Score: 0.8404 [{"criteria_id":8,"weight":0.64842047930283219780989156788564287126064300537109375,"score":0.90000000000000002220446049250313080847263336181640625,"contribution":0.58360000000000000763833440942107699811458587646484375},{"criteria_id":9,"weight":0.2293028322440087141131925818626768887042999267578125,"score":0.8000000000000000444089209850062616169452667236328125,"contribution":0.1834000000000000074606987254810519516468048095703125},{"criteria_id":10,"weight":0.12227668845315904644355242680830997414886951446533203125,"score":0.59999999999999997779553950749686919152736663818359375,"contribution":0.07340000000000000690558721316847368143498897552490234375}] 
[2025-09-21 13:26:07] local.INFO: Hairstyle ID 17 (High Top Fade) => Total Score: 0.8176 [{"criteria_id":8,"weight":0.64842047930283219780989156788564287126064300537109375,"score":0.8000000000000000444089209850062616169452667236328125,"contribution":0.51870000000000004991562718714703805744647979736328125},{"criteria_id":9,"weight":0.2293028322440087141131925818626768887042999267578125,"score":0.84999999999999997779553950749686919152736663818359375,"contribution":0.1948999999999999899191749364035786129534244537353515625},{"criteria_id":10,"weight":0.12227668845315904644355242680830997414886951446533203125,"score":0.84999999999999997779553950749686919152736663818359375,"contribution":0.10390000000000000623945339839337975718080997467041015625}] 
[2025-09-21 13:26:07] local.INFO: Hairstyle ID 18 (Comb Over) => Total Score: 0.8309 [{"criteria_id":8,"weight":0.64842047930283219780989156788564287126064300537109375,"score":0.84999999999999997779553950749686919152736663818359375,"contribution":0.55120000000000002327027459614328108727931976318359375},{"criteria_id":9,"weight":0.2293028322440087141131925818626768887042999267578125,"score":0.90000000000000002220446049250313080847263336181640625,"contribution":0.2064000000000000001332267629550187848508358001708984375},{"criteria_id":10,"weight":0.12227668845315904644355242680830997414886951446533203125,"score":0.59999999999999997779553950749686919152736663818359375,"contribution":0.07340000000000000690558721316847368143498897552490234375}] 
[2025-09-21 13:26:07] local.INFO: Hairstyle ID 19 (Dreadlocks) => Total Score: 0.8519 [{"criteria_id":8,"weight":0.64842047930283219780989156788564287126064300537109375,"score":0.90000000000000002220446049250313080847263336181640625,"contribution":0.58360000000000000763833440942107699811458587646484375},{"criteria_id":9,"weight":0.2293028322440087141131925818626768887042999267578125,"score":0.84999999999999997779553950749686919152736663818359375,"contribution":0.1948999999999999899191749364035786129534244537353515625},{"criteria_id":10,"weight":0.12227668845315904644355242680830997414886951446533203125,"score":0.59999999999999997779553950749686919152736663818359375,"contribution":0.07340000000000000690558721316847368143498897552490234375}] 
[2025-09-21 13:26:07] local.INFO: Hairstyle ID 20 (Man Bun) => Total Score: 0.8633 [{"criteria_id":8,"weight":0.64842047930283219780989156788564287126064300537109375,"score":0.90000000000000002220446049250313080847263336181640625,"contribution":0.58360000000000000763833440942107699811458587646484375},{"criteria_id":9,"weight":0.2293028322440087141131925818626768887042999267578125,"score":0.90000000000000002220446049250313080847263336181640625,"contribution":0.2064000000000000001332267629550187848508358001708984375},{"criteria_id":10,"weight":0.12227668845315904644355242680830997414886951446533203125,"score":0.59999999999999997779553950749686919152736663818359375,"contribution":0.07340000000000000690558721316847368143498897552490234375}] 
[2025-09-21 13:26:07] local.INFO: Hairstyle ID 21 (Two Block Cut) => Total Score: 0.7661 [{"criteria_id":8,"weight":0.64842047930283219780989156788564287126064300537109375,"score":0.75,"contribution":0.486300000000000010036416142611415125429630279541015625},{"criteria_id":9,"weight":0.2293028322440087141131925818626768887042999267578125,"score":0.90000000000000002220446049250313080847263336181640625,"contribution":0.2064000000000000001332267629550187848508358001708984375},{"criteria_id":10,"weight":0.12227668845315904644355242680830997414886951446533203125,"score":0.59999999999999997779553950749686919152736663818359375,"contribution":0.07340000000000000690558721316847368143498897552490234375}] 
[2025-09-21 13:26:07] local.INFO: Hairstyle ID 22 (Afro) => Total Score: 0.787 [{"criteria_id":8,"weight":0.64842047930283219780989156788564287126064300537109375,"score":0.8000000000000000444089209850062616169452667236328125,"contribution":0.51870000000000004991562718714703805744647979736328125},{"criteria_id":9,"weight":0.2293028322440087141131925818626768887042999267578125,"score":0.84999999999999997779553950749686919152736663818359375,"contribution":0.1948999999999999899191749364035786129534244537353515625},{"criteria_id":10,"weight":0.12227668845315904644355242680830997414886951446533203125,"score":0.59999999999999997779553950749686919152736663818359375,"contribution":0.07340000000000000690558721316847368143498897552490234375}] 
[2025-09-21 13:26:07] local.INFO: Hairstyle ID 23 (Bald Fade) => Total Score: 0.7642 [{"criteria_id":8,"weight":0.64842047930283219780989156788564287126064300537109375,"score":0.6999999999999999555910790149937383830547332763671875,"contribution":0.453900000000000025668356329333619214594364166259765625},{"criteria_id":9,"weight":0.2293028322440087141131925818626768887042999267578125,"score":0.90000000000000002220446049250313080847263336181640625,"contribution":0.2064000000000000001332267629550187848508358001708984375},{"criteria_id":10,"weight":0.12227668845315904644355242680830997414886951446533203125,"score":0.84999999999999997779553950749686919152736663818359375,"contribution":0.10390000000000000623945339839337975718080997467041015625}] 
[2025-09-21 13:26:07] local.INFO: Hairstyle ID 25 (Mohawk) => Total Score: 0.8309 [{"criteria_id":8,"weight":0.64842047930283219780989156788564287126064300537109375,"score":0.84999999999999997779553950749686919152736663818359375,"contribution":0.55120000000000002327027459614328108727931976318359375},{"criteria_id":9,"weight":0.2293028322440087141131925818626768887042999267578125,"score":0.90000000000000002220446049250313080847263336181640625,"contribution":0.2064000000000000001332267629550187848508358001708984375},{"criteria_id":10,"weight":0.12227668845315904644355242680830997414886951446533203125,"score":0.59999999999999997779553950749686919152736663818359375,"contribution":0.07340000000000000690558721316847368143498897552490234375}] 
[2025-09-21 13:26:07] local.INFO: Hairstyle ID 28 (Braided Cornrows) => Total Score: 0.787 [{"criteria_id":8,"weight":0.64842047930283219780989156788564287126064300537109375,"score":0.8000000000000000444089209850062616169452667236328125,"contribution":0.51870000000000004991562718714703805744647979736328125},{"criteria_id":9,"weight":0.2293028322440087141131925818626768887042999267578125,"score":0.84999999999999997779553950749686919152736663818359375,"contribution":0.1948999999999999899191749364035786129534244537353515625},{"criteria_id":10,"weight":0.12227668845315904644355242680830997414886951446533203125,"score":0.59999999999999997779553950749686919152736663818359375,"contribution":0.07340000000000000690558721316847368143498897552490234375}] 
[2025-09-21 13:26:07] local.INFO: Total hasil rekomendasi: 13  
