[2025-10-17 13:57:59] local.INFO: User login attempt {"email":"admin@woxbarbershop.com","ip":"127.0.0.1","user_agent":"Mozilla/5.0 (Windows NT 10.0; Win64; x64) AppleWebKit/537.36 (KHTML, like Gecko) Chrome/141.0.0.0 Safari/537.36"} 
[2025-10-17 13:57:59] local.INFO: User last login updated {"user_id":45,"email":"admin@woxbarbershop.com","previous_login":"2025-10-14 12:53:01","current_login":"2025-10-17 13:57:59"} 
[2025-10-17 13:57:59] local.INFO: User login successful {"user_id":45,"email":"admin@woxbarbershop.com","last_login_at":"2025-10-17 13:57:59","ip":"127.0.0.1"} 
[2025-10-17 13:58:35] local.INFO: DataTable AJAX request received {"user_id":45,"request_data":{"draw":"1","columns":[{"data":"DT_RowIndex","name":"DT_RowIndex","searchable":"true","orderable":"true","search":{"value":null,"regex":"false"}},{"data":"name","name":"name","searchable":"true","orderable":"true","search":{"value":null,"regex":"false"}},{"data":"no_telepon","name":"no_telepon","searchable":"true","orderable":"true","search":{"value":null,"regex":"false"}},{"data":"roles","name":"roles","searchable":"true","orderable":"true","search":{"value":null,"regex":"false"}},{"data":"status","name":"status","searchable":"true","orderable":"true","search":{"value":null,"regex":"false"}},{"data":"loyalty_points","name":"loyalty_points","searchable":"true","orderable":"true","search":{"value":null,"regex":"false"}},{"data":"created_at","name":"created_at","searchable":"true","orderable":"true","search":{"value":null,"regex":"false"}},{"data":"action","name":"action","searchable":"false","orderable":"false","search":{"value":null,"regex":"false"}}],"order":[{"column":"1","dir":"asc","name":"name"}],"start":"0","length":"10","search":{"value":null,"regex":"false"},"_":"1760709515529"}} 
[2025-10-17 13:58:44] local.INFO: Fetching hairstyles for DataTable  
[2025-10-17 13:58:44] local.INFO: Hairstyles fetched for DataTable {"total":13,"first_item":"Textured Crop"} 
[2025-10-17 13:58:44] local.DEBUG: Processing name column {"hairstyle_id":47,"name":"Textured Crop"} 
[2025-10-17 13:58:44] local.DEBUG: Processing bentuk_kepala {"hairstyle_id":47,"bentuk_kepala":"Hati"} 
[2025-10-17 13:58:44] local.DEBUG: Processing tipe_rambut {"hairstyle_id":47,"tipe_rambut":"Lurus, Bergelombang, Keriting"} 
[2025-10-17 13:58:44] local.DEBUG: Processing style_preference {"hairstyle_id":47,"style_preference":"Klasik, Modern, Kasual"} 
[2025-10-17 13:58:44] local.DEBUG: Processing name column {"hairstyle_id":46,"name":"Long Fringe"} 
[2025-10-17 13:58:44] local.DEBUG: Processing bentuk_kepala {"hairstyle_id":46,"bentuk_kepala":"Hati"} 
[2025-10-17 13:58:44] local.DEBUG: Processing tipe_rambut {"hairstyle_id":46,"tipe_rambut":"Lurus, Bergelombang, Keriting"} 
[2025-10-17 13:58:44] local.DEBUG: Processing style_preference {"hairstyle_id":46,"style_preference":"Klasik, Modern, Kasual"} 
[2025-10-17 13:58:44] local.DEBUG: Processing name column {"hairstyle_id":45,"name":"Side Swept Fringe"} 
[2025-10-17 13:58:44] local.DEBUG: Processing bentuk_kepala {"hairstyle_id":45,"bentuk_kepala":"Segitiga"} 
[2025-10-17 13:58:44] local.DEBUG: Processing tipe_rambut {"hairstyle_id":45,"tipe_rambut":"Lurus, Bergelombang, Keriting"} 
[2025-10-17 13:58:44] local.DEBUG: Processing style_preference {"hairstyle_id":45,"style_preference":"Klasik, Modern, Kasual"} 
[2025-10-17 13:58:44] local.DEBUG: Processing name column {"hairstyle_id":44,"name":"Caesar Cut"} 
[2025-10-17 13:58:44] local.DEBUG: Processing bentuk_kepala {"hairstyle_id":44,"bentuk_kepala":"Persegi Panjang"} 
[2025-10-17 13:58:44] local.DEBUG: Processing tipe_rambut {"hairstyle_id":44,"tipe_rambut":"Lurus, Bergelombang, Keriting"} 
[2025-10-17 13:58:44] local.DEBUG: Processing style_preference {"hairstyle_id":44,"style_preference":"Klasik, Modern, Kasual"} 
[2025-10-17 13:58:44] local.DEBUG: Processing name column {"hairstyle_id":43,"name":"Fringe"} 
[2025-10-17 13:58:44] local.DEBUG: Processing bentuk_kepala {"hairstyle_id":43,"bentuk_kepala":"Persegi Panjang"} 
[2025-10-17 13:58:44] local.DEBUG: Processing tipe_rambut {"hairstyle_id":43,"tipe_rambut":"Lurus, Bergelombang, Keriting"} 
[2025-10-17 13:58:44] local.DEBUG: Processing style_preference {"hairstyle_id":43,"style_preference":"Klasik, Modern, Kasual"} 
[2025-10-17 13:58:44] local.DEBUG: Processing name column {"hairstyle_id":42,"name":"Undercut"} 
[2025-10-17 13:58:44] local.DEBUG: Processing bentuk_kepala {"hairstyle_id":42,"bentuk_kepala":"Kotak, Segitiga"} 
[2025-10-17 13:58:44] local.DEBUG: Processing tipe_rambut {"hairstyle_id":42,"tipe_rambut":"Lurus, Bergelombang, Keriting"} 
[2025-10-17 13:58:44] local.DEBUG: Processing style_preference {"hairstyle_id":42,"style_preference":"Klasik, Modern, Kasual"} 
[2025-10-17 13:58:44] local.DEBUG: Processing name column {"hairstyle_id":41,"name":"Crew Cut"} 
[2025-10-17 13:58:44] local.DEBUG: Processing bentuk_kepala {"hairstyle_id":41,"bentuk_kepala":"Kotak"} 
[2025-10-17 13:58:44] local.DEBUG: Processing tipe_rambut {"hairstyle_id":41,"tipe_rambut":"Lurus, Bergelombang, Keriting"} 
[2025-10-17 13:58:44] local.DEBUG: Processing style_preference {"hairstyle_id":41,"style_preference":"Klasik, Modern, Kasual"} 
[2025-10-17 13:58:44] local.DEBUG: Processing name column {"hairstyle_id":40,"name":"Tapper Fade"} 
[2025-10-17 13:58:44] local.DEBUG: Processing bentuk_kepala {"hairstyle_id":40,"bentuk_kepala":"Bulat, Kotak"} 
[2025-10-17 13:58:44] local.DEBUG: Processing tipe_rambut {"hairstyle_id":40,"tipe_rambut":"Lurus, Bergelombang, Keriting"} 
[2025-10-17 13:58:44] local.DEBUG: Processing style_preference {"hairstyle_id":40,"style_preference":"Klasik, Modern, Kasual"} 
[2025-10-17 13:58:44] local.DEBUG: Processing name column {"hairstyle_id":39,"name":"Buzzcut"} 
[2025-10-17 13:58:44] local.DEBUG: Processing bentuk_kepala {"hairstyle_id":39,"bentuk_kepala":"Oval, Bulat, Kotak"} 
[2025-10-17 13:58:44] local.DEBUG: Processing tipe_rambut {"hairstyle_id":39,"tipe_rambut":"Lurus, Bergelombang, Keriting"} 
[2025-10-17 13:58:44] local.DEBUG: Processing style_preference {"hairstyle_id":39,"style_preference":"Klasik, Modern, Kasual"} 
[2025-10-17 13:58:44] local.DEBUG: Processing name column {"hairstyle_id":38,"name":"Quiff"} 
[2025-10-17 13:58:44] local.DEBUG: Processing bentuk_kepala {"hairstyle_id":38,"bentuk_kepala":"Oval, Segitiga"} 
[2025-10-17 13:58:44] local.DEBUG: Processing tipe_rambut {"hairstyle_id":38,"tipe_rambut":"Lurus, Bergelombang, Keriting"} 
[2025-10-17 13:58:44] local.DEBUG: Processing style_preference {"hairstyle_id":38,"style_preference":"Klasik, Modern"} 
[2025-10-17 13:58:44] local.DEBUG: Processing name column {"hairstyle_id":37,"name":"Pompadour"} 
[2025-10-17 13:58:44] local.DEBUG: Processing bentuk_kepala {"hairstyle_id":37,"bentuk_kepala":"Oval, Bulat, Segitiga"} 
[2025-10-17 13:58:44] local.DEBUG: Processing tipe_rambut {"hairstyle_id":37,"tipe_rambut":"Lurus, Bergelombang, Keriting"} 
[2025-10-17 13:58:44] local.DEBUG: Processing style_preference {"hairstyle_id":37,"style_preference":"Klasik, Modern"} 
[2025-10-17 13:58:44] local.DEBUG: Processing name column {"hairstyle_id":36,"name":"Side Part"} 
[2025-10-17 13:58:44] local.DEBUG: Processing bentuk_kepala {"hairstyle_id":36,"bentuk_kepala":"Persegi Panjang, Hati"} 
[2025-10-17 13:58:44] local.DEBUG: Processing tipe_rambut {"hairstyle_id":36,"tipe_rambut":"Lurus, Bergelombang, Keriting"} 
[2025-10-17 13:58:44] local.DEBUG: Processing style_preference {"hairstyle_id":36,"style_preference":"Klasik, Modern, Kasual"} 
[2025-10-17 13:58:44] local.DEBUG: Processing name column {"hairstyle_id":34,"name":"French Crop"} 
[2025-10-17 13:58:44] local.DEBUG: Processing bentuk_kepala {"hairstyle_id":34,"bentuk_kepala":"Oval, Bulat, Persegi Panjang, Hati"} 
[2025-10-17 13:58:44] local.DEBUG: Processing tipe_rambut {"hairstyle_id":34,"tipe_rambut":"Lurus, Bergelombang"} 
[2025-10-17 13:58:44] local.DEBUG: Processing style_preference {"hairstyle_id":34,"style_preference":"Klasik, Modern"} 
[2025-10-17 13:58:47] local.INFO: Fetching hairstyle scores for DataTable  
[2025-10-17 13:58:47] local.INFO: Hairstyle scores fetched for DataTable {"total":39,"first_item":90} 
[2025-10-17 13:58:47] local.DEBUG: Processing hairstyle column {"score_id":90,"hairstyle_id":47,"hairstyle_name":"Textured Crop"} 
[2025-10-17 13:58:47] local.DEBUG: Processing criterion column {"score_id":90,"criterion_id":10,"criterion_name":"Preferensi Gaya"} 
[2025-10-17 13:58:47] local.DEBUG: Processing score column {"score_id":90,"score_value":8.7} 
[2025-10-17 13:58:47] local.DEBUG: Processing hairstyle column {"score_id":89,"hairstyle_id":47,"hairstyle_name":"Textured Crop"} 
[2025-10-17 13:58:47] local.DEBUG: Processing criterion column {"score_id":89,"criterion_id":9,"criterion_name":"Tipe Rambut"} 
[2025-10-17 13:58:47] local.DEBUG: Processing score column {"score_id":89,"score_value":8.2} 
[2025-10-17 13:58:47] local.DEBUG: Processing hairstyle column {"score_id":88,"hairstyle_id":47,"hairstyle_name":"Textured Crop"} 
[2025-10-17 13:58:47] local.DEBUG: Processing criterion column {"score_id":88,"criterion_id":8,"criterion_name":"Bentuk Kepala"} 
[2025-10-17 13:58:47] local.DEBUG: Processing score column {"score_id":88,"score_value":8.0} 
[2025-10-17 13:58:47] local.DEBUG: Processing hairstyle column {"score_id":87,"hairstyle_id":46,"hairstyle_name":"Long Fringe"} 
[2025-10-17 13:58:47] local.DEBUG: Processing criterion column {"score_id":87,"criterion_id":10,"criterion_name":"Preferensi Gaya"} 
[2025-10-17 13:58:47] local.DEBUG: Processing score column {"score_id":87,"score_value":8.5} 
[2025-10-17 13:58:47] local.DEBUG: Processing hairstyle column {"score_id":86,"hairstyle_id":46,"hairstyle_name":"Long Fringe"} 
[2025-10-17 13:58:47] local.DEBUG: Processing criterion column {"score_id":86,"criterion_id":9,"criterion_name":"Tipe Rambut"} 
[2025-10-17 13:58:47] local.DEBUG: Processing score column {"score_id":86,"score_value":8.2} 
[2025-10-17 13:58:47] local.DEBUG: Processing hairstyle column {"score_id":85,"hairstyle_id":46,"hairstyle_name":"Long Fringe"} 
[2025-10-17 13:58:47] local.DEBUG: Processing criterion column {"score_id":85,"criterion_id":8,"criterion_name":"Bentuk Kepala"} 
[2025-10-17 13:58:47] local.DEBUG: Processing score column {"score_id":85,"score_value":7.5} 
[2025-10-17 13:58:47] local.DEBUG: Processing hairstyle column {"score_id":84,"hairstyle_id":45,"hairstyle_name":"Side Swept Fringe"} 
[2025-10-17 13:58:47] local.DEBUG: Processing criterion column {"score_id":84,"criterion_id":10,"criterion_name":"Preferensi Gaya"} 
[2025-10-17 13:58:47] local.DEBUG: Processing score column {"score_id":84,"score_value":8.5} 
[2025-10-17 13:58:47] local.DEBUG: Processing hairstyle column {"score_id":83,"hairstyle_id":45,"hairstyle_name":"Side Swept Fringe"} 
[2025-10-17 13:58:47] local.DEBUG: Processing criterion column {"score_id":83,"criterion_id":9,"criterion_name":"Tipe Rambut"} 
[2025-10-17 13:58:47] local.DEBUG: Processing score column {"score_id":83,"score_value":8.5} 
[2025-10-17 13:58:47] local.DEBUG: Processing hairstyle column {"score_id":82,"hairstyle_id":45,"hairstyle_name":"Side Swept Fringe"} 
[2025-10-17 13:58:47] local.DEBUG: Processing criterion column {"score_id":82,"criterion_id":8,"criterion_name":"Bentuk Kepala"} 
[2025-10-17 13:58:47] local.DEBUG: Processing score column {"score_id":82,"score_value":8.0} 
[2025-10-17 13:58:47] local.DEBUG: Processing hairstyle column {"score_id":81,"hairstyle_id":44,"hairstyle_name":"Caesar Cut"} 
[2025-10-17 13:58:47] local.DEBUG: Processing criterion column {"score_id":81,"criterion_id":10,"criterion_name":"Preferensi Gaya"} 
[2025-10-17 13:58:47] local.DEBUG: Processing score column {"score_id":81,"score_value":8.0} 
[2025-10-17 13:58:47] local.DEBUG: Processing hairstyle column {"score_id":80,"hairstyle_id":44,"hairstyle_name":"Caesar Cut"} 
[2025-10-17 13:58:47] local.DEBUG: Processing criterion column {"score_id":80,"criterion_id":9,"criterion_name":"Tipe Rambut"} 
[2025-10-17 13:58:47] local.DEBUG: Processing score column {"score_id":80,"score_value":8.0} 
[2025-10-17 13:58:47] local.DEBUG: Processing hairstyle column {"score_id":79,"hairstyle_id":44,"hairstyle_name":"Caesar Cut"} 
[2025-10-17 13:58:47] local.DEBUG: Processing criterion column {"score_id":79,"criterion_id":8,"criterion_name":"Bentuk Kepala"} 
[2025-10-17 13:58:47] local.DEBUG: Processing score column {"score_id":79,"score_value":8.0} 
[2025-10-17 13:58:47] local.DEBUG: Processing hairstyle column {"score_id":78,"hairstyle_id":43,"hairstyle_name":"Fringe"} 
[2025-10-17 13:58:47] local.DEBUG: Processing criterion column {"score_id":78,"criterion_id":10,"criterion_name":"Preferensi Gaya"} 
[2025-10-17 13:58:47] local.DEBUG: Processing score column {"score_id":78,"score_value":8.5} 
[2025-10-17 13:58:47] local.DEBUG: Processing hairstyle column {"score_id":77,"hairstyle_id":43,"hairstyle_name":"Fringe"} 
[2025-10-17 13:58:47] local.DEBUG: Processing criterion column {"score_id":77,"criterion_id":9,"criterion_name":"Tipe Rambut"} 
[2025-10-17 13:58:47] local.DEBUG: Processing score column {"score_id":77,"score_value":8.5} 
[2025-10-17 13:58:47] local.DEBUG: Processing hairstyle column {"score_id":76,"hairstyle_id":43,"hairstyle_name":"Fringe"} 
[2025-10-17 13:58:47] local.DEBUG: Processing criterion column {"score_id":76,"criterion_id":8,"criterion_name":"Bentuk Kepala"} 
[2025-10-17 13:58:47] local.DEBUG: Processing score column {"score_id":76,"score_value":8.0} 
[2025-10-17 13:58:47] local.DEBUG: Processing hairstyle column {"score_id":75,"hairstyle_id":42,"hairstyle_name":"Undercut"} 
[2025-10-17 13:58:47] local.DEBUG: Processing criterion column {"score_id":75,"criterion_id":10,"criterion_name":"Preferensi Gaya"} 
[2025-10-17 13:58:47] local.DEBUG: Processing score column {"score_id":75,"score_value":9.0} 
[2025-10-17 13:58:47] local.DEBUG: Processing hairstyle column {"score_id":74,"hairstyle_id":42,"hairstyle_name":"Undercut"} 
[2025-10-17 13:58:47] local.DEBUG: Processing criterion column {"score_id":74,"criterion_id":9,"criterion_name":"Tipe Rambut"} 
[2025-10-17 13:58:47] local.DEBUG: Processing score column {"score_id":74,"score_value":8.0} 
[2025-10-17 13:58:47] local.DEBUG: Processing hairstyle column {"score_id":73,"hairstyle_id":42,"hairstyle_name":"Undercut"} 
[2025-10-17 13:58:47] local.DEBUG: Processing criterion column {"score_id":73,"criterion_id":8,"criterion_name":"Bentuk Kepala"} 
[2025-10-17 13:58:47] local.DEBUG: Processing score column {"score_id":73,"score_value":8.0} 
[2025-10-17 13:58:47] local.DEBUG: Processing hairstyle column {"score_id":72,"hairstyle_id":41,"hairstyle_name":"Crew Cut"} 
[2025-10-17 13:58:47] local.DEBUG: Processing criterion column {"score_id":72,"criterion_id":10,"criterion_name":"Preferensi Gaya"} 
[2025-10-17 13:58:47] local.DEBUG: Processing score column {"score_id":72,"score_value":8.5} 
[2025-10-17 13:58:47] local.DEBUG: Processing hairstyle column {"score_id":71,"hairstyle_id":41,"hairstyle_name":"Crew Cut"} 
[2025-10-17 13:58:47] local.DEBUG: Processing criterion column {"score_id":71,"criterion_id":9,"criterion_name":"Tipe Rambut"} 
[2025-10-17 13:58:47] local.DEBUG: Processing score column {"score_id":71,"score_value":8.5} 
[2025-10-17 13:58:47] local.DEBUG: Processing hairstyle column {"score_id":70,"hairstyle_id":41,"hairstyle_name":"Crew Cut"} 
[2025-10-17 13:58:47] local.DEBUG: Processing criterion column {"score_id":70,"criterion_id":8,"criterion_name":"Bentuk Kepala"} 
[2025-10-17 13:58:47] local.DEBUG: Processing score column {"score_id":70,"score_value":8.0} 
[2025-10-17 13:58:47] local.DEBUG: Processing hairstyle column {"score_id":69,"hairstyle_id":40,"hairstyle_name":"Tapper Fade"} 
[2025-10-17 13:58:47] local.DEBUG: Processing criterion column {"score_id":69,"criterion_id":10,"criterion_name":"Preferensi Gaya"} 
[2025-10-17 13:58:47] local.DEBUG: Processing score column {"score_id":69,"score_value":9.0} 
[2025-10-17 13:58:47] local.DEBUG: Processing hairstyle column {"score_id":68,"hairstyle_id":40,"hairstyle_name":"Tapper Fade"} 
[2025-10-17 13:58:47] local.DEBUG: Processing criterion column {"score_id":68,"criterion_id":9,"criterion_name":"Tipe Rambut"} 
[2025-10-17 13:58:47] local.DEBUG: Processing score column {"score_id":68,"score_value":9.0} 
[2025-10-17 13:58:47] local.DEBUG: Processing hairstyle column {"score_id":67,"hairstyle_id":40,"hairstyle_name":"Tapper Fade"} 
[2025-10-17 13:58:47] local.DEBUG: Processing criterion column {"score_id":67,"criterion_id":8,"criterion_name":"Bentuk Kepala"} 
[2025-10-17 13:58:47] local.DEBUG: Processing score column {"score_id":67,"score_value":8.5} 
[2025-10-17 13:58:47] local.DEBUG: Processing hairstyle column {"score_id":66,"hairstyle_id":39,"hairstyle_name":"Buzzcut"} 
[2025-10-17 13:58:47] local.DEBUG: Processing criterion column {"score_id":66,"criterion_id":10,"criterion_name":"Preferensi Gaya"} 
[2025-10-17 13:58:47] local.DEBUG: Processing score column {"score_id":66,"score_value":8.0} 
[2025-10-17 13:58:47] local.DEBUG: Processing hairstyle column {"score_id":65,"hairstyle_id":39,"hairstyle_name":"Buzzcut"} 
[2025-10-17 13:58:47] local.DEBUG: Processing criterion column {"score_id":65,"criterion_id":9,"criterion_name":"Tipe Rambut"} 
[2025-10-17 13:58:47] local.DEBUG: Processing score column {"score_id":65,"score_value":9.0} 
[2025-10-17 13:58:47] local.DEBUG: Processing hairstyle column {"score_id":64,"hairstyle_id":39,"hairstyle_name":"Buzzcut"} 
[2025-10-17 13:58:47] local.DEBUG: Processing criterion column {"score_id":64,"criterion_id":8,"criterion_name":"Bentuk Kepala"} 
[2025-10-17 13:58:47] local.DEBUG: Processing score column {"score_id":64,"score_value":7.5} 
[2025-10-17 13:58:47] local.DEBUG: Processing hairstyle column {"score_id":63,"hairstyle_id":38,"hairstyle_name":"Quiff"} 
[2025-10-17 13:58:47] local.DEBUG: Processing criterion column {"score_id":63,"criterion_id":10,"criterion_name":"Preferensi Gaya"} 
[2025-10-17 13:58:47] local.DEBUG: Processing score column {"score_id":63,"score_value":9.0} 
[2025-10-17 13:58:47] local.DEBUG: Processing hairstyle column {"score_id":62,"hairstyle_id":38,"hairstyle_name":"Quiff"} 
[2025-10-17 13:58:47] local.DEBUG: Processing criterion column {"score_id":62,"criterion_id":9,"criterion_name":"Tipe Rambut"} 
[2025-10-17 13:58:47] local.DEBUG: Processing score column {"score_id":62,"score_value":8.5} 
[2025-10-17 13:58:47] local.DEBUG: Processing hairstyle column {"score_id":61,"hairstyle_id":38,"hairstyle_name":"Quiff"} 
[2025-10-17 13:58:47] local.DEBUG: Processing criterion column {"score_id":61,"criterion_id":8,"criterion_name":"Bentuk Kepala"} 
[2025-10-17 13:58:47] local.DEBUG: Processing score column {"score_id":61,"score_value":8.0} 
[2025-10-17 13:58:47] local.DEBUG: Processing hairstyle column {"score_id":60,"hairstyle_id":37,"hairstyle_name":"Pompadour"} 
[2025-10-17 13:58:47] local.DEBUG: Processing criterion column {"score_id":60,"criterion_id":10,"criterion_name":"Preferensi Gaya"} 
[2025-10-17 13:58:47] local.DEBUG: Processing score column {"score_id":60,"score_value":9.0} 
[2025-10-17 13:58:47] local.DEBUG: Processing hairstyle column {"score_id":59,"hairstyle_id":37,"hairstyle_name":"Pompadour"} 
[2025-10-17 13:58:47] local.DEBUG: Processing criterion column {"score_id":59,"criterion_id":9,"criterion_name":"Tipe Rambut"} 
[2025-10-17 13:58:47] local.DEBUG: Processing score column {"score_id":59,"score_value":8.5} 
[2025-10-17 13:58:47] local.DEBUG: Processing hairstyle column {"score_id":58,"hairstyle_id":37,"hairstyle_name":"Pompadour"} 
[2025-10-17 13:58:47] local.DEBUG: Processing criterion column {"score_id":58,"criterion_id":8,"criterion_name":"Bentuk Kepala"} 
[2025-10-17 13:58:47] local.DEBUG: Processing score column {"score_id":58,"score_value":8.7} 
[2025-10-17 13:58:47] local.DEBUG: Processing hairstyle column {"score_id":54,"hairstyle_id":34,"hairstyle_name":"French Crop"} 
[2025-10-17 13:58:47] local.DEBUG: Processing criterion column {"score_id":54,"criterion_id":10,"criterion_name":"Preferensi Gaya"} 
[2025-10-17 13:58:47] local.DEBUG: Processing score column {"score_id":54,"score_value":8.7} 
[2025-10-17 13:58:47] local.DEBUG: Processing hairstyle column {"score_id":53,"hairstyle_id":34,"hairstyle_name":"French Crop"} 
[2025-10-17 13:58:47] local.DEBUG: Processing criterion column {"score_id":53,"criterion_id":9,"criterion_name":"Tipe Rambut"} 
[2025-10-17 13:58:47] local.DEBUG: Processing score column {"score_id":53,"score_value":8.2} 
[2025-10-17 13:58:47] local.DEBUG: Processing hairstyle column {"score_id":52,"hairstyle_id":34,"hairstyle_name":"French Crop"} 
[2025-10-17 13:58:47] local.DEBUG: Processing criterion column {"score_id":52,"criterion_id":8,"criterion_name":"Bentuk Kepala"} 
[2025-10-17 13:58:47] local.DEBUG: Processing score column {"score_id":52,"score_value":8.0} 
[2025-10-17 13:58:47] local.DEBUG: Processing hairstyle column {"score_id":57,"hairstyle_id":36,"hairstyle_name":"Side Part"} 
[2025-10-17 13:58:47] local.DEBUG: Processing criterion column {"score_id":57,"criterion_id":10,"criterion_name":"Preferensi Gaya"} 
[2025-10-17 13:58:47] local.DEBUG: Processing score column {"score_id":57,"score_value":8.7} 
[2025-10-17 13:58:47] local.DEBUG: Processing hairstyle column {"score_id":56,"hairstyle_id":36,"hairstyle_name":"Side Part"} 
[2025-10-17 13:58:47] local.DEBUG: Processing criterion column {"score_id":56,"criterion_id":9,"criterion_name":"Tipe Rambut"} 
[2025-10-17 13:58:47] local.DEBUG: Processing score column {"score_id":56,"score_value":8.2} 
[2025-10-17 13:58:47] local.DEBUG: Processing hairstyle column {"score_id":55,"hairstyle_id":36,"hairstyle_name":"Side Part"} 
[2025-10-17 13:58:47] local.DEBUG: Processing criterion column {"score_id":55,"criterion_id":8,"criterion_name":"Bentuk Kepala"} 
[2025-10-17 13:58:47] local.DEBUG: Processing score column {"score_id":55,"score_value":8.3} 
[2025-10-17 13:58:54] local.INFO: User logout attempt {"user_id":45,"user_name":"Super Admin","ip":"127.0.0.1","user_agent":"Mozilla/5.0 (Windows NT 10.0; Win64; x64) AppleWebKit/537.36 (KHTML, like Gecko) Chrome/141.0.0.0 Safari/537.36"} 
[2025-10-17 13:58:54] local.INFO: User logout successful  
[2025-10-17 13:59:03] local.INFO: User login attempt {"email":"lisa@example.com","ip":"127.0.0.1","user_agent":"Mozilla/5.0 (Windows NT 10.0; Win64; x64) AppleWebKit/537.36 (KHTML, like Gecko) Chrome/141.0.0.0 Safari/537.36"} 
[2025-10-17 13:59:03] local.INFO: User last login updated {"user_id":55,"email":"lisa@example.com","previous_login":"2025-10-13 03:22:38","current_login":"2025-10-17 13:59:03"} 
[2025-10-17 13:59:03] local.INFO: User login successful {"user_id":55,"email":"lisa@example.com","last_login_at":"2025-10-17 13:59:03","ip":"127.0.0.1"} 
[2025-10-17 13:59:14] local.INFO: Input filter rekomendasi: {"bentuk_kepala":null,"tipe_rambut":null,"preferensi_gaya":null} 
[2025-10-17 13:59:14] local.INFO: Calculating AHP weights for 3 criteria.  
[2025-10-17 13:59:14] local.INFO: AHP Consistency Check: {"lambda_max":3.0000004435572083,"CI":2.217786041480707e-7,"CR":3.8237690370357024e-7,"is_consistent":true} 
[2025-10-17 13:59:14] local.INFO: AHP Weights updated in DB: {"8":0.5002663603622262,"9":0.2997602956260836,"10":0.19997334401169034}  
[2025-10-17 13:59:14] local.INFO: AHP Consistency Ratio: 3.8237690370357E-7  
[2025-10-17 13:59:14] local.INFO: Initial hairstyle query built: select * from `hairstyles`  
[2025-10-17 13:59:14] local.INFO: Total hairstyles fetched for recommendation: 13  
[2025-10-17 13:59:14] local.INFO: Hairstyle ID 34 (French Crop) => Total Score: 8.1999 [{"criteria_id":8,"weight":0.5002663603622262,"score":8.0,"contribution":4.0021},{"criteria_id":9,"weight":0.2997602956260836,"score":8.2,"contribution":2.458},{"criteria_id":10,"weight":0.19997334401169034,"score":8.7,"contribution":1.7398}] 
[2025-10-17 13:59:14] local.INFO: Hairstyle ID 36 (Side Part) => Total Score: 8.35 [{"criteria_id":8,"weight":0.5002663603622262,"score":8.3,"contribution":4.1522},{"criteria_id":9,"weight":0.2997602956260836,"score":8.2,"contribution":2.458},{"criteria_id":10,"weight":0.19997334401169034,"score":8.7,"contribution":1.7398}] 
[2025-10-17 13:59:14] local.INFO: Hairstyle ID 37 (Pompadour) => Total Score: 8.7 [{"criteria_id":8,"weight":0.5002663603622262,"score":8.7,"contribution":4.3523},{"criteria_id":9,"weight":0.2997602956260836,"score":8.5,"contribution":2.548},{"criteria_id":10,"weight":0.19997334401169034,"score":9.0,"contribution":1.7998}] 
[2025-10-17 13:59:14] local.INFO: Hairstyle ID 38 (Quiff) => Total Score: 8.3499 [{"criteria_id":8,"weight":0.5002663603622262,"score":8.0,"contribution":4.0021},{"criteria_id":9,"weight":0.2997602956260836,"score":8.5,"contribution":2.548},{"criteria_id":10,"weight":0.19997334401169034,"score":9.0,"contribution":1.7998}] 
[2025-10-17 13:59:14] local.INFO: Hairstyle ID 39 (Buzzcut) => Total Score: 8.0496 [{"criteria_id":8,"weight":0.5002663603622262,"score":7.5,"contribution":3.752},{"criteria_id":9,"weight":0.2997602956260836,"score":9.0,"contribution":2.6978},{"criteria_id":10,"weight":0.19997334401169034,"score":8.0,"contribution":1.5998}] 
[2025-10-17 13:59:14] local.INFO: Hairstyle ID 40 (Tapper Fade) => Total Score: 8.7499 [{"criteria_id":8,"weight":0.5002663603622262,"score":8.5,"contribution":4.2523},{"criteria_id":9,"weight":0.2997602956260836,"score":9.0,"contribution":2.6978},{"criteria_id":10,"weight":0.19997334401169034,"score":9.0,"contribution":1.7998}] 
[2025-10-17 13:59:14] local.INFO: Hairstyle ID 41 (Crew Cut) => Total Score: 8.2499 [{"criteria_id":8,"weight":0.5002663603622262,"score":8.0,"contribution":4.0021},{"criteria_id":9,"weight":0.2997602956260836,"score":8.5,"contribution":2.548},{"criteria_id":10,"weight":0.19997334401169034,"score":8.5,"contribution":1.6998}] 
[2025-10-17 13:59:14] local.INFO: Hairstyle ID 42 (Undercut) => Total Score: 8.2 [{"criteria_id":8,"weight":0.5002663603622262,"score":8.0,"contribution":4.0021},{"criteria_id":9,"weight":0.2997602956260836,"score":8.0,"contribution":2.3981},{"criteria_id":10,"weight":0.19997334401169034,"score":9.0,"contribution":1.7998}] 
[2025-10-17 13:59:14] local.INFO: Hairstyle ID 43 (Fringe) => Total Score: 8.2499 [{"criteria_id":8,"weight":0.5002663603622262,"score":8.0,"contribution":4.0021},{"criteria_id":9,"weight":0.2997602956260836,"score":8.5,"contribution":2.548},{"criteria_id":10,"weight":0.19997334401169034,"score":8.5,"contribution":1.6998}] 
[2025-10-17 13:59:14] local.INFO: Hairstyle ID 44 (Caesar Cut) => Total Score: 8 [{"criteria_id":8,"weight":0.5002663603622262,"score":8.0,"contribution":4.0021},{"criteria_id":9,"weight":0.2997602956260836,"score":8.0,"contribution":2.3981},{"criteria_id":10,"weight":0.19997334401169034,"score":8.0,"contribution":1.5998}] 
[2025-10-17 13:59:14] local.INFO: Hairstyle ID 45 (Side Swept Fringe) => Total Score: 8.2499 [{"criteria_id":8,"weight":0.5002663603622262,"score":8.0,"contribution":4.0021},{"criteria_id":9,"weight":0.2997602956260836,"score":8.5,"contribution":2.548},{"criteria_id":10,"weight":0.19997334401169034,"score":8.5,"contribution":1.6998}] 
[2025-10-17 13:59:14] local.INFO: Hairstyle ID 46 (Long Fringe) => Total Score: 7.9098 [{"criteria_id":8,"weight":0.5002663603622262,"score":7.5,"contribution":3.752},{"criteria_id":9,"weight":0.2997602956260836,"score":8.2,"contribution":2.458},{"criteria_id":10,"weight":0.19997334401169034,"score":8.5,"contribution":1.6998}] 
[2025-10-17 13:59:14] local.INFO: Hairstyle ID 47 (Textured Crop) => Total Score: 8.1999 [{"criteria_id":8,"weight":0.5002663603622262,"score":8.0,"contribution":4.0021},{"criteria_id":9,"weight":0.2997602956260836,"score":8.2,"contribution":2.458},{"criteria_id":10,"weight":0.19997334401169034,"score":8.7,"contribution":1.7398}] 
[2025-10-17 13:59:14] local.INFO: Total hasil rekomendasi: 13  
[2025-10-17 13:59:22] local.INFO: Input filter rekomendasi: {"bentuk_kepala":null,"tipe_rambut":null,"preferensi_gaya":null} 
[2025-10-17 13:59:22] local.INFO: Calculating AHP weights for 3 criteria.  
[2025-10-17 13:59:22] local.INFO: AHP Consistency Check: {"lambda_max":3.0000004435572083,"CI":2.217786041480707e-7,"CR":3.8237690370357024e-7,"is_consistent":true} 
[2025-10-17 13:59:22] local.INFO: AHP Weights updated in DB: {"8":0.5002663603622262,"9":0.2997602956260836,"10":0.19997334401169034}  
[2025-10-17 13:59:22] local.INFO: AHP Consistency Ratio: 3.8237690370357E-7  
[2025-10-17 13:59:22] local.INFO: Initial hairstyle query built: select * from `hairstyles`  
[2025-10-17 13:59:22] local.INFO: Total hairstyles fetched for recommendation: 13  
[2025-10-17 13:59:22] local.INFO: Hairstyle ID 34 (French Crop) => Total Score: 8.1999 [{"criteria_id":8,"weight":0.5002663603622262,"score":8.0,"contribution":4.0021},{"criteria_id":9,"weight":0.2997602956260836,"score":8.2,"contribution":2.458},{"criteria_id":10,"weight":0.19997334401169034,"score":8.7,"contribution":1.7398}] 
[2025-10-17 13:59:22] local.INFO: Hairstyle ID 36 (Side Part) => Total Score: 8.35 [{"criteria_id":8,"weight":0.5002663603622262,"score":8.3,"contribution":4.1522},{"criteria_id":9,"weight":0.2997602956260836,"score":8.2,"contribution":2.458},{"criteria_id":10,"weight":0.19997334401169034,"score":8.7,"contribution":1.7398}] 
[2025-10-17 13:59:22] local.INFO: Hairstyle ID 37 (Pompadour) => Total Score: 8.7 [{"criteria_id":8,"weight":0.5002663603622262,"score":8.7,"contribution":4.3523},{"criteria_id":9,"weight":0.2997602956260836,"score":8.5,"contribution":2.548},{"criteria_id":10,"weight":0.19997334401169034,"score":9.0,"contribution":1.7998}] 
[2025-10-17 13:59:22] local.INFO: Hairstyle ID 38 (Quiff) => Total Score: 8.3499 [{"criteria_id":8,"weight":0.5002663603622262,"score":8.0,"contribution":4.0021},{"criteria_id":9,"weight":0.2997602956260836,"score":8.5,"contribution":2.548},{"criteria_id":10,"weight":0.19997334401169034,"score":9.0,"contribution":1.7998}] 
[2025-10-17 13:59:22] local.INFO: Hairstyle ID 39 (Buzzcut) => Total Score: 8.0496 [{"criteria_id":8,"weight":0.5002663603622262,"score":7.5,"contribution":3.752},{"criteria_id":9,"weight":0.2997602956260836,"score":9.0,"contribution":2.6978},{"criteria_id":10,"weight":0.19997334401169034,"score":8.0,"contribution":1.5998}] 
[2025-10-17 13:59:22] local.INFO: Hairstyle ID 40 (Tapper Fade) => Total Score: 8.7499 [{"criteria_id":8,"weight":0.5002663603622262,"score":8.5,"contribution":4.2523},{"criteria_id":9,"weight":0.2997602956260836,"score":9.0,"contribution":2.6978},{"criteria_id":10,"weight":0.19997334401169034,"score":9.0,"contribution":1.7998}] 
[2025-10-17 13:59:22] local.INFO: Hairstyle ID 41 (Crew Cut) => Total Score: 8.2499 [{"criteria_id":8,"weight":0.5002663603622262,"score":8.0,"contribution":4.0021},{"criteria_id":9,"weight":0.2997602956260836,"score":8.5,"contribution":2.548},{"criteria_id":10,"weight":0.19997334401169034,"score":8.5,"contribution":1.6998}] 
[2025-10-17 13:59:22] local.INFO: Hairstyle ID 42 (Undercut) => Total Score: 8.2 [{"criteria_id":8,"weight":0.5002663603622262,"score":8.0,"contribution":4.0021},{"criteria_id":9,"weight":0.2997602956260836,"score":8.0,"contribution":2.3981},{"criteria_id":10,"weight":0.19997334401169034,"score":9.0,"contribution":1.7998}] 
[2025-10-17 13:59:22] local.INFO: Hairstyle ID 43 (Fringe) => Total Score: 8.2499 [{"criteria_id":8,"weight":0.5002663603622262,"score":8.0,"contribution":4.0021},{"criteria_id":9,"weight":0.2997602956260836,"score":8.5,"contribution":2.548},{"criteria_id":10,"weight":0.19997334401169034,"score":8.5,"contribution":1.6998}] 
[2025-10-17 13:59:22] local.INFO: Hairstyle ID 44 (Caesar Cut) => Total Score: 8 [{"criteria_id":8,"weight":0.5002663603622262,"score":8.0,"contribution":4.0021},{"criteria_id":9,"weight":0.2997602956260836,"score":8.0,"contribution":2.3981},{"criteria_id":10,"weight":0.19997334401169034,"score":8.0,"contribution":1.5998}] 
[2025-10-17 13:59:22] local.INFO: Hairstyle ID 45 (Side Swept Fringe) => Total Score: 8.2499 [{"criteria_id":8,"weight":0.5002663603622262,"score":8.0,"contribution":4.0021},{"criteria_id":9,"weight":0.2997602956260836,"score":8.5,"contribution":2.548},{"criteria_id":10,"weight":0.19997334401169034,"score":8.5,"contribution":1.6998}] 
[2025-10-17 13:59:22] local.INFO: Hairstyle ID 46 (Long Fringe) => Total Score: 7.9098 [{"criteria_id":8,"weight":0.5002663603622262,"score":7.5,"contribution":3.752},{"criteria_id":9,"weight":0.2997602956260836,"score":8.2,"contribution":2.458},{"criteria_id":10,"weight":0.19997334401169034,"score":8.5,"contribution":1.6998}] 
[2025-10-17 13:59:22] local.INFO: Hairstyle ID 47 (Textured Crop) => Total Score: 8.1999 [{"criteria_id":8,"weight":0.5002663603622262,"score":8.0,"contribution":4.0021},{"criteria_id":9,"weight":0.2997602956260836,"score":8.2,"contribution":2.458},{"criteria_id":10,"weight":0.19997334401169034,"score":8.7,"contribution":1.7398}] 
[2025-10-17 13:59:22] local.INFO: Total hasil rekomendasi: 13  
[2025-10-17 13:59:26] local.INFO: Input filter rekomendasi: {"bentuk_kepala":null,"tipe_rambut":null,"preferensi_gaya":null} 
[2025-10-17 13:59:26] local.INFO: Calculating AHP weights for 3 criteria.  
[2025-10-17 13:59:26] local.INFO: AHP Consistency Check: {"lambda_max":3.0000004435572083,"CI":2.217786041480707e-7,"CR":3.8237690370357024e-7,"is_consistent":true} 
[2025-10-17 13:59:26] local.INFO: AHP Weights updated in DB: {"8":0.5002663603622262,"9":0.2997602956260836,"10":0.19997334401169034}  
[2025-10-17 13:59:26] local.INFO: AHP Consistency Ratio: 3.8237690370357E-7  
[2025-10-17 13:59:26] local.INFO: Initial hairstyle query built: select * from `hairstyles`  
[2025-10-17 13:59:26] local.INFO: Total hairstyles fetched for recommendation: 13  
[2025-10-17 13:59:26] local.INFO: Hairstyle ID 34 (French Crop) => Total Score: 8.1999 [{"criteria_id":8,"weight":0.5002663603622262,"score":8.0,"contribution":4.0021},{"criteria_id":9,"weight":0.2997602956260836,"score":8.2,"contribution":2.458},{"criteria_id":10,"weight":0.19997334401169034,"score":8.7,"contribution":1.7398}] 
[2025-10-17 13:59:26] local.INFO: Hairstyle ID 36 (Side Part) => Total Score: 8.35 [{"criteria_id":8,"weight":0.5002663603622262,"score":8.3,"contribution":4.1522},{"criteria_id":9,"weight":0.2997602956260836,"score":8.2,"contribution":2.458},{"criteria_id":10,"weight":0.19997334401169034,"score":8.7,"contribution":1.7398}] 
[2025-10-17 13:59:26] local.INFO: Hairstyle ID 37 (Pompadour) => Total Score: 8.7 [{"criteria_id":8,"weight":0.5002663603622262,"score":8.7,"contribution":4.3523},{"criteria_id":9,"weight":0.2997602956260836,"score":8.5,"contribution":2.548},{"criteria_id":10,"weight":0.19997334401169034,"score":9.0,"contribution":1.7998}] 
[2025-10-17 13:59:26] local.INFO: Hairstyle ID 38 (Quiff) => Total Score: 8.3499 [{"criteria_id":8,"weight":0.5002663603622262,"score":8.0,"contribution":4.0021},{"criteria_id":9,"weight":0.2997602956260836,"score":8.5,"contribution":2.548},{"criteria_id":10,"weight":0.19997334401169034,"score":9.0,"contribution":1.7998}] 
[2025-10-17 13:59:26] local.INFO: Hairstyle ID 39 (Buzzcut) => Total Score: 8.0496 [{"criteria_id":8,"weight":0.5002663603622262,"score":7.5,"contribution":3.752},{"criteria_id":9,"weight":0.2997602956260836,"score":9.0,"contribution":2.6978},{"criteria_id":10,"weight":0.19997334401169034,"score":8.0,"contribution":1.5998}] 
[2025-10-17 13:59:26] local.INFO: Hairstyle ID 40 (Tapper Fade) => Total Score: 8.7499 [{"criteria_id":8,"weight":0.5002663603622262,"score":8.5,"contribution":4.2523},{"criteria_id":9,"weight":0.2997602956260836,"score":9.0,"contribution":2.6978},{"criteria_id":10,"weight":0.19997334401169034,"score":9.0,"contribution":1.7998}] 
[2025-10-17 13:59:26] local.INFO: Hairstyle ID 41 (Crew Cut) => Total Score: 8.2499 [{"criteria_id":8,"weight":0.5002663603622262,"score":8.0,"contribution":4.0021},{"criteria_id":9,"weight":0.2997602956260836,"score":8.5,"contribution":2.548},{"criteria_id":10,"weight":0.19997334401169034,"score":8.5,"contribution":1.6998}] 
[2025-10-17 13:59:26] local.INFO: Hairstyle ID 42 (Undercut) => Total Score: 8.2 [{"criteria_id":8,"weight":0.5002663603622262,"score":8.0,"contribution":4.0021},{"criteria_id":9,"weight":0.2997602956260836,"score":8.0,"contribution":2.3981},{"criteria_id":10,"weight":0.19997334401169034,"score":9.0,"contribution":1.7998}] 
[2025-10-17 13:59:26] local.INFO: Hairstyle ID 43 (Fringe) => Total Score: 8.2499 [{"criteria_id":8,"weight":0.5002663603622262,"score":8.0,"contribution":4.0021},{"criteria_id":9,"weight":0.2997602956260836,"score":8.5,"contribution":2.548},{"criteria_id":10,"weight":0.19997334401169034,"score":8.5,"contribution":1.6998}] 
[2025-10-17 13:59:26] local.INFO: Hairstyle ID 44 (Caesar Cut) => Total Score: 8 [{"criteria_id":8,"weight":0.5002663603622262,"score":8.0,"contribution":4.0021},{"criteria_id":9,"weight":0.2997602956260836,"score":8.0,"contribution":2.3981},{"criteria_id":10,"weight":0.19997334401169034,"score":8.0,"contribution":1.5998}] 
[2025-10-17 13:59:26] local.INFO: Hairstyle ID 45 (Side Swept Fringe) => Total Score: 8.2499 [{"criteria_id":8,"weight":0.5002663603622262,"score":8.0,"contribution":4.0021},{"criteria_id":9,"weight":0.2997602956260836,"score":8.5,"contribution":2.548},{"criteria_id":10,"weight":0.19997334401169034,"score":8.5,"contribution":1.6998}] 
[2025-10-17 13:59:26] local.INFO: Hairstyle ID 46 (Long Fringe) => Total Score: 7.9098 [{"criteria_id":8,"weight":0.5002663603622262,"score":7.5,"contribution":3.752},{"criteria_id":9,"weight":0.2997602956260836,"score":8.2,"contribution":2.458},{"criteria_id":10,"weight":0.19997334401169034,"score":8.5,"contribution":1.6998}] 
[2025-10-17 13:59:26] local.INFO: Hairstyle ID 47 (Textured Crop) => Total Score: 8.1999 [{"criteria_id":8,"weight":0.5002663603622262,"score":8.0,"contribution":4.0021},{"criteria_id":9,"weight":0.2997602956260836,"score":8.2,"contribution":2.458},{"criteria_id":10,"weight":0.19997334401169034,"score":8.7,"contribution":1.7398}] 
[2025-10-17 13:59:26] local.INFO: Total hasil rekomendasi: 13  
[2025-10-17 14:40:48] local.INFO: User logout attempt {"user_id":55,"user_name":"Lisa Garcia","ip":"127.0.0.1","user_agent":"Mozilla/5.0 (Windows NT 10.0; Win64; x64) AppleWebKit/537.36 (KHTML, like Gecko) Chrome/141.0.0.0 Safari/537.36"} 
[2025-10-17 14:40:48] local.INFO: User logout successful  
[2025-10-17 14:40:59] local.INFO: User login attempt {"email":"ahmad@woxbarbershop.com","ip":"127.0.0.1","user_agent":"Mozilla/5.0 (Windows NT 10.0; Win64; x64) AppleWebKit/537.36 (KHTML, like Gecko) Chrome/141.0.0.0 Safari/537.36"} 
[2025-10-17 14:40:59] local.INFO: User last login updated {"user_id":46,"email":"ahmad@woxbarbershop.com","previous_login":"2025-09-17 07:43:40","current_login":"2025-10-17 14:40:59"} 
[2025-10-17 14:40:59] local.INFO: User login successful {"user_id":46,"email":"ahmad@woxbarbershop.com","last_login_at":"2025-10-17 14:40:59","ip":"127.0.0.1"} 
