[2025-10-15 08:20:13] local.INFO: User login attempt {"email":"admin@woxbarbershop.com","ip":"127.0.0.1","user_agent":"Mozilla/5.0 (Macintosh; Intel Mac OS X 10_15_7) AppleWebKit/537.36 (KHTML, like Gecko) Chrome/141.0.0.0 Safari/537.36"} 
[2025-10-15 08:20:13] local.INFO: User last login updated {"user_id":45,"email":"admin@woxbarbershop.com","previous_login":"2025-10-14 06:23:36","current_login":"2025-10-15 08:20:13"} 
[2025-10-15 08:20:13] local.INFO: User login successful {"user_id":45,"email":"admin@woxbarbershop.com","last_login_at":"2025-10-15 08:20:13","ip":"127.0.0.1"} 
[2025-10-15 08:23:32] local.INFO: User login attempt {"email":"admin@woxbarbershop.com","ip":"127.0.0.1","user_agent":"Mozilla/5.0 (Macintosh; Intel Mac OS X 10_15_7) AppleWebKit/537.36 (KHTML, like Gecko) Chrome/141.0.0.0 Safari/537.36"} 
[2025-10-15 08:23:32] local.INFO: User last login updated {"user_id":45,"email":"admin@woxbarbershop.com","previous_login":"2025-10-15 08:20:13","current_login":"2025-10-15 08:23:32"} 
[2025-10-15 08:23:32] local.INFO: User login successful {"user_id":45,"email":"admin@woxbarbershop.com","last_login_at":"2025-10-15 08:23:32","ip":"127.0.0.1"} 
[2025-10-15 08:23:36] local.INFO: Fetching hairstyle scores for DataTable  
[2025-10-15 08:23:36] local.INFO: Hairstyle scores fetched for DataTable {"total":39,"first_item":90} 
[2025-10-15 08:23:36] local.DEBUG: Processing hairstyle column {"score_id":90,"hairstyle_id":47,"hairstyle_name":"Textured Crop"} 
[2025-10-15 08:23:36] local.DEBUG: Processing criterion column {"score_id":90,"criterion_id":10,"criterion_name":"Preferensi Gaya"} 
[2025-10-15 08:23:36] local.DEBUG: Processing score column {"score_id":90,"score_value":8.699999999999999289457264239899814128875732421875} 
[2025-10-15 08:23:36] local.DEBUG: Processing hairstyle column {"score_id":89,"hairstyle_id":47,"hairstyle_name":"Textured Crop"} 
[2025-10-15 08:23:36] local.DEBUG: Processing criterion column {"score_id":89,"criterion_id":9,"criterion_name":"Tipe Rambut"} 
[2025-10-15 08:23:36] local.DEBUG: Processing score column {"score_id":89,"score_value":8.199999999999999289457264239899814128875732421875} 
[2025-10-15 08:23:36] local.DEBUG: Processing hairstyle column {"score_id":88,"hairstyle_id":47,"hairstyle_name":"Textured Crop"} 
[2025-10-15 08:23:36] local.DEBUG: Processing criterion column {"score_id":88,"criterion_id":8,"criterion_name":"Bentuk Kepala"} 
[2025-10-15 08:23:36] local.DEBUG: Processing score column {"score_id":88,"score_value":8.0} 
[2025-10-15 08:23:36] local.DEBUG: Processing hairstyle column {"score_id":87,"hairstyle_id":46,"hairstyle_name":"Long Fringe"} 
[2025-10-15 08:23:36] local.DEBUG: Processing criterion column {"score_id":87,"criterion_id":10,"criterion_name":"Preferensi Gaya"} 
[2025-10-15 08:23:36] local.DEBUG: Processing score column {"score_id":87,"score_value":8.5} 
[2025-10-15 08:23:36] local.DEBUG: Processing hairstyle column {"score_id":86,"hairstyle_id":46,"hairstyle_name":"Long Fringe"} 
[2025-10-15 08:23:36] local.DEBUG: Processing criterion column {"score_id":86,"criterion_id":9,"criterion_name":"Tipe Rambut"} 
[2025-10-15 08:23:36] local.DEBUG: Processing score column {"score_id":86,"score_value":8.199999999999999289457264239899814128875732421875} 
[2025-10-15 08:23:36] local.DEBUG: Processing hairstyle column {"score_id":85,"hairstyle_id":46,"hairstyle_name":"Long Fringe"} 
[2025-10-15 08:23:36] local.DEBUG: Processing criterion column {"score_id":85,"criterion_id":8,"criterion_name":"Bentuk Kepala"} 
[2025-10-15 08:23:36] local.DEBUG: Processing score column {"score_id":85,"score_value":7.5} 
[2025-10-15 08:23:36] local.DEBUG: Processing hairstyle column {"score_id":84,"hairstyle_id":45,"hairstyle_name":"Side Swept Fringe"} 
[2025-10-15 08:23:36] local.DEBUG: Processing criterion column {"score_id":84,"criterion_id":10,"criterion_name":"Preferensi Gaya"} 
[2025-10-15 08:23:36] local.DEBUG: Processing score column {"score_id":84,"score_value":8.5} 
[2025-10-15 08:23:36] local.DEBUG: Processing hairstyle column {"score_id":83,"hairstyle_id":45,"hairstyle_name":"Side Swept Fringe"} 
[2025-10-15 08:23:36] local.DEBUG: Processing criterion column {"score_id":83,"criterion_id":9,"criterion_name":"Tipe Rambut"} 
[2025-10-15 08:23:36] local.DEBUG: Processing score column {"score_id":83,"score_value":8.5} 
[2025-10-15 08:23:36] local.DEBUG: Processing hairstyle column {"score_id":82,"hairstyle_id":45,"hairstyle_name":"Side Swept Fringe"} 
[2025-10-15 08:23:36] local.DEBUG: Processing criterion column {"score_id":82,"criterion_id":8,"criterion_name":"Bentuk Kepala"} 
[2025-10-15 08:23:36] local.DEBUG: Processing score column {"score_id":82,"score_value":8.0} 
[2025-10-15 08:23:36] local.DEBUG: Processing hairstyle column {"score_id":81,"hairstyle_id":44,"hairstyle_name":"Caesar Cut"} 
[2025-10-15 08:23:36] local.DEBUG: Processing criterion column {"score_id":81,"criterion_id":10,"criterion_name":"Preferensi Gaya"} 
[2025-10-15 08:23:36] local.DEBUG: Processing score column {"score_id":81,"score_value":8.0} 
[2025-10-15 08:23:36] local.DEBUG: Processing hairstyle column {"score_id":80,"hairstyle_id":44,"hairstyle_name":"Caesar Cut"} 
[2025-10-15 08:23:36] local.DEBUG: Processing criterion column {"score_id":80,"criterion_id":9,"criterion_name":"Tipe Rambut"} 
[2025-10-15 08:23:36] local.DEBUG: Processing score column {"score_id":80,"score_value":8.0} 
[2025-10-15 08:23:36] local.DEBUG: Processing hairstyle column {"score_id":79,"hairstyle_id":44,"hairstyle_name":"Caesar Cut"} 
[2025-10-15 08:23:36] local.DEBUG: Processing criterion column {"score_id":79,"criterion_id":8,"criterion_name":"Bentuk Kepala"} 
[2025-10-15 08:23:36] local.DEBUG: Processing score column {"score_id":79,"score_value":8.0} 
[2025-10-15 08:23:36] local.DEBUG: Processing hairstyle column {"score_id":78,"hairstyle_id":43,"hairstyle_name":"Fringe"} 
[2025-10-15 08:23:36] local.DEBUG: Processing criterion column {"score_id":78,"criterion_id":10,"criterion_name":"Preferensi Gaya"} 
[2025-10-15 08:23:36] local.DEBUG: Processing score column {"score_id":78,"score_value":8.5} 
[2025-10-15 08:23:36] local.DEBUG: Processing hairstyle column {"score_id":77,"hairstyle_id":43,"hairstyle_name":"Fringe"} 
[2025-10-15 08:23:36] local.DEBUG: Processing criterion column {"score_id":77,"criterion_id":9,"criterion_name":"Tipe Rambut"} 
[2025-10-15 08:23:36] local.DEBUG: Processing score column {"score_id":77,"score_value":8.5} 
[2025-10-15 08:23:36] local.DEBUG: Processing hairstyle column {"score_id":76,"hairstyle_id":43,"hairstyle_name":"Fringe"} 
[2025-10-15 08:23:36] local.DEBUG: Processing criterion column {"score_id":76,"criterion_id":8,"criterion_name":"Bentuk Kepala"} 
[2025-10-15 08:23:36] local.DEBUG: Processing score column {"score_id":76,"score_value":8.0} 
[2025-10-15 08:23:36] local.DEBUG: Processing hairstyle column {"score_id":75,"hairstyle_id":42,"hairstyle_name":"Undercut"} 
[2025-10-15 08:23:36] local.DEBUG: Processing criterion column {"score_id":75,"criterion_id":10,"criterion_name":"Preferensi Gaya"} 
[2025-10-15 08:23:36] local.DEBUG: Processing score column {"score_id":75,"score_value":9.0} 
[2025-10-15 08:23:36] local.DEBUG: Processing hairstyle column {"score_id":74,"hairstyle_id":42,"hairstyle_name":"Undercut"} 
[2025-10-15 08:23:36] local.DEBUG: Processing criterion column {"score_id":74,"criterion_id":9,"criterion_name":"Tipe Rambut"} 
[2025-10-15 08:23:36] local.DEBUG: Processing score column {"score_id":74,"score_value":8.0} 
[2025-10-15 08:23:36] local.DEBUG: Processing hairstyle column {"score_id":73,"hairstyle_id":42,"hairstyle_name":"Undercut"} 
[2025-10-15 08:23:36] local.DEBUG: Processing criterion column {"score_id":73,"criterion_id":8,"criterion_name":"Bentuk Kepala"} 
[2025-10-15 08:23:36] local.DEBUG: Processing score column {"score_id":73,"score_value":8.0} 
[2025-10-15 08:23:36] local.DEBUG: Processing hairstyle column {"score_id":72,"hairstyle_id":41,"hairstyle_name":"Crew Cut"} 
[2025-10-15 08:23:36] local.DEBUG: Processing criterion column {"score_id":72,"criterion_id":10,"criterion_name":"Preferensi Gaya"} 
[2025-10-15 08:23:36] local.DEBUG: Processing score column {"score_id":72,"score_value":8.5} 
[2025-10-15 08:23:36] local.DEBUG: Processing hairstyle column {"score_id":71,"hairstyle_id":41,"hairstyle_name":"Crew Cut"} 
[2025-10-15 08:23:36] local.DEBUG: Processing criterion column {"score_id":71,"criterion_id":9,"criterion_name":"Tipe Rambut"} 
[2025-10-15 08:23:36] local.DEBUG: Processing score column {"score_id":71,"score_value":8.5} 
[2025-10-15 08:23:36] local.DEBUG: Processing hairstyle column {"score_id":70,"hairstyle_id":41,"hairstyle_name":"Crew Cut"} 
[2025-10-15 08:23:36] local.DEBUG: Processing criterion column {"score_id":70,"criterion_id":8,"criterion_name":"Bentuk Kepala"} 
[2025-10-15 08:23:36] local.DEBUG: Processing score column {"score_id":70,"score_value":8.0} 
[2025-10-15 08:23:36] local.DEBUG: Processing hairstyle column {"score_id":69,"hairstyle_id":40,"hairstyle_name":"Tapper Fade"} 
[2025-10-15 08:23:36] local.DEBUG: Processing criterion column {"score_id":69,"criterion_id":10,"criterion_name":"Preferensi Gaya"} 
[2025-10-15 08:23:36] local.DEBUG: Processing score column {"score_id":69,"score_value":9.0} 
[2025-10-15 08:23:36] local.DEBUG: Processing hairstyle column {"score_id":68,"hairstyle_id":40,"hairstyle_name":"Tapper Fade"} 
[2025-10-15 08:23:36] local.DEBUG: Processing criterion column {"score_id":68,"criterion_id":9,"criterion_name":"Tipe Rambut"} 
[2025-10-15 08:23:36] local.DEBUG: Processing score column {"score_id":68,"score_value":9.0} 
[2025-10-15 08:23:36] local.DEBUG: Processing hairstyle column {"score_id":67,"hairstyle_id":40,"hairstyle_name":"Tapper Fade"} 
[2025-10-15 08:23:36] local.DEBUG: Processing criterion column {"score_id":67,"criterion_id":8,"criterion_name":"Bentuk Kepala"} 
[2025-10-15 08:23:36] local.DEBUG: Processing score column {"score_id":67,"score_value":8.5} 
[2025-10-15 08:23:36] local.DEBUG: Processing hairstyle column {"score_id":66,"hairstyle_id":39,"hairstyle_name":"Buzzcut"} 
[2025-10-15 08:23:36] local.DEBUG: Processing criterion column {"score_id":66,"criterion_id":10,"criterion_name":"Preferensi Gaya"} 
[2025-10-15 08:23:36] local.DEBUG: Processing score column {"score_id":66,"score_value":8.0} 
[2025-10-15 08:23:36] local.DEBUG: Processing hairstyle column {"score_id":65,"hairstyle_id":39,"hairstyle_name":"Buzzcut"} 
[2025-10-15 08:23:36] local.DEBUG: Processing criterion column {"score_id":65,"criterion_id":9,"criterion_name":"Tipe Rambut"} 
[2025-10-15 08:23:36] local.DEBUG: Processing score column {"score_id":65,"score_value":9.0} 
[2025-10-15 08:23:36] local.DEBUG: Processing hairstyle column {"score_id":64,"hairstyle_id":39,"hairstyle_name":"Buzzcut"} 
[2025-10-15 08:23:36] local.DEBUG: Processing criterion column {"score_id":64,"criterion_id":8,"criterion_name":"Bentuk Kepala"} 
[2025-10-15 08:23:36] local.DEBUG: Processing score column {"score_id":64,"score_value":7.5} 
[2025-10-15 08:23:36] local.DEBUG: Processing hairstyle column {"score_id":63,"hairstyle_id":38,"hairstyle_name":"Quiff"} 
[2025-10-15 08:23:36] local.DEBUG: Processing criterion column {"score_id":63,"criterion_id":10,"criterion_name":"Preferensi Gaya"} 
[2025-10-15 08:23:36] local.DEBUG: Processing score column {"score_id":63,"score_value":9.0} 
[2025-10-15 08:23:36] local.DEBUG: Processing hairstyle column {"score_id":62,"hairstyle_id":38,"hairstyle_name":"Quiff"} 
[2025-10-15 08:23:36] local.DEBUG: Processing criterion column {"score_id":62,"criterion_id":9,"criterion_name":"Tipe Rambut"} 
[2025-10-15 08:23:36] local.DEBUG: Processing score column {"score_id":62,"score_value":8.5} 
[2025-10-15 08:23:36] local.DEBUG: Processing hairstyle column {"score_id":61,"hairstyle_id":38,"hairstyle_name":"Quiff"} 
[2025-10-15 08:23:36] local.DEBUG: Processing criterion column {"score_id":61,"criterion_id":8,"criterion_name":"Bentuk Kepala"} 
[2025-10-15 08:23:36] local.DEBUG: Processing score column {"score_id":61,"score_value":8.0} 
[2025-10-15 08:23:36] local.DEBUG: Processing hairstyle column {"score_id":60,"hairstyle_id":37,"hairstyle_name":"Pompadour"} 
[2025-10-15 08:23:36] local.DEBUG: Processing criterion column {"score_id":60,"criterion_id":10,"criterion_name":"Preferensi Gaya"} 
[2025-10-15 08:23:36] local.DEBUG: Processing score column {"score_id":60,"score_value":9.0} 
[2025-10-15 08:23:36] local.DEBUG: Processing hairstyle column {"score_id":59,"hairstyle_id":37,"hairstyle_name":"Pompadour"} 
[2025-10-15 08:23:36] local.DEBUG: Processing criterion column {"score_id":59,"criterion_id":9,"criterion_name":"Tipe Rambut"} 
[2025-10-15 08:23:36] local.DEBUG: Processing score column {"score_id":59,"score_value":8.5} 
[2025-10-15 08:23:36] local.DEBUG: Processing hairstyle column {"score_id":58,"hairstyle_id":37,"hairstyle_name":"Pompadour"} 
[2025-10-15 08:23:36] local.DEBUG: Processing criterion column {"score_id":58,"criterion_id":8,"criterion_name":"Bentuk Kepala"} 
[2025-10-15 08:23:36] local.DEBUG: Processing score column {"score_id":58,"score_value":8.699999999999999289457264239899814128875732421875} 
[2025-10-15 08:23:36] local.DEBUG: Processing hairstyle column {"score_id":54,"hairstyle_id":34,"hairstyle_name":"French Crop"} 
[2025-10-15 08:23:36] local.DEBUG: Processing criterion column {"score_id":54,"criterion_id":10,"criterion_name":"Preferensi Gaya"} 
[2025-10-15 08:23:36] local.DEBUG: Processing score column {"score_id":54,"score_value":8.699999999999999289457264239899814128875732421875} 
[2025-10-15 08:23:36] local.DEBUG: Processing hairstyle column {"score_id":53,"hairstyle_id":34,"hairstyle_name":"French Crop"} 
[2025-10-15 08:23:36] local.DEBUG: Processing criterion column {"score_id":53,"criterion_id":9,"criterion_name":"Tipe Rambut"} 
[2025-10-15 08:23:36] local.DEBUG: Processing score column {"score_id":53,"score_value":8.199999999999999289457264239899814128875732421875} 
[2025-10-15 08:23:36] local.DEBUG: Processing hairstyle column {"score_id":52,"hairstyle_id":34,"hairstyle_name":"French Crop"} 
[2025-10-15 08:23:36] local.DEBUG: Processing criterion column {"score_id":52,"criterion_id":8,"criterion_name":"Bentuk Kepala"} 
[2025-10-15 08:23:36] local.DEBUG: Processing score column {"score_id":52,"score_value":8.0} 
[2025-10-15 08:23:36] local.DEBUG: Processing hairstyle column {"score_id":57,"hairstyle_id":36,"hairstyle_name":"Side Part"} 
[2025-10-15 08:23:36] local.DEBUG: Processing criterion column {"score_id":57,"criterion_id":10,"criterion_name":"Preferensi Gaya"} 
[2025-10-15 08:23:36] local.DEBUG: Processing score column {"score_id":57,"score_value":8.699999999999999289457264239899814128875732421875} 
[2025-10-15 08:23:36] local.DEBUG: Processing hairstyle column {"score_id":56,"hairstyle_id":36,"hairstyle_name":"Side Part"} 
[2025-10-15 08:23:36] local.DEBUG: Processing criterion column {"score_id":56,"criterion_id":9,"criterion_name":"Tipe Rambut"} 
[2025-10-15 08:23:36] local.DEBUG: Processing score column {"score_id":56,"score_value":8.199999999999999289457264239899814128875732421875} 
[2025-10-15 08:23:36] local.DEBUG: Processing hairstyle column {"score_id":55,"hairstyle_id":36,"hairstyle_name":"Side Part"} 
[2025-10-15 08:23:36] local.DEBUG: Processing criterion column {"score_id":55,"criterion_id":8,"criterion_name":"Bentuk Kepala"} 
[2025-10-15 08:23:36] local.DEBUG: Processing score column {"score_id":55,"score_value":8.300000000000000710542735760100185871124267578125} 
[2025-10-15 08:28:33] local.INFO: DataTable AJAX request received {"user_id":45,"request_data":{"draw":"1","columns":[{"data":"DT_RowIndex","name":"DT_RowIndex","searchable":"true","orderable":"true","search":{"value":null,"regex":"false"}},{"data":"name","name":"name","searchable":"true","orderable":"true","search":{"value":null,"regex":"false"}},{"data":"no_telepon","name":"no_telepon","searchable":"true","orderable":"true","search":{"value":null,"regex":"false"}},{"data":"roles","name":"roles","searchable":"true","orderable":"true","search":{"value":null,"regex":"false"}},{"data":"status","name":"status","searchable":"true","orderable":"true","search":{"value":null,"regex":"false"}},{"data":"loyalty_points","name":"loyalty_points","searchable":"true","orderable":"true","search":{"value":null,"regex":"false"}},{"data":"created_at","name":"created_at","searchable":"true","orderable":"true","search":{"value":null,"regex":"false"}},{"data":"action","name":"action","searchable":"false","orderable":"false","search":{"value":null,"regex":"false"}}],"order":[{"column":"1","dir":"asc","name":"name"}],"start":"0","length":"10","search":{"value":null,"regex":"false"},"_":"1760516912806"}} 
[2025-10-15 08:29:03] local.INFO: DataTable AJAX request received {"user_id":45,"request_data":{"draw":"2","columns":[{"data":"DT_RowIndex","name":"DT_RowIndex","searchable":"true","orderable":"true","search":{"value":null,"regex":"false"}},{"data":"name","name":"name","searchable":"true","orderable":"true","search":{"value":null,"regex":"false"}},{"data":"no_telepon","name":"no_telepon","searchable":"true","orderable":"true","search":{"value":null,"regex":"false"}},{"data":"roles","name":"roles","searchable":"true","orderable":"true","search":{"value":null,"regex":"false"}},{"data":"status","name":"status","searchable":"true","orderable":"true","search":{"value":null,"regex":"false"}},{"data":"loyalty_points","name":"loyalty_points","searchable":"true","orderable":"true","search":{"value":null,"regex":"false"}},{"data":"created_at","name":"created_at","searchable":"true","orderable":"true","search":{"value":null,"regex":"false"}},{"data":"action","name":"action","searchable":"false","orderable":"false","search":{"value":null,"regex":"false"}}],"order":[{"column":"1","dir":"asc","name":"name"}],"start":"0","length":"10","search":{"value":null,"regex":"false"},"_":"1760516912807"}} 
[2025-10-15 08:29:21] local.INFO: DataTable AJAX request received {"user_id":45,"request_data":{"draw":"1","columns":[{"data":"DT_RowIndex","name":"DT_RowIndex","searchable":"true","orderable":"true","search":{"value":null,"regex":"false"}},{"data":"name","name":"name","searchable":"true","orderable":"true","search":{"value":null,"regex":"false"}},{"data":"no_telepon","name":"no_telepon","searchable":"true","orderable":"true","search":{"value":null,"regex":"false"}},{"data":"roles","name":"roles","searchable":"true","orderable":"true","search":{"value":null,"regex":"false"}},{"data":"status","name":"status","searchable":"true","orderable":"true","search":{"value":null,"regex":"false"}},{"data":"loyalty_points","name":"loyalty_points","searchable":"true","orderable":"true","search":{"value":null,"regex":"false"}},{"data":"created_at","name":"created_at","searchable":"true","orderable":"true","search":{"value":null,"regex":"false"}},{"data":"action","name":"action","searchable":"false","orderable":"false","search":{"value":null,"regex":"false"}}],"order":[{"column":"1","dir":"asc","name":"name"}],"start":"0","length":"10","search":{"value":null,"regex":"false"},"_":"1760516960989"}} 
[2025-10-15 08:29:52] local.INFO: DataTable AJAX request received {"user_id":45,"request_data":{"draw":"2","columns":[{"data":"DT_RowIndex","name":"DT_RowIndex","searchable":"true","orderable":"true","search":{"value":null,"regex":"false"}},{"data":"name","name":"name","searchable":"true","orderable":"true","search":{"value":null,"regex":"false"}},{"data":"no_telepon","name":"no_telepon","searchable":"true","orderable":"true","search":{"value":null,"regex":"false"}},{"data":"roles","name":"roles","searchable":"true","orderable":"true","search":{"value":null,"regex":"false"}},{"data":"status","name":"status","searchable":"true","orderable":"true","search":{"value":null,"regex":"false"}},{"data":"loyalty_points","name":"loyalty_points","searchable":"true","orderable":"true","search":{"value":null,"regex":"false"}},{"data":"created_at","name":"created_at","searchable":"true","orderable":"true","search":{"value":null,"regex":"false"}},{"data":"action","name":"action","searchable":"false","orderable":"false","search":{"value":null,"regex":"false"}}],"order":[{"column":"1","dir":"asc","name":"name"}],"start":"0","length":"10","search":{"value":null,"regex":"false"},"_":"1760516960990"}} 
[2025-10-15 08:30:17] local.INFO: DataTable AJAX request received {"user_id":45,"request_data":{"draw":"1","columns":[{"data":"DT_RowIndex","name":"DT_RowIndex","searchable":"true","orderable":"true","search":{"value":null,"regex":"false"}},{"data":"name","name":"name","searchable":"true","orderable":"true","search":{"value":null,"regex":"false"}},{"data":"no_telepon","name":"no_telepon","searchable":"true","orderable":"true","search":{"value":null,"regex":"false"}},{"data":"roles","name":"roles","searchable":"true","orderable":"true","search":{"value":null,"regex":"false"}},{"data":"status","name":"status","searchable":"true","orderable":"true","search":{"value":null,"regex":"false"}},{"data":"loyalty_points","name":"loyalty_points","searchable":"true","orderable":"true","search":{"value":null,"regex":"false"}},{"data":"created_at","name":"created_at","searchable":"true","orderable":"true","search":{"value":null,"regex":"false"}},{"data":"action","name":"action","searchable":"false","orderable":"false","search":{"value":null,"regex":"false"}}],"order":[{"column":"1","dir":"asc","name":"name"}],"start":"0","length":"10","search":{"value":null,"regex":"false"},"_":"1760517017660"}} 
[2025-10-15 08:30:25] local.INFO: DataTable AJAX request received {"user_id":45,"request_data":{"draw":"1","columns":[{"data":"DT_RowIndex","name":"DT_RowIndex","searchable":"true","orderable":"true","search":{"value":null,"regex":"false"}},{"data":"name","name":"name","searchable":"true","orderable":"true","search":{"value":null,"regex":"false"}},{"data":"no_telepon","name":"no_telepon","searchable":"true","orderable":"true","search":{"value":null,"regex":"false"}},{"data":"roles","name":"roles","searchable":"true","orderable":"true","search":{"value":null,"regex":"false"}},{"data":"status","name":"status","searchable":"true","orderable":"true","search":{"value":null,"regex":"false"}},{"data":"loyalty_points","name":"loyalty_points","searchable":"true","orderable":"true","search":{"value":null,"regex":"false"}},{"data":"created_at","name":"created_at","searchable":"true","orderable":"true","search":{"value":null,"regex":"false"}},{"data":"action","name":"action","searchable":"false","orderable":"false","search":{"value":null,"regex":"false"}}],"order":[{"column":"1","dir":"asc","name":"name"}],"start":"0","length":"10","search":{"value":null,"regex":"false"},"_":"1760517025132"}} 
[2025-10-15 08:30:55] local.INFO: DataTable AJAX request received {"user_id":45,"request_data":{"draw":"2","columns":[{"data":"DT_RowIndex","name":"DT_RowIndex","searchable":"true","orderable":"true","search":{"value":null,"regex":"false"}},{"data":"name","name":"name","searchable":"true","orderable":"true","search":{"value":null,"regex":"false"}},{"data":"no_telepon","name":"no_telepon","searchable":"true","orderable":"true","search":{"value":null,"regex":"false"}},{"data":"roles","name":"roles","searchable":"true","orderable":"true","search":{"value":null,"regex":"false"}},{"data":"status","name":"status","searchable":"true","orderable":"true","search":{"value":null,"regex":"false"}},{"data":"loyalty_points","name":"loyalty_points","searchable":"true","orderable":"true","search":{"value":null,"regex":"false"}},{"data":"created_at","name":"created_at","searchable":"true","orderable":"true","search":{"value":null,"regex":"false"}},{"data":"action","name":"action","searchable":"false","orderable":"false","search":{"value":null,"regex":"false"}}],"order":[{"column":"1","dir":"asc","name":"name"}],"start":"0","length":"10","search":{"value":null,"regex":"false"},"_":"1760517025133"}} 
[2025-10-15 08:31:25] local.INFO: DataTable AJAX request received {"user_id":45,"request_data":{"draw":"3","columns":[{"data":"DT_RowIndex","name":"DT_RowIndex","searchable":"true","orderable":"true","search":{"value":null,"regex":"false"}},{"data":"name","name":"name","searchable":"true","orderable":"true","search":{"value":null,"regex":"false"}},{"data":"no_telepon","name":"no_telepon","searchable":"true","orderable":"true","search":{"value":null,"regex":"false"}},{"data":"roles","name":"roles","searchable":"true","orderable":"true","search":{"value":null,"regex":"false"}},{"data":"status","name":"status","searchable":"true","orderable":"true","search":{"value":null,"regex":"false"}},{"data":"loyalty_points","name":"loyalty_points","searchable":"true","orderable":"true","search":{"value":null,"regex":"false"}},{"data":"created_at","name":"created_at","searchable":"true","orderable":"true","search":{"value":null,"regex":"false"}},{"data":"action","name":"action","searchable":"false","orderable":"false","search":{"value":null,"regex":"false"}}],"order":[{"column":"1","dir":"asc","name":"name"}],"start":"0","length":"10","search":{"value":null,"regex":"false"},"_":"1760517025134"}} 
[2025-10-15 08:31:55] local.INFO: DataTable AJAX request received {"user_id":45,"request_data":{"draw":"4","columns":[{"data":"DT_RowIndex","name":"DT_RowIndex","searchable":"true","orderable":"true","search":{"value":null,"regex":"false"}},{"data":"name","name":"name","searchable":"true","orderable":"true","search":{"value":null,"regex":"false"}},{"data":"no_telepon","name":"no_telepon","searchable":"true","orderable":"true","search":{"value":null,"regex":"false"}},{"data":"roles","name":"roles","searchable":"true","orderable":"true","search":{"value":null,"regex":"false"}},{"data":"status","name":"status","searchable":"true","orderable":"true","search":{"value":null,"regex":"false"}},{"data":"loyalty_points","name":"loyalty_points","searchable":"true","orderable":"true","search":{"value":null,"regex":"false"}},{"data":"created_at","name":"created_at","searchable":"true","orderable":"true","search":{"value":null,"regex":"false"}},{"data":"action","name":"action","searchable":"false","orderable":"false","search":{"value":null,"regex":"false"}}],"order":[{"column":"1","dir":"asc","name":"name"}],"start":"0","length":"10","search":{"value":null,"regex":"false"},"_":"1760517025135"}} 
[2025-10-15 08:32:13] local.INFO: DataTable AJAX request received {"user_id":45,"request_data":{"draw":"1","columns":[{"data":"DT_RowIndex","name":"DT_RowIndex","searchable":"true","orderable":"true","search":{"value":null,"regex":"false"}},{"data":"name","name":"name","searchable":"true","orderable":"true","search":{"value":null,"regex":"false"}},{"data":"no_telepon","name":"no_telepon","searchable":"true","orderable":"true","search":{"value":null,"regex":"false"}},{"data":"roles","name":"roles","searchable":"true","orderable":"true","search":{"value":null,"regex":"false"}},{"data":"status","name":"status","searchable":"true","orderable":"true","search":{"value":null,"regex":"false"}},{"data":"loyalty_points","name":"loyalty_points","searchable":"true","orderable":"true","search":{"value":null,"regex":"false"}},{"data":"created_at","name":"created_at","searchable":"true","orderable":"true","search":{"value":null,"regex":"false"}},{"data":"action","name":"action","searchable":"false","orderable":"false","search":{"value":null,"regex":"false"}}],"order":[{"column":"1","dir":"asc","name":"name"}],"start":"0","length":"10","search":{"value":null,"regex":"false"},"_":"1760517132892"}} 
[2025-10-15 08:32:43] local.INFO: DataTable AJAX request received {"user_id":45,"request_data":{"draw":"2","columns":[{"data":"DT_RowIndex","name":"DT_RowIndex","searchable":"true","orderable":"true","search":{"value":null,"regex":"false"}},{"data":"name","name":"name","searchable":"true","orderable":"true","search":{"value":null,"regex":"false"}},{"data":"no_telepon","name":"no_telepon","searchable":"true","orderable":"true","search":{"value":null,"regex":"false"}},{"data":"roles","name":"roles","searchable":"true","orderable":"true","search":{"value":null,"regex":"false"}},{"data":"status","name":"status","searchable":"true","orderable":"true","search":{"value":null,"regex":"false"}},{"data":"loyalty_points","name":"loyalty_points","searchable":"true","orderable":"true","search":{"value":null,"regex":"false"}},{"data":"created_at","name":"created_at","searchable":"true","orderable":"true","search":{"value":null,"regex":"false"}},{"data":"action","name":"action","searchable":"false","orderable":"false","search":{"value":null,"regex":"false"}}],"order":[{"column":"1","dir":"asc","name":"name"}],"start":"0","length":"10","search":{"value":null,"regex":"false"},"_":"1760517132893"}} 
[2025-10-15 08:33:13] local.INFO: DataTable AJAX request received {"user_id":45,"request_data":{"draw":"3","columns":[{"data":"DT_RowIndex","name":"DT_RowIndex","searchable":"true","orderable":"true","search":{"value":null,"regex":"false"}},{"data":"name","name":"name","searchable":"true","orderable":"true","search":{"value":null,"regex":"false"}},{"data":"no_telepon","name":"no_telepon","searchable":"true","orderable":"true","search":{"value":null,"regex":"false"}},{"data":"roles","name":"roles","searchable":"true","orderable":"true","search":{"value":null,"regex":"false"}},{"data":"status","name":"status","searchable":"true","orderable":"true","search":{"value":null,"regex":"false"}},{"data":"loyalty_points","name":"loyalty_points","searchable":"true","orderable":"true","search":{"value":null,"regex":"false"}},{"data":"created_at","name":"created_at","searchable":"true","orderable":"true","search":{"value":null,"regex":"false"}},{"data":"action","name":"action","searchable":"false","orderable":"false","search":{"value":null,"regex":"false"}}],"order":[{"column":"1","dir":"asc","name":"name"}],"start":"0","length":"10","search":{"value":null,"regex":"false"},"_":"1760517132894"}} 
[2025-10-15 08:33:43] local.INFO: DataTable AJAX request received {"user_id":45,"request_data":{"draw":"4","columns":[{"data":"DT_RowIndex","name":"DT_RowIndex","searchable":"true","orderable":"true","search":{"value":null,"regex":"false"}},{"data":"name","name":"name","searchable":"true","orderable":"true","search":{"value":null,"regex":"false"}},{"data":"no_telepon","name":"no_telepon","searchable":"true","orderable":"true","search":{"value":null,"regex":"false"}},{"data":"roles","name":"roles","searchable":"true","orderable":"true","search":{"value":null,"regex":"false"}},{"data":"status","name":"status","searchable":"true","orderable":"true","search":{"value":null,"regex":"false"}},{"data":"loyalty_points","name":"loyalty_points","searchable":"true","orderable":"true","search":{"value":null,"regex":"false"}},{"data":"created_at","name":"created_at","searchable":"true","orderable":"true","search":{"value":null,"regex":"false"}},{"data":"action","name":"action","searchable":"false","orderable":"false","search":{"value":null,"regex":"false"}}],"order":[{"column":"1","dir":"asc","name":"name"}],"start":"0","length":"10","search":{"value":null,"regex":"false"},"_":"1760517132895"}} 
[2025-10-15 08:34:13] local.INFO: DataTable AJAX request received {"user_id":45,"request_data":{"draw":"5","columns":[{"data":"DT_RowIndex","name":"DT_RowIndex","searchable":"true","orderable":"true","search":{"value":null,"regex":"false"}},{"data":"name","name":"name","searchable":"true","orderable":"true","search":{"value":null,"regex":"false"}},{"data":"no_telepon","name":"no_telepon","searchable":"true","orderable":"true","search":{"value":null,"regex":"false"}},{"data":"roles","name":"roles","searchable":"true","orderable":"true","search":{"value":null,"regex":"false"}},{"data":"status","name":"status","searchable":"true","orderable":"true","search":{"value":null,"regex":"false"}},{"data":"loyalty_points","name":"loyalty_points","searchable":"true","orderable":"true","search":{"value":null,"regex":"false"}},{"data":"created_at","name":"created_at","searchable":"true","orderable":"true","search":{"value":null,"regex":"false"}},{"data":"action","name":"action","searchable":"false","orderable":"false","search":{"value":null,"regex":"false"}}],"order":[{"column":"1","dir":"asc","name":"name"}],"start":"0","length":"10","search":{"value":null,"regex":"false"},"_":"1760517132896"}} 
[2025-10-15 08:34:43] local.INFO: DataTable AJAX request received {"user_id":45,"request_data":{"draw":"6","columns":[{"data":"DT_RowIndex","name":"DT_RowIndex","searchable":"true","orderable":"true","search":{"value":null,"regex":"false"}},{"data":"name","name":"name","searchable":"true","orderable":"true","search":{"value":null,"regex":"false"}},{"data":"no_telepon","name":"no_telepon","searchable":"true","orderable":"true","search":{"value":null,"regex":"false"}},{"data":"roles","name":"roles","searchable":"true","orderable":"true","search":{"value":null,"regex":"false"}},{"data":"status","name":"status","searchable":"true","orderable":"true","search":{"value":null,"regex":"false"}},{"data":"loyalty_points","name":"loyalty_points","searchable":"true","orderable":"true","search":{"value":null,"regex":"false"}},{"data":"created_at","name":"created_at","searchable":"true","orderable":"true","search":{"value":null,"regex":"false"}},{"data":"action","name":"action","searchable":"false","orderable":"false","search":{"value":null,"regex":"false"}}],"order":[{"column":"1","dir":"asc","name":"name"}],"start":"0","length":"10","search":{"value":null,"regex":"false"},"_":"1760517132897"}} 
[2025-10-15 08:35:13] local.INFO: DataTable AJAX request received {"user_id":45,"request_data":{"draw":"7","columns":[{"data":"DT_RowIndex","name":"DT_RowIndex","searchable":"true","orderable":"true","search":{"value":null,"regex":"false"}},{"data":"name","name":"name","searchable":"true","orderable":"true","search":{"value":null,"regex":"false"}},{"data":"no_telepon","name":"no_telepon","searchable":"true","orderable":"true","search":{"value":null,"regex":"false"}},{"data":"roles","name":"roles","searchable":"true","orderable":"true","search":{"value":null,"regex":"false"}},{"data":"status","name":"status","searchable":"true","orderable":"true","search":{"value":null,"regex":"false"}},{"data":"loyalty_points","name":"loyalty_points","searchable":"true","orderable":"true","search":{"value":null,"regex":"false"}},{"data":"created_at","name":"created_at","searchable":"true","orderable":"true","search":{"value":null,"regex":"false"}},{"data":"action","name":"action","searchable":"false","orderable":"false","search":{"value":null,"regex":"false"}}],"order":[{"column":"1","dir":"asc","name":"name"}],"start":"0","length":"10","search":{"value":null,"regex":"false"},"_":"1760517132898"}} 
[2025-10-15 08:35:43] local.INFO: DataTable AJAX request received {"user_id":45,"request_data":{"draw":"8","columns":[{"data":"DT_RowIndex","name":"DT_RowIndex","searchable":"true","orderable":"true","search":{"value":null,"regex":"false"}},{"data":"name","name":"name","searchable":"true","orderable":"true","search":{"value":null,"regex":"false"}},{"data":"no_telepon","name":"no_telepon","searchable":"true","orderable":"true","search":{"value":null,"regex":"false"}},{"data":"roles","name":"roles","searchable":"true","orderable":"true","search":{"value":null,"regex":"false"}},{"data":"status","name":"status","searchable":"true","orderable":"true","search":{"value":null,"regex":"false"}},{"data":"loyalty_points","name":"loyalty_points","searchable":"true","orderable":"true","search":{"value":null,"regex":"false"}},{"data":"created_at","name":"created_at","searchable":"true","orderable":"true","search":{"value":null,"regex":"false"}},{"data":"action","name":"action","searchable":"false","orderable":"false","search":{"value":null,"regex":"false"}}],"order":[{"column":"1","dir":"asc","name":"name"}],"start":"0","length":"10","search":{"value":null,"regex":"false"},"_":"1760517132899"}} 
[2025-10-15 08:36:13] local.INFO: DataTable AJAX request received {"user_id":45,"request_data":{"draw":"9","columns":[{"data":"DT_RowIndex","name":"DT_RowIndex","searchable":"true","orderable":"true","search":{"value":null,"regex":"false"}},{"data":"name","name":"name","searchable":"true","orderable":"true","search":{"value":null,"regex":"false"}},{"data":"no_telepon","name":"no_telepon","searchable":"true","orderable":"true","search":{"value":null,"regex":"false"}},{"data":"roles","name":"roles","searchable":"true","orderable":"true","search":{"value":null,"regex":"false"}},{"data":"status","name":"status","searchable":"true","orderable":"true","search":{"value":null,"regex":"false"}},{"data":"loyalty_points","name":"loyalty_points","searchable":"true","orderable":"true","search":{"value":null,"regex":"false"}},{"data":"created_at","name":"created_at","searchable":"true","orderable":"true","search":{"value":null,"regex":"false"}},{"data":"action","name":"action","searchable":"false","orderable":"false","search":{"value":null,"regex":"false"}}],"order":[{"column":"1","dir":"asc","name":"name"}],"start":"0","length":"10","search":{"value":null,"regex":"false"},"_":"1760517132900"}} 
[2025-10-15 08:36:43] local.INFO: DataTable AJAX request received {"user_id":45,"request_data":{"draw":"10","columns":[{"data":"DT_RowIndex","name":"DT_RowIndex","searchable":"true","orderable":"true","search":{"value":null,"regex":"false"}},{"data":"name","name":"name","searchable":"true","orderable":"true","search":{"value":null,"regex":"false"}},{"data":"no_telepon","name":"no_telepon","searchable":"true","orderable":"true","search":{"value":null,"regex":"false"}},{"data":"roles","name":"roles","searchable":"true","orderable":"true","search":{"value":null,"regex":"false"}},{"data":"status","name":"status","searchable":"true","orderable":"true","search":{"value":null,"regex":"false"}},{"data":"loyalty_points","name":"loyalty_points","searchable":"true","orderable":"true","search":{"value":null,"regex":"false"}},{"data":"created_at","name":"created_at","searchable":"true","orderable":"true","search":{"value":null,"regex":"false"}},{"data":"action","name":"action","searchable":"false","orderable":"false","search":{"value":null,"regex":"false"}}],"order":[{"column":"1","dir":"asc","name":"name"}],"start":"0","length":"10","search":{"value":null,"regex":"false"},"_":"1760517132901"}} 
[2025-10-15 08:37:13] local.INFO: DataTable AJAX request received {"user_id":45,"request_data":{"draw":"11","columns":[{"data":"DT_RowIndex","name":"DT_RowIndex","searchable":"true","orderable":"true","search":{"value":null,"regex":"false"}},{"data":"name","name":"name","searchable":"true","orderable":"true","search":{"value":null,"regex":"false"}},{"data":"no_telepon","name":"no_telepon","searchable":"true","orderable":"true","search":{"value":null,"regex":"false"}},{"data":"roles","name":"roles","searchable":"true","orderable":"true","search":{"value":null,"regex":"false"}},{"data":"status","name":"status","searchable":"true","orderable":"true","search":{"value":null,"regex":"false"}},{"data":"loyalty_points","name":"loyalty_points","searchable":"true","orderable":"true","search":{"value":null,"regex":"false"}},{"data":"created_at","name":"created_at","searchable":"true","orderable":"true","search":{"value":null,"regex":"false"}},{"data":"action","name":"action","searchable":"false","orderable":"false","search":{"value":null,"regex":"false"}}],"order":[{"column":"1","dir":"asc","name":"name"}],"start":"0","length":"10","search":{"value":null,"regex":"false"},"_":"1760517132902"}} 
[2025-10-15 08:37:43] local.INFO: DataTable AJAX request received {"user_id":45,"request_data":{"draw":"12","columns":[{"data":"DT_RowIndex","name":"DT_RowIndex","searchable":"true","orderable":"true","search":{"value":null,"regex":"false"}},{"data":"name","name":"name","searchable":"true","orderable":"true","search":{"value":null,"regex":"false"}},{"data":"no_telepon","name":"no_telepon","searchable":"true","orderable":"true","search":{"value":null,"regex":"false"}},{"data":"roles","name":"roles","searchable":"true","orderable":"true","search":{"value":null,"regex":"false"}},{"data":"status","name":"status","searchable":"true","orderable":"true","search":{"value":null,"regex":"false"}},{"data":"loyalty_points","name":"loyalty_points","searchable":"true","orderable":"true","search":{"value":null,"regex":"false"}},{"data":"created_at","name":"created_at","searchable":"true","orderable":"true","search":{"value":null,"regex":"false"}},{"data":"action","name":"action","searchable":"false","orderable":"false","search":{"value":null,"regex":"false"}}],"order":[{"column":"1","dir":"asc","name":"name"}],"start":"0","length":"10","search":{"value":null,"regex":"false"},"_":"1760517132903"}} 
[2025-10-15 08:38:13] local.INFO: DataTable AJAX request received {"user_id":45,"request_data":{"draw":"13","columns":[{"data":"DT_RowIndex","name":"DT_RowIndex","searchable":"true","orderable":"true","search":{"value":null,"regex":"false"}},{"data":"name","name":"name","searchable":"true","orderable":"true","search":{"value":null,"regex":"false"}},{"data":"no_telepon","name":"no_telepon","searchable":"true","orderable":"true","search":{"value":null,"regex":"false"}},{"data":"roles","name":"roles","searchable":"true","orderable":"true","search":{"value":null,"regex":"false"}},{"data":"status","name":"status","searchable":"true","orderable":"true","search":{"value":null,"regex":"false"}},{"data":"loyalty_points","name":"loyalty_points","searchable":"true","orderable":"true","search":{"value":null,"regex":"false"}},{"data":"created_at","name":"created_at","searchable":"true","orderable":"true","search":{"value":null,"regex":"false"}},{"data":"action","name":"action","searchable":"false","orderable":"false","search":{"value":null,"regex":"false"}}],"order":[{"column":"1","dir":"asc","name":"name"}],"start":"0","length":"10","search":{"value":null,"regex":"false"},"_":"1760517132904"}} 
[2025-10-15 08:38:43] local.INFO: DataTable AJAX request received {"user_id":45,"request_data":{"draw":"14","columns":[{"data":"DT_RowIndex","name":"DT_RowIndex","searchable":"true","orderable":"true","search":{"value":null,"regex":"false"}},{"data":"name","name":"name","searchable":"true","orderable":"true","search":{"value":null,"regex":"false"}},{"data":"no_telepon","name":"no_telepon","searchable":"true","orderable":"true","search":{"value":null,"regex":"false"}},{"data":"roles","name":"roles","searchable":"true","orderable":"true","search":{"value":null,"regex":"false"}},{"data":"status","name":"status","searchable":"true","orderable":"true","search":{"value":null,"regex":"false"}},{"data":"loyalty_points","name":"loyalty_points","searchable":"true","orderable":"true","search":{"value":null,"regex":"false"}},{"data":"created_at","name":"created_at","searchable":"true","orderable":"true","search":{"value":null,"regex":"false"}},{"data":"action","name":"action","searchable":"false","orderable":"false","search":{"value":null,"regex":"false"}}],"order":[{"column":"1","dir":"asc","name":"name"}],"start":"0","length":"10","search":{"value":null,"regex":"false"},"_":"1760517132905"}} 
[2025-10-15 08:39:13] local.INFO: DataTable AJAX request received {"user_id":45,"request_data":{"draw":"15","columns":[{"data":"DT_RowIndex","name":"DT_RowIndex","searchable":"true","orderable":"true","search":{"value":null,"regex":"false"}},{"data":"name","name":"name","searchable":"true","orderable":"true","search":{"value":null,"regex":"false"}},{"data":"no_telepon","name":"no_telepon","searchable":"true","orderable":"true","search":{"value":null,"regex":"false"}},{"data":"roles","name":"roles","searchable":"true","orderable":"true","search":{"value":null,"regex":"false"}},{"data":"status","name":"status","searchable":"true","orderable":"true","search":{"value":null,"regex":"false"}},{"data":"loyalty_points","name":"loyalty_points","searchable":"true","orderable":"true","search":{"value":null,"regex":"false"}},{"data":"created_at","name":"created_at","searchable":"true","orderable":"true","search":{"value":null,"regex":"false"}},{"data":"action","name":"action","searchable":"false","orderable":"false","search":{"value":null,"regex":"false"}}],"order":[{"column":"1","dir":"asc","name":"name"}],"start":"0","length":"10","search":{"value":null,"regex":"false"},"_":"1760517132906"}} 
[2025-10-15 08:39:43] local.INFO: DataTable AJAX request received {"user_id":45,"request_data":{"draw":"16","columns":[{"data":"DT_RowIndex","name":"DT_RowIndex","searchable":"true","orderable":"true","search":{"value":null,"regex":"false"}},{"data":"name","name":"name","searchable":"true","orderable":"true","search":{"value":null,"regex":"false"}},{"data":"no_telepon","name":"no_telepon","searchable":"true","orderable":"true","search":{"value":null,"regex":"false"}},{"data":"roles","name":"roles","searchable":"true","orderable":"true","search":{"value":null,"regex":"false"}},{"data":"status","name":"status","searchable":"true","orderable":"true","search":{"value":null,"regex":"false"}},{"data":"loyalty_points","name":"loyalty_points","searchable":"true","orderable":"true","search":{"value":null,"regex":"false"}},{"data":"created_at","name":"created_at","searchable":"true","orderable":"true","search":{"value":null,"regex":"false"}},{"data":"action","name":"action","searchable":"false","orderable":"false","search":{"value":null,"regex":"false"}}],"order":[{"column":"1","dir":"asc","name":"name"}],"start":"0","length":"10","search":{"value":null,"regex":"false"},"_":"1760517132907"}} 
[2025-10-15 08:40:13] local.INFO: DataTable AJAX request received {"user_id":45,"request_data":{"draw":"17","columns":[{"data":"DT_RowIndex","name":"DT_RowIndex","searchable":"true","orderable":"true","search":{"value":null,"regex":"false"}},{"data":"name","name":"name","searchable":"true","orderable":"true","search":{"value":null,"regex":"false"}},{"data":"no_telepon","name":"no_telepon","searchable":"true","orderable":"true","search":{"value":null,"regex":"false"}},{"data":"roles","name":"roles","searchable":"true","orderable":"true","search":{"value":null,"regex":"false"}},{"data":"status","name":"status","searchable":"true","orderable":"true","search":{"value":null,"regex":"false"}},{"data":"loyalty_points","name":"loyalty_points","searchable":"true","orderable":"true","search":{"value":null,"regex":"false"}},{"data":"created_at","name":"created_at","searchable":"true","orderable":"true","search":{"value":null,"regex":"false"}},{"data":"action","name":"action","searchable":"false","orderable":"false","search":{"value":null,"regex":"false"}}],"order":[{"column":"1","dir":"asc","name":"name"}],"start":"0","length":"10","search":{"value":null,"regex":"false"},"_":"1760517132908"}} 
[2025-10-15 08:40:43] local.INFO: DataTable AJAX request received {"user_id":45,"request_data":{"draw":"18","columns":[{"data":"DT_RowIndex","name":"DT_RowIndex","searchable":"true","orderable":"true","search":{"value":null,"regex":"false"}},{"data":"name","name":"name","searchable":"true","orderable":"true","search":{"value":null,"regex":"false"}},{"data":"no_telepon","name":"no_telepon","searchable":"true","orderable":"true","search":{"value":null,"regex":"false"}},{"data":"roles","name":"roles","searchable":"true","orderable":"true","search":{"value":null,"regex":"false"}},{"data":"status","name":"status","searchable":"true","orderable":"true","search":{"value":null,"regex":"false"}},{"data":"loyalty_points","name":"loyalty_points","searchable":"true","orderable":"true","search":{"value":null,"regex":"false"}},{"data":"created_at","name":"created_at","searchable":"true","orderable":"true","search":{"value":null,"regex":"false"}},{"data":"action","name":"action","searchable":"false","orderable":"false","search":{"value":null,"regex":"false"}}],"order":[{"column":"1","dir":"asc","name":"name"}],"start":"0","length":"10","search":{"value":null,"regex":"false"},"_":"1760517132909"}} 
[2025-10-15 08:41:14] local.INFO: DataTable AJAX request received {"user_id":45,"request_data":{"draw":"19","columns":[{"data":"DT_RowIndex","name":"DT_RowIndex","searchable":"true","orderable":"true","search":{"value":null,"regex":"false"}},{"data":"name","name":"name","searchable":"true","orderable":"true","search":{"value":null,"regex":"false"}},{"data":"no_telepon","name":"no_telepon","searchable":"true","orderable":"true","search":{"value":null,"regex":"false"}},{"data":"roles","name":"roles","searchable":"true","orderable":"true","search":{"value":null,"regex":"false"}},{"data":"status","name":"status","searchable":"true","orderable":"true","search":{"value":null,"regex":"false"}},{"data":"loyalty_points","name":"loyalty_points","searchable":"true","orderable":"true","search":{"value":null,"regex":"false"}},{"data":"created_at","name":"created_at","searchable":"true","orderable":"true","search":{"value":null,"regex":"false"}},{"data":"action","name":"action","searchable":"false","orderable":"false","search":{"value":null,"regex":"false"}}],"order":[{"column":"1","dir":"asc","name":"name"}],"start":"0","length":"10","search":{"value":null,"regex":"false"},"_":"1760517132910"}} 
[2025-10-15 08:41:44] local.INFO: DataTable AJAX request received {"user_id":45,"request_data":{"draw":"20","columns":[{"data":"DT_RowIndex","name":"DT_RowIndex","searchable":"true","orderable":"true","search":{"value":null,"regex":"false"}},{"data":"name","name":"name","searchable":"true","orderable":"true","search":{"value":null,"regex":"false"}},{"data":"no_telepon","name":"no_telepon","searchable":"true","orderable":"true","search":{"value":null,"regex":"false"}},{"data":"roles","name":"roles","searchable":"true","orderable":"true","search":{"value":null,"regex":"false"}},{"data":"status","name":"status","searchable":"true","orderable":"true","search":{"value":null,"regex":"false"}},{"data":"loyalty_points","name":"loyalty_points","searchable":"true","orderable":"true","search":{"value":null,"regex":"false"}},{"data":"created_at","name":"created_at","searchable":"true","orderable":"true","search":{"value":null,"regex":"false"}},{"data":"action","name":"action","searchable":"false","orderable":"false","search":{"value":null,"regex":"false"}}],"order":[{"column":"1","dir":"asc","name":"name"}],"start":"0","length":"10","search":{"value":null,"regex":"false"},"_":"1760517132911"}} 
[2025-10-15 08:51:37] local.INFO: BookingController@index accessed {"is_ajax":false,"user_id":45,"ip":"127.0.0.1","user_agent":"Mozilla/5.0 (Macintosh; Intel Mac OS X 10_15_7) AppleWebKit/537.36 (KHTML, like Gecko) Chrome/141.0.0.0 Safari/537.36"} 
[2025-10-15 08:51:37] local.INFO: BookingController@index accessed {"is_ajax":true,"user_id":45,"ip":"127.0.0.1","user_agent":"Mozilla/5.0 (Macintosh; Intel Mac OS X 10_15_7) AppleWebKit/537.36 (KHTML, like Gecko) Chrome/141.0.0.0 Safari/537.36"} 
[2025-10-15 08:51:37] local.INFO: Processing AJAX request for bookings datatable  
[2025-10-15 08:51:37] local.INFO: Bookings data retrieved successfully {"total_records":109} 
[2025-10-15 08:51:40] local.WARNING: Failed to get recommendations {"booking_id":100,"error":"Method App\\Http\\Controllers\\BookingController::getServiceRecommendations does not exist."} 
[2025-10-15 08:51:40] local.INFO: Booking details viewed {"booking_id":100,"viewed_by":45,"user_role":"admin","booking_status":"completed"} 
[2025-10-15 08:51:43] local.INFO: BookingController@index accessed {"is_ajax":false,"user_id":45,"ip":"127.0.0.1","user_agent":"Mozilla/5.0 (Macintosh; Intel Mac OS X 10_15_7) AppleWebKit/537.36 (KHTML, like Gecko) Chrome/141.0.0.0 Safari/537.36"} 
[2025-10-15 08:51:43] local.INFO: BookingController@index accessed {"is_ajax":true,"user_id":45,"ip":"127.0.0.1","user_agent":"Mozilla/5.0 (Macintosh; Intel Mac OS X 10_15_7) AppleWebKit/537.36 (KHTML, like Gecko) Chrome/141.0.0.0 Safari/537.36"} 
[2025-10-15 08:51:43] local.INFO: Processing AJAX request for bookings datatable  
[2025-10-15 08:51:43] local.INFO: Bookings data retrieved successfully {"total_records":109} 
[2025-10-15 08:57:12] local.INFO: BookingController@index accessed {"is_ajax":false,"user_id":45,"ip":"127.0.0.1","user_agent":"Mozilla/5.0 (Macintosh; Intel Mac OS X 10_15_7) AppleWebKit/537.36 (KHTML, like Gecko) Chrome/141.0.0.0 Safari/537.36"} 
[2025-10-15 08:57:13] local.INFO: BookingController@index accessed {"is_ajax":true,"user_id":45,"ip":"127.0.0.1","user_agent":"Mozilla/5.0 (Macintosh; Intel Mac OS X 10_15_7) AppleWebKit/537.36 (KHTML, like Gecko) Chrome/141.0.0.0 Safari/537.36"} 
[2025-10-15 08:57:13] local.INFO: Processing AJAX request for bookings datatable  
[2025-10-15 08:57:13] local.INFO: Bookings data retrieved successfully {"total_records":109} 
[2025-10-15 08:57:18] local.INFO: DataTable AJAX request received {"user_id":45,"request_data":{"draw":"1","columns":[{"data":"DT_RowIndex","name":"DT_RowIndex","searchable":"true","orderable":"true","search":{"value":null,"regex":"false"}},{"data":"name","name":"name","searchable":"true","orderable":"true","search":{"value":null,"regex":"false"}},{"data":"no_telepon","name":"no_telepon","searchable":"true","orderable":"true","search":{"value":null,"regex":"false"}},{"data":"roles","name":"roles","searchable":"true","orderable":"true","search":{"value":null,"regex":"false"}},{"data":"status","name":"status","searchable":"true","orderable":"true","search":{"value":null,"regex":"false"}},{"data":"loyalty_points","name":"loyalty_points","searchable":"true","orderable":"true","search":{"value":null,"regex":"false"}},{"data":"created_at","name":"created_at","searchable":"true","orderable":"true","search":{"value":null,"regex":"false"}},{"data":"action","name":"action","searchable":"false","orderable":"false","search":{"value":null,"regex":"false"}}],"order":[{"column":"1","dir":"asc","name":"name"}],"start":"0","length":"10","search":{"value":null,"regex":"false"},"_":"1760518638005"}} 
[2025-10-15 08:57:21] local.INFO: DataTable AJAX request received {"user_id":45,"request_data":{"draw":"1","columns":[{"data":"DT_RowIndex","name":"DT_RowIndex","searchable":"true","orderable":"true","search":{"value":null,"regex":"false"}},{"data":"name","name":"name","searchable":"true","orderable":"true","search":{"value":null,"regex":"false"}},{"data":"no_telepon","name":"no_telepon","searchable":"true","orderable":"true","search":{"value":null,"regex":"false"}},{"data":"roles","name":"roles","searchable":"true","orderable":"true","search":{"value":null,"regex":"false"}},{"data":"status","name":"status","searchable":"true","orderable":"true","search":{"value":null,"regex":"false"}},{"data":"loyalty_points","name":"loyalty_points","searchable":"true","orderable":"true","search":{"value":null,"regex":"false"}},{"data":"created_at","name":"created_at","searchable":"true","orderable":"true","search":{"value":null,"regex":"false"}},{"data":"action","name":"action","searchable":"false","orderable":"false","search":{"value":null,"regex":"false"}}],"order":[{"column":"1","dir":"asc","name":"name"}],"start":"0","length":"10","search":{"value":null,"regex":"false"},"_":"1760518640953"}} 
