[2025-10-22 07:31:47] local.INFO: User login attempt {"email":"lisa@example.com","ip":"127.0.0.1","user_agent":"Mozilla/5.0 (Macintosh; Intel Mac OS X 10_15_7) AppleWebKit/537.36 (KHTML, like Gecko) Chrome/141.0.0.0 Safari/537.36"} 
[2025-10-22 07:31:47] local.INFO: User last login updated {"user_id":55,"email":"lisa@example.com","previous_login":"2025-10-20 02:47:06","current_login":"2025-10-22 07:31:47"} 
[2025-10-22 07:31:47] local.INFO: User login successful {"user_id":55,"email":"lisa@example.com","last_login_at":"2025-10-22 07:31:47","ip":"127.0.0.1"} 
[2025-10-22 07:37:32] local.WARNING: Failed to get recommendations {"booking_id":109,"error":"Method App\\Http\\Controllers\\BookingController::getServiceRecommendations does not exist."} 
[2025-10-22 07:37:32] local.INFO: Booking details viewed {"booking_id":109,"viewed_by":55,"user_role":"pelanggan","booking_status":"completed"} 
[2025-10-22 07:40:50] local.INFO: Business day check {"date":"2025-10-22","day_of_week":3,"day_name":"Wednesday","is_business_day":true} 
[2025-10-22 07:40:50] local.INFO: Business day check {"date":"2025-10-23","day_of_week":4,"day_name":"Thursday","is_business_day":true} 
[2025-10-22 07:40:50] local.INFO: Business day check {"date":"2025-10-24","day_of_week":5,"day_name":"Friday","is_business_day":true} 
[2025-10-22 07:40:50] local.INFO: Business day check {"date":"2025-10-25","day_of_week":6,"day_name":"Saturday","is_business_day":true} 
[2025-10-22 07:40:50] local.INFO: Business day check {"date":"2025-10-26","day_of_week":0,"day_name":"Sunday","is_business_day":true} 
[2025-10-22 07:40:50] local.INFO: Business day check {"date":"2025-10-27","day_of_week":1,"day_name":"Monday","is_business_day":true} 
[2025-10-22 07:40:50] local.INFO: Business day check {"date":"2025-10-28","day_of_week":2,"day_name":"Tuesday","is_business_day":true} 
[2025-10-22 07:40:50] local.INFO: Business day check {"date":"2025-10-29","day_of_week":3,"day_name":"Wednesday","is_business_day":true} 
[2025-10-22 07:40:50] local.WARNING: Failed to get recommendations {"booking_id":109,"error":"Method App\\Http\\Controllers\\BookingController::getServiceRecommendations does not exist."} 
[2025-10-22 07:40:50] local.INFO: Booking details viewed {"booking_id":109,"viewed_by":55,"user_role":"pelanggan","booking_status":"pending"} 
[2025-10-22 07:44:04] local.INFO: Business day check {"date":"2025-10-22","day_of_week":3,"day_name":"Wednesday","is_business_day":true} 
[2025-10-22 07:44:04] local.INFO: Business day check {"date":"2025-10-23","day_of_week":4,"day_name":"Thursday","is_business_day":true} 
[2025-10-22 07:44:04] local.INFO: Business day check {"date":"2025-10-24","day_of_week":5,"day_name":"Friday","is_business_day":true} 
[2025-10-22 07:44:04] local.INFO: Business day check {"date":"2025-10-25","day_of_week":6,"day_name":"Saturday","is_business_day":true} 
[2025-10-22 07:44:04] local.INFO: Business day check {"date":"2025-10-26","day_of_week":0,"day_name":"Sunday","is_business_day":true} 
[2025-10-22 07:44:04] local.INFO: Business day check {"date":"2025-10-27","day_of_week":1,"day_name":"Monday","is_business_day":true} 
[2025-10-22 07:44:04] local.INFO: Business day check {"date":"2025-10-28","day_of_week":2,"day_name":"Tuesday","is_business_day":true} 
[2025-10-22 07:44:04] local.INFO: Business day check {"date":"2025-10-29","day_of_week":3,"day_name":"Wednesday","is_business_day":true} 
[2025-10-22 07:44:04] local.WARNING: Failed to get recommendations {"booking_id":109,"error":"Method App\\Http\\Controllers\\BookingController::getServiceRecommendations does not exist."} 
[2025-10-22 07:44:04] local.INFO: Booking details viewed {"booking_id":109,"viewed_by":55,"user_role":"pelanggan","booking_status":"pending"} 
[2025-10-22 07:44:14] local.INFO: Business day check {"date":"2025-10-22","day_of_week":3,"day_name":"Wednesday","is_business_day":true} 
[2025-10-22 07:44:14] local.INFO: Business day check {"date":"2025-10-23","day_of_week":4,"day_name":"Thursday","is_business_day":true} 
[2025-10-22 07:44:14] local.INFO: Business day check {"date":"2025-10-24","day_of_week":5,"day_name":"Friday","is_business_day":true} 
[2025-10-22 07:44:14] local.INFO: Business day check {"date":"2025-10-25","day_of_week":6,"day_name":"Saturday","is_business_day":true} 
[2025-10-22 07:44:14] local.INFO: Business day check {"date":"2025-10-26","day_of_week":0,"day_name":"Sunday","is_business_day":true} 
[2025-10-22 07:44:14] local.INFO: Business day check {"date":"2025-10-27","day_of_week":1,"day_name":"Monday","is_business_day":true} 
[2025-10-22 07:44:14] local.INFO: Business day check {"date":"2025-10-28","day_of_week":2,"day_name":"Tuesday","is_business_day":true} 
[2025-10-22 07:44:14] local.INFO: Business day check {"date":"2025-10-29","day_of_week":3,"day_name":"Wednesday","is_business_day":true} 
[2025-10-22 07:44:14] local.WARNING: Failed to get recommendations {"booking_id":109,"error":"Method App\\Http\\Controllers\\BookingController::getServiceRecommendations does not exist."} 
[2025-10-22 07:44:14] local.INFO: Booking details viewed {"booking_id":109,"viewed_by":55,"user_role":"pelanggan","booking_status":"pending"} 
[2025-10-22 07:44:16] local.INFO: Business day check {"date":"2025-10-22","day_of_week":3,"day_name":"Wednesday","is_business_day":true} 
[2025-10-22 07:44:16] local.INFO: Business day check {"date":"2025-10-23","day_of_week":4,"day_name":"Thursday","is_business_day":true} 
[2025-10-22 07:44:16] local.INFO: Business day check {"date":"2025-10-24","day_of_week":5,"day_name":"Friday","is_business_day":true} 
[2025-10-22 07:44:16] local.INFO: Business day check {"date":"2025-10-25","day_of_week":6,"day_name":"Saturday","is_business_day":true} 
[2025-10-22 07:44:16] local.INFO: Business day check {"date":"2025-10-26","day_of_week":0,"day_name":"Sunday","is_business_day":true} 
[2025-10-22 07:44:16] local.INFO: Business day check {"date":"2025-10-27","day_of_week":1,"day_name":"Monday","is_business_day":true} 
[2025-10-22 07:44:16] local.INFO: Business day check {"date":"2025-10-28","day_of_week":2,"day_name":"Tuesday","is_business_day":true} 
[2025-10-22 07:44:16] local.INFO: Business day check {"date":"2025-10-29","day_of_week":3,"day_name":"Wednesday","is_business_day":true} 
[2025-10-22 07:44:16] local.WARNING: Failed to get recommendations {"booking_id":109,"error":"Method App\\Http\\Controllers\\BookingController::getServiceRecommendations does not exist."} 
[2025-10-22 07:44:16] local.INFO: Booking details viewed {"booking_id":109,"viewed_by":55,"user_role":"pelanggan","booking_status":"pending"} 
[2025-10-22 07:44:20] local.WARNING: Failed to get recommendations {"booking_id":109,"error":"Method App\\Http\\Controllers\\BookingController::getServiceRecommendations does not exist."} 
[2025-10-22 07:44:20] local.INFO: Booking details viewed {"booking_id":109,"viewed_by":55,"user_role":"pelanggan","booking_status":"completed"} 
[2025-10-22 07:49:50] local.INFO: Input filter rekomendasi: {"bentuk_kepala":null,"tipe_rambut":null,"preferensi_gaya":null} 
[2025-10-22 07:49:50] local.INFO: Calculating AHP weights for 3 criteria.  
[2025-10-22 07:49:50] local.INFO: AHP Consistency Check: {"lambda_max":3.000000443557208296141425307723693549633026123046875,"CI":2.217786041480707126538618467748165130615234375e-7,"CR":3.8237690370357023804284528345487359501930768601596355438232421875e-7,"is_consistent":true} 
[2025-10-22 07:49:50] local.INFO: AHP Weights updated in DB: {"8":0.50026636036222615899760057800449430942535400390625,"9":0.299760295626083583808707544449134729802608489990234375,"10":0.1999733440116903404604187244331114925444126129150390625}  
[2025-10-22 07:49:50] local.INFO: AHP Consistency Ratio: 3.8237690370357E-7  
[2025-10-22 07:49:50] local.INFO: Initial hairstyle query built: select * from `hairstyles`  
[2025-10-22 07:49:50] local.INFO: Total hairstyles fetched for recommendation: 13  
[2025-10-22 07:49:50] local.INFO: Hairstyle ID 34 (French Crop) => Total Score: 8.1999 [{"criteria_id":8,"weight":0.50026636036222615899760057800449430942535400390625,"score":8.0,"contribution":4.0021000000000004348521542851813137531280517578125},{"criteria_id":9,"weight":0.299760295626083583808707544449134729802608489990234375,"score":8.199999999999999289457264239899814128875732421875,"contribution":2.4580000000000001847411112976260483264923095703125},{"criteria_id":10,"weight":0.1999733440116903404604187244331114925444126129150390625,"score":8.699999999999999289457264239899814128875732421875,"contribution":1.7398000000000000131450406115618534386157989501953125}] 
[2025-10-22 07:49:50] local.INFO: Hairstyle ID 36 (Side Part) => Total Score: 8.35 [{"criteria_id":8,"weight":0.50026636036222615899760057800449430942535400390625,"score":8.300000000000000710542735760100185871124267578125,"contribution":4.15219999999999966888708513579331338405609130859375},{"criteria_id":9,"weight":0.299760295626083583808707544449134729802608489990234375,"score":8.199999999999999289457264239899814128875732421875,"contribution":2.4580000000000001847411112976260483264923095703125},{"criteria_id":10,"weight":0.1999733440116903404604187244331114925444126129150390625,"score":8.699999999999999289457264239899814128875732421875,"contribution":1.7398000000000000131450406115618534386157989501953125}] 
[2025-10-22 07:49:50] local.INFO: Hairstyle ID 37 (Pompadour) => Total Score: 8.7 [{"criteria_id":8,"weight":0.50026636036222615899760057800449430942535400390625,"score":8.699999999999999289457264239899814128875732421875,"contribution":4.3522999999999996134647517465054988861083984375},{"criteria_id":9,"weight":0.299760295626083583808707544449134729802608489990234375,"score":8.5,"contribution":2.5480000000000000426325641456060111522674560546875},{"criteria_id":10,"weight":0.1999733440116903404604187244331114925444126129150390625,"score":9.0,"contribution":1.7998000000000000664357457935693673789501190185546875}] 
[2025-10-22 07:49:50] local.INFO: Hairstyle ID 38 (Quiff) => Total Score: 8.3499 [{"criteria_id":8,"weight":0.50026636036222615899760057800449430942535400390625,"score":8.0,"contribution":4.0021000000000004348521542851813137531280517578125},{"criteria_id":9,"weight":0.299760295626083583808707544449134729802608489990234375,"score":8.5,"contribution":2.5480000000000000426325641456060111522674560546875},{"criteria_id":10,"weight":0.1999733440116903404604187244331114925444126129150390625,"score":9.0,"contribution":1.7998000000000000664357457935693673789501190185546875}] 
[2025-10-22 07:49:50] local.INFO: Hairstyle ID 39 (Buzzcut) => Total Score: 8.0496 [{"criteria_id":8,"weight":0.50026636036222615899760057800449430942535400390625,"score":7.5,"contribution":3.75199999999999977973175191436894237995147705078125},{"criteria_id":9,"weight":0.299760295626083583808707544449134729802608489990234375,"score":9.0,"contribution":2.69779999999999997584154698415659368038177490234375},{"criteria_id":10,"weight":0.1999733440116903404604187244331114925444126129150390625,"score":8.0,"contribution":1.5998000000000001108446667785756289958953857421875}] 
[2025-10-22 07:49:50] local.INFO: Hairstyle ID 40 (Tapper Fade) => Total Score: 8.7499 [{"criteria_id":8,"weight":0.50026636036222615899760057800449430942535400390625,"score":8.5,"contribution":4.2522999999999999687361196265555918216705322265625},{"criteria_id":9,"weight":0.299760295626083583808707544449134729802608489990234375,"score":9.0,"contribution":2.69779999999999997584154698415659368038177490234375},{"criteria_id":10,"weight":0.1999733440116903404604187244331114925444126129150390625,"score":9.0,"contribution":1.7998000000000000664357457935693673789501190185546875}] 
[2025-10-22 07:49:50] local.INFO: Hairstyle ID 41 (Crew Cut) => Total Score: 8.2499 [{"criteria_id":8,"weight":0.50026636036222615899760057800449430942535400390625,"score":8.0,"contribution":4.0021000000000004348521542851813137531280517578125},{"criteria_id":9,"weight":0.299760295626083583808707544449134729802608489990234375,"score":8.5,"contribution":2.5480000000000000426325641456060111522674560546875},{"criteria_id":10,"weight":0.1999733440116903404604187244331114925444126129150390625,"score":8.5,"contribution":1.6997999999999999776179038235568441450595855712890625}] 
[2025-10-22 07:49:50] local.INFO: Hairstyle ID 42 (Undercut) => Total Score: 8.2 [{"criteria_id":8,"weight":0.50026636036222615899760057800449430942535400390625,"score":8.0,"contribution":4.0021000000000004348521542851813137531280517578125},{"criteria_id":9,"weight":0.299760295626083583808707544449134729802608489990234375,"score":8.0,"contribution":2.398099999999999898392388786305673420429229736328125},{"criteria_id":10,"weight":0.1999733440116903404604187244331114925444126129150390625,"score":9.0,"contribution":1.7998000000000000664357457935693673789501190185546875}] 
[2025-10-22 07:49:50] local.INFO: Hairstyle ID 43 (Fringe) => Total Score: 8.2499 [{"criteria_id":8,"weight":0.50026636036222615899760057800449430942535400390625,"score":8.0,"contribution":4.0021000000000004348521542851813137531280517578125},{"criteria_id":9,"weight":0.299760295626083583808707544449134729802608489990234375,"score":8.5,"contribution":2.5480000000000000426325641456060111522674560546875},{"criteria_id":10,"weight":0.1999733440116903404604187244331114925444126129150390625,"score":8.5,"contribution":1.6997999999999999776179038235568441450595855712890625}] 
[2025-10-22 07:49:50] local.INFO: Hairstyle ID 44 (Caesar Cut) => Total Score: 8 [{"criteria_id":8,"weight":0.50026636036222615899760057800449430942535400390625,"score":8.0,"contribution":4.0021000000000004348521542851813137531280517578125},{"criteria_id":9,"weight":0.299760295626083583808707544449134729802608489990234375,"score":8.0,"contribution":2.398099999999999898392388786305673420429229736328125},{"criteria_id":10,"weight":0.1999733440116903404604187244331114925444126129150390625,"score":8.0,"contribution":1.5998000000000001108446667785756289958953857421875}] 
[2025-10-22 07:49:50] local.INFO: Hairstyle ID 45 (Side Swept Fringe) => Total Score: 8.2499 [{"criteria_id":8,"weight":0.50026636036222615899760057800449430942535400390625,"score":8.0,"contribution":4.0021000000000004348521542851813137531280517578125},{"criteria_id":9,"weight":0.299760295626083583808707544449134729802608489990234375,"score":8.5,"contribution":2.5480000000000000426325641456060111522674560546875},{"criteria_id":10,"weight":0.1999733440116903404604187244331114925444126129150390625,"score":8.5,"contribution":1.6997999999999999776179038235568441450595855712890625}] 
[2025-10-22 07:49:50] local.INFO: Hairstyle ID 46 (Long Fringe) => Total Score: 7.9098 [{"criteria_id":8,"weight":0.50026636036222615899760057800449430942535400390625,"score":7.5,"contribution":3.75199999999999977973175191436894237995147705078125},{"criteria_id":9,"weight":0.299760295626083583808707544449134729802608489990234375,"score":8.199999999999999289457264239899814128875732421875,"contribution":2.4580000000000001847411112976260483264923095703125},{"criteria_id":10,"weight":0.1999733440116903404604187244331114925444126129150390625,"score":8.5,"contribution":1.6997999999999999776179038235568441450595855712890625}] 
[2025-10-22 07:49:50] local.INFO: Hairstyle ID 47 (Textured Crop) => Total Score: 8.1999 [{"criteria_id":8,"weight":0.50026636036222615899760057800449430942535400390625,"score":8.0,"contribution":4.0021000000000004348521542851813137531280517578125},{"criteria_id":9,"weight":0.299760295626083583808707544449134729802608489990234375,"score":8.199999999999999289457264239899814128875732421875,"contribution":2.4580000000000001847411112976260483264923095703125},{"criteria_id":10,"weight":0.1999733440116903404604187244331114925444126129150390625,"score":8.699999999999999289457264239899814128875732421875,"contribution":1.7398000000000000131450406115618534386157989501953125}] 
[2025-10-22 07:49:50] local.INFO: Total hasil rekomendasi: 13  
[2025-10-22 07:49:58] local.WARNING: Failed to get recommendations {"booking_id":109,"error":"Method App\\Http\\Controllers\\BookingController::getServiceRecommendations does not exist."} 
[2025-10-22 07:49:58] local.INFO: Booking details viewed {"booking_id":109,"viewed_by":55,"user_role":"pelanggan","booking_status":"completed"} 
[2025-10-22 08:00:59] local.WARNING: Failed to get recommendations {"booking_id":108,"error":"Method App\\Http\\Controllers\\BookingController::getServiceRecommendations does not exist."} 
[2025-10-22 08:00:59] local.INFO: Booking details viewed {"booking_id":108,"viewed_by":55,"user_role":"pelanggan","booking_status":"completed"} 
[2025-10-22 08:01:02] local.WARNING: Failed to get recommendations {"booking_id":108,"error":"Method App\\Http\\Controllers\\BookingController::getServiceRecommendations does not exist."} 
[2025-10-22 08:01:02] local.INFO: Booking details viewed {"booking_id":108,"viewed_by":55,"user_role":"pelanggan","booking_status":"completed"} 
[2025-10-22 08:05:35] local.WARNING: Failed to get recommendations {"booking_id":108,"error":"Method App\\Http\\Controllers\\BookingController::getServiceRecommendations does not exist."} 
[2025-10-22 08:05:35] local.INFO: Booking details viewed {"booking_id":108,"viewed_by":55,"user_role":"pelanggan","booking_status":"completed"} 
[2025-10-22 08:05:37] local.WARNING: Failed to get recommendations {"booking_id":109,"error":"Method App\\Http\\Controllers\\BookingController::getServiceRecommendations does not exist."} 
[2025-10-22 08:05:37] local.INFO: Booking details viewed {"booking_id":109,"viewed_by":55,"user_role":"pelanggan","booking_status":"completed"} 
[2025-10-22 08:06:31] local.WARNING: Failed to get recommendations {"booking_id":108,"error":"Method App\\Http\\Controllers\\BookingController::getServiceRecommendations does not exist."} 
[2025-10-22 08:06:31] local.INFO: Booking details viewed {"booking_id":108,"viewed_by":55,"user_role":"pelanggan","booking_status":"completed"} 
[2025-10-22 08:19:02] local.INFO: User logout attempt {"user_id":55,"user_name":"Lisa Garcia","ip":"127.0.0.1","user_agent":"Mozilla/5.0 (Macintosh; Intel Mac OS X 10_15_7) AppleWebKit/537.36 (KHTML, like Gecko) Chrome/141.0.0.0 Safari/537.36"} 
[2025-10-22 08:19:02] local.INFO: User logout successful  
