[2025-10-23 02:28:58] local.INFO: User registration attempt {"email":"byzeqaxe@mailinator.com","name":"Ciara Buckley","ip":"127.0.0.1","user_agent":"Mozilla/5.0 (Macintosh; Intel Mac OS X 10_15_7) AppleWebKit/537.36 (KHTML, like Gecko) Chrome/141.0.0.0 Safari/537.36"} 
[2025-10-23 02:28:58] local.INFO: User registered successfully {"user_id":79,"email":"byzeqaxe@mailinator.com","name":"Ciara Buckley","role":"pelanggan","is_active":true,"ip":"127.0.0.1"} 
[2025-10-23 02:52:40] local.INFO: Input filter rekomendasi: {"bentuk_kepala":null,"tipe_rambut":null,"preferensi_gaya":null} 
[2025-10-23 02:52:40] local.INFO: Calculating AHP weights for 3 criteria.  
[2025-10-23 02:52:40] local.INFO: AHP Consistency Check: {"lambda_max":3.000000443557208296141425307723693549633026123046875,"CI":2.217786041480707126538618467748165130615234375e-7,"CR":3.8237690370357023804284528345487359501930768601596355438232421875e-7,"is_consistent":true} 
[2025-10-23 02:52:40] local.INFO: AHP Weights updated in DB: {"8":0.50026636036222615899760057800449430942535400390625,"9":0.299760295626083583808707544449134729802608489990234375,"10":0.1999733440116903404604187244331114925444126129150390625}  
[2025-10-23 02:52:40] local.INFO: AHP Consistency Ratio: 3.8237690370357E-7  
[2025-10-23 02:52:40] local.INFO: Initial hairstyle query built: select * from `hairstyles`  
[2025-10-23 02:52:40] local.INFO: Total hairstyles fetched for recommendation: 13  
[2025-10-23 02:52:40] local.INFO: Hairstyle ID 34 (French Crop) => Total Score: 8.1999 [{"criteria_id":8,"weight":0.50026636036222615899760057800449430942535400390625,"score":8.0,"contribution":4.0021000000000004348521542851813137531280517578125},{"criteria_id":9,"weight":0.299760295626083583808707544449134729802608489990234375,"score":8.199999999999999289457264239899814128875732421875,"contribution":2.4580000000000001847411112976260483264923095703125},{"criteria_id":10,"weight":0.1999733440116903404604187244331114925444126129150390625,"score":8.699999999999999289457264239899814128875732421875,"contribution":1.7398000000000000131450406115618534386157989501953125}] 
[2025-10-23 02:52:40] local.INFO: Hairstyle ID 36 (Side Part) => Total Score: 8.35 [{"criteria_id":8,"weight":0.50026636036222615899760057800449430942535400390625,"score":8.300000000000000710542735760100185871124267578125,"contribution":4.15219999999999966888708513579331338405609130859375},{"criteria_id":9,"weight":0.299760295626083583808707544449134729802608489990234375,"score":8.199999999999999289457264239899814128875732421875,"contribution":2.4580000000000001847411112976260483264923095703125},{"criteria_id":10,"weight":0.1999733440116903404604187244331114925444126129150390625,"score":8.699999999999999289457264239899814128875732421875,"contribution":1.7398000000000000131450406115618534386157989501953125}] 
[2025-10-23 02:52:40] local.INFO: Hairstyle ID 37 (Pompadour) => Total Score: 8.7 [{"criteria_id":8,"weight":0.50026636036222615899760057800449430942535400390625,"score":8.699999999999999289457264239899814128875732421875,"contribution":4.3522999999999996134647517465054988861083984375},{"criteria_id":9,"weight":0.299760295626083583808707544449134729802608489990234375,"score":8.5,"contribution":2.5480000000000000426325641456060111522674560546875},{"criteria_id":10,"weight":0.1999733440116903404604187244331114925444126129150390625,"score":9.0,"contribution":1.7998000000000000664357457935693673789501190185546875}] 
[2025-10-23 02:52:40] local.INFO: Hairstyle ID 38 (Quiff) => Total Score: 8.3499 [{"criteria_id":8,"weight":0.50026636036222615899760057800449430942535400390625,"score":8.0,"contribution":4.0021000000000004348521542851813137531280517578125},{"criteria_id":9,"weight":0.299760295626083583808707544449134729802608489990234375,"score":8.5,"contribution":2.5480000000000000426325641456060111522674560546875},{"criteria_id":10,"weight":0.1999733440116903404604187244331114925444126129150390625,"score":9.0,"contribution":1.7998000000000000664357457935693673789501190185546875}] 
[2025-10-23 02:52:40] local.INFO: Hairstyle ID 39 (Buzzcut) => Total Score: 8.0496 [{"criteria_id":8,"weight":0.50026636036222615899760057800449430942535400390625,"score":7.5,"contribution":3.75199999999999977973175191436894237995147705078125},{"criteria_id":9,"weight":0.299760295626083583808707544449134729802608489990234375,"score":9.0,"contribution":2.69779999999999997584154698415659368038177490234375},{"criteria_id":10,"weight":0.1999733440116903404604187244331114925444126129150390625,"score":8.0,"contribution":1.5998000000000001108446667785756289958953857421875}] 
[2025-10-23 02:52:40] local.INFO: Hairstyle ID 40 (Tapper Fade) => Total Score: 8.7499 [{"criteria_id":8,"weight":0.50026636036222615899760057800449430942535400390625,"score":8.5,"contribution":4.2522999999999999687361196265555918216705322265625},{"criteria_id":9,"weight":0.299760295626083583808707544449134729802608489990234375,"score":9.0,"contribution":2.69779999999999997584154698415659368038177490234375},{"criteria_id":10,"weight":0.1999733440116903404604187244331114925444126129150390625,"score":9.0,"contribution":1.7998000000000000664357457935693673789501190185546875}] 
[2025-10-23 02:52:40] local.INFO: Hairstyle ID 41 (Crew Cut) => Total Score: 8.2499 [{"criteria_id":8,"weight":0.50026636036222615899760057800449430942535400390625,"score":8.0,"contribution":4.0021000000000004348521542851813137531280517578125},{"criteria_id":9,"weight":0.299760295626083583808707544449134729802608489990234375,"score":8.5,"contribution":2.5480000000000000426325641456060111522674560546875},{"criteria_id":10,"weight":0.1999733440116903404604187244331114925444126129150390625,"score":8.5,"contribution":1.6997999999999999776179038235568441450595855712890625}] 
[2025-10-23 02:52:40] local.INFO: Hairstyle ID 42 (Undercut) => Total Score: 8.2 [{"criteria_id":8,"weight":0.50026636036222615899760057800449430942535400390625,"score":8.0,"contribution":4.0021000000000004348521542851813137531280517578125},{"criteria_id":9,"weight":0.299760295626083583808707544449134729802608489990234375,"score":8.0,"contribution":2.398099999999999898392388786305673420429229736328125},{"criteria_id":10,"weight":0.1999733440116903404604187244331114925444126129150390625,"score":9.0,"contribution":1.7998000000000000664357457935693673789501190185546875}] 
[2025-10-23 02:52:40] local.INFO: Hairstyle ID 43 (Fringe) => Total Score: 8.2499 [{"criteria_id":8,"weight":0.50026636036222615899760057800449430942535400390625,"score":8.0,"contribution":4.0021000000000004348521542851813137531280517578125},{"criteria_id":9,"weight":0.299760295626083583808707544449134729802608489990234375,"score":8.5,"contribution":2.5480000000000000426325641456060111522674560546875},{"criteria_id":10,"weight":0.1999733440116903404604187244331114925444126129150390625,"score":8.5,"contribution":1.6997999999999999776179038235568441450595855712890625}] 
[2025-10-23 02:52:40] local.INFO: Hairstyle ID 44 (Caesar Cut) => Total Score: 8 [{"criteria_id":8,"weight":0.50026636036222615899760057800449430942535400390625,"score":8.0,"contribution":4.0021000000000004348521542851813137531280517578125},{"criteria_id":9,"weight":0.299760295626083583808707544449134729802608489990234375,"score":8.0,"contribution":2.398099999999999898392388786305673420429229736328125},{"criteria_id":10,"weight":0.1999733440116903404604187244331114925444126129150390625,"score":8.0,"contribution":1.5998000000000001108446667785756289958953857421875}] 
[2025-10-23 02:52:40] local.INFO: Hairstyle ID 45 (Side Swept Fringe) => Total Score: 8.2499 [{"criteria_id":8,"weight":0.50026636036222615899760057800449430942535400390625,"score":8.0,"contribution":4.0021000000000004348521542851813137531280517578125},{"criteria_id":9,"weight":0.299760295626083583808707544449134729802608489990234375,"score":8.5,"contribution":2.5480000000000000426325641456060111522674560546875},{"criteria_id":10,"weight":0.1999733440116903404604187244331114925444126129150390625,"score":8.5,"contribution":1.6997999999999999776179038235568441450595855712890625}] 
[2025-10-23 02:52:40] local.INFO: Hairstyle ID 46 (Long Fringe) => Total Score: 7.9098 [{"criteria_id":8,"weight":0.50026636036222615899760057800449430942535400390625,"score":7.5,"contribution":3.75199999999999977973175191436894237995147705078125},{"criteria_id":9,"weight":0.299760295626083583808707544449134729802608489990234375,"score":8.199999999999999289457264239899814128875732421875,"contribution":2.4580000000000001847411112976260483264923095703125},{"criteria_id":10,"weight":0.1999733440116903404604187244331114925444126129150390625,"score":8.5,"contribution":1.6997999999999999776179038235568441450595855712890625}] 
[2025-10-23 02:52:40] local.INFO: Hairstyle ID 47 (Textured Crop) => Total Score: 8.1999 [{"criteria_id":8,"weight":0.50026636036222615899760057800449430942535400390625,"score":8.0,"contribution":4.0021000000000004348521542851813137531280517578125},{"criteria_id":9,"weight":0.299760295626083583808707544449134729802608489990234375,"score":8.199999999999999289457264239899814128875732421875,"contribution":2.4580000000000001847411112976260483264923095703125},{"criteria_id":10,"weight":0.1999733440116903404604187244331114925444126129150390625,"score":8.699999999999999289457264239899814128875732421875,"contribution":1.7398000000000000131450406115618534386157989501953125}] 
[2025-10-23 02:52:40] local.INFO: Total hasil rekomendasi: 13  
[2025-10-23 02:55:19] local.WARNING: BookingRequest validation failed {"user_id":79,"errors":{"date_time":["Tanggal dan waktu harus di masa depan."]},"input_data":{"name":"Cedric Cleveland","service_id":"8","hairstyle_id":"40","payment_method":"cash","date_time":"1990-02-25 16:20:00","description":"Sint eos sed possim"},"ip":"127.0.0.1","user_agent":"Mozilla/5.0 (Macintosh; Intel Mac OS X 10_15_7) AppleWebKit/537.36 (KHTML, like Gecko) Chrome/141.0.0.0 Safari/537.36"} 
[2025-10-23 02:55:25] local.WARNING: BookingRequest validation failed {"user_id":79,"errors":{"date_time":["Tanggal dan waktu harus di masa depan."]},"input_data":{"name":"Cedric Cleveland","service_id":"8","hairstyle_id":"40","payment_method":"cash","date_time":"1990-02-25 16:20:00","description":"Sint eos sed possim"},"ip":"127.0.0.1","user_agent":"Mozilla/5.0 (Macintosh; Intel Mac OS X 10_15_7) AppleWebKit/537.36 (KHTML, like Gecko) Chrome/141.0.0.0 Safari/537.36"} 
[2025-10-23 02:55:28] local.WARNING: BookingRequest validation failed {"user_id":79,"errors":{"date_time":["Tanggal dan waktu harus di masa depan."]},"input_data":{"name":"Cedric Cleveland","service_id":"8","hairstyle_id":"40","payment_method":"cash","date_time":"1990-02-25 16:20:00","description":"Sint eos sed possim"},"ip":"127.0.0.1","user_agent":"Mozilla/5.0 (Macintosh; Intel Mac OS X 10_15_7) AppleWebKit/537.36 (KHTML, like Gecko) Chrome/141.0.0.0 Safari/537.36"} 
[2025-10-23 02:55:54] local.INFO: BookingRequest business logic validation {"user_id":79,"requested_datetime":"2025-10-23 23:20:00","day_of_week":4,"hour":23,"service_id":"8"} 
[2025-10-23 02:55:54] local.WARNING: Booking attempt outside business hours {"user_id":79,"requested_hour":23,"business_hours":"09:00 - 21:00"} 
[2025-10-23 02:55:54] local.INFO: Late booking attempt - service might extend beyond hours {"user_id":79,"requested_hour":23,"service_id":"8"} 
[2025-10-23 02:55:54] local.ERROR: Business logic validation failed {"user_id":79,"errors":{"date_time":["Booking hanya dapat dilakukan antara jam 09:00 - 21:00."]},"category":"business_hours","datetime":"2025-10-23 23:20:00"} 
[2025-10-23 02:55:59] local.INFO: BookingRequest business logic validation {"user_id":79,"requested_datetime":"2025-10-23 23:20:00","day_of_week":4,"hour":23,"service_id":"8"} 
[2025-10-23 02:55:59] local.WARNING: Booking attempt outside business hours {"user_id":79,"requested_hour":23,"business_hours":"09:00 - 21:00"} 
[2025-10-23 02:55:59] local.INFO: Late booking attempt - service might extend beyond hours {"user_id":79,"requested_hour":23,"service_id":"8"} 
[2025-10-23 02:55:59] local.ERROR: Business logic validation failed {"user_id":79,"errors":{"date_time":["Booking hanya dapat dilakukan antara jam 09:00 - 21:00."]},"category":"business_hours","datetime":"2025-10-23 23:20:00"} 
[2025-10-23 02:56:05] local.INFO: BookingRequest business logic validation {"user_id":79,"requested_datetime":"2025-10-23 22:20:00","day_of_week":4,"hour":22,"service_id":"8"} 
[2025-10-23 02:56:05] local.WARNING: Booking attempt outside business hours {"user_id":79,"requested_hour":22,"business_hours":"09:00 - 21:00"} 
[2025-10-23 02:56:05] local.INFO: Late booking attempt - service might extend beyond hours {"user_id":79,"requested_hour":22,"service_id":"8"} 
[2025-10-23 02:56:05] local.ERROR: Business logic validation failed {"user_id":79,"errors":{"date_time":["Booking hanya dapat dilakukan antara jam 09:00 - 21:00."]},"category":"business_hours","datetime":"2025-10-23 22:20:00"} 
[2025-10-23 02:56:20] local.WARNING: BookingRequest validation failed {"user_id":79,"errors":{"payment_method":["Metode pembayaran wajib dipilih."]},"input_data":{"name":"Cedric Cleveland","service_id":"8","hairstyle_id":"40","payment_method":null,"date_time":"2025-10-23 22:20:00","description":"Sint eos sed possim"},"ip":"127.0.0.1","user_agent":"Mozilla/5.0 (Macintosh; Intel Mac OS X 10_15_7) AppleWebKit/537.36 (KHTML, like Gecko) Chrome/141.0.0.0 Safari/537.36"} 
[2025-10-23 02:57:20] local.INFO: BookingRequest business logic validation {"user_id":79,"requested_datetime":"2025-10-23 11:00:00","day_of_week":4,"hour":11,"service_id":"7"} 
[2025-10-23 02:57:20] local.INFO: BookingRequest validation passed {"user_id":79,"datetime":"2025-10-23 11:00:00"} 
[2025-10-23 02:57:20] local.INFO: Booking store attempt {"user_id":79,"validated_data":{"name":"Wendy Velez","service_id":"7","hairstyle_id":"44","description":"Ea aute tenetur id m","payment_method":"cash","date_time":"2025-10-23 11:00:00"},"ip":"127.0.0.1"} 
[2025-10-23 02:57:20] local.INFO: Booking creation attempt {"user_id":79,"service_id":"7","requested_datetime":"2025-10-23 11:00:00","service_duration":90,"payment_method":"cash"} 
[2025-10-23 02:57:20] local.INFO: Business hours check {"datetime":"2025-10-23 11:00:00","hour":11,"minute":0,"open_time":11,"close_time":22,"is_within_hours":true} 
[2025-10-23 02:57:20] local.INFO: Business hours check {"datetime":"2025-10-23 12:29:00","hour":12,"minute":29,"open_time":11,"close_time":22,"is_within_hours":true} 
[2025-10-23 02:57:20] local.INFO: Booking created successfully {"booking_id":110,"user_id":79,"queue_number":1,"datetime":"2025-10-23 11:00:00","service":"Complete Package","total_price":"85000.00","payment_method":"cash"} 
[2025-10-23 02:57:20] local.INFO: Booking created successfully {"booking_id":110,"user_id":79,"date_time":"2025-10-23 11:00:00","service_id":"7","queue_number":1} 
[2025-10-23 02:57:47] local.INFO: BookingRequest business logic validation {"user_id":79,"requested_datetime":"2025-10-23 11:00:00","day_of_week":4,"hour":11,"service_id":"7"} 
[2025-10-23 02:57:47] local.INFO: BookingRequest validation passed {"user_id":79,"datetime":"2025-10-23 11:00:00"} 
[2025-10-23 02:57:47] local.INFO: Booking store attempt {"user_id":79,"validated_data":{"name":"Dustin Randolph","service_id":"7","hairstyle_id":"46","description":"Exercitationem possi","payment_method":"cash","date_time":"2025-10-23 11:00:00"},"ip":"127.0.0.1"} 
[2025-10-23 02:57:47] local.INFO: Booking creation attempt {"user_id":79,"service_id":"7","requested_datetime":"2025-10-23 11:00:00","service_duration":90,"payment_method":"cash"} 
[2025-10-23 02:57:47] local.INFO: Business hours check {"datetime":"2025-10-23 11:00:00","hour":11,"minute":0,"open_time":11,"close_time":22,"is_within_hours":true} 
[2025-10-23 02:57:47] local.INFO: Business hours check {"datetime":"2025-10-23 12:29:00","hour":12,"minute":29,"open_time":11,"close_time":22,"is_within_hours":true} 
[2025-10-23 02:57:47] local.INFO: Business hours check {"datetime":"2025-10-23 11:00:00","hour":11,"minute":0,"open_time":11,"close_time":22,"is_within_hours":true} 
[2025-10-23 02:57:47] local.INFO: Business day check {"date":"2025-10-23","day_of_week":4,"day_name":"Thursday","is_business_day":true} 
[2025-10-23 02:57:47] local.INFO: Business hours check {"datetime":"2025-10-23 11:30:00","hour":11,"minute":30,"open_time":11,"close_time":22,"is_within_hours":true} 
[2025-10-23 02:57:47] local.INFO: Business day check {"date":"2025-10-23","day_of_week":4,"day_name":"Thursday","is_business_day":true} 
[2025-10-23 02:57:47] local.INFO: Business hours check {"datetime":"2025-10-23 12:00:00","hour":12,"minute":0,"open_time":11,"close_time":22,"is_within_hours":true} 
[2025-10-23 02:57:47] local.INFO: Business day check {"date":"2025-10-23","day_of_week":4,"day_name":"Thursday","is_business_day":true} 
[2025-10-23 02:57:47] local.INFO: Business hours check {"datetime":"2025-10-23 12:30:00","hour":12,"minute":30,"open_time":11,"close_time":22,"is_within_hours":true} 
[2025-10-23 02:57:47] local.INFO: Business day check {"date":"2025-10-23","day_of_week":4,"day_name":"Thursday","is_business_day":true} 
[2025-10-23 02:57:47] local.WARNING: Time slot not available {"requested_time":"2025-10-23 11:00:00","next_available":"2025-10-23 12:30:00"} 
[2025-10-23 02:57:47] local.ERROR: Booking creation failed {"user_id":79,"error":"Slot waktu tidak tersedia. Slot terdekat: 23/10/2025 12:30","code":409,"data":{"name":"Dustin Randolph","service_id":"7","hairstyle_id":"46","description":"Exercitationem possi","payment_method":"cash","date_time":"2025-10-23 11:00:00"},"trace":"#0 /Users/appkey/Desktop/agungappkey/tugas-akhir/app/Http/Controllers/BookingController.php(308): App\\Services\\BookingService->createBooking(Array)
#1 /Users/appkey/Desktop/agungappkey/tugas-akhir/vendor/laravel/framework/src/Illuminate/Routing/Controller.php(54): App\\Http\\Controllers\\BookingController->store(Object(App\\Http\\Requests\\BookingRequest))
#2 /Users/appkey/Desktop/agungappkey/tugas-akhir/vendor/laravel/framework/src/Illuminate/Routing/ControllerDispatcher.php(43): Illuminate\\Routing\\Controller->callAction('store', Array)
#3 /Users/appkey/Desktop/agungappkey/tugas-akhir/vendor/laravel/framework/src/Illuminate/Routing/Route.php(259): Illuminate\\Routing\\ControllerDispatcher->dispatch(Object(Illuminate\\Routing\\Route), Object(App\\Http\\Controllers\\BookingController), 'store')
#4 /Users/appkey/Desktop/agungappkey/tugas-akhir/vendor/laravel/framework/src/Illuminate/Routing/Route.php(205): Illuminate\\Routing\\Route->runController()
#5 /Users/appkey/Desktop/agungappkey/tugas-akhir/vendor/laravel/framework/src/Illuminate/Routing/Router.php(806): Illuminate\\Routing\\Route->run()
#6 /Users/appkey/Desktop/agungappkey/tugas-akhir/vendor/laravel/framework/src/Illuminate/Pipeline/Pipeline.php(144): Illuminate\\Routing\\Router->Illuminate\\Routing\\{closure}(Object(Illuminate\\Http\\Request))
#7 /Users/appkey/Desktop/agungappkey/tugas-akhir/vendor/spatie/laravel-permission/src/Middleware/RoleMiddleware.php(37): Illuminate\\Pipeline\\Pipeline->Illuminate\\Pipeline\\{closure}(Object(Illuminate\\Http\\Request))
#8 /Users/appkey/Desktop/agungappkey/tugas-akhir/vendor/laravel/framework/src/Illuminate/Pipeline/Pipeline.php(183): Spatie\\Permission\\Middleware\\RoleMiddleware->handle(Object(Illuminate\\Http\\Request), Object(Closure), 'pelanggan')
#9 /Users/appkey/Desktop/agungappkey/tugas-akhir/vendor/laravel/framework/src/Illuminate/Auth/Middleware/EnsureEmailIsVerified.php(41): Illuminate\\Pipeline\\Pipeline->Illuminate\\Pipeline\\{closure}(Object(Illuminate\\Http\\Request))
#10 /Users/appkey/Desktop/agungappkey/tugas-akhir/vendor/laravel/framework/src/Illuminate/Pipeline/Pipeline.php(183): Illuminate\\Auth\\Middleware\\EnsureEmailIsVerified->handle(Object(Illuminate\\Http\\Request), Object(Closure))
#11 /Users/appkey/Desktop/agungappkey/tugas-akhir/app/Http/Middleware/SetLocale.php(36): Illuminate\\Pipeline\\Pipeline->Illuminate\\Pipeline\\{closure}(Object(Illuminate\\Http\\Request))
#12 /Users/appkey/Desktop/agungappkey/tugas-akhir/vendor/laravel/framework/src/Illuminate/Pipeline/Pipeline.php(183): App\\Http\\Middleware\\SetLocale->handle(Object(Illuminate\\Http\\Request), Object(Closure))
#13 /Users/appkey/Desktop/agungappkey/tugas-akhir/vendor/laravel/framework/src/Illuminate/Routing/Middleware/SubstituteBindings.php(50): Illuminate\\Pipeline\\Pipeline->Illuminate\\Pipeline\\{closure}(Object(Illuminate\\Http\\Request))
#14 /Users/appkey/Desktop/agungappkey/tugas-akhir/vendor/laravel/framework/src/Illuminate/Pipeline/Pipeline.php(183): Illuminate\\Routing\\Middleware\\SubstituteBindings->handle(Object(Illuminate\\Http\\Request), Object(Closure))
#15 /Users/appkey/Desktop/agungappkey/tugas-akhir/vendor/laravel/framework/src/Illuminate/Auth/Middleware/Authenticate.php(57): Illuminate\\Pipeline\\Pipeline->Illuminate\\Pipeline\\{closure}(Object(Illuminate\\Http\\Request))
#16 /Users/appkey/Desktop/agungappkey/tugas-akhir/vendor/laravel/framework/src/Illuminate/Pipeline/Pipeline.php(183): Illuminate\\Auth\\Middleware\\Authenticate->handle(Object(Illuminate\\Http\\Request), Object(Closure))
#17 /Users/appkey/Desktop/agungappkey/tugas-akhir/vendor/laravel/framework/src/Illuminate/Foundation/Http/Middleware/VerifyCsrfToken.php(78): Illuminate\\Pipeline\\Pipeline->Illuminate\\Pipeline\\{closure}(Object(Illuminate\\Http\\Request))
#18 /Users/appkey/Desktop/agungappkey/tugas-akhir/vendor/laravel/framework/src/Illuminate/Pipeline/Pipeline.php(183): Illuminate\\Foundation\\Http\\Middleware\\VerifyCsrfToken->handle(Object(Illuminate\\Http\\Request), Object(Closure))
#19 /Users/appkey/Desktop/agungappkey/tugas-akhir/vendor/laravel/framework/src/Illuminate/View/Middleware/ShareErrorsFromSession.php(49): Illuminate\\Pipeline\\Pipeline->Illuminate\\Pipeline\\{closure}(Object(Illuminate\\Http\\Request))
#20 /Users/appkey/Desktop/agungappkey/tugas-akhir/vendor/laravel/framework/src/Illuminate/Pipeline/Pipeline.php(183): Illuminate\\View\\Middleware\\ShareErrorsFromSession->handle(Object(Illuminate\\Http\\Request), Object(Closure))
#21 /Users/appkey/Desktop/agungappkey/tugas-akhir/vendor/laravel/framework/src/Illuminate/Session/Middleware/StartSession.php(121): Illuminate\\Pipeline\\Pipeline->Illuminate\\Pipeline\\{closure}(Object(Illuminate\\Http\\Request))
#22 /Users/appkey/Desktop/agungappkey/tugas-akhir/vendor/laravel/framework/src/Illuminate/Session/Middleware/StartSession.php(64): Illuminate\\Session\\Middleware\\StartSession->handleStatefulRequest(Object(Illuminate\\Http\\Request), Object(Illuminate\\Session\\Store), Object(Closure))
#23 /Users/appkey/Desktop/agungappkey/tugas-akhir/vendor/laravel/framework/src/Illuminate/Pipeline/Pipeline.php(183): Illuminate\\Session\\Middleware\\StartSession->handle(Object(Illuminate\\Http\\Request), Object(Closure))
#24 /Users/appkey/Desktop/agungappkey/tugas-akhir/vendor/laravel/framework/src/Illuminate/Cookie/Middleware/AddQueuedCookiesToResponse.php(37): Illuminate\\Pipeline\\Pipeline->Illuminate\\Pipeline\\{closure}(Object(Illuminate\\Http\\Request))
#25 /Users/appkey/Desktop/agungappkey/tugas-akhir/vendor/laravel/framework/src/Illuminate/Pipeline/Pipeline.php(183): Illuminate\\Cookie\\Middleware\\AddQueuedCookiesToResponse->handle(Object(Illuminate\\Http\\Request), Object(Closure))
#26 /Users/appkey/Desktop/agungappkey/tugas-akhir/vendor/laravel/framework/src/Illuminate/Cookie/Middleware/EncryptCookies.php(67): Illuminate\\Pipeline\\Pipeline->Illuminate\\Pipeline\\{closure}(Object(Illuminate\\Http\\Request))
#27 /Users/appkey/Desktop/agungappkey/tugas-akhir/vendor/laravel/framework/src/Illuminate/Pipeline/Pipeline.php(183): Illuminate\\Cookie\\Middleware\\EncryptCookies->handle(Object(Illuminate\\Http\\Request), Object(Closure))
#28 /Users/appkey/Desktop/agungappkey/tugas-akhir/vendor/laravel/framework/src/Illuminate/Pipeline/Pipeline.php(119): Illuminate\\Pipeline\\Pipeline->Illuminate\\Pipeline\\{closure}(Object(Illuminate\\Http\\Request))
#29 /Users/appkey/Desktop/agungappkey/tugas-akhir/vendor/laravel/framework/src/Illuminate/Routing/Router.php(805): Illuminate\\Pipeline\\Pipeline->then(Object(Closure))
#30 /Users/appkey/Desktop/agungappkey/tugas-akhir/vendor/laravel/framework/src/Illuminate/Routing/Router.php(784): Illuminate\\Routing\\Router->runRouteWithinStack(Object(Illuminate\\Routing\\Route), Object(Illuminate\\Http\\Request))
#31 /Users/appkey/Desktop/agungappkey/tugas-akhir/vendor/laravel/framework/src/Illuminate/Routing/Router.php(748): Illuminate\\Routing\\Router->runRoute(Object(Illuminate\\Http\\Request), Object(Illuminate\\Routing\\Route))
#32 /Users/appkey/Desktop/agungappkey/tugas-akhir/vendor/laravel/framework/src/Illuminate/Routing/Router.php(737): Illuminate\\Routing\\Router->dispatchToRoute(Object(Illuminate\\Http\\Request))
#33 /Users/appkey/Desktop/agungappkey/tugas-akhir/vendor/laravel/framework/src/Illuminate/Foundation/Http/Kernel.php(200): Illuminate\\Routing\\Router->dispatch(Object(Illuminate\\Http\\Request))
#34 /Users/appkey/Desktop/agungappkey/tugas-akhir/vendor/laravel/framework/src/Illuminate/Pipeline/Pipeline.php(144): Illuminate\\Foundation\\Http\\Kernel->Illuminate\\Foundation\\Http\\{closure}(Object(Illuminate\\Http\\Request))
#35 /Users/appkey/Desktop/agungappkey/tugas-akhir/vendor/laravel/framework/src/Illuminate/Foundation/Http/Middleware/TransformsRequest.php(21): Illuminate\\Pipeline\\Pipeline->Illuminate\\Pipeline\\{closure}(Object(Illuminate\\Http\\Request))
#36 /Users/appkey/Desktop/agungappkey/tugas-akhir/vendor/laravel/framework/src/Illuminate/Foundation/Http/Middleware/ConvertEmptyStringsToNull.php(31): Illuminate\\Foundation\\Http\\Middleware\\TransformsRequest->handle(Object(Illuminate\\Http\\Request), Object(Closure))
#37 /Users/appkey/Desktop/agungappkey/tugas-akhir/vendor/laravel/framework/src/Illuminate/Pipeline/Pipeline.php(183): Illuminate\\Foundation\\Http\\Middleware\\ConvertEmptyStringsToNull->handle(Object(Illuminate\\Http\\Request), Object(Closure))
#38 /Users/appkey/Desktop/agungappkey/tugas-akhir/vendor/laravel/framework/src/Illuminate/Foundation/Http/Middleware/TransformsRequest.php(21): Illuminate\\Pipeline\\Pipeline->Illuminate\\Pipeline\\{closure}(Object(Illuminate\\Http\\Request))
#39 /Users/appkey/Desktop/agungappkey/tugas-akhir/vendor/laravel/framework/src/Illuminate/Foundation/Http/Middleware/TrimStrings.php(40): Illuminate\\Foundation\\Http\\Middleware\\TransformsRequest->handle(Object(Illuminate\\Http\\Request), Object(Closure))
#40 /Users/appkey/Desktop/agungappkey/tugas-akhir/vendor/laravel/framework/src/Illuminate/Pipeline/Pipeline.php(183): Illuminate\\Foundation\\Http\\Middleware\\TrimStrings->handle(Object(Illuminate\\Http\\Request), Object(Closure))
#41 /Users/appkey/Desktop/agungappkey/tugas-akhir/vendor/laravel/framework/src/Illuminate/Foundation/Http/Middleware/ValidatePostSize.php(27): Illuminate\\Pipeline\\Pipeline->Illuminate\\Pipeline\\{closure}(Object(Illuminate\\Http\\Request))
#42 /Users/appkey/Desktop/agungappkey/tugas-akhir/vendor/laravel/framework/src/Illuminate/Pipeline/Pipeline.php(183): Illuminate\\Foundation\\Http\\Middleware\\ValidatePostSize->handle(Object(Illuminate\\Http\\Request), Object(Closure))
#43 /Users/appkey/Desktop/agungappkey/tugas-akhir/vendor/laravel/framework/src/Illuminate/Foundation/Http/Middleware/PreventRequestsDuringMaintenance.php(99): Illuminate\\Pipeline\\Pipeline->Illuminate\\Pipeline\\{closure}(Object(Illuminate\\Http\\Request))
#44 /Users/appkey/Desktop/agungappkey/tugas-akhir/vendor/laravel/framework/src/Illuminate/Pipeline/Pipeline.php(183): Illuminate\\Foundation\\Http\\Middleware\\PreventRequestsDuringMaintenance->handle(Object(Illuminate\\Http\\Request), Object(Closure))
#45 /Users/appkey/Desktop/agungappkey/tugas-akhir/vendor/laravel/framework/src/Illuminate/Http/Middleware/HandleCors.php(49): Illuminate\\Pipeline\\Pipeline->Illuminate\\Pipeline\\{closure}(Object(Illuminate\\Http\\Request))
#46 /Users/appkey/Desktop/agungappkey/tugas-akhir/vendor/laravel/framework/src/Illuminate/Pipeline/Pipeline.php(183): Illuminate\\Http\\Middleware\\HandleCors->handle(Object(Illuminate\\Http\\Request), Object(Closure))
#47 /Users/appkey/Desktop/agungappkey/tugas-akhir/vendor/laravel/framework/src/Illuminate/Http/Middleware/TrustProxies.php(39): Illuminate\\Pipeline\\Pipeline->Illuminate\\Pipeline\\{closure}(Object(Illuminate\\Http\\Request))
#48 /Users/appkey/Desktop/agungappkey/tugas-akhir/vendor/laravel/framework/src/Illuminate/Pipeline/Pipeline.php(183): Illuminate\\Http\\Middleware\\TrustProxies->handle(Object(Illuminate\\Http\\Request), Object(Closure))
#49 /Users/appkey/Desktop/agungappkey/tugas-akhir/vendor/laravel/framework/src/Illuminate/Pipeline/Pipeline.php(119): Illuminate\\Pipeline\\Pipeline->Illuminate\\Pipeline\\{closure}(Object(Illuminate\\Http\\Request))
#50 /Users/appkey/Desktop/agungappkey/tugas-akhir/vendor/laravel/framework/src/Illuminate/Foundation/Http/Kernel.php(175): Illuminate\\Pipeline\\Pipeline->then(Object(Closure))
#51 /Users/appkey/Desktop/agungappkey/tugas-akhir/vendor/laravel/framework/src/Illuminate/Foundation/Http/Kernel.php(144): Illuminate\\Foundation\\Http\\Kernel->sendRequestThroughRouter(Object(Illuminate\\Http\\Request))
#52 /Users/appkey/Desktop/agungappkey/tugas-akhir/public/index.php(51): Illuminate\\Foundation\\Http\\Kernel->handle(Object(Illuminate\\Http\\Request))
#53 /Users/appkey/Desktop/agungappkey/tugas-akhir/vendor/laravel/framework/src/Illuminate/Foundation/resources/server.php(16): require_once('/Users/appkey/D...')
#54 {main}"} 
[2025-10-23 02:57:47] local.ERROR: Error creating booking {"error_message":"Slot waktu tidak tersedia. Slot terdekat: 23/10/2025 12:30","error_code":409,"user_id":79,"request_data":{"_token":"40tHvDvdwHAd2qzZIWwAu025osXylxAQX8OIwlqs","name":"Dustin Randolph","service_id":"7","hairstyle_id":"46","payment_method":"cash","date_time":"2025-10-23 11:00:00","description":"Exercitationem possi"},"ip":"127.0.0.1","trace":"#0 /Users/appkey/Desktop/agungappkey/tugas-akhir/app/Http/Controllers/BookingController.php(308): App\\Services\\BookingService->createBooking(Array)
#1 /Users/appkey/Desktop/agungappkey/tugas-akhir/vendor/laravel/framework/src/Illuminate/Routing/Controller.php(54): App\\Http\\Controllers\\BookingController->store(Object(App\\Http\\Requests\\BookingRequest))
#2 /Users/appkey/Desktop/agungappkey/tugas-akhir/vendor/laravel/framework/src/Illuminate/Routing/ControllerDispatcher.php(43): Illuminate\\Routing\\Controller->callAction('store', Array)
#3 /Users/appkey/Desktop/agungappkey/tugas-akhir/vendor/laravel/framework/src/Illuminate/Routing/Route.php(259): Illuminate\\Routing\\ControllerDispatcher->dispatch(Object(Illuminate\\Routing\\Route), Object(App\\Http\\Controllers\\BookingController), 'store')
#4 /Users/appkey/Desktop/agungappkey/tugas-akhir/vendor/laravel/framework/src/Illuminate/Routing/Route.php(205): Illuminate\\Routing\\Route->runController()
#5 /Users/appkey/Desktop/agungappkey/tugas-akhir/vendor/laravel/framework/src/Illuminate/Routing/Router.php(806): Illuminate\\Routing\\Route->run()
#6 /Users/appkey/Desktop/agungappkey/tugas-akhir/vendor/laravel/framework/src/Illuminate/Pipeline/Pipeline.php(144): Illuminate\\Routing\\Router->Illuminate\\Routing\\{closure}(Object(Illuminate\\Http\\Request))
#7 /Users/appkey/Desktop/agungappkey/tugas-akhir/vendor/spatie/laravel-permission/src/Middleware/RoleMiddleware.php(37): Illuminate\\Pipeline\\Pipeline->Illuminate\\Pipeline\\{closure}(Object(Illuminate\\Http\\Request))
#8 /Users/appkey/Desktop/agungappkey/tugas-akhir/vendor/laravel/framework/src/Illuminate/Pipeline/Pipeline.php(183): Spatie\\Permission\\Middleware\\RoleMiddleware->handle(Object(Illuminate\\Http\\Request), Object(Closure), 'pelanggan')
#9 /Users/appkey/Desktop/agungappkey/tugas-akhir/vendor/laravel/framework/src/Illuminate/Auth/Middleware/EnsureEmailIsVerified.php(41): Illuminate\\Pipeline\\Pipeline->Illuminate\\Pipeline\\{closure}(Object(Illuminate\\Http\\Request))
#10 /Users/appkey/Desktop/agungappkey/tugas-akhir/vendor/laravel/framework/src/Illuminate/Pipeline/Pipeline.php(183): Illuminate\\Auth\\Middleware\\EnsureEmailIsVerified->handle(Object(Illuminate\\Http\\Request), Object(Closure))
#11 /Users/appkey/Desktop/agungappkey/tugas-akhir/app/Http/Middleware/SetLocale.php(36): Illuminate\\Pipeline\\Pipeline->Illuminate\\Pipeline\\{closure}(Object(Illuminate\\Http\\Request))
#12 /Users/appkey/Desktop/agungappkey/tugas-akhir/vendor/laravel/framework/src/Illuminate/Pipeline/Pipeline.php(183): App\\Http\\Middleware\\SetLocale->handle(Object(Illuminate\\Http\\Request), Object(Closure))
#13 /Users/appkey/Desktop/agungappkey/tugas-akhir/vendor/laravel/framework/src/Illuminate/Routing/Middleware/SubstituteBindings.php(50): Illuminate\\Pipeline\\Pipeline->Illuminate\\Pipeline\\{closure}(Object(Illuminate\\Http\\Request))
#14 /Users/appkey/Desktop/agungappkey/tugas-akhir/vendor/laravel/framework/src/Illuminate/Pipeline/Pipeline.php(183): Illuminate\\Routing\\Middleware\\SubstituteBindings->handle(Object(Illuminate\\Http\\Request), Object(Closure))
#15 /Users/appkey/Desktop/agungappkey/tugas-akhir/vendor/laravel/framework/src/Illuminate/Auth/Middleware/Authenticate.php(57): Illuminate\\Pipeline\\Pipeline->Illuminate\\Pipeline\\{closure}(Object(Illuminate\\Http\\Request))
#16 /Users/appkey/Desktop/agungappkey/tugas-akhir/vendor/laravel/framework/src/Illuminate/Pipeline/Pipeline.php(183): Illuminate\\Auth\\Middleware\\Authenticate->handle(Object(Illuminate\\Http\\Request), Object(Closure))
#17 /Users/appkey/Desktop/agungappkey/tugas-akhir/vendor/laravel/framework/src/Illuminate/Foundation/Http/Middleware/VerifyCsrfToken.php(78): Illuminate\\Pipeline\\Pipeline->Illuminate\\Pipeline\\{closure}(Object(Illuminate\\Http\\Request))
#18 /Users/appkey/Desktop/agungappkey/tugas-akhir/vendor/laravel/framework/src/Illuminate/Pipeline/Pipeline.php(183): Illuminate\\Foundation\\Http\\Middleware\\VerifyCsrfToken->handle(Object(Illuminate\\Http\\Request), Object(Closure))
#19 /Users/appkey/Desktop/agungappkey/tugas-akhir/vendor/laravel/framework/src/Illuminate/View/Middleware/ShareErrorsFromSession.php(49): Illuminate\\Pipeline\\Pipeline->Illuminate\\Pipeline\\{closure}(Object(Illuminate\\Http\\Request))
#20 /Users/appkey/Desktop/agungappkey/tugas-akhir/vendor/laravel/framework/src/Illuminate/Pipeline/Pipeline.php(183): Illuminate\\View\\Middleware\\ShareErrorsFromSession->handle(Object(Illuminate\\Http\\Request), Object(Closure))
#21 /Users/appkey/Desktop/agungappkey/tugas-akhir/vendor/laravel/framework/src/Illuminate/Session/Middleware/StartSession.php(121): Illuminate\\Pipeline\\Pipeline->Illuminate\\Pipeline\\{closure}(Object(Illuminate\\Http\\Request))
#22 /Users/appkey/Desktop/agungappkey/tugas-akhir/vendor/laravel/framework/src/Illuminate/Session/Middleware/StartSession.php(64): Illuminate\\Session\\Middleware\\StartSession->handleStatefulRequest(Object(Illuminate\\Http\\Request), Object(Illuminate\\Session\\Store), Object(Closure))
#23 /Users/appkey/Desktop/agungappkey/tugas-akhir/vendor/laravel/framework/src/Illuminate/Pipeline/Pipeline.php(183): Illuminate\\Session\\Middleware\\StartSession->handle(Object(Illuminate\\Http\\Request), Object(Closure))
#24 /Users/appkey/Desktop/agungappkey/tugas-akhir/vendor/laravel/framework/src/Illuminate/Cookie/Middleware/AddQueuedCookiesToResponse.php(37): Illuminate\\Pipeline\\Pipeline->Illuminate\\Pipeline\\{closure}(Object(Illuminate\\Http\\Request))
#25 /Users/appkey/Desktop/agungappkey/tugas-akhir/vendor/laravel/framework/src/Illuminate/Pipeline/Pipeline.php(183): Illuminate\\Cookie\\Middleware\\AddQueuedCookiesToResponse->handle(Object(Illuminate\\Http\\Request), Object(Closure))
#26 /Users/appkey/Desktop/agungappkey/tugas-akhir/vendor/laravel/framework/src/Illuminate/Cookie/Middleware/EncryptCookies.php(67): Illuminate\\Pipeline\\Pipeline->Illuminate\\Pipeline\\{closure}(Object(Illuminate\\Http\\Request))
#27 /Users/appkey/Desktop/agungappkey/tugas-akhir/vendor/laravel/framework/src/Illuminate/Pipeline/Pipeline.php(183): Illuminate\\Cookie\\Middleware\\EncryptCookies->handle(Object(Illuminate\\Http\\Request), Object(Closure))
#28 /Users/appkey/Desktop/agungappkey/tugas-akhir/vendor/laravel/framework/src/Illuminate/Pipeline/Pipeline.php(119): Illuminate\\Pipeline\\Pipeline->Illuminate\\Pipeline\\{closure}(Object(Illuminate\\Http\\Request))
#29 /Users/appkey/Desktop/agungappkey/tugas-akhir/vendor/laravel/framework/src/Illuminate/Routing/Router.php(805): Illuminate\\Pipeline\\Pipeline->then(Object(Closure))
#30 /Users/appkey/Desktop/agungappkey/tugas-akhir/vendor/laravel/framework/src/Illuminate/Routing/Router.php(784): Illuminate\\Routing\\Router->runRouteWithinStack(Object(Illuminate\\Routing\\Route), Object(Illuminate\\Http\\Request))
#31 /Users/appkey/Desktop/agungappkey/tugas-akhir/vendor/laravel/framework/src/Illuminate/Routing/Router.php(748): Illuminate\\Routing\\Router->runRoute(Object(Illuminate\\Http\\Request), Object(Illuminate\\Routing\\Route))
#32 /Users/appkey/Desktop/agungappkey/tugas-akhir/vendor/laravel/framework/src/Illuminate/Routing/Router.php(737): Illuminate\\Routing\\Router->dispatchToRoute(Object(Illuminate\\Http\\Request))
#33 /Users/appkey/Desktop/agungappkey/tugas-akhir/vendor/laravel/framework/src/Illuminate/Foundation/Http/Kernel.php(200): Illuminate\\Routing\\Router->dispatch(Object(Illuminate\\Http\\Request))
#34 /Users/appkey/Desktop/agungappkey/tugas-akhir/vendor/laravel/framework/src/Illuminate/Pipeline/Pipeline.php(144): Illuminate\\Foundation\\Http\\Kernel->Illuminate\\Foundation\\Http\\{closure}(Object(Illuminate\\Http\\Request))
#35 /Users/appkey/Desktop/agungappkey/tugas-akhir/vendor/laravel/framework/src/Illuminate/Foundation/Http/Middleware/TransformsRequest.php(21): Illuminate\\Pipeline\\Pipeline->Illuminate\\Pipeline\\{closure}(Object(Illuminate\\Http\\Request))
#36 /Users/appkey/Desktop/agungappkey/tugas-akhir/vendor/laravel/framework/src/Illuminate/Foundation/Http/Middleware/ConvertEmptyStringsToNull.php(31): Illuminate\\Foundation\\Http\\Middleware\\TransformsRequest->handle(Object(Illuminate\\Http\\Request), Object(Closure))
#37 /Users/appkey/Desktop/agungappkey/tugas-akhir/vendor/laravel/framework/src/Illuminate/Pipeline/Pipeline.php(183): Illuminate\\Foundation\\Http\\Middleware\\ConvertEmptyStringsToNull->handle(Object(Illuminate\\Http\\Request), Object(Closure))
#38 /Users/appkey/Desktop/agungappkey/tugas-akhir/vendor/laravel/framework/src/Illuminate/Foundation/Http/Middleware/TransformsRequest.php(21): Illuminate\\Pipeline\\Pipeline->Illuminate\\Pipeline\\{closure}(Object(Illuminate\\Http\\Request))
#39 /Users/appkey/Desktop/agungappkey/tugas-akhir/vendor/laravel/framework/src/Illuminate/Foundation/Http/Middleware/TrimStrings.php(40): Illuminate\\Foundation\\Http\\Middleware\\TransformsRequest->handle(Object(Illuminate\\Http\\Request), Object(Closure))
#40 /Users/appkey/Desktop/agungappkey/tugas-akhir/vendor/laravel/framework/src/Illuminate/Pipeline/Pipeline.php(183): Illuminate\\Foundation\\Http\\Middleware\\TrimStrings->handle(Object(Illuminate\\Http\\Request), Object(Closure))
#41 /Users/appkey/Desktop/agungappkey/tugas-akhir/vendor/laravel/framework/src/Illuminate/Foundation/Http/Middleware/ValidatePostSize.php(27): Illuminate\\Pipeline\\Pipeline->Illuminate\\Pipeline\\{closure}(Object(Illuminate\\Http\\Request))
#42 /Users/appkey/Desktop/agungappkey/tugas-akhir/vendor/laravel/framework/src/Illuminate/Pipeline/Pipeline.php(183): Illuminate\\Foundation\\Http\\Middleware\\ValidatePostSize->handle(Object(Illuminate\\Http\\Request), Object(Closure))
#43 /Users/appkey/Desktop/agungappkey/tugas-akhir/vendor/laravel/framework/src/Illuminate/Foundation/Http/Middleware/PreventRequestsDuringMaintenance.php(99): Illuminate\\Pipeline\\Pipeline->Illuminate\\Pipeline\\{closure}(Object(Illuminate\\Http\\Request))
#44 /Users/appkey/Desktop/agungappkey/tugas-akhir/vendor/laravel/framework/src/Illuminate/Pipeline/Pipeline.php(183): Illuminate\\Foundation\\Http\\Middleware\\PreventRequestsDuringMaintenance->handle(Object(Illuminate\\Http\\Request), Object(Closure))
#45 /Users/appkey/Desktop/agungappkey/tugas-akhir/vendor/laravel/framework/src/Illuminate/Http/Middleware/HandleCors.php(49): Illuminate\\Pipeline\\Pipeline->Illuminate\\Pipeline\\{closure}(Object(Illuminate\\Http\\Request))
#46 /Users/appkey/Desktop/agungappkey/tugas-akhir/vendor/laravel/framework/src/Illuminate/Pipeline/Pipeline.php(183): Illuminate\\Http\\Middleware\\HandleCors->handle(Object(Illuminate\\Http\\Request), Object(Closure))
#47 /Users/appkey/Desktop/agungappkey/tugas-akhir/vendor/laravel/framework/src/Illuminate/Http/Middleware/TrustProxies.php(39): Illuminate\\Pipeline\\Pipeline->Illuminate\\Pipeline\\{closure}(Object(Illuminate\\Http\\Request))
#48 /Users/appkey/Desktop/agungappkey/tugas-akhir/vendor/laravel/framework/src/Illuminate/Pipeline/Pipeline.php(183): Illuminate\\Http\\Middleware\\TrustProxies->handle(Object(Illuminate\\Http\\Request), Object(Closure))
#49 /Users/appkey/Desktop/agungappkey/tugas-akhir/vendor/laravel/framework/src/Illuminate/Pipeline/Pipeline.php(119): Illuminate\\Pipeline\\Pipeline->Illuminate\\Pipeline\\{closure}(Object(Illuminate\\Http\\Request))
#50 /Users/appkey/Desktop/agungappkey/tugas-akhir/vendor/laravel/framework/src/Illuminate/Foundation/Http/Kernel.php(175): Illuminate\\Pipeline\\Pipeline->then(Object(Closure))
#51 /Users/appkey/Desktop/agungappkey/tugas-akhir/vendor/laravel/framework/src/Illuminate/Foundation/Http/Kernel.php(144): Illuminate\\Foundation\\Http\\Kernel->sendRequestThroughRouter(Object(Illuminate\\Http\\Request))
#52 /Users/appkey/Desktop/agungappkey/tugas-akhir/public/index.php(51): Illuminate\\Foundation\\Http\\Kernel->handle(Object(Illuminate\\Http\\Request))
#53 /Users/appkey/Desktop/agungappkey/tugas-akhir/vendor/laravel/framework/src/Illuminate/Foundation/resources/server.php(16): require_once('/Users/appkey/D...')
#54 {main}"} 
[2025-10-23 02:58:01] local.INFO: BookingRequest business logic validation {"user_id":79,"requested_datetime":"2025-10-23 11:00:00","day_of_week":4,"hour":11,"service_id":"7"} 
[2025-10-23 02:58:01] local.INFO: BookingRequest validation passed {"user_id":79,"datetime":"2025-10-23 11:00:00"} 
[2025-10-23 02:58:01] local.INFO: Booking store attempt {"user_id":79,"validated_data":{"name":"Dustin Randolph","service_id":"7","hairstyle_id":"46","description":"Exercitationem possi","payment_method":"cash","date_time":"2025-10-23 11:00:00"},"ip":"127.0.0.1"} 
[2025-10-23 02:58:01] local.INFO: Booking creation attempt {"user_id":79,"service_id":"7","requested_datetime":"2025-10-23 11:00:00","service_duration":90,"payment_method":"cash"} 
[2025-10-23 02:58:01] local.INFO: Business hours check {"datetime":"2025-10-23 11:00:00","hour":11,"minute":0,"open_time":11,"close_time":22,"is_within_hours":true} 
[2025-10-23 02:58:01] local.INFO: Business hours check {"datetime":"2025-10-23 12:29:00","hour":12,"minute":29,"open_time":11,"close_time":22,"is_within_hours":true} 
[2025-10-23 02:58:01] local.INFO: Business hours check {"datetime":"2025-10-23 11:00:00","hour":11,"minute":0,"open_time":11,"close_time":22,"is_within_hours":true} 
[2025-10-23 02:58:01] local.INFO: Business day check {"date":"2025-10-23","day_of_week":4,"day_name":"Thursday","is_business_day":true} 
[2025-10-23 02:58:01] local.INFO: Business hours check {"datetime":"2025-10-23 11:30:00","hour":11,"minute":30,"open_time":11,"close_time":22,"is_within_hours":true} 
[2025-10-23 02:58:01] local.INFO: Business day check {"date":"2025-10-23","day_of_week":4,"day_name":"Thursday","is_business_day":true} 
[2025-10-23 02:58:01] local.INFO: Business hours check {"datetime":"2025-10-23 12:00:00","hour":12,"minute":0,"open_time":11,"close_time":22,"is_within_hours":true} 
[2025-10-23 02:58:01] local.INFO: Business day check {"date":"2025-10-23","day_of_week":4,"day_name":"Thursday","is_business_day":true} 
[2025-10-23 02:58:01] local.INFO: Business hours check {"datetime":"2025-10-23 12:30:00","hour":12,"minute":30,"open_time":11,"close_time":22,"is_within_hours":true} 
[2025-10-23 02:58:01] local.INFO: Business day check {"date":"2025-10-23","day_of_week":4,"day_name":"Thursday","is_business_day":true} 
[2025-10-23 02:58:01] local.WARNING: Time slot not available {"requested_time":"2025-10-23 11:00:00","next_available":"2025-10-23 12:30:00"} 
[2025-10-23 02:58:01] local.ERROR: Booking creation failed {"user_id":79,"error":"Slot waktu tidak tersedia. Slot terdekat: 23/10/2025 12:30","code":409,"data":{"name":"Dustin Randolph","service_id":"7","hairstyle_id":"46","description":"Exercitationem possi","payment_method":"cash","date_time":"2025-10-23 11:00:00"},"trace":"#0 /Users/appkey/Desktop/agungappkey/tugas-akhir/app/Http/Controllers/BookingController.php(308): App\\Services\\BookingService->createBooking(Array)
#1 /Users/appkey/Desktop/agungappkey/tugas-akhir/vendor/laravel/framework/src/Illuminate/Routing/Controller.php(54): App\\Http\\Controllers\\BookingController->store(Object(App\\Http\\Requests\\BookingRequest))
#2 /Users/appkey/Desktop/agungappkey/tugas-akhir/vendor/laravel/framework/src/Illuminate/Routing/ControllerDispatcher.php(43): Illuminate\\Routing\\Controller->callAction('store', Array)
#3 /Users/appkey/Desktop/agungappkey/tugas-akhir/vendor/laravel/framework/src/Illuminate/Routing/Route.php(259): Illuminate\\Routing\\ControllerDispatcher->dispatch(Object(Illuminate\\Routing\\Route), Object(App\\Http\\Controllers\\BookingController), 'store')
#4 /Users/appkey/Desktop/agungappkey/tugas-akhir/vendor/laravel/framework/src/Illuminate/Routing/Route.php(205): Illuminate\\Routing\\Route->runController()
#5 /Users/appkey/Desktop/agungappkey/tugas-akhir/vendor/laravel/framework/src/Illuminate/Routing/Router.php(806): Illuminate\\Routing\\Route->run()
#6 /Users/appkey/Desktop/agungappkey/tugas-akhir/vendor/laravel/framework/src/Illuminate/Pipeline/Pipeline.php(144): Illuminate\\Routing\\Router->Illuminate\\Routing\\{closure}(Object(Illuminate\\Http\\Request))
#7 /Users/appkey/Desktop/agungappkey/tugas-akhir/vendor/spatie/laravel-permission/src/Middleware/RoleMiddleware.php(37): Illuminate\\Pipeline\\Pipeline->Illuminate\\Pipeline\\{closure}(Object(Illuminate\\Http\\Request))
#8 /Users/appkey/Desktop/agungappkey/tugas-akhir/vendor/laravel/framework/src/Illuminate/Pipeline/Pipeline.php(183): Spatie\\Permission\\Middleware\\RoleMiddleware->handle(Object(Illuminate\\Http\\Request), Object(Closure), 'pelanggan')
#9 /Users/appkey/Desktop/agungappkey/tugas-akhir/vendor/laravel/framework/src/Illuminate/Auth/Middleware/EnsureEmailIsVerified.php(41): Illuminate\\Pipeline\\Pipeline->Illuminate\\Pipeline\\{closure}(Object(Illuminate\\Http\\Request))
#10 /Users/appkey/Desktop/agungappkey/tugas-akhir/vendor/laravel/framework/src/Illuminate/Pipeline/Pipeline.php(183): Illuminate\\Auth\\Middleware\\EnsureEmailIsVerified->handle(Object(Illuminate\\Http\\Request), Object(Closure))
#11 /Users/appkey/Desktop/agungappkey/tugas-akhir/app/Http/Middleware/SetLocale.php(36): Illuminate\\Pipeline\\Pipeline->Illuminate\\Pipeline\\{closure}(Object(Illuminate\\Http\\Request))
#12 /Users/appkey/Desktop/agungappkey/tugas-akhir/vendor/laravel/framework/src/Illuminate/Pipeline/Pipeline.php(183): App\\Http\\Middleware\\SetLocale->handle(Object(Illuminate\\Http\\Request), Object(Closure))
#13 /Users/appkey/Desktop/agungappkey/tugas-akhir/vendor/laravel/framework/src/Illuminate/Routing/Middleware/SubstituteBindings.php(50): Illuminate\\Pipeline\\Pipeline->Illuminate\\Pipeline\\{closure}(Object(Illuminate\\Http\\Request))
#14 /Users/appkey/Desktop/agungappkey/tugas-akhir/vendor/laravel/framework/src/Illuminate/Pipeline/Pipeline.php(183): Illuminate\\Routing\\Middleware\\SubstituteBindings->handle(Object(Illuminate\\Http\\Request), Object(Closure))
#15 /Users/appkey/Desktop/agungappkey/tugas-akhir/vendor/laravel/framework/src/Illuminate/Auth/Middleware/Authenticate.php(57): Illuminate\\Pipeline\\Pipeline->Illuminate\\Pipeline\\{closure}(Object(Illuminate\\Http\\Request))
#16 /Users/appkey/Desktop/agungappkey/tugas-akhir/vendor/laravel/framework/src/Illuminate/Pipeline/Pipeline.php(183): Illuminate\\Auth\\Middleware\\Authenticate->handle(Object(Illuminate\\Http\\Request), Object(Closure))
#17 /Users/appkey/Desktop/agungappkey/tugas-akhir/vendor/laravel/framework/src/Illuminate/Foundation/Http/Middleware/VerifyCsrfToken.php(78): Illuminate\\Pipeline\\Pipeline->Illuminate\\Pipeline\\{closure}(Object(Illuminate\\Http\\Request))
#18 /Users/appkey/Desktop/agungappkey/tugas-akhir/vendor/laravel/framework/src/Illuminate/Pipeline/Pipeline.php(183): Illuminate\\Foundation\\Http\\Middleware\\VerifyCsrfToken->handle(Object(Illuminate\\Http\\Request), Object(Closure))
#19 /Users/appkey/Desktop/agungappkey/tugas-akhir/vendor/laravel/framework/src/Illuminate/View/Middleware/ShareErrorsFromSession.php(49): Illuminate\\Pipeline\\Pipeline->Illuminate\\Pipeline\\{closure}(Object(Illuminate\\Http\\Request))
#20 /Users/appkey/Desktop/agungappkey/tugas-akhir/vendor/laravel/framework/src/Illuminate/Pipeline/Pipeline.php(183): Illuminate\\View\\Middleware\\ShareErrorsFromSession->handle(Object(Illuminate\\Http\\Request), Object(Closure))
#21 /Users/appkey/Desktop/agungappkey/tugas-akhir/vendor/laravel/framework/src/Illuminate/Session/Middleware/StartSession.php(121): Illuminate\\Pipeline\\Pipeline->Illuminate\\Pipeline\\{closure}(Object(Illuminate\\Http\\Request))
#22 /Users/appkey/Desktop/agungappkey/tugas-akhir/vendor/laravel/framework/src/Illuminate/Session/Middleware/StartSession.php(64): Illuminate\\Session\\Middleware\\StartSession->handleStatefulRequest(Object(Illuminate\\Http\\Request), Object(Illuminate\\Session\\Store), Object(Closure))
#23 /Users/appkey/Desktop/agungappkey/tugas-akhir/vendor/laravel/framework/src/Illuminate/Pipeline/Pipeline.php(183): Illuminate\\Session\\Middleware\\StartSession->handle(Object(Illuminate\\Http\\Request), Object(Closure))
#24 /Users/appkey/Desktop/agungappkey/tugas-akhir/vendor/laravel/framework/src/Illuminate/Cookie/Middleware/AddQueuedCookiesToResponse.php(37): Illuminate\\Pipeline\\Pipeline->Illuminate\\Pipeline\\{closure}(Object(Illuminate\\Http\\Request))
#25 /Users/appkey/Desktop/agungappkey/tugas-akhir/vendor/laravel/framework/src/Illuminate/Pipeline/Pipeline.php(183): Illuminate\\Cookie\\Middleware\\AddQueuedCookiesToResponse->handle(Object(Illuminate\\Http\\Request), Object(Closure))
#26 /Users/appkey/Desktop/agungappkey/tugas-akhir/vendor/laravel/framework/src/Illuminate/Cookie/Middleware/EncryptCookies.php(67): Illuminate\\Pipeline\\Pipeline->Illuminate\\Pipeline\\{closure}(Object(Illuminate\\Http\\Request))
#27 /Users/appkey/Desktop/agungappkey/tugas-akhir/vendor/laravel/framework/src/Illuminate/Pipeline/Pipeline.php(183): Illuminate\\Cookie\\Middleware\\EncryptCookies->handle(Object(Illuminate\\Http\\Request), Object(Closure))
#28 /Users/appkey/Desktop/agungappkey/tugas-akhir/vendor/laravel/framework/src/Illuminate/Pipeline/Pipeline.php(119): Illuminate\\Pipeline\\Pipeline->Illuminate\\Pipeline\\{closure}(Object(Illuminate\\Http\\Request))
#29 /Users/appkey/Desktop/agungappkey/tugas-akhir/vendor/laravel/framework/src/Illuminate/Routing/Router.php(805): Illuminate\\Pipeline\\Pipeline->then(Object(Closure))
#30 /Users/appkey/Desktop/agungappkey/tugas-akhir/vendor/laravel/framework/src/Illuminate/Routing/Router.php(784): Illuminate\\Routing\\Router->runRouteWithinStack(Object(Illuminate\\Routing\\Route), Object(Illuminate\\Http\\Request))
#31 /Users/appkey/Desktop/agungappkey/tugas-akhir/vendor/laravel/framework/src/Illuminate/Routing/Router.php(748): Illuminate\\Routing\\Router->runRoute(Object(Illuminate\\Http\\Request), Object(Illuminate\\Routing\\Route))
#32 /Users/appkey/Desktop/agungappkey/tugas-akhir/vendor/laravel/framework/src/Illuminate/Routing/Router.php(737): Illuminate\\Routing\\Router->dispatchToRoute(Object(Illuminate\\Http\\Request))
#33 /Users/appkey/Desktop/agungappkey/tugas-akhir/vendor/laravel/framework/src/Illuminate/Foundation/Http/Kernel.php(200): Illuminate\\Routing\\Router->dispatch(Object(Illuminate\\Http\\Request))
#34 /Users/appkey/Desktop/agungappkey/tugas-akhir/vendor/laravel/framework/src/Illuminate/Pipeline/Pipeline.php(144): Illuminate\\Foundation\\Http\\Kernel->Illuminate\\Foundation\\Http\\{closure}(Object(Illuminate\\Http\\Request))
#35 /Users/appkey/Desktop/agungappkey/tugas-akhir/vendor/laravel/framework/src/Illuminate/Foundation/Http/Middleware/TransformsRequest.php(21): Illuminate\\Pipeline\\Pipeline->Illuminate\\Pipeline\\{closure}(Object(Illuminate\\Http\\Request))
#36 /Users/appkey/Desktop/agungappkey/tugas-akhir/vendor/laravel/framework/src/Illuminate/Foundation/Http/Middleware/ConvertEmptyStringsToNull.php(31): Illuminate\\Foundation\\Http\\Middleware\\TransformsRequest->handle(Object(Illuminate\\Http\\Request), Object(Closure))
#37 /Users/appkey/Desktop/agungappkey/tugas-akhir/vendor/laravel/framework/src/Illuminate/Pipeline/Pipeline.php(183): Illuminate\\Foundation\\Http\\Middleware\\ConvertEmptyStringsToNull->handle(Object(Illuminate\\Http\\Request), Object(Closure))
#38 /Users/appkey/Desktop/agungappkey/tugas-akhir/vendor/laravel/framework/src/Illuminate/Foundation/Http/Middleware/TransformsRequest.php(21): Illuminate\\Pipeline\\Pipeline->Illuminate\\Pipeline\\{closure}(Object(Illuminate\\Http\\Request))
#39 /Users/appkey/Desktop/agungappkey/tugas-akhir/vendor/laravel/framework/src/Illuminate/Foundation/Http/Middleware/TrimStrings.php(40): Illuminate\\Foundation\\Http\\Middleware\\TransformsRequest->handle(Object(Illuminate\\Http\\Request), Object(Closure))
#40 /Users/appkey/Desktop/agungappkey/tugas-akhir/vendor/laravel/framework/src/Illuminate/Pipeline/Pipeline.php(183): Illuminate\\Foundation\\Http\\Middleware\\TrimStrings->handle(Object(Illuminate\\Http\\Request), Object(Closure))
#41 /Users/appkey/Desktop/agungappkey/tugas-akhir/vendor/laravel/framework/src/Illuminate/Foundation/Http/Middleware/ValidatePostSize.php(27): Illuminate\\Pipeline\\Pipeline->Illuminate\\Pipeline\\{closure}(Object(Illuminate\\Http\\Request))
#42 /Users/appkey/Desktop/agungappkey/tugas-akhir/vendor/laravel/framework/src/Illuminate/Pipeline/Pipeline.php(183): Illuminate\\Foundation\\Http\\Middleware\\ValidatePostSize->handle(Object(Illuminate\\Http\\Request), Object(Closure))
#43 /Users/appkey/Desktop/agungappkey/tugas-akhir/vendor/laravel/framework/src/Illuminate/Foundation/Http/Middleware/PreventRequestsDuringMaintenance.php(99): Illuminate\\Pipeline\\Pipeline->Illuminate\\Pipeline\\{closure}(Object(Illuminate\\Http\\Request))
#44 /Users/appkey/Desktop/agungappkey/tugas-akhir/vendor/laravel/framework/src/Illuminate/Pipeline/Pipeline.php(183): Illuminate\\Foundation\\Http\\Middleware\\PreventRequestsDuringMaintenance->handle(Object(Illuminate\\Http\\Request), Object(Closure))
#45 /Users/appkey/Desktop/agungappkey/tugas-akhir/vendor/laravel/framework/src/Illuminate/Http/Middleware/HandleCors.php(49): Illuminate\\Pipeline\\Pipeline->Illuminate\\Pipeline\\{closure}(Object(Illuminate\\Http\\Request))
#46 /Users/appkey/Desktop/agungappkey/tugas-akhir/vendor/laravel/framework/src/Illuminate/Pipeline/Pipeline.php(183): Illuminate\\Http\\Middleware\\HandleCors->handle(Object(Illuminate\\Http\\Request), Object(Closure))
#47 /Users/appkey/Desktop/agungappkey/tugas-akhir/vendor/laravel/framework/src/Illuminate/Http/Middleware/TrustProxies.php(39): Illuminate\\Pipeline\\Pipeline->Illuminate\\Pipeline\\{closure}(Object(Illuminate\\Http\\Request))
#48 /Users/appkey/Desktop/agungappkey/tugas-akhir/vendor/laravel/framework/src/Illuminate/Pipeline/Pipeline.php(183): Illuminate\\Http\\Middleware\\TrustProxies->handle(Object(Illuminate\\Http\\Request), Object(Closure))
#49 /Users/appkey/Desktop/agungappkey/tugas-akhir/vendor/laravel/framework/src/Illuminate/Pipeline/Pipeline.php(119): Illuminate\\Pipeline\\Pipeline->Illuminate\\Pipeline\\{closure}(Object(Illuminate\\Http\\Request))
#50 /Users/appkey/Desktop/agungappkey/tugas-akhir/vendor/laravel/framework/src/Illuminate/Foundation/Http/Kernel.php(175): Illuminate\\Pipeline\\Pipeline->then(Object(Closure))
#51 /Users/appkey/Desktop/agungappkey/tugas-akhir/vendor/laravel/framework/src/Illuminate/Foundation/Http/Kernel.php(144): Illuminate\\Foundation\\Http\\Kernel->sendRequestThroughRouter(Object(Illuminate\\Http\\Request))
#52 /Users/appkey/Desktop/agungappkey/tugas-akhir/public/index.php(51): Illuminate\\Foundation\\Http\\Kernel->handle(Object(Illuminate\\Http\\Request))
#53 /Users/appkey/Desktop/agungappkey/tugas-akhir/vendor/laravel/framework/src/Illuminate/Foundation/resources/server.php(16): require_once('/Users/appkey/D...')
#54 {main}"} 
[2025-10-23 02:58:01] local.ERROR: Error creating booking {"error_message":"Slot waktu tidak tersedia. Slot terdekat: 23/10/2025 12:30","error_code":409,"user_id":79,"request_data":{"_token":"40tHvDvdwHAd2qzZIWwAu025osXylxAQX8OIwlqs","name":"Dustin Randolph","service_id":"7","hairstyle_id":"46","payment_method":"cash","date_time":"2025-10-23 11:00:00","description":"Exercitationem possi"},"ip":"127.0.0.1","trace":"#0 /Users/appkey/Desktop/agungappkey/tugas-akhir/app/Http/Controllers/BookingController.php(308): App\\Services\\BookingService->createBooking(Array)
#1 /Users/appkey/Desktop/agungappkey/tugas-akhir/vendor/laravel/framework/src/Illuminate/Routing/Controller.php(54): App\\Http\\Controllers\\BookingController->store(Object(App\\Http\\Requests\\BookingRequest))
#2 /Users/appkey/Desktop/agungappkey/tugas-akhir/vendor/laravel/framework/src/Illuminate/Routing/ControllerDispatcher.php(43): Illuminate\\Routing\\Controller->callAction('store', Array)
#3 /Users/appkey/Desktop/agungappkey/tugas-akhir/vendor/laravel/framework/src/Illuminate/Routing/Route.php(259): Illuminate\\Routing\\ControllerDispatcher->dispatch(Object(Illuminate\\Routing\\Route), Object(App\\Http\\Controllers\\BookingController), 'store')
#4 /Users/appkey/Desktop/agungappkey/tugas-akhir/vendor/laravel/framework/src/Illuminate/Routing/Route.php(205): Illuminate\\Routing\\Route->runController()
#5 /Users/appkey/Desktop/agungappkey/tugas-akhir/vendor/laravel/framework/src/Illuminate/Routing/Router.php(806): Illuminate\\Routing\\Route->run()
#6 /Users/appkey/Desktop/agungappkey/tugas-akhir/vendor/laravel/framework/src/Illuminate/Pipeline/Pipeline.php(144): Illuminate\\Routing\\Router->Illuminate\\Routing\\{closure}(Object(Illuminate\\Http\\Request))
#7 /Users/appkey/Desktop/agungappkey/tugas-akhir/vendor/spatie/laravel-permission/src/Middleware/RoleMiddleware.php(37): Illuminate\\Pipeline\\Pipeline->Illuminate\\Pipeline\\{closure}(Object(Illuminate\\Http\\Request))
#8 /Users/appkey/Desktop/agungappkey/tugas-akhir/vendor/laravel/framework/src/Illuminate/Pipeline/Pipeline.php(183): Spatie\\Permission\\Middleware\\RoleMiddleware->handle(Object(Illuminate\\Http\\Request), Object(Closure), 'pelanggan')
#9 /Users/appkey/Desktop/agungappkey/tugas-akhir/vendor/laravel/framework/src/Illuminate/Auth/Middleware/EnsureEmailIsVerified.php(41): Illuminate\\Pipeline\\Pipeline->Illuminate\\Pipeline\\{closure}(Object(Illuminate\\Http\\Request))
#10 /Users/appkey/Desktop/agungappkey/tugas-akhir/vendor/laravel/framework/src/Illuminate/Pipeline/Pipeline.php(183): Illuminate\\Auth\\Middleware\\EnsureEmailIsVerified->handle(Object(Illuminate\\Http\\Request), Object(Closure))
#11 /Users/appkey/Desktop/agungappkey/tugas-akhir/app/Http/Middleware/SetLocale.php(36): Illuminate\\Pipeline\\Pipeline->Illuminate\\Pipeline\\{closure}(Object(Illuminate\\Http\\Request))
#12 /Users/appkey/Desktop/agungappkey/tugas-akhir/vendor/laravel/framework/src/Illuminate/Pipeline/Pipeline.php(183): App\\Http\\Middleware\\SetLocale->handle(Object(Illuminate\\Http\\Request), Object(Closure))
#13 /Users/appkey/Desktop/agungappkey/tugas-akhir/vendor/laravel/framework/src/Illuminate/Routing/Middleware/SubstituteBindings.php(50): Illuminate\\Pipeline\\Pipeline->Illuminate\\Pipeline\\{closure}(Object(Illuminate\\Http\\Request))
#14 /Users/appkey/Desktop/agungappkey/tugas-akhir/vendor/laravel/framework/src/Illuminate/Pipeline/Pipeline.php(183): Illuminate\\Routing\\Middleware\\SubstituteBindings->handle(Object(Illuminate\\Http\\Request), Object(Closure))
#15 /Users/appkey/Desktop/agungappkey/tugas-akhir/vendor/laravel/framework/src/Illuminate/Auth/Middleware/Authenticate.php(57): Illuminate\\Pipeline\\Pipeline->Illuminate\\Pipeline\\{closure}(Object(Illuminate\\Http\\Request))
#16 /Users/appkey/Desktop/agungappkey/tugas-akhir/vendor/laravel/framework/src/Illuminate/Pipeline/Pipeline.php(183): Illuminate\\Auth\\Middleware\\Authenticate->handle(Object(Illuminate\\Http\\Request), Object(Closure))
#17 /Users/appkey/Desktop/agungappkey/tugas-akhir/vendor/laravel/framework/src/Illuminate/Foundation/Http/Middleware/VerifyCsrfToken.php(78): Illuminate\\Pipeline\\Pipeline->Illuminate\\Pipeline\\{closure}(Object(Illuminate\\Http\\Request))
#18 /Users/appkey/Desktop/agungappkey/tugas-akhir/vendor/laravel/framework/src/Illuminate/Pipeline/Pipeline.php(183): Illuminate\\Foundation\\Http\\Middleware\\VerifyCsrfToken->handle(Object(Illuminate\\Http\\Request), Object(Closure))
#19 /Users/appkey/Desktop/agungappkey/tugas-akhir/vendor/laravel/framework/src/Illuminate/View/Middleware/ShareErrorsFromSession.php(49): Illuminate\\Pipeline\\Pipeline->Illuminate\\Pipeline\\{closure}(Object(Illuminate\\Http\\Request))
#20 /Users/appkey/Desktop/agungappkey/tugas-akhir/vendor/laravel/framework/src/Illuminate/Pipeline/Pipeline.php(183): Illuminate\\View\\Middleware\\ShareErrorsFromSession->handle(Object(Illuminate\\Http\\Request), Object(Closure))
#21 /Users/appkey/Desktop/agungappkey/tugas-akhir/vendor/laravel/framework/src/Illuminate/Session/Middleware/StartSession.php(121): Illuminate\\Pipeline\\Pipeline->Illuminate\\Pipeline\\{closure}(Object(Illuminate\\Http\\Request))
#22 /Users/appkey/Desktop/agungappkey/tugas-akhir/vendor/laravel/framework/src/Illuminate/Session/Middleware/StartSession.php(64): Illuminate\\Session\\Middleware\\StartSession->handleStatefulRequest(Object(Illuminate\\Http\\Request), Object(Illuminate\\Session\\Store), Object(Closure))
#23 /Users/appkey/Desktop/agungappkey/tugas-akhir/vendor/laravel/framework/src/Illuminate/Pipeline/Pipeline.php(183): Illuminate\\Session\\Middleware\\StartSession->handle(Object(Illuminate\\Http\\Request), Object(Closure))
#24 /Users/appkey/Desktop/agungappkey/tugas-akhir/vendor/laravel/framework/src/Illuminate/Cookie/Middleware/AddQueuedCookiesToResponse.php(37): Illuminate\\Pipeline\\Pipeline->Illuminate\\Pipeline\\{closure}(Object(Illuminate\\Http\\Request))
#25 /Users/appkey/Desktop/agungappkey/tugas-akhir/vendor/laravel/framework/src/Illuminate/Pipeline/Pipeline.php(183): Illuminate\\Cookie\\Middleware\\AddQueuedCookiesToResponse->handle(Object(Illuminate\\Http\\Request), Object(Closure))
#26 /Users/appkey/Desktop/agungappkey/tugas-akhir/vendor/laravel/framework/src/Illuminate/Cookie/Middleware/EncryptCookies.php(67): Illuminate\\Pipeline\\Pipeline->Illuminate\\Pipeline\\{closure}(Object(Illuminate\\Http\\Request))
#27 /Users/appkey/Desktop/agungappkey/tugas-akhir/vendor/laravel/framework/src/Illuminate/Pipeline/Pipeline.php(183): Illuminate\\Cookie\\Middleware\\EncryptCookies->handle(Object(Illuminate\\Http\\Request), Object(Closure))
#28 /Users/appkey/Desktop/agungappkey/tugas-akhir/vendor/laravel/framework/src/Illuminate/Pipeline/Pipeline.php(119): Illuminate\\Pipeline\\Pipeline->Illuminate\\Pipeline\\{closure}(Object(Illuminate\\Http\\Request))
#29 /Users/appkey/Desktop/agungappkey/tugas-akhir/vendor/laravel/framework/src/Illuminate/Routing/Router.php(805): Illuminate\\Pipeline\\Pipeline->then(Object(Closure))
#30 /Users/appkey/Desktop/agungappkey/tugas-akhir/vendor/laravel/framework/src/Illuminate/Routing/Router.php(784): Illuminate\\Routing\\Router->runRouteWithinStack(Object(Illuminate\\Routing\\Route), Object(Illuminate\\Http\\Request))
#31 /Users/appkey/Desktop/agungappkey/tugas-akhir/vendor/laravel/framework/src/Illuminate/Routing/Router.php(748): Illuminate\\Routing\\Router->runRoute(Object(Illuminate\\Http\\Request), Object(Illuminate\\Routing\\Route))
#32 /Users/appkey/Desktop/agungappkey/tugas-akhir/vendor/laravel/framework/src/Illuminate/Routing/Router.php(737): Illuminate\\Routing\\Router->dispatchToRoute(Object(Illuminate\\Http\\Request))
#33 /Users/appkey/Desktop/agungappkey/tugas-akhir/vendor/laravel/framework/src/Illuminate/Foundation/Http/Kernel.php(200): Illuminate\\Routing\\Router->dispatch(Object(Illuminate\\Http\\Request))
#34 /Users/appkey/Desktop/agungappkey/tugas-akhir/vendor/laravel/framework/src/Illuminate/Pipeline/Pipeline.php(144): Illuminate\\Foundation\\Http\\Kernel->Illuminate\\Foundation\\Http\\{closure}(Object(Illuminate\\Http\\Request))
#35 /Users/appkey/Desktop/agungappkey/tugas-akhir/vendor/laravel/framework/src/Illuminate/Foundation/Http/Middleware/TransformsRequest.php(21): Illuminate\\Pipeline\\Pipeline->Illuminate\\Pipeline\\{closure}(Object(Illuminate\\Http\\Request))
#36 /Users/appkey/Desktop/agungappkey/tugas-akhir/vendor/laravel/framework/src/Illuminate/Foundation/Http/Middleware/ConvertEmptyStringsToNull.php(31): Illuminate\\Foundation\\Http\\Middleware\\TransformsRequest->handle(Object(Illuminate\\Http\\Request), Object(Closure))
#37 /Users/appkey/Desktop/agungappkey/tugas-akhir/vendor/laravel/framework/src/Illuminate/Pipeline/Pipeline.php(183): Illuminate\\Foundation\\Http\\Middleware\\ConvertEmptyStringsToNull->handle(Object(Illuminate\\Http\\Request), Object(Closure))
#38 /Users/appkey/Desktop/agungappkey/tugas-akhir/vendor/laravel/framework/src/Illuminate/Foundation/Http/Middleware/TransformsRequest.php(21): Illuminate\\Pipeline\\Pipeline->Illuminate\\Pipeline\\{closure}(Object(Illuminate\\Http\\Request))
#39 /Users/appkey/Desktop/agungappkey/tugas-akhir/vendor/laravel/framework/src/Illuminate/Foundation/Http/Middleware/TrimStrings.php(40): Illuminate\\Foundation\\Http\\Middleware\\TransformsRequest->handle(Object(Illuminate\\Http\\Request), Object(Closure))
#40 /Users/appkey/Desktop/agungappkey/tugas-akhir/vendor/laravel/framework/src/Illuminate/Pipeline/Pipeline.php(183): Illuminate\\Foundation\\Http\\Middleware\\TrimStrings->handle(Object(Illuminate\\Http\\Request), Object(Closure))
#41 /Users/appkey/Desktop/agungappkey/tugas-akhir/vendor/laravel/framework/src/Illuminate/Foundation/Http/Middleware/ValidatePostSize.php(27): Illuminate\\Pipeline\\Pipeline->Illuminate\\Pipeline\\{closure}(Object(Illuminate\\Http\\Request))
#42 /Users/appkey/Desktop/agungappkey/tugas-akhir/vendor/laravel/framework/src/Illuminate/Pipeline/Pipeline.php(183): Illuminate\\Foundation\\Http\\Middleware\\ValidatePostSize->handle(Object(Illuminate\\Http\\Request), Object(Closure))
#43 /Users/appkey/Desktop/agungappkey/tugas-akhir/vendor/laravel/framework/src/Illuminate/Foundation/Http/Middleware/PreventRequestsDuringMaintenance.php(99): Illuminate\\Pipeline\\Pipeline->Illuminate\\Pipeline\\{closure}(Object(Illuminate\\Http\\Request))
#44 /Users/appkey/Desktop/agungappkey/tugas-akhir/vendor/laravel/framework/src/Illuminate/Pipeline/Pipeline.php(183): Illuminate\\Foundation\\Http\\Middleware\\PreventRequestsDuringMaintenance->handle(Object(Illuminate\\Http\\Request), Object(Closure))
#45 /Users/appkey/Desktop/agungappkey/tugas-akhir/vendor/laravel/framework/src/Illuminate/Http/Middleware/HandleCors.php(49): Illuminate\\Pipeline\\Pipeline->Illuminate\\Pipeline\\{closure}(Object(Illuminate\\Http\\Request))
#46 /Users/appkey/Desktop/agungappkey/tugas-akhir/vendor/laravel/framework/src/Illuminate/Pipeline/Pipeline.php(183): Illuminate\\Http\\Middleware\\HandleCors->handle(Object(Illuminate\\Http\\Request), Object(Closure))
#47 /Users/appkey/Desktop/agungappkey/tugas-akhir/vendor/laravel/framework/src/Illuminate/Http/Middleware/TrustProxies.php(39): Illuminate\\Pipeline\\Pipeline->Illuminate\\Pipeline\\{closure}(Object(Illuminate\\Http\\Request))
#48 /Users/appkey/Desktop/agungappkey/tugas-akhir/vendor/laravel/framework/src/Illuminate/Pipeline/Pipeline.php(183): Illuminate\\Http\\Middleware\\TrustProxies->handle(Object(Illuminate\\Http\\Request), Object(Closure))
#49 /Users/appkey/Desktop/agungappkey/tugas-akhir/vendor/laravel/framework/src/Illuminate/Pipeline/Pipeline.php(119): Illuminate\\Pipeline\\Pipeline->Illuminate\\Pipeline\\{closure}(Object(Illuminate\\Http\\Request))
#50 /Users/appkey/Desktop/agungappkey/tugas-akhir/vendor/laravel/framework/src/Illuminate/Foundation/Http/Kernel.php(175): Illuminate\\Pipeline\\Pipeline->then(Object(Closure))
#51 /Users/appkey/Desktop/agungappkey/tugas-akhir/vendor/laravel/framework/src/Illuminate/Foundation/Http/Kernel.php(144): Illuminate\\Foundation\\Http\\Kernel->sendRequestThroughRouter(Object(Illuminate\\Http\\Request))
#52 /Users/appkey/Desktop/agungappkey/tugas-akhir/public/index.php(51): Illuminate\\Foundation\\Http\\Kernel->handle(Object(Illuminate\\Http\\Request))
#53 /Users/appkey/Desktop/agungappkey/tugas-akhir/vendor/laravel/framework/src/Illuminate/Foundation/resources/server.php(16): require_once('/Users/appkey/D...')
#54 {main}"} 
