[2025-10-05 01:46:58] local.INFO: Export Request: {"type":"financial","month":"10","year":"2025","format":"pdf"} 
[2025-10-05 01:46:58] local.INFO: Financial Export Data: {"transactions_count":4,"month":"10","year":"2025","format":"pdf"} 
[2025-10-05 01:52:09] local.ERROR: Download receipt error: Call to undefined relationship [services] on model [App\Models\Booking].  
[2025-10-05 02:17:49] local.INFO: Fetching hairstyles for DataTable  
[2025-10-05 02:17:49] local.INFO: Hairstyles fetched for DataTable {"total":13,"first_item":"Textured Crop"} 
[2025-10-05 02:17:49] local.DEBUG: Processing name column {"hairstyle_id":47,"name":"Textured Crop"} 
[2025-10-05 02:17:49] local.DEBUG: Processing bentuk_kepala {"hairstyle_id":47,"bentuk_kepala":"Hati"} 
[2025-10-05 02:17:49] local.DEBUG: Processing tipe_rambut {"hairstyle_id":47,"tipe_rambut":"Lurus, Bergelombang, Keriting"} 
[2025-10-05 02:17:49] local.DEBUG: Processing style_preference {"hairstyle_id":47,"style_preference":"Klasik, Modern, Kasual"} 
[2025-10-05 02:17:49] local.DEBUG: Processing name column {"hairstyle_id":46,"name":"Long Fringe"} 
[2025-10-05 02:17:49] local.DEBUG: Processing bentuk_kepala {"hairstyle_id":46,"bentuk_kepala":"Hati"} 
[2025-10-05 02:17:49] local.DEBUG: Processing tipe_rambut {"hairstyle_id":46,"tipe_rambut":"Lurus, Bergelombang, Keriting"} 
[2025-10-05 02:17:49] local.DEBUG: Processing style_preference {"hairstyle_id":46,"style_preference":"Klasik, Modern, Kasual"} 
[2025-10-05 02:17:49] local.DEBUG: Processing name column {"hairstyle_id":45,"name":"Side Swept Fringe"} 
[2025-10-05 02:17:49] local.DEBUG: Processing bentuk_kepala {"hairstyle_id":45,"bentuk_kepala":"Segitiga"} 
[2025-10-05 02:17:49] local.DEBUG: Processing tipe_rambut {"hairstyle_id":45,"tipe_rambut":"Lurus, Bergelombang, Keriting"} 
[2025-10-05 02:17:49] local.DEBUG: Processing style_preference {"hairstyle_id":45,"style_preference":"Klasik, Modern, Kasual"} 
[2025-10-05 02:17:49] local.DEBUG: Processing name column {"hairstyle_id":44,"name":"Caesar Cut"} 
[2025-10-05 02:17:49] local.DEBUG: Processing bentuk_kepala {"hairstyle_id":44,"bentuk_kepala":"Persegi Panjang"} 
[2025-10-05 02:17:49] local.DEBUG: Processing tipe_rambut {"hairstyle_id":44,"tipe_rambut":"Lurus, Bergelombang, Keriting"} 
[2025-10-05 02:17:49] local.DEBUG: Processing style_preference {"hairstyle_id":44,"style_preference":"Klasik, Modern, Kasual"} 
[2025-10-05 02:17:49] local.DEBUG: Processing name column {"hairstyle_id":43,"name":"Fringe"} 
[2025-10-05 02:17:49] local.DEBUG: Processing bentuk_kepala {"hairstyle_id":43,"bentuk_kepala":"Persegi Panjang"} 
[2025-10-05 02:17:49] local.DEBUG: Processing tipe_rambut {"hairstyle_id":43,"tipe_rambut":"Lurus, Bergelombang, Keriting"} 
[2025-10-05 02:17:49] local.DEBUG: Processing style_preference {"hairstyle_id":43,"style_preference":"Klasik, Modern, Kasual"} 
[2025-10-05 02:17:49] local.DEBUG: Processing name column {"hairstyle_id":42,"name":"Undercut"} 
[2025-10-05 02:17:49] local.DEBUG: Processing bentuk_kepala {"hairstyle_id":42,"bentuk_kepala":"Kotak, Segitiga"} 
[2025-10-05 02:17:49] local.DEBUG: Processing tipe_rambut {"hairstyle_id":42,"tipe_rambut":"Lurus, Bergelombang, Keriting"} 
[2025-10-05 02:17:49] local.DEBUG: Processing style_preference {"hairstyle_id":42,"style_preference":"Klasik, Modern, Kasual"} 
[2025-10-05 02:17:49] local.DEBUG: Processing name column {"hairstyle_id":41,"name":"Crew Cut"} 
[2025-10-05 02:17:49] local.DEBUG: Processing bentuk_kepala {"hairstyle_id":41,"bentuk_kepala":"Kotak"} 
[2025-10-05 02:17:49] local.DEBUG: Processing tipe_rambut {"hairstyle_id":41,"tipe_rambut":"Lurus, Bergelombang, Keriting"} 
[2025-10-05 02:17:49] local.DEBUG: Processing style_preference {"hairstyle_id":41,"style_preference":"Klasik, Modern, Kasual"} 
[2025-10-05 02:17:49] local.DEBUG: Processing name column {"hairstyle_id":40,"name":"Tapper Fade"} 
[2025-10-05 02:17:49] local.DEBUG: Processing bentuk_kepala {"hairstyle_id":40,"bentuk_kepala":"Bulat, Kotak"} 
[2025-10-05 02:17:49] local.DEBUG: Processing tipe_rambut {"hairstyle_id":40,"tipe_rambut":"Lurus, Bergelombang, Keriting"} 
[2025-10-05 02:17:49] local.DEBUG: Processing style_preference {"hairstyle_id":40,"style_preference":"Klasik, Modern, Kasual"} 
[2025-10-05 02:17:49] local.DEBUG: Processing name column {"hairstyle_id":39,"name":"Buzzcut"} 
[2025-10-05 02:17:49] local.DEBUG: Processing bentuk_kepala {"hairstyle_id":39,"bentuk_kepala":"Oval, Bulat, Kotak"} 
[2025-10-05 02:17:49] local.DEBUG: Processing tipe_rambut {"hairstyle_id":39,"tipe_rambut":"Lurus, Bergelombang, Keriting"} 
[2025-10-05 02:17:49] local.DEBUG: Processing style_preference {"hairstyle_id":39,"style_preference":"Klasik, Modern, Kasual"} 
[2025-10-05 02:17:49] local.DEBUG: Processing name column {"hairstyle_id":38,"name":"Quiff"} 
[2025-10-05 02:17:49] local.DEBUG: Processing bentuk_kepala {"hairstyle_id":38,"bentuk_kepala":"Oval, Segitiga"} 
[2025-10-05 02:17:49] local.DEBUG: Processing tipe_rambut {"hairstyle_id":38,"tipe_rambut":"Lurus, Bergelombang, Keriting"} 
[2025-10-05 02:17:49] local.DEBUG: Processing style_preference {"hairstyle_id":38,"style_preference":"Klasik, Modern"} 
[2025-10-05 02:17:49] local.DEBUG: Processing name column {"hairstyle_id":37,"name":"Pompadour"} 
[2025-10-05 02:17:49] local.DEBUG: Processing bentuk_kepala {"hairstyle_id":37,"bentuk_kepala":"Oval, Bulat, Segitiga"} 
[2025-10-05 02:17:49] local.DEBUG: Processing tipe_rambut {"hairstyle_id":37,"tipe_rambut":"Lurus, Bergelombang, Keriting"} 
[2025-10-05 02:17:49] local.DEBUG: Processing style_preference {"hairstyle_id":37,"style_preference":"Klasik, Modern"} 
[2025-10-05 02:17:49] local.DEBUG: Processing name column {"hairstyle_id":36,"name":"Side Part"} 
[2025-10-05 02:17:49] local.DEBUG: Processing bentuk_kepala {"hairstyle_id":36,"bentuk_kepala":"Persegi Panjang, Hati"} 
[2025-10-05 02:17:49] local.DEBUG: Processing tipe_rambut {"hairstyle_id":36,"tipe_rambut":"Lurus, Bergelombang, Keriting"} 
[2025-10-05 02:17:49] local.DEBUG: Processing style_preference {"hairstyle_id":36,"style_preference":"Klasik, Modern, Kasual"} 
[2025-10-05 02:17:49] local.DEBUG: Processing name column {"hairstyle_id":34,"name":"French Crop"} 
[2025-10-05 02:17:49] local.DEBUG: Processing bentuk_kepala {"hairstyle_id":34,"bentuk_kepala":"Oval, Bulat, Persegi Panjang, Hati"} 
[2025-10-05 02:17:49] local.DEBUG: Processing tipe_rambut {"hairstyle_id":34,"tipe_rambut":"Lurus, Bergelombang"} 
[2025-10-05 02:17:49] local.DEBUG: Processing style_preference {"hairstyle_id":34,"style_preference":"Klasik, Modern"} 
[2025-10-05 02:27:20] local.INFO: Fetching hairstyle scores for DataTable  
[2025-10-05 02:27:20] local.INFO: Hairstyle scores fetched for DataTable {"total":39,"first_item":90} 
[2025-10-05 02:27:20] local.DEBUG: Processing hairstyle column {"score_id":90,"hairstyle_id":47,"hairstyle_name":"Textured Crop"} 
[2025-10-05 02:27:20] local.DEBUG: Processing criterion column {"score_id":90,"criterion_id":10,"criterion_name":"Preferensi Gaya"} 
[2025-10-05 02:27:20] local.DEBUG: Processing score column {"score_id":90,"score_value":8.699999999999999289457264239899814128875732421875} 
[2025-10-05 02:27:20] local.DEBUG: Processing hairstyle column {"score_id":89,"hairstyle_id":47,"hairstyle_name":"Textured Crop"} 
[2025-10-05 02:27:20] local.DEBUG: Processing criterion column {"score_id":89,"criterion_id":9,"criterion_name":"Tipe Rambut"} 
[2025-10-05 02:27:20] local.DEBUG: Processing score column {"score_id":89,"score_value":8.199999999999999289457264239899814128875732421875} 
[2025-10-05 02:27:20] local.DEBUG: Processing hairstyle column {"score_id":88,"hairstyle_id":47,"hairstyle_name":"Textured Crop"} 
[2025-10-05 02:27:20] local.DEBUG: Processing criterion column {"score_id":88,"criterion_id":8,"criterion_name":"Bentuk Kepala"} 
[2025-10-05 02:27:20] local.DEBUG: Processing score column {"score_id":88,"score_value":8.0} 
[2025-10-05 02:27:20] local.DEBUG: Processing hairstyle column {"score_id":87,"hairstyle_id":46,"hairstyle_name":"Long Fringe"} 
[2025-10-05 02:27:20] local.DEBUG: Processing criterion column {"score_id":87,"criterion_id":10,"criterion_name":"Preferensi Gaya"} 
[2025-10-05 02:27:20] local.DEBUG: Processing score column {"score_id":87,"score_value":8.5} 
[2025-10-05 02:27:20] local.DEBUG: Processing hairstyle column {"score_id":86,"hairstyle_id":46,"hairstyle_name":"Long Fringe"} 
[2025-10-05 02:27:20] local.DEBUG: Processing criterion column {"score_id":86,"criterion_id":9,"criterion_name":"Tipe Rambut"} 
[2025-10-05 02:27:20] local.DEBUG: Processing score column {"score_id":86,"score_value":8.199999999999999289457264239899814128875732421875} 
[2025-10-05 02:27:20] local.DEBUG: Processing hairstyle column {"score_id":85,"hairstyle_id":46,"hairstyle_name":"Long Fringe"} 
[2025-10-05 02:27:20] local.DEBUG: Processing criterion column {"score_id":85,"criterion_id":8,"criterion_name":"Bentuk Kepala"} 
[2025-10-05 02:27:20] local.DEBUG: Processing score column {"score_id":85,"score_value":7.5} 
[2025-10-05 02:27:20] local.DEBUG: Processing hairstyle column {"score_id":84,"hairstyle_id":45,"hairstyle_name":"Side Swept Fringe"} 
[2025-10-05 02:27:20] local.DEBUG: Processing criterion column {"score_id":84,"criterion_id":10,"criterion_name":"Preferensi Gaya"} 
[2025-10-05 02:27:20] local.DEBUG: Processing score column {"score_id":84,"score_value":8.5} 
[2025-10-05 02:27:20] local.DEBUG: Processing hairstyle column {"score_id":83,"hairstyle_id":45,"hairstyle_name":"Side Swept Fringe"} 
[2025-10-05 02:27:20] local.DEBUG: Processing criterion column {"score_id":83,"criterion_id":9,"criterion_name":"Tipe Rambut"} 
[2025-10-05 02:27:20] local.DEBUG: Processing score column {"score_id":83,"score_value":8.5} 
[2025-10-05 02:27:20] local.DEBUG: Processing hairstyle column {"score_id":82,"hairstyle_id":45,"hairstyle_name":"Side Swept Fringe"} 
[2025-10-05 02:27:20] local.DEBUG: Processing criterion column {"score_id":82,"criterion_id":8,"criterion_name":"Bentuk Kepala"} 
[2025-10-05 02:27:20] local.DEBUG: Processing score column {"score_id":82,"score_value":8.0} 
[2025-10-05 02:27:20] local.DEBUG: Processing hairstyle column {"score_id":81,"hairstyle_id":44,"hairstyle_name":"Caesar Cut"} 
[2025-10-05 02:27:20] local.DEBUG: Processing criterion column {"score_id":81,"criterion_id":10,"criterion_name":"Preferensi Gaya"} 
[2025-10-05 02:27:20] local.DEBUG: Processing score column {"score_id":81,"score_value":8.0} 
[2025-10-05 02:27:20] local.DEBUG: Processing hairstyle column {"score_id":80,"hairstyle_id":44,"hairstyle_name":"Caesar Cut"} 
[2025-10-05 02:27:20] local.DEBUG: Processing criterion column {"score_id":80,"criterion_id":9,"criterion_name":"Tipe Rambut"} 
[2025-10-05 02:27:20] local.DEBUG: Processing score column {"score_id":80,"score_value":8.0} 
[2025-10-05 02:27:20] local.DEBUG: Processing hairstyle column {"score_id":79,"hairstyle_id":44,"hairstyle_name":"Caesar Cut"} 
[2025-10-05 02:27:20] local.DEBUG: Processing criterion column {"score_id":79,"criterion_id":8,"criterion_name":"Bentuk Kepala"} 
[2025-10-05 02:27:20] local.DEBUG: Processing score column {"score_id":79,"score_value":8.0} 
[2025-10-05 02:27:20] local.DEBUG: Processing hairstyle column {"score_id":78,"hairstyle_id":43,"hairstyle_name":"Fringe"} 
[2025-10-05 02:27:20] local.DEBUG: Processing criterion column {"score_id":78,"criterion_id":10,"criterion_name":"Preferensi Gaya"} 
[2025-10-05 02:27:20] local.DEBUG: Processing score column {"score_id":78,"score_value":8.5} 
[2025-10-05 02:27:20] local.DEBUG: Processing hairstyle column {"score_id":77,"hairstyle_id":43,"hairstyle_name":"Fringe"} 
[2025-10-05 02:27:20] local.DEBUG: Processing criterion column {"score_id":77,"criterion_id":9,"criterion_name":"Tipe Rambut"} 
[2025-10-05 02:27:20] local.DEBUG: Processing score column {"score_id":77,"score_value":8.5} 
[2025-10-05 02:27:20] local.DEBUG: Processing hairstyle column {"score_id":76,"hairstyle_id":43,"hairstyle_name":"Fringe"} 
[2025-10-05 02:27:20] local.DEBUG: Processing criterion column {"score_id":76,"criterion_id":8,"criterion_name":"Bentuk Kepala"} 
[2025-10-05 02:27:20] local.DEBUG: Processing score column {"score_id":76,"score_value":8.0} 
[2025-10-05 02:27:20] local.DEBUG: Processing hairstyle column {"score_id":75,"hairstyle_id":42,"hairstyle_name":"Undercut"} 
[2025-10-05 02:27:20] local.DEBUG: Processing criterion column {"score_id":75,"criterion_id":10,"criterion_name":"Preferensi Gaya"} 
[2025-10-05 02:27:20] local.DEBUG: Processing score column {"score_id":75,"score_value":9.0} 
[2025-10-05 02:27:20] local.DEBUG: Processing hairstyle column {"score_id":74,"hairstyle_id":42,"hairstyle_name":"Undercut"} 
[2025-10-05 02:27:20] local.DEBUG: Processing criterion column {"score_id":74,"criterion_id":9,"criterion_name":"Tipe Rambut"} 
[2025-10-05 02:27:20] local.DEBUG: Processing score column {"score_id":74,"score_value":8.0} 
[2025-10-05 02:27:20] local.DEBUG: Processing hairstyle column {"score_id":73,"hairstyle_id":42,"hairstyle_name":"Undercut"} 
[2025-10-05 02:27:20] local.DEBUG: Processing criterion column {"score_id":73,"criterion_id":8,"criterion_name":"Bentuk Kepala"} 
[2025-10-05 02:27:20] local.DEBUG: Processing score column {"score_id":73,"score_value":8.0} 
[2025-10-05 02:27:20] local.DEBUG: Processing hairstyle column {"score_id":72,"hairstyle_id":41,"hairstyle_name":"Crew Cut"} 
[2025-10-05 02:27:20] local.DEBUG: Processing criterion column {"score_id":72,"criterion_id":10,"criterion_name":"Preferensi Gaya"} 
[2025-10-05 02:27:20] local.DEBUG: Processing score column {"score_id":72,"score_value":8.5} 
[2025-10-05 02:27:20] local.DEBUG: Processing hairstyle column {"score_id":71,"hairstyle_id":41,"hairstyle_name":"Crew Cut"} 
[2025-10-05 02:27:20] local.DEBUG: Processing criterion column {"score_id":71,"criterion_id":9,"criterion_name":"Tipe Rambut"} 
[2025-10-05 02:27:20] local.DEBUG: Processing score column {"score_id":71,"score_value":8.5} 
[2025-10-05 02:27:20] local.DEBUG: Processing hairstyle column {"score_id":70,"hairstyle_id":41,"hairstyle_name":"Crew Cut"} 
[2025-10-05 02:27:20] local.DEBUG: Processing criterion column {"score_id":70,"criterion_id":8,"criterion_name":"Bentuk Kepala"} 
[2025-10-05 02:27:20] local.DEBUG: Processing score column {"score_id":70,"score_value":8.0} 
[2025-10-05 02:27:20] local.DEBUG: Processing hairstyle column {"score_id":69,"hairstyle_id":40,"hairstyle_name":"Tapper Fade"} 
[2025-10-05 02:27:20] local.DEBUG: Processing criterion column {"score_id":69,"criterion_id":10,"criterion_name":"Preferensi Gaya"} 
[2025-10-05 02:27:20] local.DEBUG: Processing score column {"score_id":69,"score_value":9.0} 
[2025-10-05 02:27:20] local.DEBUG: Processing hairstyle column {"score_id":68,"hairstyle_id":40,"hairstyle_name":"Tapper Fade"} 
[2025-10-05 02:27:20] local.DEBUG: Processing criterion column {"score_id":68,"criterion_id":9,"criterion_name":"Tipe Rambut"} 
[2025-10-05 02:27:20] local.DEBUG: Processing score column {"score_id":68,"score_value":9.0} 
[2025-10-05 02:27:20] local.DEBUG: Processing hairstyle column {"score_id":67,"hairstyle_id":40,"hairstyle_name":"Tapper Fade"} 
[2025-10-05 02:27:20] local.DEBUG: Processing criterion column {"score_id":67,"criterion_id":8,"criterion_name":"Bentuk Kepala"} 
[2025-10-05 02:27:20] local.DEBUG: Processing score column {"score_id":67,"score_value":8.5} 
[2025-10-05 02:27:20] local.DEBUG: Processing hairstyle column {"score_id":66,"hairstyle_id":39,"hairstyle_name":"Buzzcut"} 
[2025-10-05 02:27:20] local.DEBUG: Processing criterion column {"score_id":66,"criterion_id":10,"criterion_name":"Preferensi Gaya"} 
[2025-10-05 02:27:20] local.DEBUG: Processing score column {"score_id":66,"score_value":8.0} 
[2025-10-05 02:27:20] local.DEBUG: Processing hairstyle column {"score_id":65,"hairstyle_id":39,"hairstyle_name":"Buzzcut"} 
[2025-10-05 02:27:20] local.DEBUG: Processing criterion column {"score_id":65,"criterion_id":9,"criterion_name":"Tipe Rambut"} 
[2025-10-05 02:27:20] local.DEBUG: Processing score column {"score_id":65,"score_value":9.0} 
[2025-10-05 02:27:20] local.DEBUG: Processing hairstyle column {"score_id":64,"hairstyle_id":39,"hairstyle_name":"Buzzcut"} 
[2025-10-05 02:27:20] local.DEBUG: Processing criterion column {"score_id":64,"criterion_id":8,"criterion_name":"Bentuk Kepala"} 
[2025-10-05 02:27:20] local.DEBUG: Processing score column {"score_id":64,"score_value":7.5} 
[2025-10-05 02:27:20] local.DEBUG: Processing hairstyle column {"score_id":63,"hairstyle_id":38,"hairstyle_name":"Quiff"} 
[2025-10-05 02:27:20] local.DEBUG: Processing criterion column {"score_id":63,"criterion_id":10,"criterion_name":"Preferensi Gaya"} 
[2025-10-05 02:27:20] local.DEBUG: Processing score column {"score_id":63,"score_value":9.0} 
[2025-10-05 02:27:20] local.DEBUG: Processing hairstyle column {"score_id":62,"hairstyle_id":38,"hairstyle_name":"Quiff"} 
[2025-10-05 02:27:20] local.DEBUG: Processing criterion column {"score_id":62,"criterion_id":9,"criterion_name":"Tipe Rambut"} 
[2025-10-05 02:27:20] local.DEBUG: Processing score column {"score_id":62,"score_value":8.5} 
[2025-10-05 02:27:20] local.DEBUG: Processing hairstyle column {"score_id":61,"hairstyle_id":38,"hairstyle_name":"Quiff"} 
[2025-10-05 02:27:20] local.DEBUG: Processing criterion column {"score_id":61,"criterion_id":8,"criterion_name":"Bentuk Kepala"} 
[2025-10-05 02:27:20] local.DEBUG: Processing score column {"score_id":61,"score_value":8.0} 
[2025-10-05 02:27:20] local.DEBUG: Processing hairstyle column {"score_id":60,"hairstyle_id":37,"hairstyle_name":"Pompadour"} 
[2025-10-05 02:27:20] local.DEBUG: Processing criterion column {"score_id":60,"criterion_id":10,"criterion_name":"Preferensi Gaya"} 
[2025-10-05 02:27:20] local.DEBUG: Processing score column {"score_id":60,"score_value":9.0} 
[2025-10-05 02:27:20] local.DEBUG: Processing hairstyle column {"score_id":59,"hairstyle_id":37,"hairstyle_name":"Pompadour"} 
[2025-10-05 02:27:20] local.DEBUG: Processing criterion column {"score_id":59,"criterion_id":9,"criterion_name":"Tipe Rambut"} 
[2025-10-05 02:27:20] local.DEBUG: Processing score column {"score_id":59,"score_value":8.5} 
[2025-10-05 02:27:20] local.DEBUG: Processing hairstyle column {"score_id":58,"hairstyle_id":37,"hairstyle_name":"Pompadour"} 
[2025-10-05 02:27:20] local.DEBUG: Processing criterion column {"score_id":58,"criterion_id":8,"criterion_name":"Bentuk Kepala"} 
[2025-10-05 02:27:20] local.DEBUG: Processing score column {"score_id":58,"score_value":8.5} 
[2025-10-05 02:27:20] local.DEBUG: Processing hairstyle column {"score_id":54,"hairstyle_id":34,"hairstyle_name":"French Crop"} 
[2025-10-05 02:27:20] local.DEBUG: Processing criterion column {"score_id":54,"criterion_id":10,"criterion_name":"Preferensi Gaya"} 
[2025-10-05 02:27:20] local.DEBUG: Processing score column {"score_id":54,"score_value":8.699999999999999289457264239899814128875732421875} 
[2025-10-05 02:27:20] local.DEBUG: Processing hairstyle column {"score_id":53,"hairstyle_id":34,"hairstyle_name":"French Crop"} 
[2025-10-05 02:27:20] local.DEBUG: Processing criterion column {"score_id":53,"criterion_id":9,"criterion_name":"Tipe Rambut"} 
[2025-10-05 02:27:20] local.DEBUG: Processing score column {"score_id":53,"score_value":8.199999999999999289457264239899814128875732421875} 
[2025-10-05 02:27:20] local.DEBUG: Processing hairstyle column {"score_id":52,"hairstyle_id":34,"hairstyle_name":"French Crop"} 
[2025-10-05 02:27:20] local.DEBUG: Processing criterion column {"score_id":52,"criterion_id":8,"criterion_name":"Bentuk Kepala"} 
[2025-10-05 02:27:20] local.DEBUG: Processing score column {"score_id":52,"score_value":8.0} 
[2025-10-05 02:27:20] local.DEBUG: Processing hairstyle column {"score_id":57,"hairstyle_id":36,"hairstyle_name":"Side Part"} 
[2025-10-05 02:27:20] local.DEBUG: Processing criterion column {"score_id":57,"criterion_id":10,"criterion_name":"Preferensi Gaya"} 
[2025-10-05 02:27:20] local.DEBUG: Processing score column {"score_id":57,"score_value":8.699999999999999289457264239899814128875732421875} 
[2025-10-05 02:27:20] local.DEBUG: Processing hairstyle column {"score_id":56,"hairstyle_id":36,"hairstyle_name":"Side Part"} 
[2025-10-05 02:27:20] local.DEBUG: Processing criterion column {"score_id":56,"criterion_id":9,"criterion_name":"Tipe Rambut"} 
[2025-10-05 02:27:20] local.DEBUG: Processing score column {"score_id":56,"score_value":8.199999999999999289457264239899814128875732421875} 
[2025-10-05 02:27:20] local.DEBUG: Processing hairstyle column {"score_id":55,"hairstyle_id":36,"hairstyle_name":"Side Part"} 
[2025-10-05 02:27:20] local.DEBUG: Processing criterion column {"score_id":55,"criterion_id":8,"criterion_name":"Bentuk Kepala"} 
[2025-10-05 02:27:20] local.DEBUG: Processing score column {"score_id":55,"score_value":8.300000000000000710542735760100185871124267578125} 
[2025-10-05 02:27:28] local.INFO: BookingController@index accessed {"is_ajax":false,"user_id":45,"ip":"127.0.0.1","user_agent":"Mozilla/5.0 (Macintosh; Intel Mac OS X 10_15_7) AppleWebKit/537.36 (KHTML, like Gecko) Chrome/140.0.0.0 Safari/537.36"} 
[2025-10-05 02:27:29] local.INFO: BookingController@index accessed {"is_ajax":true,"user_id":45,"ip":"127.0.0.1","user_agent":"Mozilla/5.0 (Macintosh; Intel Mac OS X 10_15_7) AppleWebKit/537.36 (KHTML, like Gecko) Chrome/140.0.0.0 Safari/537.36"} 
[2025-10-05 02:27:29] local.INFO: Processing AJAX request for bookings datatable  
[2025-10-05 02:27:29] local.INFO: Bookings data retrieved successfully {"total_records":101} 
[2025-10-05 02:27:34] local.INFO: Fetching hairstyle scores for DataTable  
[2025-10-05 02:27:34] local.INFO: Hairstyle scores fetched for DataTable {"total":39,"first_item":90} 
[2025-10-05 02:27:34] local.DEBUG: Processing hairstyle column {"score_id":90,"hairstyle_id":47,"hairstyle_name":"Textured Crop"} 
[2025-10-05 02:27:34] local.DEBUG: Processing criterion column {"score_id":90,"criterion_id":10,"criterion_name":"Preferensi Gaya"} 
[2025-10-05 02:27:34] local.DEBUG: Processing score column {"score_id":90,"score_value":8.699999999999999289457264239899814128875732421875} 
[2025-10-05 02:27:34] local.DEBUG: Processing hairstyle column {"score_id":89,"hairstyle_id":47,"hairstyle_name":"Textured Crop"} 
[2025-10-05 02:27:34] local.DEBUG: Processing criterion column {"score_id":89,"criterion_id":9,"criterion_name":"Tipe Rambut"} 
[2025-10-05 02:27:34] local.DEBUG: Processing score column {"score_id":89,"score_value":8.199999999999999289457264239899814128875732421875} 
[2025-10-05 02:27:34] local.DEBUG: Processing hairstyle column {"score_id":88,"hairstyle_id":47,"hairstyle_name":"Textured Crop"} 
[2025-10-05 02:27:34] local.DEBUG: Processing criterion column {"score_id":88,"criterion_id":8,"criterion_name":"Bentuk Kepala"} 
[2025-10-05 02:27:34] local.DEBUG: Processing score column {"score_id":88,"score_value":8.0} 
[2025-10-05 02:27:34] local.DEBUG: Processing hairstyle column {"score_id":87,"hairstyle_id":46,"hairstyle_name":"Long Fringe"} 
[2025-10-05 02:27:34] local.DEBUG: Processing criterion column {"score_id":87,"criterion_id":10,"criterion_name":"Preferensi Gaya"} 
[2025-10-05 02:27:34] local.DEBUG: Processing score column {"score_id":87,"score_value":8.5} 
[2025-10-05 02:27:34] local.DEBUG: Processing hairstyle column {"score_id":86,"hairstyle_id":46,"hairstyle_name":"Long Fringe"} 
[2025-10-05 02:27:34] local.DEBUG: Processing criterion column {"score_id":86,"criterion_id":9,"criterion_name":"Tipe Rambut"} 
[2025-10-05 02:27:34] local.DEBUG: Processing score column {"score_id":86,"score_value":8.199999999999999289457264239899814128875732421875} 
[2025-10-05 02:27:34] local.DEBUG: Processing hairstyle column {"score_id":85,"hairstyle_id":46,"hairstyle_name":"Long Fringe"} 
[2025-10-05 02:27:34] local.DEBUG: Processing criterion column {"score_id":85,"criterion_id":8,"criterion_name":"Bentuk Kepala"} 
[2025-10-05 02:27:34] local.DEBUG: Processing score column {"score_id":85,"score_value":7.5} 
[2025-10-05 02:27:34] local.DEBUG: Processing hairstyle column {"score_id":84,"hairstyle_id":45,"hairstyle_name":"Side Swept Fringe"} 
[2025-10-05 02:27:34] local.DEBUG: Processing criterion column {"score_id":84,"criterion_id":10,"criterion_name":"Preferensi Gaya"} 
[2025-10-05 02:27:34] local.DEBUG: Processing score column {"score_id":84,"score_value":8.5} 
[2025-10-05 02:27:34] local.DEBUG: Processing hairstyle column {"score_id":83,"hairstyle_id":45,"hairstyle_name":"Side Swept Fringe"} 
[2025-10-05 02:27:34] local.DEBUG: Processing criterion column {"score_id":83,"criterion_id":9,"criterion_name":"Tipe Rambut"} 
[2025-10-05 02:27:34] local.DEBUG: Processing score column {"score_id":83,"score_value":8.5} 
[2025-10-05 02:27:34] local.DEBUG: Processing hairstyle column {"score_id":82,"hairstyle_id":45,"hairstyle_name":"Side Swept Fringe"} 
[2025-10-05 02:27:34] local.DEBUG: Processing criterion column {"score_id":82,"criterion_id":8,"criterion_name":"Bentuk Kepala"} 
[2025-10-05 02:27:34] local.DEBUG: Processing score column {"score_id":82,"score_value":8.0} 
[2025-10-05 02:27:34] local.DEBUG: Processing hairstyle column {"score_id":81,"hairstyle_id":44,"hairstyle_name":"Caesar Cut"} 
[2025-10-05 02:27:34] local.DEBUG: Processing criterion column {"score_id":81,"criterion_id":10,"criterion_name":"Preferensi Gaya"} 
[2025-10-05 02:27:34] local.DEBUG: Processing score column {"score_id":81,"score_value":8.0} 
[2025-10-05 02:27:34] local.DEBUG: Processing hairstyle column {"score_id":80,"hairstyle_id":44,"hairstyle_name":"Caesar Cut"} 
[2025-10-05 02:27:34] local.DEBUG: Processing criterion column {"score_id":80,"criterion_id":9,"criterion_name":"Tipe Rambut"} 
[2025-10-05 02:27:34] local.DEBUG: Processing score column {"score_id":80,"score_value":8.0} 
[2025-10-05 02:27:34] local.DEBUG: Processing hairstyle column {"score_id":79,"hairstyle_id":44,"hairstyle_name":"Caesar Cut"} 
[2025-10-05 02:27:34] local.DEBUG: Processing criterion column {"score_id":79,"criterion_id":8,"criterion_name":"Bentuk Kepala"} 
[2025-10-05 02:27:34] local.DEBUG: Processing score column {"score_id":79,"score_value":8.0} 
[2025-10-05 02:27:34] local.DEBUG: Processing hairstyle column {"score_id":78,"hairstyle_id":43,"hairstyle_name":"Fringe"} 
[2025-10-05 02:27:34] local.DEBUG: Processing criterion column {"score_id":78,"criterion_id":10,"criterion_name":"Preferensi Gaya"} 
[2025-10-05 02:27:34] local.DEBUG: Processing score column {"score_id":78,"score_value":8.5} 
[2025-10-05 02:27:34] local.DEBUG: Processing hairstyle column {"score_id":77,"hairstyle_id":43,"hairstyle_name":"Fringe"} 
[2025-10-05 02:27:34] local.DEBUG: Processing criterion column {"score_id":77,"criterion_id":9,"criterion_name":"Tipe Rambut"} 
[2025-10-05 02:27:34] local.DEBUG: Processing score column {"score_id":77,"score_value":8.5} 
[2025-10-05 02:27:34] local.DEBUG: Processing hairstyle column {"score_id":76,"hairstyle_id":43,"hairstyle_name":"Fringe"} 
[2025-10-05 02:27:34] local.DEBUG: Processing criterion column {"score_id":76,"criterion_id":8,"criterion_name":"Bentuk Kepala"} 
[2025-10-05 02:27:34] local.DEBUG: Processing score column {"score_id":76,"score_value":8.0} 
[2025-10-05 02:27:34] local.DEBUG: Processing hairstyle column {"score_id":75,"hairstyle_id":42,"hairstyle_name":"Undercut"} 
[2025-10-05 02:27:34] local.DEBUG: Processing criterion column {"score_id":75,"criterion_id":10,"criterion_name":"Preferensi Gaya"} 
[2025-10-05 02:27:34] local.DEBUG: Processing score column {"score_id":75,"score_value":9.0} 
[2025-10-05 02:27:34] local.DEBUG: Processing hairstyle column {"score_id":74,"hairstyle_id":42,"hairstyle_name":"Undercut"} 
[2025-10-05 02:27:34] local.DEBUG: Processing criterion column {"score_id":74,"criterion_id":9,"criterion_name":"Tipe Rambut"} 
[2025-10-05 02:27:34] local.DEBUG: Processing score column {"score_id":74,"score_value":8.0} 
[2025-10-05 02:27:34] local.DEBUG: Processing hairstyle column {"score_id":73,"hairstyle_id":42,"hairstyle_name":"Undercut"} 
[2025-10-05 02:27:34] local.DEBUG: Processing criterion column {"score_id":73,"criterion_id":8,"criterion_name":"Bentuk Kepala"} 
[2025-10-05 02:27:34] local.DEBUG: Processing score column {"score_id":73,"score_value":8.0} 
[2025-10-05 02:27:34] local.DEBUG: Processing hairstyle column {"score_id":72,"hairstyle_id":41,"hairstyle_name":"Crew Cut"} 
[2025-10-05 02:27:34] local.DEBUG: Processing criterion column {"score_id":72,"criterion_id":10,"criterion_name":"Preferensi Gaya"} 
[2025-10-05 02:27:34] local.DEBUG: Processing score column {"score_id":72,"score_value":8.5} 
[2025-10-05 02:27:34] local.DEBUG: Processing hairstyle column {"score_id":71,"hairstyle_id":41,"hairstyle_name":"Crew Cut"} 
[2025-10-05 02:27:34] local.DEBUG: Processing criterion column {"score_id":71,"criterion_id":9,"criterion_name":"Tipe Rambut"} 
[2025-10-05 02:27:34] local.DEBUG: Processing score column {"score_id":71,"score_value":8.5} 
[2025-10-05 02:27:34] local.DEBUG: Processing hairstyle column {"score_id":70,"hairstyle_id":41,"hairstyle_name":"Crew Cut"} 
[2025-10-05 02:27:34] local.DEBUG: Processing criterion column {"score_id":70,"criterion_id":8,"criterion_name":"Bentuk Kepala"} 
[2025-10-05 02:27:34] local.DEBUG: Processing score column {"score_id":70,"score_value":8.0} 
[2025-10-05 02:27:34] local.DEBUG: Processing hairstyle column {"score_id":69,"hairstyle_id":40,"hairstyle_name":"Tapper Fade"} 
[2025-10-05 02:27:34] local.DEBUG: Processing criterion column {"score_id":69,"criterion_id":10,"criterion_name":"Preferensi Gaya"} 
[2025-10-05 02:27:34] local.DEBUG: Processing score column {"score_id":69,"score_value":9.0} 
[2025-10-05 02:27:34] local.DEBUG: Processing hairstyle column {"score_id":68,"hairstyle_id":40,"hairstyle_name":"Tapper Fade"} 
[2025-10-05 02:27:34] local.DEBUG: Processing criterion column {"score_id":68,"criterion_id":9,"criterion_name":"Tipe Rambut"} 
[2025-10-05 02:27:34] local.DEBUG: Processing score column {"score_id":68,"score_value":9.0} 
[2025-10-05 02:27:34] local.DEBUG: Processing hairstyle column {"score_id":67,"hairstyle_id":40,"hairstyle_name":"Tapper Fade"} 
[2025-10-05 02:27:34] local.DEBUG: Processing criterion column {"score_id":67,"criterion_id":8,"criterion_name":"Bentuk Kepala"} 
[2025-10-05 02:27:34] local.DEBUG: Processing score column {"score_id":67,"score_value":8.5} 
[2025-10-05 02:27:34] local.DEBUG: Processing hairstyle column {"score_id":66,"hairstyle_id":39,"hairstyle_name":"Buzzcut"} 
[2025-10-05 02:27:34] local.DEBUG: Processing criterion column {"score_id":66,"criterion_id":10,"criterion_name":"Preferensi Gaya"} 
[2025-10-05 02:27:34] local.DEBUG: Processing score column {"score_id":66,"score_value":8.0} 
[2025-10-05 02:27:34] local.DEBUG: Processing hairstyle column {"score_id":65,"hairstyle_id":39,"hairstyle_name":"Buzzcut"} 
[2025-10-05 02:27:34] local.DEBUG: Processing criterion column {"score_id":65,"criterion_id":9,"criterion_name":"Tipe Rambut"} 
[2025-10-05 02:27:34] local.DEBUG: Processing score column {"score_id":65,"score_value":9.0} 
[2025-10-05 02:27:34] local.DEBUG: Processing hairstyle column {"score_id":64,"hairstyle_id":39,"hairstyle_name":"Buzzcut"} 
[2025-10-05 02:27:34] local.DEBUG: Processing criterion column {"score_id":64,"criterion_id":8,"criterion_name":"Bentuk Kepala"} 
[2025-10-05 02:27:34] local.DEBUG: Processing score column {"score_id":64,"score_value":7.5} 
[2025-10-05 02:27:34] local.DEBUG: Processing hairstyle column {"score_id":63,"hairstyle_id":38,"hairstyle_name":"Quiff"} 
[2025-10-05 02:27:34] local.DEBUG: Processing criterion column {"score_id":63,"criterion_id":10,"criterion_name":"Preferensi Gaya"} 
[2025-10-05 02:27:34] local.DEBUG: Processing score column {"score_id":63,"score_value":9.0} 
[2025-10-05 02:27:34] local.DEBUG: Processing hairstyle column {"score_id":62,"hairstyle_id":38,"hairstyle_name":"Quiff"} 
[2025-10-05 02:27:34] local.DEBUG: Processing criterion column {"score_id":62,"criterion_id":9,"criterion_name":"Tipe Rambut"} 
[2025-10-05 02:27:34] local.DEBUG: Processing score column {"score_id":62,"score_value":8.5} 
[2025-10-05 02:27:34] local.DEBUG: Processing hairstyle column {"score_id":61,"hairstyle_id":38,"hairstyle_name":"Quiff"} 
[2025-10-05 02:27:34] local.DEBUG: Processing criterion column {"score_id":61,"criterion_id":8,"criterion_name":"Bentuk Kepala"} 
[2025-10-05 02:27:34] local.DEBUG: Processing score column {"score_id":61,"score_value":8.0} 
[2025-10-05 02:27:34] local.DEBUG: Processing hairstyle column {"score_id":60,"hairstyle_id":37,"hairstyle_name":"Pompadour"} 
[2025-10-05 02:27:34] local.DEBUG: Processing criterion column {"score_id":60,"criterion_id":10,"criterion_name":"Preferensi Gaya"} 
[2025-10-05 02:27:34] local.DEBUG: Processing score column {"score_id":60,"score_value":9.0} 
[2025-10-05 02:27:34] local.DEBUG: Processing hairstyle column {"score_id":59,"hairstyle_id":37,"hairstyle_name":"Pompadour"} 
[2025-10-05 02:27:34] local.DEBUG: Processing criterion column {"score_id":59,"criterion_id":9,"criterion_name":"Tipe Rambut"} 
[2025-10-05 02:27:34] local.DEBUG: Processing score column {"score_id":59,"score_value":8.5} 
[2025-10-05 02:27:34] local.DEBUG: Processing hairstyle column {"score_id":58,"hairstyle_id":37,"hairstyle_name":"Pompadour"} 
[2025-10-05 02:27:34] local.DEBUG: Processing criterion column {"score_id":58,"criterion_id":8,"criterion_name":"Bentuk Kepala"} 
[2025-10-05 02:27:34] local.DEBUG: Processing score column {"score_id":58,"score_value":8.5} 
[2025-10-05 02:27:34] local.DEBUG: Processing hairstyle column {"score_id":54,"hairstyle_id":34,"hairstyle_name":"French Crop"} 
[2025-10-05 02:27:34] local.DEBUG: Processing criterion column {"score_id":54,"criterion_id":10,"criterion_name":"Preferensi Gaya"} 
[2025-10-05 02:27:34] local.DEBUG: Processing score column {"score_id":54,"score_value":8.699999999999999289457264239899814128875732421875} 
[2025-10-05 02:27:34] local.DEBUG: Processing hairstyle column {"score_id":53,"hairstyle_id":34,"hairstyle_name":"French Crop"} 
[2025-10-05 02:27:34] local.DEBUG: Processing criterion column {"score_id":53,"criterion_id":9,"criterion_name":"Tipe Rambut"} 
[2025-10-05 02:27:34] local.DEBUG: Processing score column {"score_id":53,"score_value":8.199999999999999289457264239899814128875732421875} 
[2025-10-05 02:27:34] local.DEBUG: Processing hairstyle column {"score_id":52,"hairstyle_id":34,"hairstyle_name":"French Crop"} 
[2025-10-05 02:27:34] local.DEBUG: Processing criterion column {"score_id":52,"criterion_id":8,"criterion_name":"Bentuk Kepala"} 
[2025-10-05 02:27:34] local.DEBUG: Processing score column {"score_id":52,"score_value":8.0} 
[2025-10-05 02:27:34] local.DEBUG: Processing hairstyle column {"score_id":57,"hairstyle_id":36,"hairstyle_name":"Side Part"} 
[2025-10-05 02:27:34] local.DEBUG: Processing criterion column {"score_id":57,"criterion_id":10,"criterion_name":"Preferensi Gaya"} 
[2025-10-05 02:27:34] local.DEBUG: Processing score column {"score_id":57,"score_value":8.699999999999999289457264239899814128875732421875} 
[2025-10-05 02:27:34] local.DEBUG: Processing hairstyle column {"score_id":56,"hairstyle_id":36,"hairstyle_name":"Side Part"} 
[2025-10-05 02:27:34] local.DEBUG: Processing criterion column {"score_id":56,"criterion_id":9,"criterion_name":"Tipe Rambut"} 
[2025-10-05 02:27:34] local.DEBUG: Processing score column {"score_id":56,"score_value":8.199999999999999289457264239899814128875732421875} 
[2025-10-05 02:27:34] local.DEBUG: Processing hairstyle column {"score_id":55,"hairstyle_id":36,"hairstyle_name":"Side Part"} 
[2025-10-05 02:27:34] local.DEBUG: Processing criterion column {"score_id":55,"criterion_id":8,"criterion_name":"Bentuk Kepala"} 
[2025-10-05 02:27:34] local.DEBUG: Processing score column {"score_id":55,"score_value":8.300000000000000710542735760100185871124267578125} 
[2025-10-05 02:35:33] local.INFO: BookingController@index accessed {"is_ajax":false,"user_id":45,"ip":"127.0.0.1","user_agent":"Mozilla/5.0 (Macintosh; Intel Mac OS X 10_15_7) AppleWebKit/537.36 (KHTML, like Gecko) Chrome/140.0.0.0 Safari/537.36"} 
[2025-10-05 02:35:33] local.INFO: BookingController@index accessed {"is_ajax":true,"user_id":45,"ip":"127.0.0.1","user_agent":"Mozilla/5.0 (Macintosh; Intel Mac OS X 10_15_7) AppleWebKit/537.36 (KHTML, like Gecko) Chrome/140.0.0.0 Safari/537.36"} 
[2025-10-05 02:35:33] local.INFO: Processing AJAX request for bookings datatable  
[2025-10-05 02:35:33] local.INFO: Bookings data retrieved successfully {"total_records":101} 
[2025-10-05 02:59:25] local.INFO: DataTable AJAX request received {"user_id":45,"request_data":{"draw":"1","columns":[{"data":"DT_RowIndex","name":"DT_RowIndex","searchable":"true","orderable":"true","search":{"value":null,"regex":"false"}},{"data":"name","name":"name","searchable":"true","orderable":"true","search":{"value":null,"regex":"false"}},{"data":"no_telepon","name":"no_telepon","searchable":"true","orderable":"true","search":{"value":null,"regex":"false"}},{"data":"roles","name":"roles","searchable":"true","orderable":"true","search":{"value":null,"regex":"false"}},{"data":"status","name":"status","searchable":"true","orderable":"true","search":{"value":null,"regex":"false"}},{"data":"loyalty_points","name":"loyalty_points","searchable":"true","orderable":"true","search":{"value":null,"regex":"false"}},{"data":"created_at","name":"created_at","searchable":"true","orderable":"true","search":{"value":null,"regex":"false"}},{"data":"action","name":"action","searchable":"false","orderable":"false","search":{"value":null,"regex":"false"}}],"order":[{"column":"1","dir":"asc","name":"name"}],"start":"0","length":"10","search":{"value":null,"regex":"false"},"_":"1759633165000"}} 
[2025-10-05 02:59:26] local.INFO: DataTable AJAX request received {"user_id":45,"request_data":{"draw":"1","columns":[{"data":"DT_RowIndex","name":"DT_RowIndex","searchable":"true","orderable":"true","search":{"value":null,"regex":"false"}},{"data":"name","name":"name","searchable":"true","orderable":"true","search":{"value":null,"regex":"false"}},{"data":"no_telepon","name":"no_telepon","searchable":"true","orderable":"true","search":{"value":null,"regex":"false"}},{"data":"roles","name":"roles","searchable":"true","orderable":"true","search":{"value":null,"regex":"false"}},{"data":"status","name":"status","searchable":"true","orderable":"true","search":{"value":null,"regex":"false"}},{"data":"loyalty_points","name":"loyalty_points","searchable":"true","orderable":"true","search":{"value":null,"regex":"false"}},{"data":"created_at","name":"created_at","searchable":"true","orderable":"true","search":{"value":null,"regex":"false"}},{"data":"action","name":"action","searchable":"false","orderable":"false","search":{"value":null,"regex":"false"}}],"order":[{"column":"1","dir":"asc","name":"name"}],"start":"0","length":"10","search":{"value":null,"regex":"false"},"_":"1759633166566"}} 
[2025-10-05 02:59:49] local.INFO: DataTable AJAX request received {"user_id":45,"request_data":{"draw":"1","columns":[{"data":"DT_RowIndex","name":"DT_RowIndex","searchable":"true","orderable":"true","search":{"value":null,"regex":"false"}},{"data":"name","name":"name","searchable":"true","orderable":"true","search":{"value":null,"regex":"false"}},{"data":"no_telepon","name":"no_telepon","searchable":"true","orderable":"true","search":{"value":null,"regex":"false"}},{"data":"roles","name":"roles","searchable":"true","orderable":"true","search":{"value":null,"regex":"false"}},{"data":"status","name":"status","searchable":"true","orderable":"true","search":{"value":null,"regex":"false"}},{"data":"loyalty_points","name":"loyalty_points","searchable":"true","orderable":"true","search":{"value":null,"regex":"false"}},{"data":"created_at","name":"created_at","searchable":"true","orderable":"true","search":{"value":null,"regex":"false"}},{"data":"action","name":"action","searchable":"false","orderable":"false","search":{"value":null,"regex":"false"}}],"order":[{"column":"1","dir":"asc","name":"name"}],"start":"0","length":"10","search":{"value":null,"regex":"false"},"_":"1759633189500"}} 
[2025-10-05 02:59:52] local.INFO: Fetching hairstyles for DataTable  
[2025-10-05 02:59:52] local.INFO: Hairstyles fetched for DataTable {"total":13,"first_item":"Textured Crop"} 
[2025-10-05 02:59:52] local.DEBUG: Processing name column {"hairstyle_id":47,"name":"Textured Crop"} 
[2025-10-05 02:59:52] local.DEBUG: Processing bentuk_kepala {"hairstyle_id":47,"bentuk_kepala":"Hati"} 
[2025-10-05 02:59:52] local.DEBUG: Processing tipe_rambut {"hairstyle_id":47,"tipe_rambut":"Lurus, Bergelombang, Keriting"} 
[2025-10-05 02:59:52] local.DEBUG: Processing style_preference {"hairstyle_id":47,"style_preference":"Klasik, Modern, Kasual"} 
[2025-10-05 02:59:52] local.DEBUG: Processing name column {"hairstyle_id":46,"name":"Long Fringe"} 
[2025-10-05 02:59:52] local.DEBUG: Processing bentuk_kepala {"hairstyle_id":46,"bentuk_kepala":"Hati"} 
[2025-10-05 02:59:52] local.DEBUG: Processing tipe_rambut {"hairstyle_id":46,"tipe_rambut":"Lurus, Bergelombang, Keriting"} 
[2025-10-05 02:59:52] local.DEBUG: Processing style_preference {"hairstyle_id":46,"style_preference":"Klasik, Modern, Kasual"} 
[2025-10-05 02:59:52] local.DEBUG: Processing name column {"hairstyle_id":45,"name":"Side Swept Fringe"} 
[2025-10-05 02:59:52] local.DEBUG: Processing bentuk_kepala {"hairstyle_id":45,"bentuk_kepala":"Segitiga"} 
[2025-10-05 02:59:52] local.DEBUG: Processing tipe_rambut {"hairstyle_id":45,"tipe_rambut":"Lurus, Bergelombang, Keriting"} 
[2025-10-05 02:59:52] local.DEBUG: Processing style_preference {"hairstyle_id":45,"style_preference":"Klasik, Modern, Kasual"} 
[2025-10-05 02:59:52] local.DEBUG: Processing name column {"hairstyle_id":44,"name":"Caesar Cut"} 
[2025-10-05 02:59:52] local.DEBUG: Processing bentuk_kepala {"hairstyle_id":44,"bentuk_kepala":"Persegi Panjang"} 
[2025-10-05 02:59:52] local.DEBUG: Processing tipe_rambut {"hairstyle_id":44,"tipe_rambut":"Lurus, Bergelombang, Keriting"} 
[2025-10-05 02:59:52] local.DEBUG: Processing style_preference {"hairstyle_id":44,"style_preference":"Klasik, Modern, Kasual"} 
[2025-10-05 02:59:52] local.DEBUG: Processing name column {"hairstyle_id":43,"name":"Fringe"} 
[2025-10-05 02:59:52] local.DEBUG: Processing bentuk_kepala {"hairstyle_id":43,"bentuk_kepala":"Persegi Panjang"} 
[2025-10-05 02:59:52] local.DEBUG: Processing tipe_rambut {"hairstyle_id":43,"tipe_rambut":"Lurus, Bergelombang, Keriting"} 
[2025-10-05 02:59:52] local.DEBUG: Processing style_preference {"hairstyle_id":43,"style_preference":"Klasik, Modern, Kasual"} 
[2025-10-05 02:59:52] local.DEBUG: Processing name column {"hairstyle_id":42,"name":"Undercut"} 
[2025-10-05 02:59:52] local.DEBUG: Processing bentuk_kepala {"hairstyle_id":42,"bentuk_kepala":"Kotak, Segitiga"} 
[2025-10-05 02:59:52] local.DEBUG: Processing tipe_rambut {"hairstyle_id":42,"tipe_rambut":"Lurus, Bergelombang, Keriting"} 
[2025-10-05 02:59:52] local.DEBUG: Processing style_preference {"hairstyle_id":42,"style_preference":"Klasik, Modern, Kasual"} 
[2025-10-05 02:59:52] local.DEBUG: Processing name column {"hairstyle_id":41,"name":"Crew Cut"} 
[2025-10-05 02:59:52] local.DEBUG: Processing bentuk_kepala {"hairstyle_id":41,"bentuk_kepala":"Kotak"} 
[2025-10-05 02:59:52] local.DEBUG: Processing tipe_rambut {"hairstyle_id":41,"tipe_rambut":"Lurus, Bergelombang, Keriting"} 
[2025-10-05 02:59:52] local.DEBUG: Processing style_preference {"hairstyle_id":41,"style_preference":"Klasik, Modern, Kasual"} 
[2025-10-05 02:59:52] local.DEBUG: Processing name column {"hairstyle_id":40,"name":"Tapper Fade"} 
[2025-10-05 02:59:52] local.DEBUG: Processing bentuk_kepala {"hairstyle_id":40,"bentuk_kepala":"Bulat, Kotak"} 
[2025-10-05 02:59:52] local.DEBUG: Processing tipe_rambut {"hairstyle_id":40,"tipe_rambut":"Lurus, Bergelombang, Keriting"} 
[2025-10-05 02:59:52] local.DEBUG: Processing style_preference {"hairstyle_id":40,"style_preference":"Klasik, Modern, Kasual"} 
[2025-10-05 02:59:52] local.DEBUG: Processing name column {"hairstyle_id":39,"name":"Buzzcut"} 
[2025-10-05 02:59:52] local.DEBUG: Processing bentuk_kepala {"hairstyle_id":39,"bentuk_kepala":"Oval, Bulat, Kotak"} 
[2025-10-05 02:59:52] local.DEBUG: Processing tipe_rambut {"hairstyle_id":39,"tipe_rambut":"Lurus, Bergelombang, Keriting"} 
[2025-10-05 02:59:52] local.DEBUG: Processing style_preference {"hairstyle_id":39,"style_preference":"Klasik, Modern, Kasual"} 
[2025-10-05 02:59:52] local.DEBUG: Processing name column {"hairstyle_id":38,"name":"Quiff"} 
[2025-10-05 02:59:52] local.DEBUG: Processing bentuk_kepala {"hairstyle_id":38,"bentuk_kepala":"Oval, Segitiga"} 
[2025-10-05 02:59:52] local.DEBUG: Processing tipe_rambut {"hairstyle_id":38,"tipe_rambut":"Lurus, Bergelombang, Keriting"} 
[2025-10-05 02:59:52] local.DEBUG: Processing style_preference {"hairstyle_id":38,"style_preference":"Klasik, Modern"} 
[2025-10-05 02:59:52] local.DEBUG: Processing name column {"hairstyle_id":37,"name":"Pompadour"} 
[2025-10-05 02:59:52] local.DEBUG: Processing bentuk_kepala {"hairstyle_id":37,"bentuk_kepala":"Oval, Bulat, Segitiga"} 
[2025-10-05 02:59:52] local.DEBUG: Processing tipe_rambut {"hairstyle_id":37,"tipe_rambut":"Lurus, Bergelombang, Keriting"} 
[2025-10-05 02:59:52] local.DEBUG: Processing style_preference {"hairstyle_id":37,"style_preference":"Klasik, Modern"} 
[2025-10-05 02:59:52] local.DEBUG: Processing name column {"hairstyle_id":36,"name":"Side Part"} 
[2025-10-05 02:59:52] local.DEBUG: Processing bentuk_kepala {"hairstyle_id":36,"bentuk_kepala":"Persegi Panjang, Hati"} 
[2025-10-05 02:59:52] local.DEBUG: Processing tipe_rambut {"hairstyle_id":36,"tipe_rambut":"Lurus, Bergelombang, Keriting"} 
[2025-10-05 02:59:52] local.DEBUG: Processing style_preference {"hairstyle_id":36,"style_preference":"Klasik, Modern, Kasual"} 
[2025-10-05 02:59:52] local.DEBUG: Processing name column {"hairstyle_id":34,"name":"French Crop"} 
[2025-10-05 02:59:52] local.DEBUG: Processing bentuk_kepala {"hairstyle_id":34,"bentuk_kepala":"Oval, Bulat, Persegi Panjang, Hati"} 
[2025-10-05 02:59:52] local.DEBUG: Processing tipe_rambut {"hairstyle_id":34,"tipe_rambut":"Lurus, Bergelombang"} 
[2025-10-05 02:59:52] local.DEBUG: Processing style_preference {"hairstyle_id":34,"style_preference":"Klasik, Modern"} 
[2025-10-05 02:59:53] local.INFO: Fetching hairstyle scores for DataTable  
[2025-10-05 02:59:53] local.INFO: Hairstyle scores fetched for DataTable {"total":39,"first_item":90} 
[2025-10-05 02:59:53] local.DEBUG: Processing hairstyle column {"score_id":90,"hairstyle_id":47,"hairstyle_name":"Textured Crop"} 
[2025-10-05 02:59:53] local.DEBUG: Processing criterion column {"score_id":90,"criterion_id":10,"criterion_name":"Preferensi Gaya"} 
[2025-10-05 02:59:53] local.DEBUG: Processing score column {"score_id":90,"score_value":8.699999999999999289457264239899814128875732421875} 
[2025-10-05 02:59:53] local.DEBUG: Processing hairstyle column {"score_id":89,"hairstyle_id":47,"hairstyle_name":"Textured Crop"} 
[2025-10-05 02:59:53] local.DEBUG: Processing criterion column {"score_id":89,"criterion_id":9,"criterion_name":"Tipe Rambut"} 
[2025-10-05 02:59:53] local.DEBUG: Processing score column {"score_id":89,"score_value":8.199999999999999289457264239899814128875732421875} 
[2025-10-05 02:59:53] local.DEBUG: Processing hairstyle column {"score_id":88,"hairstyle_id":47,"hairstyle_name":"Textured Crop"} 
[2025-10-05 02:59:53] local.DEBUG: Processing criterion column {"score_id":88,"criterion_id":8,"criterion_name":"Bentuk Kepala"} 
[2025-10-05 02:59:53] local.DEBUG: Processing score column {"score_id":88,"score_value":8.0} 
[2025-10-05 02:59:53] local.DEBUG: Processing hairstyle column {"score_id":87,"hairstyle_id":46,"hairstyle_name":"Long Fringe"} 
[2025-10-05 02:59:53] local.DEBUG: Processing criterion column {"score_id":87,"criterion_id":10,"criterion_name":"Preferensi Gaya"} 
[2025-10-05 02:59:53] local.DEBUG: Processing score column {"score_id":87,"score_value":8.5} 
[2025-10-05 02:59:53] local.DEBUG: Processing hairstyle column {"score_id":86,"hairstyle_id":46,"hairstyle_name":"Long Fringe"} 
[2025-10-05 02:59:53] local.DEBUG: Processing criterion column {"score_id":86,"criterion_id":9,"criterion_name":"Tipe Rambut"} 
[2025-10-05 02:59:53] local.DEBUG: Processing score column {"score_id":86,"score_value":8.199999999999999289457264239899814128875732421875} 
[2025-10-05 02:59:53] local.DEBUG: Processing hairstyle column {"score_id":85,"hairstyle_id":46,"hairstyle_name":"Long Fringe"} 
[2025-10-05 02:59:53] local.DEBUG: Processing criterion column {"score_id":85,"criterion_id":8,"criterion_name":"Bentuk Kepala"} 
[2025-10-05 02:59:53] local.DEBUG: Processing score column {"score_id":85,"score_value":7.5} 
[2025-10-05 02:59:53] local.DEBUG: Processing hairstyle column {"score_id":84,"hairstyle_id":45,"hairstyle_name":"Side Swept Fringe"} 
[2025-10-05 02:59:53] local.DEBUG: Processing criterion column {"score_id":84,"criterion_id":10,"criterion_name":"Preferensi Gaya"} 
[2025-10-05 02:59:53] local.DEBUG: Processing score column {"score_id":84,"score_value":8.5} 
[2025-10-05 02:59:53] local.DEBUG: Processing hairstyle column {"score_id":83,"hairstyle_id":45,"hairstyle_name":"Side Swept Fringe"} 
[2025-10-05 02:59:53] local.DEBUG: Processing criterion column {"score_id":83,"criterion_id":9,"criterion_name":"Tipe Rambut"} 
[2025-10-05 02:59:53] local.DEBUG: Processing score column {"score_id":83,"score_value":8.5} 
[2025-10-05 02:59:53] local.DEBUG: Processing hairstyle column {"score_id":82,"hairstyle_id":45,"hairstyle_name":"Side Swept Fringe"} 
[2025-10-05 02:59:53] local.DEBUG: Processing criterion column {"score_id":82,"criterion_id":8,"criterion_name":"Bentuk Kepala"} 
[2025-10-05 02:59:53] local.DEBUG: Processing score column {"score_id":82,"score_value":8.0} 
[2025-10-05 02:59:53] local.DEBUG: Processing hairstyle column {"score_id":81,"hairstyle_id":44,"hairstyle_name":"Caesar Cut"} 
[2025-10-05 02:59:53] local.DEBUG: Processing criterion column {"score_id":81,"criterion_id":10,"criterion_name":"Preferensi Gaya"} 
[2025-10-05 02:59:53] local.DEBUG: Processing score column {"score_id":81,"score_value":8.0} 
[2025-10-05 02:59:53] local.DEBUG: Processing hairstyle column {"score_id":80,"hairstyle_id":44,"hairstyle_name":"Caesar Cut"} 
[2025-10-05 02:59:53] local.DEBUG: Processing criterion column {"score_id":80,"criterion_id":9,"criterion_name":"Tipe Rambut"} 
[2025-10-05 02:59:53] local.DEBUG: Processing score column {"score_id":80,"score_value":8.0} 
[2025-10-05 02:59:53] local.DEBUG: Processing hairstyle column {"score_id":79,"hairstyle_id":44,"hairstyle_name":"Caesar Cut"} 
[2025-10-05 02:59:53] local.DEBUG: Processing criterion column {"score_id":79,"criterion_id":8,"criterion_name":"Bentuk Kepala"} 
[2025-10-05 02:59:53] local.DEBUG: Processing score column {"score_id":79,"score_value":8.0} 
[2025-10-05 02:59:53] local.DEBUG: Processing hairstyle column {"score_id":78,"hairstyle_id":43,"hairstyle_name":"Fringe"} 
[2025-10-05 02:59:53] local.DEBUG: Processing criterion column {"score_id":78,"criterion_id":10,"criterion_name":"Preferensi Gaya"} 
[2025-10-05 02:59:53] local.DEBUG: Processing score column {"score_id":78,"score_value":8.5} 
[2025-10-05 02:59:53] local.DEBUG: Processing hairstyle column {"score_id":77,"hairstyle_id":43,"hairstyle_name":"Fringe"} 
[2025-10-05 02:59:53] local.DEBUG: Processing criterion column {"score_id":77,"criterion_id":9,"criterion_name":"Tipe Rambut"} 
[2025-10-05 02:59:53] local.DEBUG: Processing score column {"score_id":77,"score_value":8.5} 
[2025-10-05 02:59:53] local.DEBUG: Processing hairstyle column {"score_id":76,"hairstyle_id":43,"hairstyle_name":"Fringe"} 
[2025-10-05 02:59:53] local.DEBUG: Processing criterion column {"score_id":76,"criterion_id":8,"criterion_name":"Bentuk Kepala"} 
[2025-10-05 02:59:53] local.DEBUG: Processing score column {"score_id":76,"score_value":8.0} 
[2025-10-05 02:59:53] local.DEBUG: Processing hairstyle column {"score_id":75,"hairstyle_id":42,"hairstyle_name":"Undercut"} 
[2025-10-05 02:59:53] local.DEBUG: Processing criterion column {"score_id":75,"criterion_id":10,"criterion_name":"Preferensi Gaya"} 
[2025-10-05 02:59:53] local.DEBUG: Processing score column {"score_id":75,"score_value":9.0} 
[2025-10-05 02:59:53] local.DEBUG: Processing hairstyle column {"score_id":74,"hairstyle_id":42,"hairstyle_name":"Undercut"} 
[2025-10-05 02:59:53] local.DEBUG: Processing criterion column {"score_id":74,"criterion_id":9,"criterion_name":"Tipe Rambut"} 
[2025-10-05 02:59:53] local.DEBUG: Processing score column {"score_id":74,"score_value":8.0} 
[2025-10-05 02:59:53] local.DEBUG: Processing hairstyle column {"score_id":73,"hairstyle_id":42,"hairstyle_name":"Undercut"} 
[2025-10-05 02:59:53] local.DEBUG: Processing criterion column {"score_id":73,"criterion_id":8,"criterion_name":"Bentuk Kepala"} 
[2025-10-05 02:59:53] local.DEBUG: Processing score column {"score_id":73,"score_value":8.0} 
[2025-10-05 02:59:53] local.DEBUG: Processing hairstyle column {"score_id":72,"hairstyle_id":41,"hairstyle_name":"Crew Cut"} 
[2025-10-05 02:59:53] local.DEBUG: Processing criterion column {"score_id":72,"criterion_id":10,"criterion_name":"Preferensi Gaya"} 
[2025-10-05 02:59:53] local.DEBUG: Processing score column {"score_id":72,"score_value":8.5} 
[2025-10-05 02:59:53] local.DEBUG: Processing hairstyle column {"score_id":71,"hairstyle_id":41,"hairstyle_name":"Crew Cut"} 
[2025-10-05 02:59:53] local.DEBUG: Processing criterion column {"score_id":71,"criterion_id":9,"criterion_name":"Tipe Rambut"} 
[2025-10-05 02:59:53] local.DEBUG: Processing score column {"score_id":71,"score_value":8.5} 
[2025-10-05 02:59:53] local.DEBUG: Processing hairstyle column {"score_id":70,"hairstyle_id":41,"hairstyle_name":"Crew Cut"} 
[2025-10-05 02:59:53] local.DEBUG: Processing criterion column {"score_id":70,"criterion_id":8,"criterion_name":"Bentuk Kepala"} 
[2025-10-05 02:59:53] local.DEBUG: Processing score column {"score_id":70,"score_value":8.0} 
[2025-10-05 02:59:53] local.DEBUG: Processing hairstyle column {"score_id":69,"hairstyle_id":40,"hairstyle_name":"Tapper Fade"} 
[2025-10-05 02:59:53] local.DEBUG: Processing criterion column {"score_id":69,"criterion_id":10,"criterion_name":"Preferensi Gaya"} 
[2025-10-05 02:59:53] local.DEBUG: Processing score column {"score_id":69,"score_value":9.0} 
[2025-10-05 02:59:53] local.DEBUG: Processing hairstyle column {"score_id":68,"hairstyle_id":40,"hairstyle_name":"Tapper Fade"} 
[2025-10-05 02:59:53] local.DEBUG: Processing criterion column {"score_id":68,"criterion_id":9,"criterion_name":"Tipe Rambut"} 
[2025-10-05 02:59:53] local.DEBUG: Processing score column {"score_id":68,"score_value":9.0} 
[2025-10-05 02:59:53] local.DEBUG: Processing hairstyle column {"score_id":67,"hairstyle_id":40,"hairstyle_name":"Tapper Fade"} 
[2025-10-05 02:59:53] local.DEBUG: Processing criterion column {"score_id":67,"criterion_id":8,"criterion_name":"Bentuk Kepala"} 
[2025-10-05 02:59:53] local.DEBUG: Processing score column {"score_id":67,"score_value":8.5} 
[2025-10-05 02:59:53] local.DEBUG: Processing hairstyle column {"score_id":66,"hairstyle_id":39,"hairstyle_name":"Buzzcut"} 
[2025-10-05 02:59:53] local.DEBUG: Processing criterion column {"score_id":66,"criterion_id":10,"criterion_name":"Preferensi Gaya"} 
[2025-10-05 02:59:53] local.DEBUG: Processing score column {"score_id":66,"score_value":8.0} 
[2025-10-05 02:59:53] local.DEBUG: Processing hairstyle column {"score_id":65,"hairstyle_id":39,"hairstyle_name":"Buzzcut"} 
[2025-10-05 02:59:53] local.DEBUG: Processing criterion column {"score_id":65,"criterion_id":9,"criterion_name":"Tipe Rambut"} 
[2025-10-05 02:59:53] local.DEBUG: Processing score column {"score_id":65,"score_value":9.0} 
[2025-10-05 02:59:53] local.DEBUG: Processing hairstyle column {"score_id":64,"hairstyle_id":39,"hairstyle_name":"Buzzcut"} 
[2025-10-05 02:59:53] local.DEBUG: Processing criterion column {"score_id":64,"criterion_id":8,"criterion_name":"Bentuk Kepala"} 
[2025-10-05 02:59:53] local.DEBUG: Processing score column {"score_id":64,"score_value":7.5} 
[2025-10-05 02:59:53] local.DEBUG: Processing hairstyle column {"score_id":63,"hairstyle_id":38,"hairstyle_name":"Quiff"} 
[2025-10-05 02:59:53] local.DEBUG: Processing criterion column {"score_id":63,"criterion_id":10,"criterion_name":"Preferensi Gaya"} 
[2025-10-05 02:59:53] local.DEBUG: Processing score column {"score_id":63,"score_value":9.0} 
[2025-10-05 02:59:53] local.DEBUG: Processing hairstyle column {"score_id":62,"hairstyle_id":38,"hairstyle_name":"Quiff"} 
[2025-10-05 02:59:53] local.DEBUG: Processing criterion column {"score_id":62,"criterion_id":9,"criterion_name":"Tipe Rambut"} 
[2025-10-05 02:59:53] local.DEBUG: Processing score column {"score_id":62,"score_value":8.5} 
[2025-10-05 02:59:53] local.DEBUG: Processing hairstyle column {"score_id":61,"hairstyle_id":38,"hairstyle_name":"Quiff"} 
[2025-10-05 02:59:53] local.DEBUG: Processing criterion column {"score_id":61,"criterion_id":8,"criterion_name":"Bentuk Kepala"} 
[2025-10-05 02:59:53] local.DEBUG: Processing score column {"score_id":61,"score_value":8.0} 
[2025-10-05 02:59:53] local.DEBUG: Processing hairstyle column {"score_id":60,"hairstyle_id":37,"hairstyle_name":"Pompadour"} 
[2025-10-05 02:59:53] local.DEBUG: Processing criterion column {"score_id":60,"criterion_id":10,"criterion_name":"Preferensi Gaya"} 
[2025-10-05 02:59:53] local.DEBUG: Processing score column {"score_id":60,"score_value":9.0} 
[2025-10-05 02:59:53] local.DEBUG: Processing hairstyle column {"score_id":59,"hairstyle_id":37,"hairstyle_name":"Pompadour"} 
[2025-10-05 02:59:53] local.DEBUG: Processing criterion column {"score_id":59,"criterion_id":9,"criterion_name":"Tipe Rambut"} 
[2025-10-05 02:59:53] local.DEBUG: Processing score column {"score_id":59,"score_value":8.5} 
[2025-10-05 02:59:53] local.DEBUG: Processing hairstyle column {"score_id":58,"hairstyle_id":37,"hairstyle_name":"Pompadour"} 
[2025-10-05 02:59:53] local.DEBUG: Processing criterion column {"score_id":58,"criterion_id":8,"criterion_name":"Bentuk Kepala"} 
[2025-10-05 02:59:53] local.DEBUG: Processing score column {"score_id":58,"score_value":8.5} 
[2025-10-05 02:59:53] local.DEBUG: Processing hairstyle column {"score_id":54,"hairstyle_id":34,"hairstyle_name":"French Crop"} 
[2025-10-05 02:59:53] local.DEBUG: Processing criterion column {"score_id":54,"criterion_id":10,"criterion_name":"Preferensi Gaya"} 
[2025-10-05 02:59:53] local.DEBUG: Processing score column {"score_id":54,"score_value":8.699999999999999289457264239899814128875732421875} 
[2025-10-05 02:59:53] local.DEBUG: Processing hairstyle column {"score_id":53,"hairstyle_id":34,"hairstyle_name":"French Crop"} 
[2025-10-05 02:59:53] local.DEBUG: Processing criterion column {"score_id":53,"criterion_id":9,"criterion_name":"Tipe Rambut"} 
[2025-10-05 02:59:53] local.DEBUG: Processing score column {"score_id":53,"score_value":8.199999999999999289457264239899814128875732421875} 
[2025-10-05 02:59:53] local.DEBUG: Processing hairstyle column {"score_id":52,"hairstyle_id":34,"hairstyle_name":"French Crop"} 
[2025-10-05 02:59:53] local.DEBUG: Processing criterion column {"score_id":52,"criterion_id":8,"criterion_name":"Bentuk Kepala"} 
[2025-10-05 02:59:53] local.DEBUG: Processing score column {"score_id":52,"score_value":8.0} 
[2025-10-05 02:59:53] local.DEBUG: Processing hairstyle column {"score_id":57,"hairstyle_id":36,"hairstyle_name":"Side Part"} 
[2025-10-05 02:59:53] local.DEBUG: Processing criterion column {"score_id":57,"criterion_id":10,"criterion_name":"Preferensi Gaya"} 
[2025-10-05 02:59:53] local.DEBUG: Processing score column {"score_id":57,"score_value":8.699999999999999289457264239899814128875732421875} 
[2025-10-05 02:59:53] local.DEBUG: Processing hairstyle column {"score_id":56,"hairstyle_id":36,"hairstyle_name":"Side Part"} 
[2025-10-05 02:59:53] local.DEBUG: Processing criterion column {"score_id":56,"criterion_id":9,"criterion_name":"Tipe Rambut"} 
[2025-10-05 02:59:53] local.DEBUG: Processing score column {"score_id":56,"score_value":8.199999999999999289457264239899814128875732421875} 
[2025-10-05 02:59:53] local.DEBUG: Processing hairstyle column {"score_id":55,"hairstyle_id":36,"hairstyle_name":"Side Part"} 
[2025-10-05 02:59:53] local.DEBUG: Processing criterion column {"score_id":55,"criterion_id":8,"criterion_name":"Bentuk Kepala"} 
[2025-10-05 02:59:53] local.DEBUG: Processing score column {"score_id":55,"score_value":8.300000000000000710542735760100185871124267578125} 
[2025-10-05 02:59:54] local.INFO: BookingController@index accessed {"is_ajax":false,"user_id":45,"ip":"127.0.0.1","user_agent":"Mozilla/5.0 (Macintosh; Intel Mac OS X 10_15_7) AppleWebKit/537.36 (KHTML, like Gecko) Chrome/140.0.0.0 Safari/537.36"} 
[2025-10-05 02:59:54] local.INFO: BookingController@index accessed {"is_ajax":true,"user_id":45,"ip":"127.0.0.1","user_agent":"Mozilla/5.0 (Macintosh; Intel Mac OS X 10_15_7) AppleWebKit/537.36 (KHTML, like Gecko) Chrome/140.0.0.0 Safari/537.36"} 
[2025-10-05 02:59:54] local.INFO: Processing AJAX request for bookings datatable  
[2025-10-05 02:59:54] local.INFO: Bookings data retrieved successfully {"total_records":101} 
[2025-10-05 03:00:12] local.INFO: DataTable AJAX request received {"user_id":45,"request_data":{"draw":"1","columns":[{"data":"DT_RowIndex","name":"DT_RowIndex","searchable":"true","orderable":"true","search":{"value":null,"regex":"false"}},{"data":"name","name":"name","searchable":"true","orderable":"true","search":{"value":null,"regex":"false"}},{"data":"no_telepon","name":"no_telepon","searchable":"true","orderable":"true","search":{"value":null,"regex":"false"}},{"data":"roles","name":"roles","searchable":"true","orderable":"true","search":{"value":null,"regex":"false"}},{"data":"status","name":"status","searchable":"true","orderable":"true","search":{"value":null,"regex":"false"}},{"data":"loyalty_points","name":"loyalty_points","searchable":"true","orderable":"true","search":{"value":null,"regex":"false"}},{"data":"created_at","name":"created_at","searchable":"true","orderable":"true","search":{"value":null,"regex":"false"}},{"data":"action","name":"action","searchable":"false","orderable":"false","search":{"value":null,"regex":"false"}}],"order":[{"column":"1","dir":"asc","name":"name"}],"start":"0","length":"10","search":{"value":null,"regex":"false"},"_":"1759633212126"}} 
[2025-10-05 03:00:42] local.INFO: DataTable AJAX request received {"user_id":45,"request_data":{"draw":"2","columns":[{"data":"DT_RowIndex","name":"DT_RowIndex","searchable":"true","orderable":"true","search":{"value":null,"regex":"false"}},{"data":"name","name":"name","searchable":"true","orderable":"true","search":{"value":null,"regex":"false"}},{"data":"no_telepon","name":"no_telepon","searchable":"true","orderable":"true","search":{"value":null,"regex":"false"}},{"data":"roles","name":"roles","searchable":"true","orderable":"true","search":{"value":null,"regex":"false"}},{"data":"status","name":"status","searchable":"true","orderable":"true","search":{"value":null,"regex":"false"}},{"data":"loyalty_points","name":"loyalty_points","searchable":"true","orderable":"true","search":{"value":null,"regex":"false"}},{"data":"created_at","name":"created_at","searchable":"true","orderable":"true","search":{"value":null,"regex":"false"}},{"data":"action","name":"action","searchable":"false","orderable":"false","search":{"value":null,"regex":"false"}}],"order":[{"column":"1","dir":"asc","name":"name"}],"start":"0","length":"10","search":{"value":null,"regex":"false"},"_":"1759633212127"}} 
[2025-10-05 03:01:13] local.INFO: DataTable AJAX request received {"user_id":45,"request_data":{"draw":"3","columns":[{"data":"DT_RowIndex","name":"DT_RowIndex","searchable":"true","orderable":"true","search":{"value":null,"regex":"false"}},{"data":"name","name":"name","searchable":"true","orderable":"true","search":{"value":null,"regex":"false"}},{"data":"no_telepon","name":"no_telepon","searchable":"true","orderable":"true","search":{"value":null,"regex":"false"}},{"data":"roles","name":"roles","searchable":"true","orderable":"true","search":{"value":null,"regex":"false"}},{"data":"status","name":"status","searchable":"true","orderable":"true","search":{"value":null,"regex":"false"}},{"data":"loyalty_points","name":"loyalty_points","searchable":"true","orderable":"true","search":{"value":null,"regex":"false"}},{"data":"created_at","name":"created_at","searchable":"true","orderable":"true","search":{"value":null,"regex":"false"}},{"data":"action","name":"action","searchable":"false","orderable":"false","search":{"value":null,"regex":"false"}}],"order":[{"column":"1","dir":"asc","name":"name"}],"start":"0","length":"10","search":{"value":null,"regex":"false"},"_":"1759633212128"}} 
[2025-10-05 03:01:43] local.INFO: DataTable AJAX request received {"user_id":45,"request_data":{"draw":"4","columns":[{"data":"DT_RowIndex","name":"DT_RowIndex","searchable":"true","orderable":"true","search":{"value":null,"regex":"false"}},{"data":"name","name":"name","searchable":"true","orderable":"true","search":{"value":null,"regex":"false"}},{"data":"no_telepon","name":"no_telepon","searchable":"true","orderable":"true","search":{"value":null,"regex":"false"}},{"data":"roles","name":"roles","searchable":"true","orderable":"true","search":{"value":null,"regex":"false"}},{"data":"status","name":"status","searchable":"true","orderable":"true","search":{"value":null,"regex":"false"}},{"data":"loyalty_points","name":"loyalty_points","searchable":"true","orderable":"true","search":{"value":null,"regex":"false"}},{"data":"created_at","name":"created_at","searchable":"true","orderable":"true","search":{"value":null,"regex":"false"}},{"data":"action","name":"action","searchable":"false","orderable":"false","search":{"value":null,"regex":"false"}}],"order":[{"column":"1","dir":"asc","name":"name"}],"start":"0","length":"10","search":{"value":null,"regex":"false"},"_":"1759633212129"}} 
[2025-10-05 03:02:13] local.INFO: DataTable AJAX request received {"user_id":45,"request_data":{"draw":"5","columns":[{"data":"DT_RowIndex","name":"DT_RowIndex","searchable":"true","orderable":"true","search":{"value":null,"regex":"false"}},{"data":"name","name":"name","searchable":"true","orderable":"true","search":{"value":null,"regex":"false"}},{"data":"no_telepon","name":"no_telepon","searchable":"true","orderable":"true","search":{"value":null,"regex":"false"}},{"data":"roles","name":"roles","searchable":"true","orderable":"true","search":{"value":null,"regex":"false"}},{"data":"status","name":"status","searchable":"true","orderable":"true","search":{"value":null,"regex":"false"}},{"data":"loyalty_points","name":"loyalty_points","searchable":"true","orderable":"true","search":{"value":null,"regex":"false"}},{"data":"created_at","name":"created_at","searchable":"true","orderable":"true","search":{"value":null,"regex":"false"}},{"data":"action","name":"action","searchable":"false","orderable":"false","search":{"value":null,"regex":"false"}}],"order":[{"column":"1","dir":"asc","name":"name"}],"start":"0","length":"10","search":{"value":null,"regex":"false"},"_":"1759633212130"}} 
[2025-10-05 03:02:43] local.INFO: DataTable AJAX request received {"user_id":45,"request_data":{"draw":"6","columns":[{"data":"DT_RowIndex","name":"DT_RowIndex","searchable":"true","orderable":"true","search":{"value":null,"regex":"false"}},{"data":"name","name":"name","searchable":"true","orderable":"true","search":{"value":null,"regex":"false"}},{"data":"no_telepon","name":"no_telepon","searchable":"true","orderable":"true","search":{"value":null,"regex":"false"}},{"data":"roles","name":"roles","searchable":"true","orderable":"true","search":{"value":null,"regex":"false"}},{"data":"status","name":"status","searchable":"true","orderable":"true","search":{"value":null,"regex":"false"}},{"data":"loyalty_points","name":"loyalty_points","searchable":"true","orderable":"true","search":{"value":null,"regex":"false"}},{"data":"created_at","name":"created_at","searchable":"true","orderable":"true","search":{"value":null,"regex":"false"}},{"data":"action","name":"action","searchable":"false","orderable":"false","search":{"value":null,"regex":"false"}}],"order":[{"column":"1","dir":"asc","name":"name"}],"start":"0","length":"10","search":{"value":null,"regex":"false"},"_":"1759633212131"}} 
[2025-10-05 03:03:42] local.INFO: DataTable AJAX request received {"user_id":45,"request_data":{"draw":"7","columns":[{"data":"DT_RowIndex","name":"DT_RowIndex","searchable":"true","orderable":"true","search":{"value":null,"regex":"false"}},{"data":"name","name":"name","searchable":"true","orderable":"true","search":{"value":null,"regex":"false"}},{"data":"no_telepon","name":"no_telepon","searchable":"true","orderable":"true","search":{"value":null,"regex":"false"}},{"data":"roles","name":"roles","searchable":"true","orderable":"true","search":{"value":null,"regex":"false"}},{"data":"status","name":"status","searchable":"true","orderable":"true","search":{"value":null,"regex":"false"}},{"data":"loyalty_points","name":"loyalty_points","searchable":"true","orderable":"true","search":{"value":null,"regex":"false"}},{"data":"created_at","name":"created_at","searchable":"true","orderable":"true","search":{"value":null,"regex":"false"}},{"data":"action","name":"action","searchable":"false","orderable":"false","search":{"value":null,"regex":"false"}}],"order":[{"column":"1","dir":"asc","name":"name"}],"start":"0","length":"10","search":{"value":null,"regex":"false"},"_":"1759633212132"}} 
[2025-10-05 03:04:03] local.INFO: DataTable AJAX request received {"user_id":45,"request_data":{"draw":"1","columns":[{"data":"DT_RowIndex","name":"DT_RowIndex","searchable":"true","orderable":"true","search":{"value":null,"regex":"false"}},{"data":"name","name":"name","searchable":"true","orderable":"true","search":{"value":null,"regex":"false"}},{"data":"no_telepon","name":"no_telepon","searchable":"true","orderable":"true","search":{"value":null,"regex":"false"}},{"data":"roles","name":"roles","searchable":"true","orderable":"true","search":{"value":null,"regex":"false"}},{"data":"status","name":"status","searchable":"true","orderable":"true","search":{"value":null,"regex":"false"}},{"data":"loyalty_points","name":"loyalty_points","searchable":"true","orderable":"true","search":{"value":null,"regex":"false"}},{"data":"created_at","name":"created_at","searchable":"true","orderable":"true","search":{"value":null,"regex":"false"}},{"data":"action","name":"action","searchable":"false","orderable":"false","search":{"value":null,"regex":"false"}}],"order":[{"column":"1","dir":"asc","name":"name"}],"start":"0","length":"10","search":{"value":null,"regex":"false"},"_":"1759633443218"}} 
[2025-10-05 03:04:33] local.INFO: DataTable AJAX request received {"user_id":45,"request_data":{"draw":"2","columns":[{"data":"DT_RowIndex","name":"DT_RowIndex","searchable":"true","orderable":"true","search":{"value":null,"regex":"false"}},{"data":"name","name":"name","searchable":"true","orderable":"true","search":{"value":null,"regex":"false"}},{"data":"no_telepon","name":"no_telepon","searchable":"true","orderable":"true","search":{"value":null,"regex":"false"}},{"data":"roles","name":"roles","searchable":"true","orderable":"true","search":{"value":null,"regex":"false"}},{"data":"status","name":"status","searchable":"true","orderable":"true","search":{"value":null,"regex":"false"}},{"data":"loyalty_points","name":"loyalty_points","searchable":"true","orderable":"true","search":{"value":null,"regex":"false"}},{"data":"created_at","name":"created_at","searchable":"true","orderable":"true","search":{"value":null,"regex":"false"}},{"data":"action","name":"action","searchable":"false","orderable":"false","search":{"value":null,"regex":"false"}}],"order":[{"column":"1","dir":"asc","name":"name"}],"start":"0","length":"10","search":{"value":null,"regex":"false"},"_":"1759633443219"}} 
[2025-10-05 03:05:04] local.INFO: DataTable AJAX request received {"user_id":45,"request_data":{"draw":"3","columns":[{"data":"DT_RowIndex","name":"DT_RowIndex","searchable":"true","orderable":"true","search":{"value":null,"regex":"false"}},{"data":"name","name":"name","searchable":"true","orderable":"true","search":{"value":null,"regex":"false"}},{"data":"no_telepon","name":"no_telepon","searchable":"true","orderable":"true","search":{"value":null,"regex":"false"}},{"data":"roles","name":"roles","searchable":"true","orderable":"true","search":{"value":null,"regex":"false"}},{"data":"status","name":"status","searchable":"true","orderable":"true","search":{"value":null,"regex":"false"}},{"data":"loyalty_points","name":"loyalty_points","searchable":"true","orderable":"true","search":{"value":null,"regex":"false"}},{"data":"created_at","name":"created_at","searchable":"true","orderable":"true","search":{"value":null,"regex":"false"}},{"data":"action","name":"action","searchable":"false","orderable":"false","search":{"value":null,"regex":"false"}}],"order":[{"column":"1","dir":"asc","name":"name"}],"start":"0","length":"10","search":{"value":null,"regex":"false"},"_":"1759633443220"}} 
[2025-10-05 03:05:34] local.INFO: DataTable AJAX request received {"user_id":45,"request_data":{"draw":"4","columns":[{"data":"DT_RowIndex","name":"DT_RowIndex","searchable":"true","orderable":"true","search":{"value":null,"regex":"false"}},{"data":"name","name":"name","searchable":"true","orderable":"true","search":{"value":null,"regex":"false"}},{"data":"no_telepon","name":"no_telepon","searchable":"true","orderable":"true","search":{"value":null,"regex":"false"}},{"data":"roles","name":"roles","searchable":"true","orderable":"true","search":{"value":null,"regex":"false"}},{"data":"status","name":"status","searchable":"true","orderable":"true","search":{"value":null,"regex":"false"}},{"data":"loyalty_points","name":"loyalty_points","searchable":"true","orderable":"true","search":{"value":null,"regex":"false"}},{"data":"created_at","name":"created_at","searchable":"true","orderable":"true","search":{"value":null,"regex":"false"}},{"data":"action","name":"action","searchable":"false","orderable":"false","search":{"value":null,"regex":"false"}}],"order":[{"column":"1","dir":"asc","name":"name"}],"start":"0","length":"10","search":{"value":null,"regex":"false"},"_":"1759633443221"}} 
[2025-10-05 03:06:04] local.INFO: DataTable AJAX request received {"user_id":45,"request_data":{"draw":"5","columns":[{"data":"DT_RowIndex","name":"DT_RowIndex","searchable":"true","orderable":"true","search":{"value":null,"regex":"false"}},{"data":"name","name":"name","searchable":"true","orderable":"true","search":{"value":null,"regex":"false"}},{"data":"no_telepon","name":"no_telepon","searchable":"true","orderable":"true","search":{"value":null,"regex":"false"}},{"data":"roles","name":"roles","searchable":"true","orderable":"true","search":{"value":null,"regex":"false"}},{"data":"status","name":"status","searchable":"true","orderable":"true","search":{"value":null,"regex":"false"}},{"data":"loyalty_points","name":"loyalty_points","searchable":"true","orderable":"true","search":{"value":null,"regex":"false"}},{"data":"created_at","name":"created_at","searchable":"true","orderable":"true","search":{"value":null,"regex":"false"}},{"data":"action","name":"action","searchable":"false","orderable":"false","search":{"value":null,"regex":"false"}}],"order":[{"column":"1","dir":"asc","name":"name"}],"start":"0","length":"10","search":{"value":null,"regex":"false"},"_":"1759633443222"}} 
[2025-10-05 03:06:33] local.INFO: DataTable AJAX request received {"user_id":45,"request_data":{"draw":"6","columns":[{"data":"DT_RowIndex","name":"DT_RowIndex","searchable":"true","orderable":"true","search":{"value":null,"regex":"false"}},{"data":"name","name":"name","searchable":"true","orderable":"true","search":{"value":null,"regex":"false"}},{"data":"no_telepon","name":"no_telepon","searchable":"true","orderable":"true","search":{"value":null,"regex":"false"}},{"data":"roles","name":"roles","searchable":"true","orderable":"true","search":{"value":null,"regex":"false"}},{"data":"status","name":"status","searchable":"true","orderable":"true","search":{"value":null,"regex":"false"}},{"data":"loyalty_points","name":"loyalty_points","searchable":"true","orderable":"true","search":{"value":null,"regex":"false"}},{"data":"created_at","name":"created_at","searchable":"true","orderable":"true","search":{"value":null,"regex":"false"}},{"data":"action","name":"action","searchable":"false","orderable":"false","search":{"value":null,"regex":"false"}}],"order":[{"column":"1","dir":"asc","name":"name"}],"start":"0","length":"10","search":{"value":null,"regex":"false"},"_":"1759633443223"}} 
[2025-10-05 03:07:41] local.INFO: DataTable AJAX request received {"user_id":45,"request_data":{"draw":"7","columns":[{"data":"DT_RowIndex","name":"DT_RowIndex","searchable":"true","orderable":"true","search":{"value":null,"regex":"false"}},{"data":"name","name":"name","searchable":"true","orderable":"true","search":{"value":null,"regex":"false"}},{"data":"no_telepon","name":"no_telepon","searchable":"true","orderable":"true","search":{"value":null,"regex":"false"}},{"data":"roles","name":"roles","searchable":"true","orderable":"true","search":{"value":null,"regex":"false"}},{"data":"status","name":"status","searchable":"true","orderable":"true","search":{"value":null,"regex":"false"}},{"data":"loyalty_points","name":"loyalty_points","searchable":"true","orderable":"true","search":{"value":null,"regex":"false"}},{"data":"created_at","name":"created_at","searchable":"true","orderable":"true","search":{"value":null,"regex":"false"}},{"data":"action","name":"action","searchable":"false","orderable":"false","search":{"value":null,"regex":"false"}}],"order":[{"column":"1","dir":"asc","name":"name"}],"start":"0","length":"10","search":{"value":null,"regex":"false"},"_":"1759633443224"}} 
[2025-10-05 03:08:42] local.INFO: DataTable AJAX request received {"user_id":45,"request_data":{"draw":"8","columns":[{"data":"DT_RowIndex","name":"DT_RowIndex","searchable":"true","orderable":"true","search":{"value":null,"regex":"false"}},{"data":"name","name":"name","searchable":"true","orderable":"true","search":{"value":null,"regex":"false"}},{"data":"no_telepon","name":"no_telepon","searchable":"true","orderable":"true","search":{"value":null,"regex":"false"}},{"data":"roles","name":"roles","searchable":"true","orderable":"true","search":{"value":null,"regex":"false"}},{"data":"status","name":"status","searchable":"true","orderable":"true","search":{"value":null,"regex":"false"}},{"data":"loyalty_points","name":"loyalty_points","searchable":"true","orderable":"true","search":{"value":null,"regex":"false"}},{"data":"created_at","name":"created_at","searchable":"true","orderable":"true","search":{"value":null,"regex":"false"}},{"data":"action","name":"action","searchable":"false","orderable":"false","search":{"value":null,"regex":"false"}}],"order":[{"column":"1","dir":"asc","name":"name"}],"start":"0","length":"10","search":{"value":null,"regex":"false"},"_":"1759633443225"}} 
[2025-10-05 03:09:42] local.INFO: DataTable AJAX request received {"user_id":45,"request_data":{"draw":"9","columns":[{"data":"DT_RowIndex","name":"DT_RowIndex","searchable":"true","orderable":"true","search":{"value":null,"regex":"false"}},{"data":"name","name":"name","searchable":"true","orderable":"true","search":{"value":null,"regex":"false"}},{"data":"no_telepon","name":"no_telepon","searchable":"true","orderable":"true","search":{"value":null,"regex":"false"}},{"data":"roles","name":"roles","searchable":"true","orderable":"true","search":{"value":null,"regex":"false"}},{"data":"status","name":"status","searchable":"true","orderable":"true","search":{"value":null,"regex":"false"}},{"data":"loyalty_points","name":"loyalty_points","searchable":"true","orderable":"true","search":{"value":null,"regex":"false"}},{"data":"created_at","name":"created_at","searchable":"true","orderable":"true","search":{"value":null,"regex":"false"}},{"data":"action","name":"action","searchable":"false","orderable":"false","search":{"value":null,"regex":"false"}}],"order":[{"column":"1","dir":"asc","name":"name"}],"start":"0","length":"10","search":{"value":null,"regex":"false"},"_":"1759633443226"}} 
[2025-10-05 03:10:41] local.INFO: DataTable AJAX request received {"user_id":45,"request_data":{"draw":"10","columns":[{"data":"DT_RowIndex","name":"DT_RowIndex","searchable":"true","orderable":"true","search":{"value":null,"regex":"false"}},{"data":"name","name":"name","searchable":"true","orderable":"true","search":{"value":null,"regex":"false"}},{"data":"no_telepon","name":"no_telepon","searchable":"true","orderable":"true","search":{"value":null,"regex":"false"}},{"data":"roles","name":"roles","searchable":"true","orderable":"true","search":{"value":null,"regex":"false"}},{"data":"status","name":"status","searchable":"true","orderable":"true","search":{"value":null,"regex":"false"}},{"data":"loyalty_points","name":"loyalty_points","searchable":"true","orderable":"true","search":{"value":null,"regex":"false"}},{"data":"created_at","name":"created_at","searchable":"true","orderable":"true","search":{"value":null,"regex":"false"}},{"data":"action","name":"action","searchable":"false","orderable":"false","search":{"value":null,"regex":"false"}}],"order":[{"column":"1","dir":"asc","name":"name"}],"start":"0","length":"10","search":{"value":null,"regex":"false"},"_":"1759633443227"}} 
[2025-10-05 03:11:42] local.INFO: DataTable AJAX request received {"user_id":45,"request_data":{"draw":"11","columns":[{"data":"DT_RowIndex","name":"DT_RowIndex","searchable":"true","orderable":"true","search":{"value":null,"regex":"false"}},{"data":"name","name":"name","searchable":"true","orderable":"true","search":{"value":null,"regex":"false"}},{"data":"no_telepon","name":"no_telepon","searchable":"true","orderable":"true","search":{"value":null,"regex":"false"}},{"data":"roles","name":"roles","searchable":"true","orderable":"true","search":{"value":null,"regex":"false"}},{"data":"status","name":"status","searchable":"true","orderable":"true","search":{"value":null,"regex":"false"}},{"data":"loyalty_points","name":"loyalty_points","searchable":"true","orderable":"true","search":{"value":null,"regex":"false"}},{"data":"created_at","name":"created_at","searchable":"true","orderable":"true","search":{"value":null,"regex":"false"}},{"data":"action","name":"action","searchable":"false","orderable":"false","search":{"value":null,"regex":"false"}}],"order":[{"column":"1","dir":"asc","name":"name"}],"start":"0","length":"10","search":{"value":null,"regex":"false"},"_":"1759633443228"}} 
[2025-10-05 03:12:41] local.INFO: DataTable AJAX request received {"user_id":45,"request_data":{"draw":"12","columns":[{"data":"DT_RowIndex","name":"DT_RowIndex","searchable":"true","orderable":"true","search":{"value":null,"regex":"false"}},{"data":"name","name":"name","searchable":"true","orderable":"true","search":{"value":null,"regex":"false"}},{"data":"no_telepon","name":"no_telepon","searchable":"true","orderable":"true","search":{"value":null,"regex":"false"}},{"data":"roles","name":"roles","searchable":"true","orderable":"true","search":{"value":null,"regex":"false"}},{"data":"status","name":"status","searchable":"true","orderable":"true","search":{"value":null,"regex":"false"}},{"data":"loyalty_points","name":"loyalty_points","searchable":"true","orderable":"true","search":{"value":null,"regex":"false"}},{"data":"created_at","name":"created_at","searchable":"true","orderable":"true","search":{"value":null,"regex":"false"}},{"data":"action","name":"action","searchable":"false","orderable":"false","search":{"value":null,"regex":"false"}}],"order":[{"column":"1","dir":"asc","name":"name"}],"start":"0","length":"10","search":{"value":null,"regex":"false"},"_":"1759633443229"}} 
[2025-10-05 03:13:42] local.INFO: DataTable AJAX request received {"user_id":45,"request_data":{"draw":"13","columns":[{"data":"DT_RowIndex","name":"DT_RowIndex","searchable":"true","orderable":"true","search":{"value":null,"regex":"false"}},{"data":"name","name":"name","searchable":"true","orderable":"true","search":{"value":null,"regex":"false"}},{"data":"no_telepon","name":"no_telepon","searchable":"true","orderable":"true","search":{"value":null,"regex":"false"}},{"data":"roles","name":"roles","searchable":"true","orderable":"true","search":{"value":null,"regex":"false"}},{"data":"status","name":"status","searchable":"true","orderable":"true","search":{"value":null,"regex":"false"}},{"data":"loyalty_points","name":"loyalty_points","searchable":"true","orderable":"true","search":{"value":null,"regex":"false"}},{"data":"created_at","name":"created_at","searchable":"true","orderable":"true","search":{"value":null,"regex":"false"}},{"data":"action","name":"action","searchable":"false","orderable":"false","search":{"value":null,"regex":"false"}}],"order":[{"column":"1","dir":"asc","name":"name"}],"start":"0","length":"10","search":{"value":null,"regex":"false"},"_":"1759633443230"}} 
[2025-10-05 03:14:42] local.INFO: DataTable AJAX request received {"user_id":45,"request_data":{"draw":"14","columns":[{"data":"DT_RowIndex","name":"DT_RowIndex","searchable":"true","orderable":"true","search":{"value":null,"regex":"false"}},{"data":"name","name":"name","searchable":"true","orderable":"true","search":{"value":null,"regex":"false"}},{"data":"no_telepon","name":"no_telepon","searchable":"true","orderable":"true","search":{"value":null,"regex":"false"}},{"data":"roles","name":"roles","searchable":"true","orderable":"true","search":{"value":null,"regex":"false"}},{"data":"status","name":"status","searchable":"true","orderable":"true","search":{"value":null,"regex":"false"}},{"data":"loyalty_points","name":"loyalty_points","searchable":"true","orderable":"true","search":{"value":null,"regex":"false"}},{"data":"created_at","name":"created_at","searchable":"true","orderable":"true","search":{"value":null,"regex":"false"}},{"data":"action","name":"action","searchable":"false","orderable":"false","search":{"value":null,"regex":"false"}}],"order":[{"column":"1","dir":"asc","name":"name"}],"start":"0","length":"10","search":{"value":null,"regex":"false"},"_":"1759633443231"}} 
[2025-10-05 03:15:41] local.INFO: DataTable AJAX request received {"user_id":45,"request_data":{"draw":"15","columns":[{"data":"DT_RowIndex","name":"DT_RowIndex","searchable":"true","orderable":"true","search":{"value":null,"regex":"false"}},{"data":"name","name":"name","searchable":"true","orderable":"true","search":{"value":null,"regex":"false"}},{"data":"no_telepon","name":"no_telepon","searchable":"true","orderable":"true","search":{"value":null,"regex":"false"}},{"data":"roles","name":"roles","searchable":"true","orderable":"true","search":{"value":null,"regex":"false"}},{"data":"status","name":"status","searchable":"true","orderable":"true","search":{"value":null,"regex":"false"}},{"data":"loyalty_points","name":"loyalty_points","searchable":"true","orderable":"true","search":{"value":null,"regex":"false"}},{"data":"created_at","name":"created_at","searchable":"true","orderable":"true","search":{"value":null,"regex":"false"}},{"data":"action","name":"action","searchable":"false","orderable":"false","search":{"value":null,"regex":"false"}}],"order":[{"column":"1","dir":"asc","name":"name"}],"start":"0","length":"10","search":{"value":null,"regex":"false"},"_":"1759633443232"}} 
[2025-10-05 03:16:42] local.INFO: DataTable AJAX request received {"user_id":45,"request_data":{"draw":"16","columns":[{"data":"DT_RowIndex","name":"DT_RowIndex","searchable":"true","orderable":"true","search":{"value":null,"regex":"false"}},{"data":"name","name":"name","searchable":"true","orderable":"true","search":{"value":null,"regex":"false"}},{"data":"no_telepon","name":"no_telepon","searchable":"true","orderable":"true","search":{"value":null,"regex":"false"}},{"data":"roles","name":"roles","searchable":"true","orderable":"true","search":{"value":null,"regex":"false"}},{"data":"status","name":"status","searchable":"true","orderable":"true","search":{"value":null,"regex":"false"}},{"data":"loyalty_points","name":"loyalty_points","searchable":"true","orderable":"true","search":{"value":null,"regex":"false"}},{"data":"created_at","name":"created_at","searchable":"true","orderable":"true","search":{"value":null,"regex":"false"}},{"data":"action","name":"action","searchable":"false","orderable":"false","search":{"value":null,"regex":"false"}}],"order":[{"column":"1","dir":"asc","name":"name"}],"start":"0","length":"10","search":{"value":null,"regex":"false"},"_":"1759633443233"}} 
[2025-10-05 03:17:41] local.INFO: DataTable AJAX request received {"user_id":45,"request_data":{"draw":"17","columns":[{"data":"DT_RowIndex","name":"DT_RowIndex","searchable":"true","orderable":"true","search":{"value":null,"regex":"false"}},{"data":"name","name":"name","searchable":"true","orderable":"true","search":{"value":null,"regex":"false"}},{"data":"no_telepon","name":"no_telepon","searchable":"true","orderable":"true","search":{"value":null,"regex":"false"}},{"data":"roles","name":"roles","searchable":"true","orderable":"true","search":{"value":null,"regex":"false"}},{"data":"status","name":"status","searchable":"true","orderable":"true","search":{"value":null,"regex":"false"}},{"data":"loyalty_points","name":"loyalty_points","searchable":"true","orderable":"true","search":{"value":null,"regex":"false"}},{"data":"created_at","name":"created_at","searchable":"true","orderable":"true","search":{"value":null,"regex":"false"}},{"data":"action","name":"action","searchable":"false","orderable":"false","search":{"value":null,"regex":"false"}}],"order":[{"column":"1","dir":"asc","name":"name"}],"start":"0","length":"10","search":{"value":null,"regex":"false"},"_":"1759633443234"}} 
[2025-10-05 03:18:42] local.INFO: DataTable AJAX request received {"user_id":45,"request_data":{"draw":"18","columns":[{"data":"DT_RowIndex","name":"DT_RowIndex","searchable":"true","orderable":"true","search":{"value":null,"regex":"false"}},{"data":"name","name":"name","searchable":"true","orderable":"true","search":{"value":null,"regex":"false"}},{"data":"no_telepon","name":"no_telepon","searchable":"true","orderable":"true","search":{"value":null,"regex":"false"}},{"data":"roles","name":"roles","searchable":"true","orderable":"true","search":{"value":null,"regex":"false"}},{"data":"status","name":"status","searchable":"true","orderable":"true","search":{"value":null,"regex":"false"}},{"data":"loyalty_points","name":"loyalty_points","searchable":"true","orderable":"true","search":{"value":null,"regex":"false"}},{"data":"created_at","name":"created_at","searchable":"true","orderable":"true","search":{"value":null,"regex":"false"}},{"data":"action","name":"action","searchable":"false","orderable":"false","search":{"value":null,"regex":"false"}}],"order":[{"column":"1","dir":"asc","name":"name"}],"start":"0","length":"10","search":{"value":null,"regex":"false"},"_":"1759633443235"}} 
